Loaded problem from /home/jordan/antoine/cuADMM/examples/pendulum/TXT/N=80_licols/
              vector length: 131945
      number of constraints: 112028
           number of blocks: 239
  number of non-zeros in At: 278569
   number of non-zeros in b: 1
   number of non-zeros in C: 646

Analysis of the blk vector:
      159 matrices of size  10 (small)
       80 matrices of size  55 (large)

Analysis of the large matrices sizes:
    size of large matrices:  55 
  number of large matrices:  80 
    total size of large matrices: 242000
  sum of sizes of large matrices: 4400
    nb large (with multiplicity): 80
  large matrices start indices: 0 242000 

Analysis of the small matrices sizes:
    size of small matrices:  10 
  number of small matrices: 159 
    total size of small matrices: 15900
  sum of sizes of small matrices: 1590
    nb small (with multiplicity): 159
  small matrices start indices: 0 15900 

 -------------------------------------------------------------------------------
                                    cuADMM
 -------------------------------------------------------------------------------
 norm of C = 1.2e+00, norm of b = 2.0e+00

  it. | p infeas d infeas | primal obj.   dual obj. rel. gap |  time |   sigma | 
 -------------------------------------------------------------------------------
    0 | 5.00e-01 1.78e-01 |  0.0000e+00  0.0000e+00 0.00e+00 |   0.2 | 1.0e+00 |
   50 | 3.85e-02 1.79e+00 |  1.8567e+00 -8.3346e+01 9.88e-01 |   1.4 | 1.1e+00 |
  100 | 2.96e-03 1.66e-01 |  2.3145e+00 -6.1871e-01 7.46e-01 |   2.7 | 1.1e+00 |
  150 | 2.28e-04 4.92e-02 |  2.5351e+00  4.0108e+00 1.96e-01 |   4.0 | 1.1e+00 |
  200 | 1.75e-05 2.37e-02 |  2.6197e+00  3.4661e+00 1.19e-01 |   5.3 | 1.1e+00 |
  300 | 1.04e-07 1.06e-02 |  2.6107e+00  2.5499e+00 9.86e-03 |   7.9 | 1.2e+00 |
  400 | 6.14e-10 8.84e-03 |  2.5723e+00  2.3819e+00 3.20e-02 |  10.4 | 1.2e+00 |
  500 | 3.71e-12 7.34e-03 |  2.5296e+00  2.3183e+00 3.61e-02 |  13.0 | 1.3e+00 |
  600 | 9.33e-13 6.11e-03 |  2.4905e+00  2.3372e+00 2.63e-02 |  15.5 | 1.3e+00 |
  700 | 9.74e-13 4.79e-03 |  2.4617e+00  2.3813e+00 1.38e-02 |  18.1 | 1.4e+00 |
  800 | 1.06e-12 3.77e-03 |  2.4446e+00  2.4297e+00 2.52e-03 |  20.7 | 1.5e+00 |
  900 | 1.08e-12 3.40e-03 |  2.4374e+00  2.4598e+00 3.81e-03 |  23.2 | 1.6e+00 |
 1000 | 1.09e-12 3.11e-03 |  2.4353e+00  2.4589e+00 3.99e-03 |  25.8 | 1.6e+00 |
 1100 | 1.16e-12 2.79e-03 |  2.4321e+00  2.4409e+00 1.50e-03 |  28.3 | 1.7e+00 |
 1200 | 1.23e-12 2.61e-03 |  2.4272e+00  2.4265e+00 1.31e-04 |  30.9 | 1.8e+00 |
 1300 | 1.30e-12 2.42e-03 |  2.4204e+00  2.4178e+00 4.37e-04 |  33.4 | 1.9e+00 |
 1400 | 1.29e-12 2.20e-03 |  2.4133e+00  2.4143e+00 1.83e-04 |  36.0 | 2.0e+00 |
 1500 | 1.40e-12 2.05e-03 |  2.4075e+00  2.4140e+00 1.11e-03 |  38.5 | 2.1e+00 |
 1600 | 1.47e-12 1.95e-03 |  2.4031e+00  2.4139e+00 1.86e-03 |  41.1 | 2.2e+00 |
 1700 | 1.52e-12 1.86e-03 |  2.3988e+00  2.4126e+00 2.38e-03 |  43.6 | 2.3e+00 |
 1800 | 1.58e-12 1.50e-03 |  2.3958e+00  2.4076e+00 2.03e-03 |  46.2 | 2.4e+00 |
 1900 | 1.68e-12 1.43e-03 |  2.3937e+00  2.4061e+00 2.13e-03 |  48.7 | 2.5e+00 |
 2000 | 1.83e-12 1.36e-03 |  2.3914e+00  2.4037e+00 2.12e-03 |  51.3 | 2.7e+00 |
 2100 | 1.85e-12 1.30e-03 |  2.3892e+00  2.4021e+00 2.22e-03 |  53.8 | 2.8e+00 |
 2200 | 2.05e-12 1.24e-03 |  2.3870e+00  2.4006e+00 2.35e-03 |  56.4 | 2.9e+00 |
 2300 | 1.99e-12 1.19e-03 |  2.3849e+00  2.3994e+00 2.51e-03 |  58.9 | 3.1e+00 |
 2400 | 2.17e-12 1.15e-03 |  2.3828e+00  2.3985e+00 2.71e-03 |  61.5 | 3.2e+00 |
 2500 | 2.26e-12 1.11e-03 |  2.3807e+00  2.3973e+00 2.87e-03 |  64.1 | 3.4e+00 |
 2600 | 2.36e-12 1.07e-03 |  2.3787e+00  2.3962e+00 3.04e-03 |  66.6 | 3.6e+00 |
 2700 | 2.46e-12 1.03e-03 |  2.3767e+00  2.3952e+00 3.21e-03 |  69.2 | 3.7e+00 |
 2800 | 2.52e-12 9.97e-04 |  2.3748e+00  2.3944e+00 3.39e-03 |  71.7 | 3.9e+00 |
 2900 | 2.68e-12 9.67e-04 |  2.3730e+00  2.3936e+00 3.58e-03 |  74.3 | 4.1e+00 |
 3000 | 2.85e-12 9.38e-04 |  2.3711e+00  2.3928e+00 3.76e-03 |  76.8 | 4.3e+00 |
 3100 | 3.03e-12 9.11e-04 |  2.3693e+00  2.3920e+00 3.93e-03 |  79.4 | 4.5e+00 |
 3200 | 3.26e-12 8.85e-04 |  2.3675e+00  2.3912e+00 4.10e-03 |  81.9 | 4.8e+00 |
 3300 | 3.27e-12 8.60e-04 |  2.3658e+00  2.3904e+00 4.27e-03 |  84.5 | 5.0e+00 |
 3400 | 3.52e-12 8.36e-04 |  2.3640e+00  2.3895e+00 4.43e-03 |  87.0 | 5.3e+00 |
 3500 | 3.64e-12 8.13e-04 |  2.3622e+00  2.3885e+00 4.58e-03 |  89.6 | 5.5e+00 |
 3600 | 3.95e-12 7.92e-04 |  2.3603e+00  2.3875e+00 4.73e-03 |  92.1 | 5.8e+00 |
 3700 | 4.24e-12 7.71e-04 |  2.3583e+00  2.3863e+00 4.88e-03 |  94.7 | 6.1e+00 |
 3800 | 4.21e-12 7.53e-04 |  2.3562e+00  2.3851e+00 5.03e-03 |  97.3 | 6.4e+00 |
 3900 | 4.44e-12 7.36e-04 |  2.3539e+00  2.3837e+00 5.19e-03 |  99.8 | 6.7e+00 |
 4000 | 4.51e-12 7.19e-04 |  2.3515e+00  2.3821e+00 5.35e-03 | 102.4 | 7.0e+00 |
 4100 | 4.87e-12 7.03e-04 |  2.3489e+00  2.3805e+00 5.51e-03 | 104.9 | 7.4e+00 |
 4200 | 5.03e-12 6.86e-04 |  2.3462e+00  2.3787e+00 5.68e-03 | 107.5 | 7.8e+00 |
 4300 | 5.29e-12 6.68e-04 |  2.3436e+00  2.3769e+00 5.83e-03 | 110.0 | 8.1e+00 |
 4400 | 5.68e-12 6.50e-04 |  2.3408e+00  2.3748e+00 5.94e-03 | 112.6 | 8.6e+00 |
 4500 | 5.91e-12 6.30e-04 |  2.3380e+00  2.3727e+00 6.07e-03 | 115.2 | 9.0e+00 |
 4600 | 6.16e-12 6.09e-04 |  2.3352e+00  2.3705e+00 6.17e-03 | 117.7 | 9.4e+00 |
 4700 | 6.56e-12 5.88e-04 |  2.3325e+00  2.3681e+00 6.26e-03 | 120.3 | 9.9e+00 |
 4800 | 6.73e-12 5.65e-04 |  2.3297e+00  2.3658e+00 6.33e-03 | 122.9 | 1.0e+01 |
 4900 | 7.32e-12 4.68e-04 |  2.3282e+00  2.3625e+00 6.02e-03 | 125.4 | 1.1e+01 |
 5000 | 7.48e-12 4.45e-04 |  2.3284e+00  2.3601e+00 5.57e-03 | 128.0 | 1.1e+01 |
 5100 | 7.93e-12 4.23e-04 |  2.3287e+00  2.3578e+00 5.11e-03 | 130.5 | 1.2e+01 |
 5200 | 8.66e-12 4.02e-04 |  2.3290e+00  2.3555e+00 4.66e-03 | 133.1 | 1.3e+01 |
 5300 | 8.75e-12 3.83e-04 |  2.3294e+00  2.3535e+00 4.23e-03 | 135.6 | 1.3e+01 |
 5400 | 9.37e-12 3.65e-04 |  2.3299e+00  2.3516e+00 3.82e-03 | 138.2 | 1.4e+01 |
 5500 | 9.63e-12 3.49e-04 |  2.3303e+00  2.3498e+00 3.44e-03 | 140.8 | 1.5e+01 |
 5600 | 1.00e-11 3.35e-04 |  2.3307e+00  2.3483e+00 3.09e-03 | 143.3 | 1.5e+01 |
 5700 | 1.10e-11 3.21e-04 |  2.3311e+00  2.3468e+00 2.77e-03 | 145.9 | 1.6e+01 |
 5800 | 1.14e-11 3.09e-04 |  2.3315e+00  2.3455e+00 2.47e-03 | 148.5 | 1.7e+01 |
 5900 | 1.19e-11 2.97e-04 |  2.3319e+00  2.3444e+00 2.20e-03 | 151.0 | 1.8e+01 |
 6000 | 1.22e-11 2.87e-04 |  2.3322e+00  2.3433e+00 1.95e-03 | 153.6 | 1.9e+01 |
 6100 | 1.26e-11 2.77e-04 |  2.3325e+00  2.3423e+00 1.72e-03 | 156.1 | 2.0e+01 |
 6200 | 1.35e-11 2.67e-04 |  2.3328e+00  2.3413e+00 1.50e-03 | 158.7 | 2.1e+01 |
 6300 | 1.40e-11 2.58e-04 |  2.3331e+00  2.3404e+00 1.29e-03 | 161.3 | 2.2e+01 |
 6400 | 1.49e-11 2.49e-04 |  2.3334e+00  2.3396e+00 1.10e-03 | 163.8 | 2.3e+01 |
 6500 | 1.62e-11 2.41e-04 |  2.3335e+00  2.3388e+00 9.19e-04 | 166.4 | 2.4e+01 |
 6600 | 1.64e-11 2.32e-04 |  2.3338e+00  2.3379e+00 7.35e-04 | 169.0 | 2.5e+01 |
 6700 | 1.74e-11 2.23e-04 |  2.3340e+00  2.3371e+00 5.51e-04 | 171.5 | 2.6e+01 |
 6800 | 1.80e-11 2.15e-04 |  2.3342e+00  2.3361e+00 3.49e-04 | 174.1 | 2.8e+01 |
 6900 | 1.96e-11 2.06e-04 |  2.3344e+00  2.3352e+00 1.42e-04 | 176.6 | 2.9e+01 |
 7000 | 1.99e-11 1.97e-04 |  2.3346e+00  2.3343e+00 5.29e-05 | 179.2 | 3.0e+01 |
 7100 | 2.08e-11 1.88e-04 |  2.3348e+00  2.3334e+00 2.49e-04 | 181.8 | 3.2e+01 |
 7200 | 2.38e-11 1.79e-04 |  2.3351e+00  2.3326e+00 4.43e-04 | 184.3 | 3.4e+01 |
 7300 | 2.36e-11 1.69e-04 |  2.3353e+00  2.3317e+00 6.37e-04 | 186.9 | 3.5e+01 |
 7400 | 2.49e-11 1.60e-04 |  2.3356e+00  2.3309e+00 8.34e-04 | 189.5 | 3.7e+01 |
 7500 | 2.64e-11 1.51e-04 |  2.3359e+00  2.3300e+00 1.03e-03 | 192.0 | 3.9e+01 |
 7600 | 2.75e-11 1.41e-04 |  2.3361e+00  2.3291e+00 1.24e-03 | 194.6 | 4.1e+01 |
 7700 | 2.83e-11 1.31e-04 |  2.3364e+00  2.3283e+00 1.44e-03 | 197.1 | 4.3e+01 |
 7800 | 3.06e-11 1.21e-04 |  2.3367e+00  2.3274e+00 1.66e-03 | 199.7 | 4.5e+01 |
 7900 | 3.07e-11 1.11e-04 |  2.3371e+00  2.3265e+00 1.87e-03 | 202.3 | 4.7e+01 |
 8000 | 3.25e-11 1.00e-04 |  2.3374e+00  2.3255e+00 2.11e-03 | 204.8 | 5.0e+01 |
 8100 | 2.98e-11 9.01e-05 |  2.3377e+00  2.3247e+00 2.31e-03 | 207.4 | 5.2e+01 |
 8200 | 3.10e-11 8.06e-05 |  2.3380e+00  2.3239e+00 2.49e-03 | 209.9 | 5.5e+01 |
 8300 | 3.33e-11 7.16e-05 |  2.3381e+00  2.3233e+00 2.62e-03 | 212.5 | 5.7e+01 |
 8400 | 3.45e-11 6.32e-05 |  2.3382e+00  2.3227e+00 2.73e-03 | 215.1 | 6.0e+01 |
 8500 | 3.69e-11 5.54e-05 |  2.3381e+00  2.3222e+00 2.82e-03 | 217.6 | 6.3e+01 |
 8600 | 3.82e-11 4.84e-05 |  2.3380e+00  2.3216e+00 2.89e-03 | 220.2 | 6.6e+01 |
 8700 | 4.04e-11 4.21e-05 |  2.3377e+00  2.3211e+00 2.93e-03 | 222.8 | 7.0e+01 |
 8800 | 4.20e-11 3.65e-05 |  2.3374e+00  2.3207e+00 2.95e-03 | 225.3 | 7.3e+01 |
 8900 | 4.42e-11 3.15e-05 |  2.3370e+00  2.3203e+00 2.95e-03 | 227.9 | 7.7e+01 |
 9000 | 4.67e-11 2.71e-05 |  2.3367e+00  2.3200e+00 2.94e-03 | 230.4 | 8.1e+01 |
 9100 | 4.87e-11 2.33e-05 |  2.3363e+00  2.3197e+00 2.92e-03 | 233.0 | 8.5e+01 |
 9200 | 5.20e-11 2.00e-05 |  2.3359e+00  2.3195e+00 2.90e-03 | 235.6 | 8.9e+01 |
 9300 | 5.37e-11 1.70e-05 |  2.3355e+00  2.3193e+00 2.87e-03 | 238.1 | 9.3e+01 |
 9400 | 5.69e-11 1.43e-05 |  2.3352e+00  2.3192e+00 2.83e-03 | 240.7 | 9.8e+01 |
 9500 | 5.95e-11 1.18e-05 |  2.3348e+00  2.3190e+00 2.80e-03 | 243.2 | 1.0e+02 |
 9600 | 6.18e-11 9.61e-06 |  2.3346e+00  2.3189e+00 2.76e-03 | 245.8 | 1.1e+02 |
 9700 | 6.61e-11 7.58e-06 |  2.3343e+00  2.3189e+00 2.73e-03 | 248.4 | 1.1e+02 |
 9800 | 6.87e-11 5.82e-06 |  2.3341e+00  2.3188e+00 2.70e-03 | 250.9 | 1.2e+02 |
 9900 | 7.28e-11 4.35e-06 |  2.3339e+00  2.3188e+00 2.67e-03 | 253.5 | 1.3e+02 |
 10000 | 7.56e-11 3.08e-06 |  2.3338e+00  2.3188e+00 2.65e-03 | 256.0 | 1.3e+02 |
 10100 | 7.94e-11 2.17e-06 |  2.3337e+00  2.3188e+00 2.63e-03 | 258.6 | 1.4e+02 |
 10200 | 8.34e-11 1.63e-06 |  2.3336e+00  2.3188e+00 2.62e-03 | 261.2 | 1.4e+02 |
 10300 | 8.96e-11 1.52e-06 |  2.3335e+00  2.3188e+00 2.61e-03 | 263.7 | 1.5e+02 |
 10400 | 9.16e-11 1.97e-06 |  2.3335e+00  2.3188e+00 2.61e-03 | 266.3 | 1.6e+02 |
 10500 | 9.79e-11 1.70e-06 |  2.3335e+00  2.3188e+00 2.60e-03 | 268.8 | 1.7e+02 |
 10600 | 1.02e-10 1.86e-06 |  2.3335e+00  2.3188e+00 2.60e-03 | 271.4 | 1.8e+02 |
 10700 | 1.07e-10 2.43e-06 |  2.3335e+00  2.3188e+00 2.60e-03 | 274.0 | 1.9e+02 |
 10800 | 1.12e-10 2.29e-06 |  2.3335e+00  2.3188e+00 2.60e-03 | 276.5 | 1.9e+02 |
 10900 | 1.16e-10 2.22e-06 |  2.3335e+00  2.3188e+00 2.60e-03 | 279.1 | 2.0e+02 |
 switching to normal ADMM!
 11000 | 3.27e-03 1.30e-05 |  2.3335e+00  2.3188e+00 2.59e-03 | 281.6 | 2.1e+02 |
 11100 | 2.14e-03 4.96e-06 |  2.3335e+00  2.3188e+00 2.59e-03 | 283.9 | 2.1e+02 |
 11200 | 1.96e-03 2.44e-06 |  2.3335e+00  2.3189e+00 2.59e-03 | 286.3 | 1.3e+02 |
 11300 | 1.92e-03 3.90e-06 |  2.3335e+00  2.3189e+00 2.57e-03 | 288.6 | 7.7e+01 |
 11400 | 1.86e-03 3.54e-06 |  2.3334e+00  2.3189e+00 2.56e-03 | 290.9 | 4.6e+01 |
 11500 | 1.80e-03 6.90e-06 |  2.3334e+00  2.3190e+00 2.55e-03 | 293.2 | 2.8e+01 |
 11600 | 1.72e-03 1.39e-05 |  2.3333e+00  2.3190e+00 2.53e-03 | 295.5 | 1.7e+01 |
 11700 | 1.62e-03 2.68e-05 |  2.3332e+00  2.3190e+00 2.51e-03 | 297.8 | 9.9e+00 |
 11800 | 1.51e-03 4.83e-05 |  2.3331e+00  2.3190e+00 2.50e-03 | 300.1 | 6.0e+00 |
 11900 | 1.39e-03 8.39e-05 |  2.3330e+00  2.3187e+00 2.53e-03 | 302.4 | 3.6e+00 |
 12000 | 1.26e-03 1.41e-04 |  2.3329e+00  2.3180e+00 2.63e-03 | 304.7 | 2.1e+00 |
 12100 | 1.15e-03 2.23e-04 |  2.3327e+00  2.3169e+00 2.80e-03 | 307.0 | 1.3e+00 |
 12200 | 1.06e-03 3.38e-04 |  2.3325e+00  2.3146e+00 3.18e-03 | 309.3 | 7.7e-01 |
 12300 | 9.69e-04 5.09e-04 |  2.3323e+00  2.3091e+00 4.11e-03 | 311.6 | 4.6e-01 |
 12400 | 8.79e-04 7.74e-04 |  2.3320e+00  2.2976e+00 6.11e-03 | 313.9 | 2.8e-01 |
 12500 | 7.89e-04 1.03e-03 |  2.3314e+00  2.2872e+00 7.87e-03 | 316.2 | 2.8e-01 |
 12600 | 7.32e-04 9.91e-04 |  2.3304e+00  2.2921e+00 6.82e-03 | 318.5 | 4.6e-01 |
 12700 | 7.04e-04 8.92e-04 |  2.3294e+00  2.2970e+00 5.75e-03 | 320.9 | 7.7e-01 |
 12800 | 7.11e-04 8.00e-04 |  2.3283e+00  2.3001e+00 5.00e-03 | 323.2 | 1.3e+00 |
 12900 | 7.64e-04 7.09e-04 |  2.3268e+00  2.3025e+00 4.33e-03 | 325.5 | 2.1e+00 |
 13000 | 7.13e-04 6.45e-04 |  2.3259e+00  2.3057e+00 3.59e-03 | 327.8 | 1.3e+00 |
 13100 | 6.19e-04 6.60e-04 |  2.3256e+00  2.3091e+00 2.94e-03 | 330.1 | 7.7e-01 |
 13200 | 5.38e-04 6.68e-04 |  2.3254e+00  2.3094e+00 2.85e-03 | 332.4 | 1.3e+00 |
 13300 | 4.80e-04 6.34e-04 |  2.3248e+00  2.3099e+00 2.65e-03 | 334.7 | 2.1e+00 |
 13400 | 5.04e-04 5.80e-04 |  2.3235e+00  2.3107e+00 2.27e-03 | 337.0 | 3.6e+00 |
 13500 | 6.11e-04 5.22e-04 |  2.3210e+00  2.3115e+00 1.70e-03 | 339.3 | 6.0e+00 |
 13600 | 6.01e-04 4.88e-04 |  2.3193e+00  2.3129e+00 1.13e-03 | 341.6 | 3.6e+00 |
 13700 | 5.46e-04 4.63e-04 |  2.3184e+00  2.3149e+00 6.36e-04 | 343.9 | 2.1e+00 |
 13800 | 4.83e-04 3.49e-04 |  2.3182e+00  2.3171e+00 2.05e-04 | 346.2 | 1.3e+00 |
 13900 | 4.21e-04 3.44e-04 |  2.3184e+00  2.3212e+00 4.94e-04 | 348.5 | 7.7e-01 |
 14000 | 3.65e-04 3.84e-04 |  2.3187e+00  2.3270e+00 1.48e-03 | 350.8 | 4.6e-01 |
 14100 | 3.22e-04 4.35e-04 |  2.3191e+00  2.3298e+00 1.89e-03 | 353.2 | 4.6e-01 |
 14200 | 3.05e-04 3.67e-04 |  2.3197e+00  2.3272e+00 1.33e-03 | 355.5 | 7.7e-01 |
 14300 | 3.11e-04 3.06e-04 |  2.3201e+00  2.3257e+00 1.00e-03 | 357.8 | 1.3e+00 |
 14400 | 3.22e-04 2.60e-04 |  2.3202e+00  2.3259e+00 1.01e-03 | 360.1 | 1.3e+00 |
 14500 | 3.00e-04 2.30e-04 |  2.3202e+00  2.3265e+00 1.12e-03 | 362.4 | 7.7e-01 |
 14600 | 2.72e-04 2.32e-04 |  2.3202e+00  2.3279e+00 1.37e-03 | 364.7 | 4.6e-01 |
 14700 | 2.46e-04 2.75e-04 |  2.3202e+00  2.3305e+00 1.82e-03 | 367.0 | 2.8e-01 |
 14800 | 2.33e-04 2.83e-04 |  2.3203e+00  2.3303e+00 1.76e-03 | 369.3 | 4.6e-01 |
 14900 | 2.29e-04 2.55e-04 |  2.3205e+00  2.3295e+00 1.60e-03 | 371.6 | 7.7e-01 |
 15000 | 2.37e-04 2.20e-04 |  2.3205e+00  2.3291e+00 1.51e-03 | 373.9 | 1.3e+00 |
 15100 | 2.36e-04 1.89e-04 |  2.3205e+00  2.3295e+00 1.58e-03 | 376.2 | 7.7e-01 |
 15200 | 2.23e-04 1.84e-04 |  2.3206e+00  2.3303e+00 1.71e-03 | 378.5 | 4.6e-01 |
 15300 | 2.07e-04 2.32e-04 |  2.3207e+00  2.3318e+00 1.96e-03 | 380.8 | 2.8e-01 |
 15400 | 1.95e-04 2.58e-04 |  2.3209e+00  2.3310e+00 1.79e-03 | 383.1 | 4.6e-01 |
 15500 | 1.89e-04 2.49e-04 |  2.3211e+00  2.3302e+00 1.60e-03 | 385.4 | 7.7e-01 |
 15600 | 1.95e-04 2.23e-04 |  2.3214e+00  2.3298e+00 1.50e-03 | 387.8 | 1.3e+00 |
 15700 | 2.17e-04 1.90e-04 |  2.3216e+00  2.3298e+00 1.44e-03 | 390.1 | 2.1e+00 |
 15800 | 2.19e-04 1.65e-04 |  2.3218e+00  2.3299e+00 1.44e-03 | 392.4 | 1.3e+00 |
 15900 | 2.03e-04 1.64e-04 |  2.3218e+00  2.3301e+00 1.47e-03 | 394.7 | 7.7e-01 |
 16000 | 1.83e-04 1.94e-04 |  2.3218e+00  2.3304e+00 1.51e-03 | 397.0 | 4.6e-01 |
 16100 | 1.65e-04 2.37e-04 |  2.3218e+00  2.3306e+00 1.55e-03 | 399.3 | 4.6e-01 |
 16200 | 1.54e-04 2.38e-04 |  2.3219e+00  2.3306e+00 1.54e-03 | 401.6 | 7.7e-01 |
 16300 | 1.62e-04 2.12e-04 |  2.3219e+00  2.3305e+00 1.52e-03 | 403.9 | 1.3e+00 |
 16400 | 2.05e-04 1.72e-04 |  2.3220e+00  2.3305e+00 1.50e-03 | 406.2 | 2.1e+00 |
 16500 | 2.23e-04 1.35e-04 |  2.3221e+00  2.3305e+00 1.49e-03 | 408.5 | 1.3e+00 |
 16600 | 2.10e-04 1.35e-04 |  2.3222e+00  2.3304e+00 1.46e-03 | 410.8 | 7.7e-01 |
 16700 | 1.84e-04 2.01e-04 |  2.3222e+00  2.3303e+00 1.42e-03 | 413.1 | 4.6e-01 |
 16800 | 1.57e-04 2.49e-04 |  2.3224e+00  2.3299e+00 1.33e-03 | 415.4 | 6.0e-01 |
 16900 | 1.49e-04 2.31e-04 |  2.3225e+00  2.3296e+00 1.25e-03 | 417.8 | 1.0e+00 |
 17000 | 1.85e-04 1.81e-04 |  2.3227e+00  2.3294e+00 1.19e-03 | 420.1 | 1.7e+00 |
 17100 | 2.31e-04 1.26e-04 |  2.3229e+00  2.3294e+00 1.15e-03 | 422.4 | 1.7e+00 |
 17200 | 2.24e-04 9.30e-05 |  2.3230e+00  2.3294e+00 1.13e-03 | 424.7 | 1.0e+00 |
 17300 | 1.98e-04 1.26e-04 |  2.3230e+00  2.3294e+00 1.12e-03 | 427.0 | 6.0e-01 |
 17400 | 1.69e-04 2.12e-04 |  2.3230e+00  2.3292e+00 1.10e-03 | 429.3 | 3.6e-01 |
 17500 | 1.45e-04 2.50e-04 |  2.3230e+00  2.3294e+00 1.13e-03 | 431.6 | 6.0e-01 |
 17600 | 1.36e-04 2.35e-04 |  2.3229e+00  2.3296e+00 1.18e-03 | 433.9 | 1.0e+00 |
 17700 | 1.77e-04 1.88e-04 |  2.3228e+00  2.3296e+00 1.21e-03 | 436.2 | 1.7e+00 |
 17800 | 2.45e-04 1.23e-04 |  2.3227e+00  2.3296e+00 1.22e-03 | 438.5 | 1.7e+00 |
 17900 | 2.44e-04 8.58e-05 |  2.3227e+00  2.3292e+00 1.14e-03 | 440.8 | 1.0e+00 |
 18000 | 2.12e-04 1.49e-04 |  2.3228e+00  2.3291e+00 1.11e-03 | 443.1 | 6.0e-01 |
 18100 | 1.76e-04 2.80e-04 |  2.3229e+00  2.3288e+00 1.05e-03 | 445.4 | 3.6e-01 |
 18200 | 1.45e-04 3.14e-04 |  2.3229e+00  2.3283e+00 9.50e-04 | 447.8 | 6.0e-01 |
 18300 | 1.53e-04 2.66e-04 |  2.3230e+00  2.3284e+00 9.51e-04 | 450.1 | 1.0e+00 |
 18400 | 2.18e-04 1.89e-04 |  2.3231e+00  2.3285e+00 9.55e-04 | 452.4 | 1.7e+00 |
 18500 | 2.76e-04 1.13e-04 |  2.3231e+00  2.3287e+00 9.85e-04 | 454.7 | 1.7e+00 |
 18600 | 2.62e-04 7.22e-05 |  2.3231e+00  2.3288e+00 1.01e-03 | 457.0 | 1.0e+00 |
 18700 | 2.22e-04 1.49e-04 |  2.3230e+00  2.3289e+00 1.03e-03 | 459.3 | 6.0e-01 |
 18800 | 1.79e-04 2.74e-04 |  2.3230e+00  2.3288e+00 1.03e-03 | 461.6 | 3.6e-01 |
 18900 | 1.40e-04 3.25e-04 |  2.3229e+00  2.3289e+00 1.05e-03 | 463.8 | 6.0e-01 |
 19000 | 1.26e-04 3.06e-04 |  2.3228e+00  2.3291e+00 1.11e-03 | 466.0 | 1.0e+00 |
 19100 | 1.95e-04 2.44e-04 |  2.3226e+00  2.3292e+00 1.17e-03 | 468.1 | 1.7e+00 |
 19200 | 2.96e-04 1.08e-04 |  2.3225e+00  2.3288e+00 1.12e-03 | 470.3 | 1.7e+00 |
 19300 | 2.56e-04 1.21e-04 |  2.3225e+00  2.3280e+00 9.72e-04 | 472.5 | 1.0e+00 |
 19400 | 2.21e-04 1.34e-04 |  2.3226e+00  2.3289e+00 1.13e-03 | 474.7 | 6.0e-01 |
 19500 | 1.81e-04 2.66e-04 |  2.3225e+00  2.3288e+00 1.10e-03 | 476.8 | 3.6e-01 |
 19600 | 1.42e-04 3.12e-04 |  2.3226e+00  2.3286e+00 1.06e-03 | 479.0 | 6.0e-01 |
 19700 | 1.37e-04 2.74e-04 |  2.3226e+00  2.3287e+00 1.07e-03 | 481.2 | 1.0e+00 |
 19800 | 2.02e-04 2.02e-04 |  2.3226e+00  2.3288e+00 1.10e-03 | 483.4 | 1.7e+00 |
 19900 | 2.70e-04 1.16e-04 |  2.3226e+00  2.3292e+00 1.17e-03 | 485.6 | 1.7e+00 |
 20000 | 2.51e-04 8.89e-05 |  2.3226e+00  2.3289e+00 1.12e-03 | 487.8 | 1.0e+00 |
 20100 | 2.08e-04 1.58e-04 |  2.3226e+00  2.3291e+00 1.15e-03 | 489.9 | 6.0e-01 |
 20200 | 1.66e-04 2.57e-04 |  2.3226e+00  2.3293e+00 1.20e-03 | 492.1 | 3.6e-01 |
 20300 | 1.28e-04 2.99e-04 |  2.3225e+00  2.3295e+00 1.24e-03 | 494.3 | 6.0e-01 |
 20400 | 1.16e-04 2.79e-04 |  2.3225e+00  2.3297e+00 1.27e-03 | 496.5 | 1.0e+00 |
 20500 | 1.80e-04 2.22e-04 |  2.3224e+00  2.3298e+00 1.31e-03 | 498.7 | 1.7e+00 |
 20600 | 2.78e-04 1.00e-04 |  2.3222e+00  2.3295e+00 1.29e-03 | 500.8 | 1.7e+00 |
 20700 | 2.43e-04 1.16e-04 |  2.3223e+00  2.3286e+00 1.12e-03 | 503.0 | 1.0e+00 |
 20800 | 2.07e-04 1.34e-04 |  2.3224e+00  2.3295e+00 1.26e-03 | 505.2 | 6.0e-01 |
 20900 | 1.67e-04 2.59e-04 |  2.3224e+00  2.3294e+00 1.25e-03 | 507.4 | 3.6e-01 |
 21000 | 1.30e-04 3.00e-04 |  2.3224e+00  2.3292e+00 1.20e-03 | 509.6 | 6.0e-01 |
 21100 | 1.27e-04 2.62e-04 |  2.3225e+00  2.3293e+00 1.21e-03 | 511.7 | 1.0e+00 |
 21200 | 1.92e-04 1.92e-04 |  2.3226e+00  2.3294e+00 1.20e-03 | 513.9 | 1.7e+00 |
 21300 | 2.54e-04 1.15e-04 |  2.3226e+00  2.3296e+00 1.24e-03 | 516.1 | 1.7e+00 |
 21400 | 2.42e-04 7.16e-05 |  2.3227e+00  2.3296e+00 1.23e-03 | 518.3 | 1.0e+00 |
 21500 | 2.04e-04 1.42e-04 |  2.3227e+00  2.3298e+00 1.26e-03 | 520.5 | 6.0e-01 |
 21600 | 1.62e-04 2.54e-04 |  2.3227e+00  2.3299e+00 1.28e-03 | 522.6 | 3.6e-01 |
 21700 | 1.22e-04 3.01e-04 |  2.3227e+00  2.3300e+00 1.29e-03 | 524.8 | 6.0e-01 |
 21800 | 1.06e-04 2.83e-04 |  2.3226e+00  2.3300e+00 1.31e-03 | 527.0 | 1.0e+00 |
 21900 | 1.77e-04 2.25e-04 |  2.3226e+00  2.3301e+00 1.33e-03 | 529.2 | 1.7e+00 |
 22000 | 2.78e-04 1.03e-04 |  2.3225e+00  2.3298e+00 1.29e-03 | 531.3 | 1.7e+00 |
 22100 | 2.46e-04 1.13e-04 |  2.3226e+00  2.3289e+00 1.11e-03 | 533.5 | 1.0e+00 |
 22200 | 2.09e-04 1.31e-04 |  2.3227e+00  2.3297e+00 1.24e-03 | 535.7 | 6.0e-01 |
 22300 | 1.66e-04 2.61e-04 |  2.3227e+00  2.3295e+00 1.20e-03 | 537.8 | 3.6e-01 |
 22400 | 1.26e-04 3.05e-04 |  2.3227e+00  2.3294e+00 1.18e-03 | 540.0 | 6.0e-01 |
 22500 | 1.21e-04 2.70e-04 |  2.3228e+00  2.3297e+00 1.22e-03 | 542.2 | 1.0e+00 |
 22600 | 1.89e-04 1.99e-04 |  2.3228e+00  2.3298e+00 1.23e-03 | 544.4 | 1.7e+00 |
 22700 | 2.58e-04 1.17e-04 |  2.3228e+00  2.3302e+00 1.30e-03 | 546.5 | 1.7e+00 |
 22800 | 2.44e-04 7.50e-05 |  2.3229e+00  2.3300e+00 1.26e-03 | 548.7 | 1.0e+00 |
 22900 | 2.05e-04 1.43e-04 |  2.3229e+00  2.3302e+00 1.29e-03 | 550.9 | 6.0e-01 |
 23000 | 1.62e-04 2.56e-04 |  2.3229e+00  2.3303e+00 1.32e-03 | 553.0 | 3.6e-01 |
 23100 | 1.19e-04 3.04e-04 |  2.3229e+00  2.3303e+00 1.32e-03 | 555.2 | 6.0e-01 |
 23200 | 1.01e-04 2.87e-04 |  2.3228e+00  2.3303e+00 1.33e-03 | 557.4 | 1.0e+00 |
 23300 | 1.74e-04 2.28e-04 |  2.3228e+00  2.3304e+00 1.35e-03 | 559.6 | 1.7e+00 |
 23400 | 2.98e-04 1.09e-04 |  2.3227e+00  2.3299e+00 1.28e-03 | 561.7 | 2.1e+00 |
 23500 | 2.63e-04 1.06e-04 |  2.3228e+00  2.3291e+00 1.11e-03 | 563.9 | 1.3e+00 |
 23600 | 2.30e-04 1.02e-04 |  2.3228e+00  2.3300e+00 1.27e-03 | 566.1 | 7.7e-01 |
 23700 | 1.82e-04 2.06e-04 |  2.3228e+00  2.3298e+00 1.23e-03 | 568.2 | 4.6e-01 |
 23800 | 1.35e-04 2.50e-04 |  2.3228e+00  2.3297e+00 1.21e-03 | 570.4 | 7.7e-01 |
 23900 | 1.19e-04 2.24e-04 |  2.3228e+00  2.3300e+00 1.26e-03 | 572.6 | 1.3e+00 |
 24000 | 1.86e-04 1.65e-04 |  2.3228e+00  2.3301e+00 1.29e-03 | 574.7 | 2.1e+00 |
 24100 | 2.04e-04 9.92e-05 |  2.3228e+00  2.3303e+00 1.33e-03 | 576.9 | 1.3e+00 |
 24200 | 1.85e-04 7.29e-05 |  2.3228e+00  2.3305e+00 1.37e-03 | 579.1 | 7.7e-01 |
 24300 | 1.55e-04 1.41e-04 |  2.3228e+00  2.3307e+00 1.40e-03 | 581.2 | 4.6e-01 |
 24400 | 1.22e-04 2.21e-04 |  2.3228e+00  2.3308e+00 1.41e-03 | 583.4 | 4.6e-01 |
 24500 | 9.37e-05 2.33e-04 |  2.3228e+00  2.3306e+00 1.37e-03 | 585.6 | 7.7e-01 |
 24600 | 1.07e-04 2.03e-04 |  2.3228e+00  2.3304e+00 1.35e-03 | 587.8 | 1.3e+00 |
 24700 | 1.87e-04 1.49e-04 |  2.3228e+00  2.3304e+00 1.34e-03 | 589.9 | 2.1e+00 |
 24800 | 2.22e-04 8.39e-05 |  2.3228e+00  2.3301e+00 1.30e-03 | 592.1 | 1.3e+00 |
 24900 | 2.06e-04 8.61e-05 |  2.3228e+00  2.3297e+00 1.23e-03 | 594.3 | 7.7e-01 |
 25000 | 1.68e-04 1.95e-04 |  2.3228e+00  2.3295e+00 1.18e-03 | 596.4 | 4.6e-01 |
 25100 | 1.24e-04 2.37e-04 |  2.3229e+00  2.3294e+00 1.16e-03 | 598.6 | 7.7e-01 |
 25200 | 1.13e-04 2.08e-04 |  2.3229e+00  2.3296e+00 1.19e-03 | 600.8 | 1.3e+00 |
 25300 | 1.78e-04 1.51e-04 |  2.3229e+00  2.3298e+00 1.22e-03 | 603.0 | 2.1e+00 |
 25400 | 1.93e-04 9.00e-05 |  2.3229e+00  2.3300e+00 1.26e-03 | 605.1 | 1.3e+00 |
 25500 | 1.75e-04 7.05e-05 |  2.3229e+00  2.3303e+00 1.31e-03 | 607.3 | 7.7e-01 |
 25600 | 1.46e-04 1.37e-04 |  2.3229e+00  2.3305e+00 1.35e-03 | 609.5 | 4.6e-01 |
 25700 | 1.16e-04 2.14e-04 |  2.3229e+00  2.3305e+00 1.34e-03 | 611.7 | 4.6e-01 |
 25800 | 8.85e-05 2.27e-04 |  2.3229e+00  2.3304e+00 1.33e-03 | 613.8 | 7.7e-01 |
 25900 | 9.94e-05 1.99e-04 |  2.3229e+00  2.3304e+00 1.33e-03 | 616.0 | 1.3e+00 |
 26000 | 1.77e-04 1.47e-04 |  2.3228e+00  2.3303e+00 1.33e-03 | 618.2 | 2.1e+00 |
 26100 | 2.28e-04 7.67e-05 |  2.3228e+00  2.3300e+00 1.27e-03 | 620.4 | 1.7e+00 |
 26200 | 2.05e-04 8.93e-05 |  2.3229e+00  2.3294e+00 1.15e-03 | 622.5 | 1.0e+00 |
 26300 | 1.71e-04 1.43e-04 |  2.3229e+00  2.3298e+00 1.22e-03 | 624.7 | 6.0e-01 |
 26400 | 1.34e-04 2.19e-04 |  2.3229e+00  2.3293e+00 1.13e-03 | 626.9 | 6.0e-01 |
 26500 | 1.02e-04 2.17e-04 |  2.3230e+00  2.3295e+00 1.15e-03 | 629.1 | 1.0e+00 |
 26600 | 1.32e-04 1.71e-04 |  2.3230e+00  2.3297e+00 1.18e-03 | 631.2 | 1.7e+00 |
 26700 | 1.85e-04 1.13e-04 |  2.3230e+00  2.3298e+00 1.20e-03 | 633.4 | 1.7e+00 |
 26800 | 1.78e-04 6.42e-05 |  2.3230e+00  2.3301e+00 1.26e-03 | 635.6 | 1.0e+00 |
 26900 | 1.52e-04 9.93e-05 |  2.3230e+00  2.3302e+00 1.26e-03 | 637.8 | 6.0e-01 |
 27000 | 1.24e-04 1.79e-04 |  2.3230e+00  2.3303e+00 1.29e-03 | 639.9 | 3.6e-01 |
 27100 | 9.54e-05 2.16e-04 |  2.3230e+00  2.3304e+00 1.30e-03 | 642.1 | 6.0e-01 |
 27200 | 8.10e-05 2.06e-04 |  2.3230e+00  2.3303e+00 1.29e-03 | 644.3 | 1.0e+00 |
 27300 | 1.25e-04 1.66e-04 |  2.3230e+00  2.3303e+00 1.29e-03 | 646.5 | 1.7e+00 |
 27400 | 2.32e-04 1.01e-04 |  2.3230e+00  2.3299e+00 1.23e-03 | 648.6 | 2.8e+00 |
 27500 | 2.24e-04 7.97e-05 |  2.3230e+00  2.3294e+00 1.12e-03 | 650.8 | 1.7e+00 |
 27600 | 1.99e-04 7.76e-05 |  2.3231e+00  2.3296e+00 1.16e-03 | 653.0 | 1.0e+00 |
 27700 | 1.62e-04 1.49e-04 |  2.3231e+00  2.3298e+00 1.19e-03 | 655.2 | 6.0e-01 |
 27800 | 1.24e-04 2.20e-04 |  2.3231e+00  2.3293e+00 1.09e-03 | 657.3 | 6.0e-01 |
 27900 | 9.58e-05 2.15e-04 |  2.3231e+00  2.3296e+00 1.15e-03 | 659.5 | 1.0e+00 |
 28000 | 1.30e-04 1.70e-04 |  2.3231e+00  2.3297e+00 1.16e-03 | 661.7 | 1.7e+00 |
 28100 | 1.99e-04 1.11e-04 |  2.3231e+00  2.3298e+00 1.19e-03 | 663.9 | 2.1e+00 |
 28200 | 2.00e-04 6.41e-05 |  2.3231e+00  2.3299e+00 1.21e-03 | 666.1 | 1.3e+00 |
 28300 | 1.70e-04 9.72e-05 |  2.3231e+00  2.3299e+00 1.20e-03 | 668.2 | 7.7e-01 |
 28400 | 1.38e-04 1.62e-04 |  2.3231e+00  2.3301e+00 1.23e-03 | 670.4 | 4.6e-01 |
 28500 | 1.04e-04 1.91e-04 |  2.3231e+00  2.3302e+00 1.25e-03 | 672.6 | 7.7e-01 |
 28600 | 8.14e-05 1.80e-04 |  2.3230e+00  2.3303e+00 1.28e-03 | 674.7 | 1.3e+00 |
 28700 | 1.31e-04 1.42e-04 |  2.3230e+00  2.3302e+00 1.28e-03 | 676.9 | 2.1e+00 |
 28800 | 2.10e-04 8.51e-05 |  2.3229e+00  2.3300e+00 1.24e-03 | 679.1 | 2.1e+00 |
 28900 | 1.98e-04 7.66e-05 |  2.3229e+00  2.3295e+00 1.16e-03 | 681.3 | 1.3e+00 |
 29000 | 1.70e-04 9.93e-05 |  2.3230e+00  2.3296e+00 1.18e-03 | 683.4 | 7.7e-01 |
 29100 | 1.34e-04 1.86e-04 |  2.3230e+00  2.3297e+00 1.18e-03 | 685.6 | 4.6e-01 |
 29200 | 9.82e-05 2.13e-04 |  2.3230e+00  2.3293e+00 1.12e-03 | 687.8 | 7.7e-01 |
 29300 | 9.91e-05 1.84e-04 |  2.3231e+00  2.3296e+00 1.15e-03 | 690.0 | 1.3e+00 |
 29400 | 1.63e-04 1.31e-04 |  2.3231e+00  2.3296e+00 1.16e-03 | 692.2 | 2.1e+00 |
 29500 | 1.76e-04 7.76e-05 |  2.3231e+00  2.3298e+00 1.18e-03 | 694.3 | 1.3e+00 |
 29600 | 1.58e-04 6.70e-05 |  2.3231e+00  2.3299e+00 1.21e-03 | 696.5 | 7.7e-01 |
 29700 | 1.32e-04 1.31e-04 |  2.3231e+00  2.3300e+00 1.23e-03 | 698.7 | 4.6e-01 |
 29800 | 1.03e-04 2.02e-04 |  2.3231e+00  2.3300e+00 1.22e-03 | 700.9 | 4.6e-01 |
 29900 | 7.68e-05 2.13e-04 |  2.3230e+00  2.3300e+00 1.23e-03 | 703.0 | 7.7e-01 |
 30000 | 8.82e-05 1.87e-04 |  2.3230e+00  2.3300e+00 1.24e-03 | 705.2 | 1.3e+00 |
 30100 | 1.64e-04 1.39e-04 |  2.3230e+00  2.3300e+00 1.25e-03 | 707.4 | 2.1e+00 |
 30200 | 2.29e-04 7.73e-05 |  2.3229e+00  2.3295e+00 1.17e-03 | 709.6 | 2.1e+00 |
 30300 | 2.02e-04 7.49e-05 |  2.3230e+00  2.3291e+00 1.09e-03 | 711.8 | 1.3e+00 |
 30400 | 1.72e-04 1.04e-04 |  2.3230e+00  2.3298e+00 1.20e-03 | 713.9 | 7.7e-01 |
 30500 | 1.38e-04 1.87e-04 |  2.3230e+00  2.3292e+00 1.10e-03 | 716.1 | 4.6e-01 |
 30600 | 1.00e-04 2.17e-04 |  2.3230e+00  2.3293e+00 1.11e-03 | 718.3 | 7.7e-01 |
 30700 | 9.78e-05 1.89e-04 |  2.3230e+00  2.3295e+00 1.15e-03 | 720.5 | 1.3e+00 |
 30800 | 1.62e-04 1.36e-04 |  2.3231e+00  2.3296e+00 1.16e-03 | 722.6 | 2.1e+00 |
 30900 | 1.98e-04 7.78e-05 |  2.3231e+00  2.3299e+00 1.20e-03 | 724.8 | 1.7e+00 |
 31000 | 1.77e-04 7.17e-05 |  2.3231e+00  2.3296e+00 1.15e-03 | 727.0 | 1.0e+00 |
 31100 | 1.46e-04 1.21e-04 |  2.3231e+00  2.3298e+00 1.18e-03 | 729.2 | 6.0e-01 |
 31200 | 1.15e-04 1.74e-04 |  2.3231e+00  2.3298e+00 1.18e-03 | 731.3 | 6.0e-01 |
 31300 | 8.13e-05 1.82e-04 |  2.3231e+00  2.3300e+00 1.23e-03 | 733.5 | 1.0e+00 |
 31400 | 8.98e-05 1.57e-04 |  2.3230e+00  2.3300e+00 1.23e-03 | 735.7 | 1.7e+00 |
 31500 | 1.70e-04 1.13e-04 |  2.3230e+00  2.3300e+00 1.24e-03 | 737.9 | 2.8e+00 |
 31600 | 1.98e-04 6.73e-05 |  2.3230e+00  2.3297e+00 1.19e-03 | 740.0 | 1.7e+00 |
 31700 | 1.77e-04 7.72e-05 |  2.3230e+00  2.3293e+00 1.11e-03 | 742.2 | 1.0e+00 |
 31800 | 1.43e-04 1.38e-04 |  2.3231e+00  2.3297e+00 1.17e-03 | 744.4 | 6.0e-01 |
 31900 | 1.09e-04 2.01e-04 |  2.3231e+00  2.3291e+00 1.07e-03 | 746.6 | 6.0e-01 |
 32000 | 8.38e-05 1.96e-04 |  2.3231e+00  2.3293e+00 1.09e-03 | 748.7 | 1.0e+00 |
 32100 | 1.21e-04 1.52e-04 |  2.3232e+00  2.3294e+00 1.09e-03 | 750.9 | 1.7e+00 |
 32200 | 1.70e-04 9.88e-05 |  2.3232e+00  2.3295e+00 1.11e-03 | 753.1 | 1.7e+00 |
 32300 | 1.61e-04 5.91e-05 |  2.3232e+00  2.3296e+00 1.12e-03 | 755.3 | 1.0e+00 |
 32400 | 1.38e-04 9.10e-05 |  2.3232e+00  2.3296e+00 1.13e-03 | 757.4 | 6.0e-01 |
 32500 | 1.11e-04 1.71e-04 |  2.3232e+00  2.3297e+00 1.14e-03 | 759.6 | 3.6e-01 |
 32600 | 8.32e-05 2.06e-04 |  2.3232e+00  2.3297e+00 1.14e-03 | 761.8 | 6.0e-01 |
 32700 | 6.87e-05 1.97e-04 |  2.3232e+00  2.3297e+00 1.16e-03 | 764.0 | 1.0e+00 |
 32800 | 1.15e-04 1.58e-04 |  2.3231e+00  2.3298e+00 1.17e-03 | 766.1 | 1.7e+00 |
 32900 | 2.23e-04 8.58e-05 |  2.3231e+00  2.3294e+00 1.13e-03 | 768.3 | 2.8e+00 |
 33000 | 2.02e-04 7.38e-05 |  2.3231e+00  2.3290e+00 1.04e-03 | 770.5 | 1.7e+00 |
 33100 | 1.82e-04 7.32e-05 |  2.3232e+00  2.3294e+00 1.10e-03 | 772.7 | 1.0e+00 |
 33200 | 1.48e-04 1.35e-04 |  2.3232e+00  2.3294e+00 1.11e-03 | 774.8 | 6.0e-01 |
 33300 | 1.12e-04 2.03e-04 |  2.3232e+00  2.3291e+00 1.04e-03 | 777.0 | 6.0e-01 |
 33400 | 8.50e-05 2.00e-04 |  2.3232e+00  2.3293e+00 1.08e-03 | 779.2 | 1.0e+00 |
 33500 | 1.20e-04 1.57e-04 |  2.3232e+00  2.3293e+00 1.08e-03 | 781.3 | 1.7e+00 |
 33600 | 1.85e-04 1.02e-04 |  2.3232e+00  2.3294e+00 1.10e-03 | 783.5 | 2.1e+00 |
 33700 | 1.84e-04 5.96e-05 |  2.3232e+00  2.3294e+00 1.09e-03 | 785.7 | 1.3e+00 |
 33800 | 1.54e-04 9.23e-05 |  2.3232e+00  2.3293e+00 1.07e-03 | 787.9 | 7.7e-01 |
 33900 | 1.24e-04 1.51e-04 |  2.3232e+00  2.3294e+00 1.09e-03 | 790.0 | 4.6e-01 |
 34000 | 9.12e-05 1.78e-04 |  2.3232e+00  2.3296e+00 1.12e-03 | 792.2 | 7.7e-01 |
 34100 | 7.33e-05 1.66e-04 |  2.3232e+00  2.3296e+00 1.14e-03 | 794.4 | 1.3e+00 |
 34200 | 1.23e-04 1.31e-04 |  2.3231e+00  2.3297e+00 1.16e-03 | 796.6 | 2.1e+00 |
 34300 | 1.94e-04 7.55e-05 |  2.3231e+00  2.3295e+00 1.15e-03 | 798.7 | 2.1e+00 |
 34400 | 1.80e-04 7.25e-05 |  2.3231e+00  2.3291e+00 1.07e-03 | 800.9 | 1.3e+00 |
 34500 | 1.53e-04 9.68e-05 |  2.3231e+00  2.3294e+00 1.11e-03 | 803.1 | 7.7e-01 |
 34600 | 1.20e-04 1.76e-04 |  2.3231e+00  2.3294e+00 1.11e-03 | 805.3 | 4.6e-01 |
 34700 | 8.71e-05 2.00e-04 |  2.3231e+00  2.3291e+00 1.05e-03 | 807.4 | 7.7e-01 |
 34800 | 9.20e-05 1.69e-04 |  2.3232e+00  2.3291e+00 1.05e-03 | 809.6 | 1.3e+00 |
 34900 | 1.52e-04 1.21e-04 |  2.3232e+00  2.3291e+00 1.04e-03 | 811.8 | 2.1e+00 |
 35000 | 1.64e-04 6.98e-05 |  2.3233e+00  2.3293e+00 1.06e-03 | 814.0 | 1.3e+00 |
 35100 | 1.45e-04 6.46e-05 |  2.3233e+00  2.3292e+00 1.05e-03 | 816.1 | 7.7e-01 |
 35200 | 1.18e-04 1.30e-04 |  2.3232e+00  2.3291e+00 1.04e-03 | 818.3 | 4.6e-01 |
 35300 | 9.09e-05 1.77e-04 |  2.3232e+00  2.3291e+00 1.05e-03 | 820.5 | 6.0e-01 |
 35400 | 7.06e-05 1.76e-04 |  2.3232e+00  2.3293e+00 1.07e-03 | 822.6 | 1.0e+00 |
 35500 | 1.01e-04 1.45e-04 |  2.3232e+00  2.3294e+00 1.09e-03 | 824.8 | 1.7e+00 |
 35600 | 1.57e-04 1.00e-04 |  2.3231e+00  2.3295e+00 1.12e-03 | 827.0 | 1.7e+00 |
 35700 | 1.63e-04 6.27e-05 |  2.3231e+00  2.3295e+00 1.12e-03 | 829.2 | 1.0e+00 |
 35800 | 1.41e-04 1.20e-04 |  2.3231e+00  2.3294e+00 1.10e-03 | 831.3 | 6.0e-01 |
 35900 | 1.08e-04 1.97e-04 |  2.3231e+00  2.3293e+00 1.09e-03 | 833.5 | 6.0e-01 |
 36000 | 8.88e-05 1.77e-04 |  2.3232e+00  2.3286e+00 9.61e-04 | 835.7 | 1.0e+00 |
 36100 | 1.09e-04 1.38e-04 |  2.3232e+00  2.3289e+00 9.93e-04 | 837.9 | 1.7e+00 |
 36200 | 1.51e-04 8.90e-05 |  2.3233e+00  2.3290e+00 9.98e-04 | 840.0 | 1.7e+00 |
 36300 | 1.40e-04 5.32e-05 |  2.3233e+00  2.3290e+00 1.00e-03 | 842.2 | 1.0e+00 |
 36400 | 1.19e-04 8.04e-05 |  2.3233e+00  2.3290e+00 1.01e-03 | 844.4 | 6.0e-01 |
 36500 | 9.60e-05 1.49e-04 |  2.3233e+00  2.3290e+00 1.00e-03 | 846.6 | 3.6e-01 |
 36600 | 7.27e-05 1.82e-04 |  2.3232e+00  2.3290e+00 1.02e-03 | 848.7 | 6.0e-01 |
 36700 | 6.19e-05 1.73e-04 |  2.3232e+00  2.3292e+00 1.06e-03 | 850.9 | 1.0e+00 |
 36800 | 1.07e-04 1.39e-04 |  2.3232e+00  2.3293e+00 1.07e-03 | 853.1 | 1.7e+00 |
 36900 | 1.92e-04 8.35e-05 |  2.3232e+00  2.3289e+00 1.01e-03 | 855.3 | 2.1e+00 |
 37000 | 1.76e-04 6.85e-05 |  2.3232e+00  2.3289e+00 1.01e-03 | 857.4 | 1.3e+00 |
 37100 | 1.49e-04 9.83e-05 |  2.3232e+00  2.3291e+00 1.05e-03 | 859.6 | 7.7e-01 |
 37200 | 1.16e-04 1.72e-04 |  2.3232e+00  2.3295e+00 1.11e-03 | 861.8 | 6.0e-01 |
 37300 | 8.67e-05 1.74e-04 |  2.3232e+00  2.3289e+00 1.00e-03 | 863.9 | 1.0e+00 |
 37400 | 9.39e-05 1.27e-04 |  2.3233e+00  2.3289e+00 9.89e-04 | 866.1 | 1.7e+00 |
 37500 | 1.28e-04 8.66e-05 |  2.3234e+00  2.3288e+00 9.72e-04 | 868.3 | 1.7e+00 |
 37600 | 1.20e-04 5.30e-05 |  2.3234e+00  2.3289e+00 9.83e-04 | 870.5 | 1.0e+00 |
 37700 | 1.01e-04 6.72e-05 |  2.3233e+00  2.3289e+00 9.80e-04 | 872.6 | 6.0e-01 |
 37800 | 8.37e-05 1.19e-04 |  2.3233e+00  2.3288e+00 9.78e-04 | 874.8 | 3.6e-01 |
 37900 | 6.66e-05 1.45e-04 |  2.3233e+00  2.3290e+00 1.01e-03 | 877.0 | 6.0e-01 |
 38000 | 5.73e-05 1.39e-04 |  2.3233e+00  2.3291e+00 1.03e-03 | 879.2 | 1.0e+00 |
 38100 | 8.80e-05 1.13e-04 |  2.3232e+00  2.3291e+00 1.04e-03 | 881.3 | 1.7e+00 |
 38200 | 1.41e-04 7.85e-05 |  2.3232e+00  2.3292e+00 1.06e-03 | 883.5 | 2.1e+00 |
 38300 | 1.52e-04 4.95e-05 |  2.3232e+00  2.3292e+00 1.06e-03 | 885.7 | 1.3e+00 |
 38400 | 1.33e-04 8.97e-05 |  2.3232e+00  2.3292e+00 1.06e-03 | 887.9 | 7.7e-01 |
 38500 | 1.04e-04 1.58e-04 |  2.3232e+00  2.3291e+00 1.05e-03 | 890.0 | 6.0e-01 |
 38600 | 7.94e-05 1.63e-04 |  2.3233e+00  2.3289e+00 1.00e-03 | 892.2 | 1.0e+00 |
 38700 | 9.17e-05 1.23e-04 |  2.3233e+00  2.3287e+00 9.48e-04 | 894.4 | 1.7e+00 |
 38800 | 1.27e-04 8.30e-05 |  2.3234e+00  2.3287e+00 9.39e-04 | 896.5 | 1.7e+00 |
 38900 | 1.19e-04 5.10e-05 |  2.3234e+00  2.3287e+00 9.33e-04 | 898.7 | 1.0e+00 |
 39000 | 1.01e-04 6.86e-05 |  2.3234e+00  2.3287e+00 9.29e-04 | 900.9 | 6.0e-01 |
 39100 | 8.29e-05 1.24e-04 |  2.3234e+00  2.3285e+00 9.13e-04 | 903.1 | 3.6e-01 |
 39200 | 6.44e-05 1.52e-04 |  2.3233e+00  2.3287e+00 9.45e-04 | 905.2 | 6.0e-01 |
 39300 | 5.69e-05 1.45e-04 |  2.3233e+00  2.3289e+00 9.87e-04 | 907.4 | 1.0e+00 |
 39400 | 9.34e-05 1.16e-04 |  2.3233e+00  2.3290e+00 1.01e-03 | 909.6 | 1.7e+00 |
 39500 | 1.41e-04 7.74e-05 |  2.3232e+00  2.3291e+00 1.04e-03 | 911.8 | 1.7e+00 |
 39600 | 1.43e-04 5.42e-05 |  2.3232e+00  2.3292e+00 1.07e-03 | 913.9 | 1.0e+00 |
 39700 | 1.21e-04 1.15e-04 |  2.3232e+00  2.3293e+00 1.07e-03 | 916.1 | 6.0e-01 |
 39800 | 9.19e-05 1.83e-04 |  2.3232e+00  2.3291e+00 1.05e-03 | 918.3 | 6.0e-01 |
 39900 | 7.36e-05 1.74e-04 |  2.3232e+00  2.3289e+00 9.93e-04 | 920.5 | 1.0e+00 |
 40000 | 9.90e-05 1.24e-04 |  2.3233e+00  2.3286e+00 9.28e-04 | 922.6 | 1.7e+00 |
 40100 | 1.38e-04 8.01e-05 |  2.3234e+00  2.3286e+00 9.14e-04 | 924.8 | 1.7e+00 |
 40200 | 1.28e-04 4.90e-05 |  2.3234e+00  2.3285e+00 9.00e-04 | 927.0 | 1.0e+00 |
 40300 | 1.08e-04 7.66e-05 |  2.3234e+00  2.3285e+00 8.91e-04 | 929.2 | 6.0e-01 |
 40400 | 8.67e-05 1.29e-04 |  2.3234e+00  2.3284e+00 8.90e-04 | 931.3 | 4.6e-01 |
 40500 | 6.51e-05 1.47e-04 |  2.3233e+00  2.3286e+00 9.35e-04 | 933.5 | 7.7e-01 |
 40600 | 6.11e-05 1.35e-04 |  2.3232e+00  2.3288e+00 9.78e-04 | 935.7 | 1.3e+00 |
 40700 | 1.10e-04 1.04e-04 |  2.3232e+00  2.3289e+00 1.00e-03 | 937.9 | 2.1e+00 |
 40800 | 1.48e-04 6.55e-05 |  2.3231e+00  2.3290e+00 1.04e-03 | 940.0 | 1.7e+00 |
 40900 | 1.49e-04 5.22e-05 |  2.3231e+00  2.3290e+00 1.05e-03 | 942.2 | 1.3e+00 |
 41000 | 1.26e-04 8.14e-05 |  2.3231e+00  2.3289e+00 1.02e-03 | 944.4 | 1.0e+00 |
 41100 | 9.74e-05 1.17e-04 |  2.3232e+00  2.3290e+00 1.03e-03 | 946.6 | 7.7e-01 |
 41200 | 7.29e-05 1.18e-04 |  2.3232e+00  2.3287e+00 9.65e-04 | 948.7 | 1.3e+00 |
 41300 | 8.65e-05 9.06e-05 |  2.3233e+00  2.3285e+00 9.25e-04 | 950.9 | 2.1e+00 |
 41400 | 1.18e-04 6.25e-05 |  2.3234e+00  2.3285e+00 9.06e-04 | 953.1 | 2.1e+00 |
 41500 | 1.09e-04 4.51e-05 |  2.3234e+00  2.3285e+00 8.91e-04 | 955.3 | 1.3e+00 |
 41600 | 9.07e-05 6.01e-05 |  2.3234e+00  2.3284e+00 8.77e-04 | 957.4 | 7.7e-01 |
 41700 | 7.33e-05 9.95e-05 |  2.3234e+00  2.3282e+00 8.49e-04 | 959.6 | 4.6e-01 |
 41800 | 5.68e-05 1.16e-04 |  2.3234e+00  2.3284e+00 8.86e-04 | 961.8 | 7.7e-01 |
 41900 | 5.67e-05 1.07e-04 |  2.3233e+00  2.3285e+00 9.18e-04 | 964.0 | 1.3e+00 |
 42000 | 9.57e-05 8.31e-05 |  2.3233e+00  2.3286e+00 9.43e-04 | 966.2 | 2.1e+00 |
 42100 | 1.36e-04 5.67e-05 |  2.3232e+00  2.3287e+00 9.74e-04 | 968.3 | 2.1e+00 |
 42200 | 1.32e-04 5.11e-05 |  2.3232e+00  2.3289e+00 1.01e-03 | 970.5 | 1.3e+00 |
 42300 | 1.08e-04 9.59e-05 |  2.3232e+00  2.3290e+00 1.03e-03 | 972.7 | 7.7e-01 |
 42400 | 8.01e-05 1.42e-04 |  2.3232e+00  2.3290e+00 1.02e-03 | 974.9 | 7.7e-01 |
 42500 | 7.01e-05 1.11e-04 |  2.3233e+00  2.3284e+00 8.98e-04 | 977.0 | 1.3e+00 |
 42600 | 8.92e-05 8.77e-05 |  2.3234e+00  2.3284e+00 8.89e-04 | 979.2 | 2.1e+00 |
 42700 | 1.24e-04 5.93e-05 |  2.3235e+00  2.3284e+00 8.58e-04 | 981.4 | 2.1e+00 |
 42800 | 1.16e-04 4.36e-05 |  2.3235e+00  2.3283e+00 8.32e-04 | 983.6 | 1.3e+00 |
 42900 | 9.64e-05 6.51e-05 |  2.3235e+00  2.3281e+00 8.05e-04 | 985.7 | 7.7e-01 |
 43000 | 7.78e-05 1.07e-04 |  2.3235e+00  2.3280e+00 7.97e-04 | 987.9 | 4.6e-01 |
 43100 | 6.07e-05 1.22e-04 |  2.3234e+00  2.3282e+00 8.42e-04 | 990.1 | 7.7e-01 |
 43200 | 5.68e-05 1.13e-04 |  2.3233e+00  2.3283e+00 8.88e-04 | 992.3 | 1.3e+00 |
 43300 | 9.30e-05 8.87e-05 |  2.3232e+00  2.3284e+00 9.21e-04 | 994.4 | 2.1e+00 |
 43400 | 1.36e-04 5.98e-05 |  2.3231e+00  2.3286e+00 9.58e-04 | 996.6 | 2.1e+00 |
 43500 | 1.36e-04 4.50e-05 |  2.3231e+00  2.3287e+00 9.91e-04 | 998.8 | 1.3e+00 |
 43600 | 1.15e-04 8.63e-05 |  2.3232e+00  2.3289e+00 1.00e-03 | 1001.0 | 7.7e-01 |
 43700 | 8.82e-05 1.53e-04 |  2.3232e+00  2.3290e+00 1.01e-03 | 1003.1 | 4.6e-01 |
 43800 | 7.15e-05 1.69e-04 |  2.3233e+00  2.3286e+00 9.27e-04 | 1005.3 | 7.7e-01 |
 43900 | 7.64e-05 1.39e-04 |  2.3234e+00  2.3282e+00 8.51e-04 | 1007.5 | 1.3e+00 |
 44000 | 1.32e-04 9.84e-05 |  2.3236e+00  2.3282e+00 8.12e-04 | 1009.6 | 2.1e+00 |
 44100 | 1.42e-04 5.46e-05 |  2.3236e+00  2.3280e+00 7.74e-04 | 1011.8 | 1.3e+00 |
 44200 | 1.23e-04 5.79e-05 |  2.3236e+00  2.3278e+00 7.29e-04 | 1014.0 | 7.7e-01 |
 44300 | 9.79e-05 1.19e-04 |  2.3236e+00  2.3274e+00 6.85e-04 | 1016.1 | 4.6e-01 |
 44400 | 7.20e-05 1.46e-04 |  2.3235e+00  2.3277e+00 7.47e-04 | 1018.3 | 7.7e-01 |
 44500 | 6.09e-05 1.37e-04 |  2.3234e+00  2.3280e+00 8.21e-04 | 1020.5 | 1.3e+00 |
 44600 | 1.08e-04 1.07e-04 |  2.3233e+00  2.3282e+00 8.75e-04 | 1022.6 | 2.1e+00 |
 44700 | 1.63e-04 6.86e-05 |  2.3231e+00  2.3285e+00 9.40e-04 | 1024.8 | 2.1e+00 |
 44800 | 1.61e-04 5.04e-05 |  2.3231e+00  2.3288e+00 1.00e-03 | 1027.0 | 1.3e+00 |
 44900 | 1.32e-04 1.05e-04 |  2.3232e+00  2.3289e+00 1.01e-03 | 1029.2 | 7.7e-01 |
 45000 | 9.72e-05 1.73e-04 |  2.3232e+00  2.3290e+00 1.02e-03 | 1031.3 | 6.0e-01 |
 45100 | 6.96e-05 1.74e-04 |  2.3233e+00  2.3284e+00 9.07e-04 | 1033.5 | 1.0e+00 |
 45200 | 9.81e-05 1.32e-04 |  2.3235e+00  2.3281e+00 8.25e-04 | 1035.7 | 1.7e+00 |
 45300 | 1.45e-04 8.48e-05 |  2.3236e+00  2.3280e+00 7.78e-04 | 1037.8 | 1.7e+00 |
 45400 | 1.35e-04 4.73e-05 |  2.3237e+00  2.3278e+00 7.27e-04 | 1040.0 | 1.0e+00 |
 45500 | 1.08e-04 8.31e-05 |  2.3236e+00  2.3274e+00 6.70e-04 | 1042.2 | 6.0e-01 |
 45600 | 8.26e-05 1.34e-04 |  2.3235e+00  2.3273e+00 6.61e-04 | 1044.3 | 6.0e-01 |
 45700 | 6.11e-05 1.40e-04 |  2.3234e+00  2.3277e+00 7.52e-04 | 1046.5 | 1.0e+00 |
 45800 | 7.69e-05 1.19e-04 |  2.3233e+00  2.3279e+00 8.18e-04 | 1048.7 | 1.7e+00 |
 45900 | 1.42e-04 8.55e-05 |  2.3231e+00  2.3281e+00 8.79e-04 | 1050.8 | 2.8e+00 |
 46000 | 1.62e-04 4.94e-05 |  2.3231e+00  2.3285e+00 9.58e-04 | 1053.0 | 1.7e+00 |
 46100 | 1.44e-04 6.77e-05 |  2.3231e+00  2.3288e+00 1.01e-03 | 1055.2 | 1.0e+00 |
 46200 | 1.10e-04 1.39e-04 |  2.3231e+00  2.3290e+00 1.04e-03 | 1057.4 | 6.0e-01 |
 46300 | 7.37e-05 1.63e-04 |  2.3233e+00  2.3287e+00 9.56e-04 | 1059.5 | 1.0e+00 |
 46400 | 8.63e-05 1.28e-04 |  2.3234e+00  2.3282e+00 8.36e-04 | 1061.7 | 1.7e+00 |
 46500 | 1.42e-04 8.72e-05 |  2.3236e+00  2.3280e+00 7.74e-04 | 1063.9 | 2.1e+00 |
 46600 | 1.40e-04 4.86e-05 |  2.3237e+00  2.3277e+00 7.14e-04 | 1066.1 | 1.3e+00 |
 46700 | 1.13e-04 6.64e-05 |  2.3237e+00  2.3273e+00 6.52e-04 | 1068.2 | 7.7e-01 |
 46800 | 8.55e-05 1.25e-04 |  2.3236e+00  2.3269e+00 5.87e-04 | 1070.4 | 4.6e-01 |
 46900 | 6.21e-05 1.45e-04 |  2.3235e+00  2.3272e+00 6.60e-04 | 1072.5 | 7.7e-01 |
 47000 | 6.28e-05 1.32e-04 |  2.3234e+00  2.3276e+00 7.45e-04 | 1074.7 | 1.3e+00 |
 47100 | 1.15e-04 1.00e-04 |  2.3232e+00  2.3278e+00 8.08e-04 | 1076.9 | 2.1e+00 |
 47200 | 1.67e-04 6.22e-05 |  2.3231e+00  2.3281e+00 8.89e-04 | 1079.1 | 2.1e+00 |
 47300 | 1.60e-04 5.03e-05 |  2.3231e+00  2.3286e+00 9.78e-04 | 1081.2 | 1.3e+00 |
 47400 | 1.28e-04 1.11e-04 |  2.3231e+00  2.3290e+00 1.04e-03 | 1083.4 | 7.7e-01 |
 47500 | 8.81e-05 1.69e-04 |  2.3232e+00  2.3289e+00 1.01e-03 | 1085.6 | 7.7e-01 |
 47600 | 7.18e-05 1.57e-04 |  2.3234e+00  2.3284e+00 8.91e-04 | 1087.7 | 1.3e+00 |
 47700 | 1.25e-04 1.10e-04 |  2.3236e+00  2.3280e+00 7.80e-04 | 1089.9 | 2.1e+00 |
 47800 | 1.75e-04 6.54e-05 |  2.3238e+00  2.3278e+00 7.05e-04 | 1092.1 | 2.1e+00 |
 47900 | 1.57e-04 4.62e-05 |  2.3238e+00  2.3274e+00 6.38e-04 | 1094.3 | 1.3e+00 |
 48000 | 1.20e-04 9.27e-05 |  2.3238e+00  2.3269e+00 5.63e-04 | 1096.4 | 7.7e-01 |
 48100 | 8.62e-05 1.46e-04 |  2.3236e+00  2.3267e+00 5.45e-04 | 1098.6 | 6.0e-01 |
 48200 | 6.26e-05 1.53e-04 |  2.3235e+00  2.3271e+00 6.46e-04 | 1100.8 | 1.0e+00 |
 48300 | 8.48e-05 1.29e-04 |  2.3233e+00  2.3275e+00 7.37e-04 | 1102.9 | 1.7e+00 |
 48400 | 1.57e-04 9.11e-05 |  2.3231e+00  2.3277e+00 8.18e-04 | 1105.1 | 2.8e+00 |
 48500 | 1.77e-04 5.03e-05 |  2.3230e+00  2.3282e+00 9.29e-04 | 1107.3 | 1.7e+00 |
 48600 | 1.53e-04 7.34e-05 |  2.3230e+00  2.3287e+00 1.01e-03 | 1109.4 | 1.0e+00 |
 48700 | 1.14e-04 1.52e-04 |  2.3231e+00  2.3291e+00 1.05e-03 | 1111.6 | 6.0e-01 |
 48800 | 7.37e-05 1.74e-04 |  2.3233e+00  2.3286e+00 9.31e-04 | 1113.8 | 1.0e+00 |
 48900 | 9.99e-05 1.44e-04 |  2.3235e+00  2.3281e+00 8.12e-04 | 1115.9 | 1.7e+00 |
 49000 | 1.68e-04 9.25e-05 |  2.3238e+00  2.3278e+00 7.09e-04 | 1118.1 | 2.1e+00 |
 49100 | 1.61e-04 4.85e-05 |  2.3239e+00  2.3274e+00 6.25e-04 | 1120.3 | 1.3e+00 |
 49200 | 1.25e-04 8.10e-05 |  2.3238e+00  2.3268e+00 5.21e-04 | 1122.4 | 7.7e-01 |
 49300 | 8.79e-05 1.39e-04 |  2.3237e+00  2.3263e+00 4.65e-04 | 1124.6 | 6.0e-01 |
 49400 | 6.11e-05 1.49e-04 |  2.3236e+00  2.3267e+00 5.61e-04 | 1126.8 | 1.0e+00 |
 49500 | 8.41e-05 1.27e-04 |  2.3234e+00  2.3272e+00 6.65e-04 | 1128.9 | 1.7e+00 |
 49600 | 1.35e-04 8.62e-05 |  2.3232e+00  2.3275e+00 7.63e-04 | 1131.1 | 1.7e+00 |
 49700 | 1.32e-04 5.12e-05 |  2.3232e+00  2.3283e+00 9.12e-04 | 1133.3 | 1.0e+00 |
 49800 | 1.03e-04 1.02e-04 |  2.3232e+00  2.3290e+00 1.03e-03 | 1135.4 | 6.0e-01 |
 49900 | 7.09e-05 1.62e-04 |  2.3233e+00  2.3292e+00 1.04e-03 | 1137.6 | 6.0e-01 |
 50000 | 6.11e-05 1.53e-04 |  2.3234e+00  2.3285e+00 9.07e-04 | 1139.8 | 1.0e+00 |
 50100 | 1.02e-04 1.10e-04 |  2.3236e+00  2.3281e+00 7.91e-04 | 1141.9 | 1.7e+00 |
 50200 | 1.41e-04 6.74e-05 |  2.3237e+00  2.3278e+00 7.10e-04 | 1144.1 | 1.7e+00 |
 50300 | 1.24e-04 4.72e-05 |  2.3238e+00  2.3272e+00 6.09e-04 | 1146.2 | 1.0e+00 |
 50400 | 9.30e-05 9.33e-05 |  2.3237e+00  2.3265e+00 5.00e-04 | 1148.4 | 6.0e-01 |
 50500 | 6.59e-05 1.38e-04 |  2.3236e+00  2.3263e+00 4.74e-04 | 1150.6 | 6.0e-01 |
 50600 | 5.40e-05 1.36e-04 |  2.3235e+00  2.3268e+00 5.82e-04 | 1152.7 | 1.0e+00 |
 50700 | 8.74e-05 1.11e-04 |  2.3233e+00  2.3271e+00 6.65e-04 | 1154.9 | 1.7e+00 |
 50800 | 1.32e-04 7.23e-05 |  2.3232e+00  2.3275e+00 7.59e-04 | 1157.0 | 1.7e+00 |
 50900 | 1.26e-04 4.67e-05 |  2.3231e+00  2.3282e+00 8.94e-04 | 1159.2 | 1.0e+00 |
 51000 | 9.70e-05 1.03e-04 |  2.3232e+00  2.3289e+00 1.01e-03 | 1161.4 | 6.0e-01 |
 51100 | 6.54e-05 1.60e-04 |  2.3233e+00  2.3290e+00 1.02e-03 | 1163.6 | 6.0e-01 |
 51200 | 6.09e-05 1.50e-04 |  2.3234e+00  2.3284e+00 8.89e-04 | 1165.7 | 1.0e+00 |
 51300 | 1.05e-04 1.08e-04 |  2.3236e+00  2.3279e+00 7.72e-04 | 1167.9 | 1.7e+00 |
 51400 | 1.42e-04 6.46e-05 |  2.3237e+00  2.3277e+00 6.92e-04 | 1170.1 | 1.7e+00 |
 51500 | 1.25e-04 4.63e-05 |  2.3238e+00  2.3271e+00 5.84e-04 | 1172.2 | 1.0e+00 |
 51600 | 9.32e-05 9.55e-05 |  2.3237e+00  2.3264e+00 4.71e-04 | 1174.4 | 6.0e-01 |
 51700 | 6.45e-05 1.42e-04 |  2.3236e+00  2.3261e+00 4.34e-04 | 1176.6 | 6.0e-01 |
 51800 | 5.25e-05 1.41e-04 |  2.3235e+00  2.3266e+00 5.42e-04 | 1178.7 | 1.0e+00 |
 51900 | 9.05e-05 1.14e-04 |  2.3234e+00  2.3269e+00 6.31e-04 | 1180.9 | 1.7e+00 |
 52000 | 1.39e-04 7.31e-05 |  2.3232e+00  2.3273e+00 7.29e-04 | 1183.1 | 1.7e+00 |
 52100 | 1.32e-04 4.75e-05 |  2.3232e+00  2.3281e+00 8.78e-04 | 1185.2 | 1.0e+00 |
 52200 | 1.01e-04 1.12e-04 |  2.3232e+00  2.3288e+00 9.90e-04 | 1187.4 | 6.0e-01 |
 52300 | 6.61e-05 1.73e-04 |  2.3233e+00  2.3291e+00 1.02e-03 | 1189.6 | 6.0e-01 |
 52400 | 6.03e-05 1.60e-04 |  2.3234e+00  2.3284e+00 8.79e-04 | 1191.7 | 1.0e+00 |
 52500 | 1.10e-04 1.11e-04 |  2.3236e+00  2.3279e+00 7.58e-04 | 1193.9 | 1.7e+00 |
 52600 | 1.49e-04 6.45e-05 |  2.3238e+00  2.3276e+00 6.72e-04 | 1196.1 | 1.7e+00 |
 52700 | 1.29e-04 4.68e-05 |  2.3238e+00  2.3270e+00 5.65e-04 | 1198.2 | 1.0e+00 |
 52800 | 9.54e-05 9.91e-05 |  2.3237e+00  2.3262e+00 4.35e-04 | 1200.4 | 6.0e-01 |
 52900 | 6.56e-05 1.46e-04 |  2.3236e+00  2.3260e+00 4.15e-04 | 1202.6 | 6.0e-01 |
 53000 | 5.37e-05 1.44e-04 |  2.3235e+00  2.3264e+00 5.21e-04 | 1204.8 | 1.0e+00 |
 53100 | 9.10e-05 1.16e-04 |  2.3233e+00  2.3268e+00 6.11e-04 | 1206.9 | 1.7e+00 |
 53200 | 1.49e-04 7.75e-05 |  2.3232e+00  2.3272e+00 7.05e-04 | 1209.1 | 2.1e+00 |
 53300 | 1.52e-04 4.35e-05 |  2.3231e+00  2.3279e+00 8.43e-04 | 1211.3 | 1.3e+00 |
 53400 | 1.21e-04 9.38e-05 |  2.3232e+00  2.3286e+00 9.63e-04 | 1213.4 | 7.7e-01 |
 53500 | 8.03e-05 1.54e-04 |  2.3233e+00  2.3288e+00 9.71e-04 | 1215.6 | 7.7e-01 |
 53600 | 6.58e-05 1.46e-04 |  2.3235e+00  2.3282e+00 8.43e-04 | 1217.8 | 1.3e+00 |
 53700 | 1.30e-04 1.04e-04 |  2.3237e+00  2.3278e+00 7.30e-04 | 1220.0 | 2.1e+00 |
 53800 | 1.40e-04 5.28e-05 |  2.3238e+00  2.3273e+00 6.29e-04 | 1222.1 | 1.3e+00 |
 53900 | 1.08e-04 6.20e-05 |  2.3238e+00  2.3266e+00 4.97e-04 | 1224.3 | 7.7e-01 |
 54000 | 7.49e-05 1.19e-04 |  2.3237e+00  2.3259e+00 3.93e-04 | 1226.5 | 4.6e-01 |
 54100 | 5.13e-05 1.37e-04 |  2.3236e+00  2.3261e+00 4.43e-04 | 1228.6 | 7.7e-01 |
 54200 | 6.14e-05 1.21e-04 |  2.3235e+00  2.3265e+00 5.38e-04 | 1230.8 | 1.3e+00 |
 54300 | 1.17e-04 8.91e-05 |  2.3234e+00  2.3268e+00 6.14e-04 | 1233.0 | 2.1e+00 |
 54400 | 1.31e-04 4.81e-05 |  2.3233e+00  2.3274e+00 7.40e-04 | 1235.2 | 1.3e+00 |
 54500 | 1.10e-04 6.90e-05 |  2.3233e+00  2.3283e+00 8.83e-04 | 1237.3 | 7.7e-01 |
 54600 | 7.63e-05 1.33e-04 |  2.3233e+00  2.3287e+00 9.56e-04 | 1239.5 | 6.0e-01 |
 54700 | 6.98e-05 1.38e-04 |  2.3234e+00  2.3283e+00 8.69e-04 | 1241.7 | 1.0e+00 |
 54800 | 8.75e-05 1.03e-04 |  2.3236e+00  2.3279e+00 7.56e-04 | 1243.8 | 1.7e+00 |
 54900 | 1.28e-04 6.39e-05 |  2.3237e+00  2.3275e+00 6.77e-04 | 1246.0 | 1.7e+00 |
 55000 | 1.10e-04 4.28e-05 |  2.3238e+00  2.3270e+00 5.79e-04 | 1248.2 | 1.0e+00 |
 55100 | 8.12e-05 8.22e-05 |  2.3237e+00  2.3264e+00 4.77e-04 | 1250.3 | 6.0e-01 |
 55200 | 5.71e-05 1.21e-04 |  2.3236e+00  2.3261e+00 4.31e-04 | 1252.5 | 6.0e-01 |
 55300 | 4.79e-05 1.18e-04 |  2.3235e+00  2.3264e+00 5.12e-04 | 1254.7 | 1.0e+00 |
 55400 | 7.87e-05 9.57e-05 |  2.3234e+00  2.3267e+00 5.87e-04 | 1256.8 | 1.7e+00 |
 55500 | 1.18e-04 6.24e-05 |  2.3233e+00  2.3271e+00 6.64e-04 | 1259.0 | 1.7e+00 |
 55600 | 1.11e-04 4.24e-05 |  2.3233e+00  2.3277e+00 7.86e-04 | 1261.2 | 1.0e+00 |
 55700 | 8.49e-05 9.28e-05 |  2.3233e+00  2.3284e+00 9.00e-04 | 1263.3 | 6.0e-01 |
 55800 | 5.70e-05 1.43e-04 |  2.3234e+00  2.3286e+00 9.24e-04 | 1265.5 | 6.0e-01 |
 55900 | 5.33e-05 1.33e-04 |  2.3235e+00  2.3281e+00 8.14e-04 | 1267.7 | 1.0e+00 |
 56000 | 9.52e-05 9.54e-05 |  2.3236e+00  2.3277e+00 7.21e-04 | 1269.9 | 1.7e+00 |
 56100 | 1.28e-04 5.75e-05 |  2.3237e+00  2.3274e+00 6.50e-04 | 1272.0 | 1.7e+00 |
 56200 | 1.13e-04 4.23e-05 |  2.3238e+00  2.3269e+00 5.46e-04 | 1274.2 | 1.0e+00 |
 56300 | 8.43e-05 8.78e-05 |  2.3237e+00  2.3262e+00 4.36e-04 | 1276.4 | 6.0e-01 |
 56400 | 5.82e-05 1.31e-04 |  2.3237e+00  2.3259e+00 3.94e-04 | 1278.5 | 6.0e-01 |
 56500 | 4.77e-05 1.29e-04 |  2.3235e+00  2.3263e+00 4.86e-04 | 1280.7 | 1.0e+00 |
 56600 | 8.42e-05 1.04e-04 |  2.3234e+00  2.3266e+00 5.65e-04 | 1282.9 | 1.7e+00 |
 56700 | 1.29e-04 6.65e-05 |  2.3233e+00  2.3270e+00 6.54e-04 | 1285.0 | 1.7e+00 |
 56800 | 1.23e-04 4.40e-05 |  2.3233e+00  2.3277e+00 7.93e-04 | 1287.2 | 1.0e+00 |
 56900 | 9.34e-05 1.05e-04 |  2.3233e+00  2.3285e+00 9.20e-04 | 1289.4 | 6.0e-01 |
 57000 | 6.03e-05 1.45e-04 |  2.3234e+00  2.3284e+00 8.98e-04 | 1291.6 | 7.7e-01 |
 57100 | 6.32e-05 1.27e-04 |  2.3235e+00  2.3280e+00 7.94e-04 | 1293.7 | 1.3e+00 |
 57200 | 1.16e-04 8.47e-05 |  2.3237e+00  2.3276e+00 6.94e-04 | 1295.9 | 2.1e+00 |
 57300 | 1.22e-04 4.53e-05 |  2.3237e+00  2.3271e+00 6.02e-04 | 1298.1 | 1.3e+00 |
 57400 | 9.58e-05 5.69e-05 |  2.3237e+00  2.3265e+00 4.92e-04 | 1300.2 | 7.7e-01 |
 57500 | 6.82e-05 1.08e-04 |  2.3237e+00  2.3259e+00 3.89e-04 | 1302.4 | 4.6e-01 |
 57600 | 4.82e-05 1.24e-04 |  2.3236e+00  2.3261e+00 4.39e-04 | 1304.6 | 7.7e-01 |
 57700 | 5.66e-05 1.10e-04 |  2.3235e+00  2.3264e+00 5.19e-04 | 1306.7 | 1.3e+00 |
 57800 | 1.06e-04 8.15e-05 |  2.3234e+00  2.3267e+00 5.85e-04 | 1308.9 | 2.1e+00 |
 57900 | 1.19e-04 4.51e-05 |  2.3233e+00  2.3272e+00 6.93e-04 | 1311.1 | 1.3e+00 |
 58000 | 1.00e-04 6.14e-05 |  2.3233e+00  2.3279e+00 8.19e-04 | 1313.2 | 7.7e-01 |
 58100 | 7.12e-05 1.28e-04 |  2.3233e+00  2.3285e+00 9.19e-04 | 1315.4 | 4.6e-01 |
 58200 | 4.74e-05 1.47e-04 |  2.3235e+00  2.3282e+00 8.45e-04 | 1317.6 | 7.7e-01 |
 58300 | 7.10e-05 1.15e-04 |  2.3236e+00  2.3277e+00 7.24e-04 | 1319.8 | 1.3e+00 |
 58400 | 1.24e-04 7.80e-05 |  2.3237e+00  2.3274e+00 6.57e-04 | 1321.9 | 2.1e+00 |
 58500 | 1.25e-04 4.07e-05 |  2.3238e+00  2.3271e+00 5.75e-04 | 1324.1 | 1.3e+00 |
 58600 | 1.00e-04 6.15e-05 |  2.3238e+00  2.3264e+00 4.54e-04 | 1326.3 | 7.7e-01 |
 58700 | 7.09e-05 1.18e-04 |  2.3237e+00  2.3257e+00 3.51e-04 | 1328.4 | 4.6e-01 |
 58800 | 4.88e-05 1.35e-04 |  2.3236e+00  2.3259e+00 4.07e-04 | 1330.6 | 7.7e-01 |
 58900 | 5.91e-05 1.20e-04 |  2.3235e+00  2.3263e+00 5.00e-04 | 1332.8 | 1.3e+00 |
 59000 | 1.15e-04 8.83e-05 |  2.3234e+00  2.3266e+00 5.72e-04 | 1334.9 | 2.1e+00 |
 59100 | 1.31e-04 4.69e-05 |  2.3233e+00  2.3272e+00 6.96e-04 | 1337.1 | 1.3e+00 |
 59200 | 1.10e-04 6.71e-05 |  2.3233e+00  2.3280e+00 8.35e-04 | 1339.3 | 7.7e-01 |
 59300 | 7.78e-05 1.44e-04 |  2.3234e+00  2.3287e+00 9.40e-04 | 1341.4 | 4.6e-01 |
 59400 | 5.02e-05 1.65e-04 |  2.3235e+00  2.3283e+00 8.48e-04 | 1343.6 | 7.7e-01 |
 59500 | 7.66e-05 1.27e-04 |  2.3236e+00  2.3277e+00 7.16e-04 | 1345.8 | 1.3e+00 |
 59600 | 1.37e-04 8.53e-05 |  2.3238e+00  2.3274e+00 6.34e-04 | 1347.9 | 2.1e+00 |
 59700 | 1.37e-04 4.12e-05 |  2.3239e+00  2.3270e+00 5.51e-04 | 1350.1 | 1.3e+00 |
 59800 | 1.10e-04 6.71e-05 |  2.3239e+00  2.3262e+00 4.11e-04 | 1352.3 | 7.7e-01 |
 59900 | 7.62e-05 1.29e-04 |  2.3238e+00  2.3255e+00 3.11e-04 | 1354.4 | 4.6e-01 |
 60000 | 5.16e-05 1.47e-04 |  2.3237e+00  2.3257e+00 3.70e-04 | 1356.6 | 7.7e-01 |
 60100 | 6.24e-05 1.30e-04 |  2.3235e+00  2.3262e+00 4.75e-04 | 1358.8 | 1.3e+00 |
 60200 | 1.22e-04 9.56e-05 |  2.3233e+00  2.3265e+00 5.59e-04 | 1360.9 | 2.1e+00 |
 60300 | 1.40e-04 4.97e-05 |  2.3232e+00  2.3272e+00 6.96e-04 | 1363.1 | 1.3e+00 |
 60400 | 1.19e-04 6.96e-05 |  2.3233e+00  2.3280e+00 8.44e-04 | 1365.3 | 7.7e-01 |
 60500 | 8.34e-05 1.53e-04 |  2.3233e+00  2.3287e+00 9.50e-04 | 1367.4 | 4.6e-01 |
 60600 | 5.28e-05 1.75e-04 |  2.3235e+00  2.3283e+00 8.46e-04 | 1369.6 | 7.7e-01 |
 60700 | 8.78e-05 1.40e-04 |  2.3236e+00  2.3277e+00 7.19e-04 | 1371.8 | 1.3e+00 |
 60800 | 1.52e-04 9.20e-05 |  2.3238e+00  2.3273e+00 6.21e-04 | 1373.9 | 2.1e+00 |
 60900 | 1.50e-04 4.13e-05 |  2.3239e+00  2.3269e+00 5.32e-04 | 1376.1 | 1.3e+00 |
 61000 | 1.18e-04 7.47e-05 |  2.3239e+00  2.3260e+00 3.81e-04 | 1378.3 | 7.7e-01 |
 61100 | 8.11e-05 1.40e-04 |  2.3238e+00  2.3253e+00 2.61e-04 | 1380.4 | 4.6e-01 |
 61200 | 5.26e-05 1.60e-04 |  2.3237e+00  2.3255e+00 3.24e-04 | 1382.6 | 7.7e-01 |
 61300 | 6.64e-05 1.41e-04 |  2.3235e+00  2.3260e+00 4.41e-04 | 1384.8 | 1.3e+00 |
 61400 | 1.34e-04 1.03e-04 |  2.3233e+00  2.3264e+00 5.38e-04 | 1387.0 | 2.1e+00 |
 61500 | 1.53e-04 5.18e-05 |  2.3232e+00  2.3272e+00 6.97e-04 | 1389.1 | 1.3e+00 |
 61600 | 1.30e-04 7.83e-05 |  2.3232e+00  2.3281e+00 8.55e-04 | 1391.3 | 7.7e-01 |
 61700 | 8.94e-05 1.58e-04 |  2.3233e+00  2.3286e+00 9.35e-04 | 1393.5 | 6.0e-01 |
 61800 | 6.85e-05 1.68e-04 |  2.3235e+00  2.3281e+00 8.25e-04 | 1395.6 | 1.0e+00 |
 61900 | 1.04e-04 1.25e-04 |  2.3237e+00  2.3275e+00 6.88e-04 | 1397.8 | 1.7e+00 |
 62000 | 1.57e-04 7.13e-05 |  2.3238e+00  2.3272e+00 5.92e-04 | 1400.0 | 1.7e+00 |
 62100 | 1.33e-04 4.63e-05 |  2.3239e+00  2.3266e+00 4.76e-04 | 1402.2 | 1.0e+00 |
 62200 | 9.55e-05 1.00e-04 |  2.3238e+00  2.3256e+00 3.21e-04 | 1404.3 | 6.0e-01 |
 62300 | 6.24e-05 1.47e-04 |  2.3237e+00  2.3254e+00 3.00e-04 | 1406.5 | 6.0e-01 |
 62400 | 4.99e-05 1.44e-04 |  2.3236e+00  2.3257e+00 3.80e-04 | 1408.7 | 1.0e+00 |
 62500 | 9.23e-05 1.15e-04 |  2.3234e+00  2.3262e+00 4.86e-04 | 1410.8 | 1.7e+00 |
 62600 | 1.42e-04 7.18e-05 |  2.3233e+00  2.3266e+00 5.84e-04 | 1413.0 | 1.7e+00 |
 62700 | 1.35e-04 4.52e-05 |  2.3232e+00  2.3275e+00 7.48e-04 | 1415.2 | 1.0e+00 |
 62800 | 1.02e-04 1.14e-04 |  2.3233e+00  2.3283e+00 8.83e-04 | 1417.3 | 6.0e-01 |
 62900 | 6.47e-05 1.78e-04 |  2.3234e+00  2.3285e+00 8.98e-04 | 1419.5 | 6.0e-01 |
 63000 | 5.90e-05 1.66e-04 |  2.3235e+00  2.3279e+00 7.65e-04 | 1421.7 | 1.0e+00 |
 63100 | 1.20e-04 1.17e-04 |  2.3237e+00  2.3274e+00 6.52e-04 | 1423.8 | 1.7e+00 |
 63200 | 1.65e-04 6.11e-05 |  2.3239e+00  2.3271e+00 5.69e-04 | 1426.0 | 1.7e+00 |
 63300 | 1.36e-04 5.11e-05 |  2.3239e+00  2.3264e+00 4.42e-04 | 1428.2 | 1.0e+00 |
 63400 | 1.00e-04 1.10e-04 |  2.3239e+00  2.3255e+00 2.91e-04 | 1430.3 | 6.0e-01 |
 63500 | 6.48e-05 1.59e-04 |  2.3238e+00  2.3252e+00 2.59e-04 | 1432.5 | 6.0e-01 |
 63600 | 5.16e-05 1.56e-04 |  2.3236e+00  2.3256e+00 3.53e-04 | 1434.7 | 1.0e+00 |
 63700 | 9.90e-05 1.25e-04 |  2.3234e+00  2.3261e+00 4.72e-04 | 1436.8 | 1.7e+00 |
 63800 | 1.54e-04 7.71e-05 |  2.3233e+00  2.3266e+00 5.82e-04 | 1439.0 | 1.7e+00 |
 63900 | 1.47e-04 4.84e-05 |  2.3232e+00  2.3275e+00 7.62e-04 | 1441.2 | 1.0e+00 |
 64000 | 1.11e-04 1.26e-04 |  2.3233e+00  2.3284e+00 9.01e-04 | 1443.4 | 6.0e-01 |
 64100 | 6.89e-05 1.74e-04 |  2.3234e+00  2.3283e+00 8.70e-04 | 1445.5 | 7.7e-01 |
 64200 | 7.36e-05 1.54e-04 |  2.3236e+00  2.3278e+00 7.40e-04 | 1447.7 | 1.3e+00 |
 64300 | 1.48e-04 1.02e-04 |  2.3238e+00  2.3273e+00 6.21e-04 | 1449.9 | 2.1e+00 |
 64400 | 1.54e-04 4.46e-05 |  2.3239e+00  2.3268e+00 5.20e-04 | 1452.0 | 1.3e+00 |
 64500 | 1.16e-04 7.47e-05 |  2.3239e+00  2.3259e+00 3.66e-04 | 1454.2 | 7.7e-01 |
 64600 | 7.82e-05 1.37e-04 |  2.3238e+00  2.3252e+00 2.43e-04 | 1456.4 | 4.6e-01 |
 64700 | 5.11e-05 1.53e-04 |  2.3237e+00  2.3254e+00 2.97e-04 | 1458.5 | 7.7e-01 |
 64800 | 6.67e-05 1.34e-04 |  2.3235e+00  2.3258e+00 4.03e-04 | 1460.7 | 1.3e+00 |
 64900 | 1.31e-04 9.67e-05 |  2.3234e+00  2.3262e+00 4.94e-04 | 1462.9 | 2.1e+00 |
 65000 | 1.47e-04 4.91e-05 |  2.3233e+00  2.3269e+00 6.44e-04 | 1465.1 | 1.3e+00 |
 65100 | 1.22e-04 7.53e-05 |  2.3233e+00  2.3278e+00 8.04e-04 | 1467.2 | 7.7e-01 |
 65200 | 8.45e-05 1.62e-04 |  2.3234e+00  2.3286e+00 9.20e-04 | 1469.4 | 4.6e-01 |
 65300 | 5.24e-05 1.84e-04 |  2.3235e+00  2.3281e+00 8.18e-04 | 1471.6 | 7.7e-01 |
 65400 | 8.83e-05 1.46e-04 |  2.3237e+00  2.3275e+00 6.78e-04 | 1473.7 | 1.3e+00 |
 65500 | 1.62e-04 9.30e-05 |  2.3239e+00  2.3272e+00 5.88e-04 | 1475.9 | 2.1e+00 |
 65600 | 1.59e-04 3.99e-05 |  2.3240e+00  2.3267e+00 4.88e-04 | 1478.1 | 1.3e+00 |
 65700 | 1.21e-04 8.34e-05 |  2.3239e+00  2.3258e+00 3.30e-04 | 1480.3 | 7.7e-01 |
 65800 | 8.27e-05 1.48e-04 |  2.3239e+00  2.3249e+00 1.93e-04 | 1482.4 | 4.6e-01 |
 65900 | 5.29e-05 1.66e-04 |  2.3237e+00  2.3252e+00 2.63e-04 | 1484.6 | 7.7e-01 |
 66000 | 7.03e-05 1.46e-04 |  2.3236e+00  2.3257e+00 3.87e-04 | 1486.8 | 1.3e+00 |
 66100 | 1.40e-04 1.05e-04 |  2.3234e+00  2.3261e+00 4.89e-04 | 1488.9 | 2.1e+00 |
 66200 | 1.59e-04 5.18e-05 |  2.3232e+00  2.3270e+00 6.65e-04 | 1491.1 | 1.3e+00 |
 66300 | 1.34e-04 8.25e-05 |  2.3233e+00  2.3279e+00 8.19e-04 | 1493.3 | 7.7e-01 |
 66400 | 9.17e-05 1.65e-04 |  2.3234e+00  2.3285e+00 9.02e-04 | 1495.4 | 6.0e-01 |
 66500 | 5.89e-05 1.75e-04 |  2.3235e+00  2.3280e+00 7.92e-04 | 1497.6 | 1.0e+00 |
 66600 | 1.11e-04 1.30e-04 |  2.3237e+00  2.3274e+00 6.53e-04 | 1499.8 | 1.7e+00 |
 66700 | 1.67e-04 7.14e-05 |  2.3239e+00  2.3270e+00 5.59e-04 | 1501.9 | 1.7e+00 |
 66800 | 1.40e-04 4.92e-05 |  2.3239e+00  2.3263e+00 4.25e-04 | 1504.1 | 1.0e+00 |
 66900 | 9.94e-05 1.10e-04 |  2.3239e+00  2.3254e+00 2.65e-04 | 1506.3 | 6.0e-01 |
 67000 | 6.34e-05 1.56e-04 |  2.3238e+00  2.3251e+00 2.35e-04 | 1508.4 | 6.0e-01 |
 67100 | 5.12e-05 1.51e-04 |  2.3236e+00  2.3254e+00 3.14e-04 | 1510.6 | 1.0e+00 |
 67200 | 9.88e-05 1.20e-04 |  2.3235e+00  2.3259e+00 4.29e-04 | 1512.8 | 1.7e+00 |
 67300 | 1.51e-04 7.34e-05 |  2.3233e+00  2.3263e+00 5.37e-04 | 1515.0 | 1.7e+00 |
 67400 | 1.42e-04 4.76e-05 |  2.3233e+00  2.3273e+00 7.17e-04 | 1517.1 | 1.0e+00 |
 67500 | 1.07e-04 1.22e-04 |  2.3233e+00  2.3282e+00 8.60e-04 | 1519.3 | 6.0e-01 |
 67600 | 6.58e-05 1.69e-04 |  2.3234e+00  2.3281e+00 8.28e-04 | 1521.5 | 7.7e-01 |
 67700 | 7.22e-05 1.49e-04 |  2.3236e+00  2.3276e+00 7.13e-04 | 1523.6 | 1.3e+00 |
 67800 | 1.47e-04 9.88e-05 |  2.3238e+00  2.3272e+00 6.00e-04 | 1525.8 | 2.1e+00 |
 67900 | 1.53e-04 4.28e-05 |  2.3239e+00  2.3267e+00 5.01e-04 | 1528.0 | 1.3e+00 |
 68000 | 1.14e-04 7.69e-05 |  2.3239e+00  2.3258e+00 3.47e-04 | 1530.1 | 7.7e-01 |
 68100 | 7.64e-05 1.38e-04 |  2.3238e+00  2.3250e+00 2.13e-04 | 1532.3 | 4.6e-01 |
 68200 | 4.93e-05 1.54e-04 |  2.3237e+00  2.3252e+00 2.67e-04 | 1534.5 | 7.7e-01 |
 68300 | 6.83e-05 1.33e-04 |  2.3236e+00  2.3257e+00 3.70e-04 | 1536.6 | 1.3e+00 |
 68400 | 1.33e-04 9.48e-05 |  2.3234e+00  2.3260e+00 4.62e-04 | 1538.8 | 2.1e+00 |
 68500 | 1.48e-04 4.77e-05 |  2.3233e+00  2.3268e+00 6.15e-04 | 1541.0 | 1.3e+00 |
 68600 | 1.23e-04 7.84e-05 |  2.3233e+00  2.3277e+00 7.76e-04 | 1543.1 | 7.7e-01 |
 68700 | 8.34e-05 1.53e-04 |  2.3234e+00  2.3282e+00 8.55e-04 | 1545.3 | 6.0e-01 |
 68800 | 5.45e-05 1.62e-04 |  2.3235e+00  2.3278e+00 7.65e-04 | 1547.5 | 1.0e+00 |
 68900 | 1.04e-04 1.19e-04 |  2.3237e+00  2.3273e+00 6.39e-04 | 1549.7 | 1.7e+00 |
 69000 | 1.56e-04 6.65e-05 |  2.3239e+00  2.3269e+00 5.44e-04 | 1551.8 | 1.7e+00 |
 69100 | 1.31e-04 4.76e-05 |  2.3239e+00  2.3263e+00 4.26e-04 | 1554.0 | 1.0e+00 |
 69200 | 9.27e-05 1.05e-04 |  2.3239e+00  2.3254e+00 2.73e-04 | 1556.2 | 6.0e-01 |
 69300 | 5.95e-05 1.48e-04 |  2.3238e+00  2.3251e+00 2.34e-04 | 1558.3 | 6.0e-01 |
 69400 | 5.03e-05 1.42e-04 |  2.3236e+00  2.3254e+00 3.10e-04 | 1560.5 | 1.0e+00 |
 69500 | 9.57e-05 1.12e-04 |  2.3235e+00  2.3259e+00 4.17e-04 | 1562.7 | 1.7e+00 |
 69600 | 1.44e-04 6.85e-05 |  2.3234e+00  2.3263e+00 5.21e-04 | 1564.8 | 1.7e+00 |
 69700 | 1.34e-04 4.67e-05 |  2.3233e+00  2.3272e+00 6.83e-04 | 1567.0 | 1.0e+00 |
 69800 | 1.00e-04 1.16e-04 |  2.3234e+00  2.3280e+00 8.18e-04 | 1569.2 | 6.0e-01 |
 69900 | 6.29e-05 1.79e-04 |  2.3235e+00  2.3282e+00 8.38e-04 | 1571.3 | 6.0e-01 |
 70000 | 5.94e-05 1.66e-04 |  2.3236e+00  2.3276e+00 7.13e-04 | 1573.5 | 1.0e+00 |
 70100 | 1.22e-04 1.17e-04 |  2.3238e+00  2.3272e+00 6.01e-04 | 1575.7 | 1.7e+00 |
 70200 | 1.68e-04 5.86e-05 |  2.3239e+00  2.3269e+00 5.17e-04 | 1577.9 | 1.7e+00 |
 70300 | 1.37e-04 5.40e-05 |  2.3240e+00  2.3261e+00 3.84e-04 | 1580.0 | 1.0e+00 |
 70400 | 1.00e-04 1.16e-04 |  2.3239e+00  2.3252e+00 2.28e-04 | 1582.2 | 6.0e-01 |
 70500 | 6.43e-05 1.63e-04 |  2.3238e+00  2.3249e+00 1.86e-04 | 1584.4 | 6.0e-01 |
 70600 | 5.23e-05 1.57e-04 |  2.3237e+00  2.3252e+00 2.78e-04 | 1586.5 | 1.0e+00 |
 70700 | 1.02e-04 1.24e-04 |  2.3235e+00  2.3258e+00 4.02e-04 | 1588.7 | 1.7e+00 |
 70800 | 1.56e-04 7.59e-05 |  2.3233e+00  2.3263e+00 5.22e-04 | 1590.9 | 1.7e+00 |
 70900 | 1.48e-04 4.95e-05 |  2.3233e+00  2.3272e+00 6.98e-04 | 1593.0 | 1.0e+00 |
 71000 | 1.12e-04 1.28e-04 |  2.3233e+00  2.3281e+00 8.41e-04 | 1595.2 | 6.0e-01 |
 71100 | 6.86e-05 1.77e-04 |  2.3235e+00  2.3281e+00 8.16e-04 | 1597.4 | 7.7e-01 |
 71200 | 7.47e-05 1.56e-04 |  2.3236e+00  2.3275e+00 6.88e-04 | 1599.5 | 1.3e+00 |
 71300 | 1.54e-04 1.03e-04 |  2.3238e+00  2.3271e+00 5.70e-04 | 1601.7 | 2.1e+00 |
 71400 | 1.60e-04 4.26e-05 |  2.3239e+00  2.3266e+00 4.69e-04 | 1603.9 | 1.3e+00 |
 71500 | 1.18e-04 8.11e-05 |  2.3239e+00  2.3257e+00 3.06e-04 | 1606.0 | 7.7e-01 |
 71600 | 8.05e-05 1.34e-04 |  2.3239e+00  2.3250e+00 1.99e-04 | 1608.2 | 6.0e-01 |
 71700 | 5.37e-05 1.39e-04 |  2.3237e+00  2.3253e+00 2.74e-04 | 1610.4 | 1.0e+00 |
 71800 | 8.42e-05 1.15e-04 |  2.3236e+00  2.3256e+00 3.65e-04 | 1612.6 | 1.7e+00 |
 71900 | 1.33e-04 7.51e-05 |  2.3234e+00  2.3261e+00 4.70e-04 | 1614.7 | 1.7e+00 |
 72000 | 1.25e-04 4.60e-05 |  2.3234e+00  2.3269e+00 6.30e-04 | 1616.9 | 1.0e+00 |
 72100 | 9.40e-05 1.01e-04 |  2.3234e+00  2.3278e+00 7.75e-04 | 1619.1 | 6.0e-01 |
 72200 | 5.94e-05 1.40e-04 |  2.3235e+00  2.3278e+00 7.57e-04 | 1621.2 | 7.7e-01 |
 72300 | 6.29e-05 1.25e-04 |  2.3236e+00  2.3274e+00 6.73e-04 | 1623.4 | 1.3e+00 |
 72400 | 1.27e-04 8.53e-05 |  2.3238e+00  2.3270e+00 5.82e-04 | 1625.6 | 2.1e+00 |
 72500 | 1.33e-04 4.05e-05 |  2.3238e+00  2.3266e+00 4.83e-04 | 1627.8 | 1.3e+00 |
 72600 | 9.93e-05 6.98e-05 |  2.3239e+00  2.3258e+00 3.51e-04 | 1629.9 | 7.7e-01 |
 72700 | 6.58e-05 1.17e-04 |  2.3238e+00  2.3253e+00 2.58e-04 | 1632.1 | 6.0e-01 |
 72800 | 4.64e-05 1.20e-04 |  2.3237e+00  2.3254e+00 2.97e-04 | 1634.3 | 1.0e+00 |
 72900 | 7.88e-05 9.64e-05 |  2.3236e+00  2.3257e+00 3.74e-04 | 1636.4 | 1.7e+00 |
 73000 | 1.20e-04 6.14e-05 |  2.3235e+00  2.3261e+00 4.61e-04 | 1638.6 | 1.7e+00 |
 73100 | 1.09e-04 4.45e-05 |  2.3235e+00  2.3268e+00 5.94e-04 | 1640.8 | 1.0e+00 |
 73200 | 8.05e-05 9.54e-05 |  2.3235e+00  2.3276e+00 7.21e-04 | 1643.0 | 6.0e-01 |
 73300 | 5.07e-05 1.27e-04 |  2.3235e+00  2.3276e+00 7.26e-04 | 1645.1 | 7.7e-01 |
 73400 | 5.79e-05 1.11e-04 |  2.3236e+00  2.3273e+00 6.58e-04 | 1647.3 | 1.3e+00 |
 73500 | 1.09e-04 7.13e-05 |  2.3237e+00  2.3270e+00 5.76e-04 | 1649.5 | 2.1e+00 |
 73600 | 1.13e-04 3.78e-05 |  2.3238e+00  2.3266e+00 4.89e-04 | 1651.6 | 1.3e+00 |
 73700 | 8.54e-05 6.30e-05 |  2.3238e+00  2.3259e+00 3.78e-04 | 1653.8 | 7.7e-01 |
 73800 | 5.79e-05 1.02e-04 |  2.3238e+00  2.3255e+00 3.00e-04 | 1656.0 | 6.0e-01 |
 73900 | 4.52e-05 1.02e-04 |  2.3237e+00  2.3256e+00 3.27e-04 | 1658.1 | 1.0e+00 |
 74000 | 7.18e-05 8.09e-05 |  2.3236e+00  2.3258e+00 3.92e-04 | 1660.3 | 1.7e+00 |
 74100 | 1.03e-04 5.25e-05 |  2.3235e+00  2.3261e+00 4.56e-04 | 1662.5 | 1.7e+00 |
 74200 | 9.17e-05 4.25e-05 |  2.3235e+00  2.3267e+00 5.60e-04 | 1664.6 | 1.0e+00 |
 74300 | 6.66e-05 8.00e-05 |  2.3235e+00  2.3272e+00 6.55e-04 | 1666.8 | 6.0e-01 |
 74400 | 4.42e-05 1.02e-04 |  2.3235e+00  2.3273e+00 6.63e-04 | 1669.0 | 7.7e-01 |
 74500 | 5.11e-05 8.97e-05 |  2.3236e+00  2.3271e+00 6.23e-04 | 1671.1 | 1.3e+00 |
 74600 | 9.52e-05 6.17e-05 |  2.3237e+00  2.3269e+00 5.68e-04 | 1673.3 | 2.1e+00 |
 74700 | 9.70e-05 3.53e-05 |  2.3237e+00  2.3265e+00 4.91e-04 | 1675.5 | 1.3e+00 |
 74800 | 7.41e-05 5.80e-05 |  2.3238e+00  2.3260e+00 3.93e-04 | 1677.6 | 7.7e-01 |
 74900 | 4.98e-05 8.79e-05 |  2.3238e+00  2.3256e+00 3.25e-04 | 1679.8 | 7.7e-01 |
 75000 | 4.60e-05 8.20e-05 |  2.3237e+00  2.3257e+00 3.49e-04 | 1682.0 | 1.3e+00 |
 75100 | 8.16e-05 5.98e-05 |  2.3237e+00  2.3259e+00 3.94e-04 | 1684.1 | 2.1e+00 |
 75200 | 8.71e-05 3.78e-05 |  2.3236e+00  2.3263e+00 4.62e-04 | 1686.3 | 1.3e+00 |
 75300 | 6.72e-05 5.48e-05 |  2.3236e+00  2.3267e+00 5.53e-04 | 1688.5 | 7.7e-01 |
 75400 | 4.48e-05 8.32e-05 |  2.3236e+00  2.3270e+00 6.03e-04 | 1690.6 | 7.7e-01 |
 75500 | 4.39e-05 7.58e-05 |  2.3236e+00  2.3269e+00 5.86e-04 | 1692.8 | 1.3e+00 |
 75600 | 7.42e-05 4.73e-05 |  2.3236e+00  2.3268e+00 5.59e-04 | 1695.0 | 2.1e+00 |
 75700 | 7.50e-05 3.11e-05 |  2.3236e+00  2.3266e+00 5.21e-04 | 1697.1 | 1.3e+00 |
 75800 | 5.66e-05 5.33e-05 |  2.3237e+00  2.3263e+00 4.61e-04 | 1699.3 | 7.7e-01 |
 75900 | 3.88e-05 7.39e-05 |  2.3237e+00  2.3260e+00 4.11e-04 | 1701.5 | 7.7e-01 |
 76000 | 4.49e-05 6.22e-05 |  2.3237e+00  2.3260e+00 4.02e-04 | 1703.7 | 1.3e+00 |
 76100 | 7.35e-05 4.09e-05 |  2.3237e+00  2.3261e+00 4.16e-04 | 1705.8 | 2.1e+00 |
 76200 | 7.04e-05 3.08e-05 |  2.3237e+00  2.3262e+00 4.45e-04 | 1708.0 | 1.3e+00 |
 76300 | 4.91e-05 5.31e-05 |  2.3237e+00  2.3264e+00 4.85e-04 | 1710.2 | 7.7e-01 |
 76400 | 3.30e-05 6.91e-05 |  2.3237e+00  2.3266e+00 5.17e-04 | 1712.3 | 7.7e-01 |
 76500 | 3.95e-05 5.88e-05 |  2.3236e+00  2.3266e+00 5.33e-04 | 1714.5 | 1.3e+00 |
 76600 | 6.79e-05 3.85e-05 |  2.3236e+00  2.3266e+00 5.29e-04 | 1716.6 | 2.1e+00 |
 76700 | 6.98e-05 2.75e-05 |  2.3236e+00  2.3265e+00 5.17e-04 | 1718.8 | 1.3e+00 |
 76800 | 5.02e-05 5.64e-05 |  2.3236e+00  2.3263e+00 4.76e-04 | 1721.0 | 7.7e-01 |
 76900 | 3.20e-05 7.66e-05 |  2.3237e+00  2.3261e+00 4.28e-04 | 1723.1 | 7.7e-01 |
 77000 | 4.52e-05 6.08e-05 |  2.3237e+00  2.3260e+00 4.09e-04 | 1725.3 | 1.3e+00 |
 77100 | 7.11e-05 3.52e-05 |  2.3238e+00  2.3261e+00 4.12e-04 | 1727.5 | 1.7e+00 |
 77200 | 6.18e-05 3.19e-05 |  2.3237e+00  2.3262e+00 4.36e-04 | 1729.6 | 1.0e+00 |
 77300 | 4.13e-05 6.25e-05 |  2.3237e+00  2.3264e+00 4.66e-04 | 1731.8 | 6.0e-01 |
 77400 | 3.00e-05 6.66e-05 |  2.3237e+00  2.3265e+00 4.94e-04 | 1734.0 | 1.0e+00 |
 77500 | 5.12e-05 4.94e-05 |  2.3236e+00  2.3265e+00 5.12e-04 | 1736.1 | 1.7e+00 |
 77600 | 7.32e-05 2.85e-05 |  2.3236e+00  2.3265e+00 5.19e-04 | 1738.3 | 1.7e+00 |
 77700 | 6.15e-05 3.90e-05 |  2.3236e+00  2.3264e+00 5.03e-04 | 1740.5 | 1.0e+00 |
 77800 | 3.99e-05 7.36e-05 |  2.3236e+00  2.3262e+00 4.62e-04 | 1742.7 | 6.0e-01 |
 77900 | 3.33e-05 7.29e-05 |  2.3237e+00  2.3260e+00 4.18e-04 | 1744.8 | 1.0e+00 |
 78000 | 6.31e-05 4.94e-05 |  2.3238e+00  2.3260e+00 4.04e-04 | 1747.0 | 1.7e+00 |
 78100 | 7.17e-05 2.66e-05 |  2.3238e+00  2.3261e+00 4.11e-04 | 1749.2 | 1.3e+00 |
 78200 | 5.34e-05 4.78e-05 |  2.3238e+00  2.3262e+00 4.33e-04 | 1751.3 | 7.7e-01 |
 78300 | 3.44e-05 7.17e-05 |  2.3237e+00  2.3263e+00 4.62e-04 | 1753.5 | 7.7e-01 |
 78400 | 3.71e-05 6.43e-05 |  2.3236e+00  2.3265e+00 4.98e-04 | 1755.7 | 1.3e+00 |
 78500 | 6.98e-05 3.70e-05 |  2.3236e+00  2.3264e+00 5.01e-04 | 1757.8 | 2.1e+00 |
 78600 | 7.12e-05 2.58e-05 |  2.3236e+00  2.3264e+00 5.04e-04 | 1760.0 | 1.3e+00 |
 78700 | 5.09e-05 5.80e-05 |  2.3236e+00  2.3263e+00 4.84e-04 | 1762.2 | 7.7e-01 |
 78800 | 3.25e-05 7.81e-05 |  2.3236e+00  2.3261e+00 4.38e-04 | 1764.3 | 7.7e-01 |
 78900 | 4.70e-05 6.15e-05 |  2.3237e+00  2.3260e+00 4.07e-04 | 1766.5 | 1.3e+00 |
 79000 | 6.80e-05 3.36e-05 |  2.3238e+00  2.3260e+00 4.02e-04 | 1768.7 | 1.3e+00 |
 79100 | 5.45e-05 3.95e-05 |  2.3238e+00  2.3261e+00 4.15e-04 | 1770.8 | 7.7e-01 |
 79200 | 3.56e-05 6.31e-05 |  2.3237e+00  2.3262e+00 4.37e-04 | 1773.0 | 7.7e-01 |
 79300 | 3.46e-05 5.75e-05 |  2.3237e+00  2.3263e+00 4.67e-04 | 1775.2 | 1.3e+00 |
 79400 | 6.35e-05 3.88e-05 |  2.3236e+00  2.3264e+00 4.94e-04 | 1777.4 | 2.1e+00 |
 79500 | 6.68e-05 2.52e-05 |  2.3236e+00  2.3264e+00 4.97e-04 | 1779.5 | 1.3e+00 |
 79600 | 4.79e-05 5.40e-05 |  2.3236e+00  2.3263e+00 4.81e-04 | 1781.7 | 7.7e-01 |
 79700 | 3.02e-05 7.42e-05 |  2.3237e+00  2.3261e+00 4.38e-04 | 1783.9 | 7.7e-01 |
 79800 | 4.42e-05 5.79e-05 |  2.3237e+00  2.3260e+00 4.07e-04 | 1786.0 | 1.3e+00 |
 79900 | 6.47e-05 3.08e-05 |  2.3238e+00  2.3260e+00 4.01e-04 | 1788.1 | 1.3e+00 |
 80000 | 5.19e-05 3.73e-05 |  2.3238e+00  2.3261e+00 4.10e-04 | 1790.3 | 7.7e-01 |
 80100 | 3.39e-05 6.07e-05 |  2.3237e+00  2.3262e+00 4.30e-04 | 1792.4 | 7.7e-01 |
 80200 | 3.30e-05 5.49e-05 |  2.3237e+00  2.3263e+00 4.58e-04 | 1794.6 | 1.3e+00 |
 80300 | 6.14e-05 3.66e-05 |  2.3236e+00  2.3263e+00 4.83e-04 | 1796.7 | 2.1e+00 |
 80400 | 6.38e-05 2.44e-05 |  2.3236e+00  2.3263e+00 4.88e-04 | 1798.8 | 1.3e+00 |
 80500 | 4.59e-05 5.17e-05 |  2.3236e+00  2.3263e+00 4.72e-04 | 1801.0 | 7.7e-01 |
 80600 | 2.93e-05 7.09e-05 |  2.3237e+00  2.3261e+00 4.32e-04 | 1803.1 | 7.7e-01 |
 80700 | 4.24e-05 5.53e-05 |  2.3237e+00  2.3260e+00 4.01e-04 | 1805.3 | 1.3e+00 |
 80800 | 6.20e-05 2.97e-05 |  2.3238e+00  2.3260e+00 3.96e-04 | 1807.4 | 1.3e+00 |
 80900 | 4.99e-05 3.50e-05 |  2.3238e+00  2.3260e+00 4.05e-04 | 1809.5 | 7.7e-01 |
 81000 | 3.31e-05 5.87e-05 |  2.3237e+00  2.3261e+00 4.23e-04 | 1811.7 | 7.7e-01 |
 81100 | 3.22e-05 5.30e-05 |  2.3237e+00  2.3262e+00 4.51e-04 | 1813.8 | 1.3e+00 |
 81200 | 5.94e-05 3.55e-05 |  2.3236e+00  2.3263e+00 4.76e-04 | 1816.0 | 2.1e+00 |
 81300 | 6.19e-05 2.44e-05 |  2.3236e+00  2.3263e+00 4.79e-04 | 1818.1 | 1.3e+00 |
 81400 | 4.46e-05 4.99e-05 |  2.3236e+00  2.3262e+00 4.64e-04 | 1820.2 | 7.7e-01 |
 81500 | 2.89e-05 6.85e-05 |  2.3237e+00  2.3261e+00 4.24e-04 | 1822.4 | 7.7e-01 |
 81600 | 4.10e-05 5.39e-05 |  2.3237e+00  2.3260e+00 3.95e-04 | 1824.5 | 1.3e+00 |
 81700 | 6.02e-05 2.94e-05 |  2.3238e+00  2.3260e+00 3.89e-04 | 1826.7 | 1.3e+00 |
 81800 | 4.89e-05 3.39e-05 |  2.3238e+00  2.3260e+00 3.98e-04 | 1828.8 | 7.7e-01 |
 81900 | 3.27e-05 5.71e-05 |  2.3237e+00  2.3261e+00 4.17e-04 | 1831.0 | 7.7e-01 |
 82000 | 3.15e-05 5.19e-05 |  2.3237e+00  2.3262e+00 4.45e-04 | 1833.1 | 1.3e+00 |
 82100 | 5.88e-05 3.50e-05 |  2.3236e+00  2.3263e+00 4.67e-04 | 1835.3 | 2.1e+00 |
 82200 | 6.05e-05 2.36e-05 |  2.3236e+00  2.3263e+00 4.73e-04 | 1837.4 | 1.3e+00 |
 82300 | 4.43e-05 4.84e-05 |  2.3236e+00  2.3262e+00 4.56e-04 | 1839.5 | 7.7e-01 |
 82400 | 2.89e-05 6.73e-05 |  2.3237e+00  2.3260e+00 4.17e-04 | 1841.7 | 7.7e-01 |
 82500 | 4.01e-05 5.39e-05 |  2.3237e+00  2.3259e+00 3.87e-04 | 1843.8 | 1.3e+00 |
 82600 | 6.35e-05 3.19e-05 |  2.3238e+00  2.3259e+00 3.79e-04 | 1846.0 | 1.7e+00 |
 82700 | 5.64e-05 2.86e-05 |  2.3238e+00  2.3260e+00 3.88e-04 | 1848.1 | 1.0e+00 |
 82800 | 3.90e-05 5.76e-05 |  2.3238e+00  2.3261e+00 4.10e-04 | 1850.3 | 6.0e-01 |
 82900 | 2.77e-05 6.24e-05 |  2.3237e+00  2.3262e+00 4.41e-04 | 1852.5 | 1.0e+00 |
 83000 | 4.79e-05 4.82e-05 |  2.3236e+00  2.3263e+00 4.68e-04 | 1854.6 | 1.7e+00 |
 83100 | 6.67e-05 2.37e-05 |  2.3236e+00  2.3262e+00 4.65e-04 | 1856.8 | 1.7e+00 |
 83200 | 5.58e-05 3.59e-05 |  2.3236e+00  2.3262e+00 4.58e-04 | 1859.0 | 1.0e+00 |
 83300 | 3.67e-05 6.59e-05 |  2.3236e+00  2.3261e+00 4.30e-04 | 1861.1 | 6.0e-01 |
 83400 | 3.13e-05 6.51e-05 |  2.3237e+00  2.3259e+00 3.87e-04 | 1863.3 | 1.0e+00 |
 83500 | 5.71e-05 4.42e-05 |  2.3238e+00  2.3259e+00 3.73e-04 | 1865.4 | 1.7e+00 |
 83600 | 6.47e-05 2.46e-05 |  2.3238e+00  2.3259e+00 3.75e-04 | 1867.6 | 1.3e+00 |
 83700 | 4.82e-05 4.34e-05 |  2.3238e+00  2.3260e+00 3.90e-04 | 1869.7 | 7.7e-01 |
 83800 | 3.16e-05 6.45e-05 |  2.3237e+00  2.3261e+00 4.17e-04 | 1871.8 | 7.7e-01 |
 83900 | 3.45e-05 5.67e-05 |  2.3237e+00  2.3262e+00 4.48e-04 | 1874.0 | 1.3e+00 |
 84000 | 6.48e-05 3.66e-05 |  2.3236e+00  2.3262e+00 4.65e-04 | 1876.1 | 2.1e+00 |
 84100 | 6.63e-05 2.34e-05 |  2.3236e+00  2.3262e+00 4.59e-04 | 1878.3 | 1.3e+00 |
 84200 | 4.78e-05 5.44e-05 |  2.3236e+00  2.3261e+00 4.40e-04 | 1880.4 | 7.7e-01 |
 84300 | 3.00e-05 7.36e-05 |  2.3237e+00  2.3259e+00 3.95e-04 | 1882.5 | 7.7e-01 |
 84400 | 4.37e-05 5.87e-05 |  2.3237e+00  2.3258e+00 3.66e-04 | 1884.7 | 1.3e+00 |
 84500 | 6.94e-05 3.34e-05 |  2.3238e+00  2.3258e+00 3.60e-04 | 1886.8 | 1.7e+00 |
 84600 | 6.09e-05 3.01e-05 |  2.3238e+00  2.3259e+00 3.73e-04 | 1888.9 | 1.0e+00 |
 84700 | 4.11e-05 6.16e-05 |  2.3238e+00  2.3260e+00 3.98e-04 | 1891.1 | 6.0e-01 |
 84800 | 2.85e-05 6.70e-05 |  2.3237e+00  2.3262e+00 4.32e-04 | 1893.2 | 1.0e+00 |
 84900 | 5.11e-05 5.09e-05 |  2.3236e+00  2.3262e+00 4.58e-04 | 1895.4 | 1.7e+00 |
 85000 | 7.24e-05 2.38e-05 |  2.3236e+00  2.3262e+00 4.56e-04 | 1897.5 | 1.7e+00 |
 85100 | 6.04e-05 3.80e-05 |  2.3236e+00  2.3261e+00 4.48e-04 | 1899.6 | 1.0e+00 |
 85200 | 3.88e-05 7.26e-05 |  2.3237e+00  2.3260e+00 4.14e-04 | 1901.8 | 6.0e-01 |
 85300 | 3.27e-05 7.10e-05 |  2.3237e+00  2.3258e+00 3.69e-04 | 1903.9 | 1.0e+00 |
 85400 | 6.25e-05 4.69e-05 |  2.3238e+00  2.3258e+00 3.54e-04 | 1906.0 | 1.7e+00 |
 85500 | 6.25e-05 2.62e-05 |  2.3238e+00  2.3258e+00 3.61e-04 | 1908.2 | 1.0e+00 |
 85600 | 4.35e-05 5.46e-05 |  2.3238e+00  2.3259e+00 3.75e-04 | 1910.3 | 6.0e-01 |
 85700 | 2.93e-05 6.21e-05 |  2.3237e+00  2.3260e+00 4.04e-04 | 1912.5 | 1.0e+00 |
 85800 | 4.63e-05 4.79e-05 |  2.3237e+00  2.3261e+00 4.36e-04 | 1914.6 | 1.7e+00 |
 85900 | 6.95e-05 2.70e-05 |  2.3236e+00  2.3262e+00 4.51e-04 | 1916.7 | 1.7e+00 |
 86000 | 5.84e-05 3.56e-05 |  2.3236e+00  2.3261e+00 4.47e-04 | 1918.9 | 1.0e+00 |
 86100 | 3.73e-05 6.98e-05 |  2.3237e+00  2.3260e+00 4.12e-04 | 1921.0 | 6.0e-01 |
 86200 | 3.09e-05 6.87e-05 |  2.3237e+00  2.3258e+00 3.68e-04 | 1923.2 | 1.0e+00 |
 86300 | 6.05e-05 4.52e-05 |  2.3238e+00  2.3258e+00 3.51e-04 | 1925.3 | 1.7e+00 |
 86400 | 6.07e-05 2.38e-05 |  2.3238e+00  2.3258e+00 3.57e-04 | 1927.4 | 1.0e+00 |
 86500 | 4.24e-05 5.30e-05 |  2.3238e+00  2.3259e+00 3.70e-04 | 1929.6 | 6.0e-01 |
 86600 | 2.84e-05 6.09e-05 |  2.3237e+00  2.3260e+00 3.98e-04 | 1931.7 | 1.0e+00 |
 86700 | 4.54e-05 4.70e-05 |  2.3237e+00  2.3261e+00 4.30e-04 | 1933.9 | 1.7e+00 |
 86800 | 6.73e-05 2.55e-05 |  2.3236e+00  2.3261e+00 4.45e-04 | 1936.0 | 1.7e+00 |
 86900 | 5.72e-05 3.48e-05 |  2.3236e+00  2.3261e+00 4.40e-04 | 1938.1 | 1.0e+00 |
 87000 | 3.69e-05 6.82e-05 |  2.3237e+00  2.3260e+00 4.07e-04 | 1940.3 | 6.0e-01 |
 87100 | 3.04e-05 6.75e-05 |  2.3237e+00  2.3258e+00 3.63e-04 | 1942.4 | 1.0e+00 |
 87200 | 5.90e-05 4.49e-05 |  2.3238e+00  2.3257e+00 3.45e-04 | 1944.6 | 1.7e+00 |
 87300 | 6.71e-05 2.27e-05 |  2.3238e+00  2.3258e+00 3.48e-04 | 1946.7 | 1.3e+00 |
 87400 | 4.96e-05 4.46e-05 |  2.3238e+00  2.3259e+00 3.66e-04 | 1948.8 | 7.7e-01 |
 87500 | 3.18e-05 6.78e-05 |  2.3238e+00  2.3260e+00 3.92e-04 | 1951.0 | 7.7e-01 |
 87600 | 3.48e-05 5.95e-05 |  2.3237e+00  2.3261e+00 4.24e-04 | 1953.1 | 1.3e+00 |
 87700 | 6.70e-05 3.40e-05 |  2.3236e+00  2.3261e+00 4.34e-04 | 1955.3 | 2.1e+00 |
 87800 | 6.82e-05 2.27e-05 |  2.3236e+00  2.3261e+00 4.37e-04 | 1957.4 | 1.3e+00 |
 87900 | 4.88e-05 5.63e-05 |  2.3236e+00  2.3260e+00 4.18e-04 | 1959.5 | 7.7e-01 |
 88000 | 3.04e-05 7.61e-05 |  2.3237e+00  2.3258e+00 3.74e-04 | 1961.7 | 7.7e-01 |
 88100 | 4.49e-05 5.91e-05 |  2.3238e+00  2.3257e+00 3.43e-04 | 1963.8 | 1.3e+00 |
 88200 | 6.61e-05 3.06e-05 |  2.3238e+00  2.3257e+00 3.38e-04 | 1965.9 | 1.3e+00 |
 88300 | 5.29e-05 3.63e-05 |  2.3238e+00  2.3258e+00 3.51e-04 | 1968.1 | 7.7e-01 |
 88400 | 3.43e-05 6.22e-05 |  2.3238e+00  2.3259e+00 3.72e-04 | 1970.2 | 7.7e-01 |
 88500 | 3.27e-05 5.61e-05 |  2.3237e+00  2.3260e+00 4.02e-04 | 1972.3 | 1.3e+00 |
 88600 | 6.26e-05 3.72e-05 |  2.3236e+00  2.3261e+00 4.30e-04 | 1974.5 | 2.1e+00 |
 88700 | 6.61e-05 2.23e-05 |  2.3236e+00  2.3261e+00 4.33e-04 | 1976.6 | 1.3e+00 |
 88800 | 4.74e-05 5.31e-05 |  2.3237e+00  2.3260e+00 4.17e-04 | 1978.7 | 7.7e-01 |
 88900 | 2.91e-05 7.42e-05 |  2.3237e+00  2.3258e+00 3.72e-04 | 1980.9 | 7.7e-01 |
 89000 | 4.33e-05 5.76e-05 |  2.3238e+00  2.3257e+00 3.41e-04 | 1983.0 | 1.3e+00 |
 89100 | 6.46e-05 2.92e-05 |  2.3238e+00  2.3257e+00 3.34e-04 | 1985.1 | 1.3e+00 |
 89200 | 5.18e-05 3.50e-05 |  2.3238e+00  2.3258e+00 3.46e-04 | 1987.3 | 7.7e-01 |
 89300 | 3.35e-05 6.11e-05 |  2.3238e+00  2.3258e+00 3.66e-04 | 1989.4 | 7.7e-01 |
 89400 | 3.19e-05 5.53e-05 |  2.3237e+00  2.3260e+00 3.96e-04 | 1991.5 | 1.3e+00 |
 89500 | 6.20e-05 3.61e-05 |  2.3236e+00  2.3260e+00 4.21e-04 | 1993.7 | 2.1e+00 |
 89600 | 6.49e-05 2.20e-05 |  2.3236e+00  2.3261e+00 4.29e-04 | 1995.8 | 1.3e+00 |
 89700 | 4.68e-05 5.19e-05 |  2.3237e+00  2.3260e+00 4.12e-04 | 1997.9 | 7.7e-01 |
 89800 | 2.91e-05 7.30e-05 |  2.3237e+00  2.3258e+00 3.67e-04 | 2000.1 | 7.7e-01 |
 89900 | 4.25e-05 5.70e-05 |  2.3238e+00  2.3257e+00 3.36e-04 | 2002.2 | 1.3e+00 |
 90000 | 6.84e-05 3.13e-05 |  2.3238e+00  2.3257e+00 3.27e-04 | 2004.3 | 1.7e+00 |
 90100 | 5.96e-05 2.87e-05 |  2.3238e+00  2.3257e+00 3.39e-04 | 2006.5 | 1.0e+00 |
 90200 | 3.98e-05 6.09e-05 |  2.3238e+00  2.3258e+00 3.60e-04 | 2008.6 | 6.0e-01 |
 90300 | 2.76e-05 6.60e-05 |  2.3237e+00  2.3260e+00 3.94e-04 | 2010.7 | 1.0e+00 |
 90400 | 5.30e-05 4.80e-05 |  2.3237e+00  2.3260e+00 4.14e-04 | 2012.9 | 1.7e+00 |
 90500 | 7.19e-05 2.23e-05 |  2.3236e+00  2.3260e+00 4.21e-04 | 2015.0 | 1.7e+00 |
 90600 | 5.98e-05 3.79e-05 |  2.3236e+00  2.3260e+00 4.14e-04 | 2017.1 | 1.0e+00 |
 90700 | 3.79e-05 7.23e-05 |  2.3237e+00  2.3258e+00 3.81e-04 | 2019.3 | 6.0e-01 |
 90800 | 3.19e-05 7.06e-05 |  2.3237e+00  2.3256e+00 3.36e-04 | 2021.4 | 1.0e+00 |
 90900 | 6.23e-05 4.58e-05 |  2.3238e+00  2.3256e+00 3.20e-04 | 2023.5 | 1.7e+00 |
 91000 | 6.21e-05 2.38e-05 |  2.3238e+00  2.3257e+00 3.28e-04 | 2025.7 | 1.0e+00 |
 91100 | 4.30e-05 5.44e-05 |  2.3238e+00  2.3257e+00 3.43e-04 | 2027.8 | 6.0e-01 |
 91200 | 2.87e-05 6.21e-05 |  2.3238e+00  2.3258e+00 3.70e-04 | 2030.0 | 1.0e+00 |
 91300 | 4.62e-05 4.74e-05 |  2.3237e+00  2.3260e+00 4.02e-04 | 2032.1 | 1.7e+00 |
 91400 | 6.92e-05 2.46e-05 |  2.3236e+00  2.3260e+00 4.19e-04 | 2034.2 | 1.7e+00 |
 91500 | 5.86e-05 3.55e-05 |  2.3236e+00  2.3260e+00 4.13e-04 | 2036.4 | 1.0e+00 |
 91600 | 3.69e-05 7.04e-05 |  2.3237e+00  2.3258e+00 3.79e-04 | 2038.5 | 6.0e-01 |
 91700 | 3.03e-05 6.92e-05 |  2.3237e+00  2.3256e+00 3.34e-04 | 2040.6 | 1.0e+00 |
 91800 | 6.08e-05 4.46e-05 |  2.3238e+00  2.3256e+00 3.16e-04 | 2042.8 | 1.7e+00 |
 91900 | 6.10e-05 2.23e-05 |  2.3238e+00  2.3257e+00 3.25e-04 | 2044.9 | 1.0e+00 |
 92000 | 4.22e-05 5.33e-05 |  2.3238e+00  2.3257e+00 3.39e-04 | 2047.0 | 6.0e-01 |
 92100 | 2.79e-05 6.13e-05 |  2.3238e+00  2.3258e+00 3.64e-04 | 2049.2 | 1.0e+00 |
 92200 | 4.55e-05 4.69e-05 |  2.3237e+00  2.3259e+00 3.97e-04 | 2051.3 | 1.7e+00 |
 92300 | 6.82e-05 2.46e-05 |  2.3236e+00  2.3260e+00 4.13e-04 | 2053.5 | 1.7e+00 |
 92400 | 5.78e-05 3.49e-05 |  2.3237e+00  2.3260e+00 4.08e-04 | 2055.6 | 1.0e+00 |
 92500 | 3.67e-05 6.92e-05 |  2.3237e+00  2.3258e+00 3.74e-04 | 2057.7 | 6.0e-01 |
 92600 | 2.99e-05 6.84e-05 |  2.3238e+00  2.3256e+00 3.29e-04 | 2059.9 | 1.0e+00 |
 92700 | 6.00e-05 4.47e-05 |  2.3238e+00  2.3256e+00 3.11e-04 | 2062.0 | 1.7e+00 |
 92800 | 6.04e-05 2.23e-05 |  2.3238e+00  2.3256e+00 3.18e-04 | 2064.1 | 1.0e+00 |
 92900 | 4.23e-05 5.25e-05 |  2.3238e+00  2.3257e+00 3.33e-04 | 2066.3 | 6.0e-01 |
 93000 | 2.78e-05 6.09e-05 |  2.3238e+00  2.3258e+00 3.61e-04 | 2068.4 | 1.0e+00 |
 93100 | 4.51e-05 4.72e-05 |  2.3237e+00  2.3259e+00 3.94e-04 | 2070.5 | 1.7e+00 |
 93200 | 6.77e-05 2.48e-05 |  2.3236e+00  2.3260e+00 4.10e-04 | 2072.7 | 1.7e+00 |
 93300 | 5.71e-05 3.42e-05 |  2.3237e+00  2.3259e+00 4.02e-04 | 2074.8 | 1.0e+00 |
 93400 | 3.66e-05 6.82e-05 |  2.3237e+00  2.3258e+00 3.70e-04 | 2077.0 | 6.0e-01 |
 93500 | 2.97e-05 6.74e-05 |  2.3238e+00  2.3256e+00 3.25e-04 | 2079.1 | 1.0e+00 |
 93600 | 5.89e-05 4.43e-05 |  2.3238e+00  2.3256e+00 3.06e-04 | 2081.2 | 1.7e+00 |
 93700 | 6.71e-05 2.13e-05 |  2.3239e+00  2.3256e+00 3.11e-04 | 2083.4 | 1.3e+00 |
 93800 | 4.94e-05 4.45e-05 |  2.3238e+00  2.3257e+00 3.28e-04 | 2085.5 | 7.7e-01 |
 93900 | 3.09e-05 6.71e-05 |  2.3238e+00  2.3258e+00 3.53e-04 | 2087.6 | 7.7e-01 |
 94000 | 3.43e-05 5.92e-05 |  2.3237e+00  2.3259e+00 3.85e-04 | 2089.8 | 1.3e+00 |
 94100 | 6.72e-05 3.34e-05 |  2.3237e+00  2.3259e+00 3.96e-04 | 2091.9 | 2.1e+00 |
 94200 | 6.86e-05 2.16e-05 |  2.3236e+00  2.3259e+00 4.00e-04 | 2094.1 | 1.3e+00 |
 94300 | 4.86e-05 5.62e-05 |  2.3237e+00  2.3258e+00 3.82e-04 | 2096.2 | 7.7e-01 |
 94400 | 2.95e-05 7.66e-05 |  2.3237e+00  2.3256e+00 3.34e-04 | 2098.3 | 7.7e-01 |
 94500 | 4.52e-05 5.91e-05 |  2.3238e+00  2.3255e+00 3.05e-04 | 2100.5 | 1.3e+00 |
 94600 | 6.69e-05 2.92e-05 |  2.3238e+00  2.3255e+00 2.99e-04 | 2102.6 | 1.3e+00 |
 94700 | 5.30e-05 3.63e-05 |  2.3238e+00  2.3256e+00 3.13e-04 | 2104.8 | 7.7e-01 |
 94800 | 3.34e-05 6.26e-05 |  2.3238e+00  2.3257e+00 3.34e-04 | 2106.9 | 7.7e-01 |
 94900 | 3.28e-05 5.64e-05 |  2.3237e+00  2.3258e+00 3.63e-04 | 2109.0 | 1.3e+00 |
 95000 | 6.36e-05 3.67e-05 |  2.3237e+00  2.3259e+00 3.92e-04 | 2111.2 | 2.1e+00 |
 95100 | 6.70e-05 2.08e-05 |  2.3237e+00  2.3259e+00 3.96e-04 | 2113.3 | 1.3e+00 |
 95200 | 4.77e-05 5.42e-05 |  2.3237e+00  2.3258e+00 3.81e-04 | 2115.4 | 7.7e-01 |
 95300 | 2.81e-05 7.52e-05 |  2.3237e+00  2.3256e+00 3.35e-04 | 2117.6 | 7.7e-01 |
 95400 | 4.40e-05 5.80e-05 |  2.3238e+00  2.3255e+00 3.03e-04 | 2119.7 | 1.3e+00 |
 95500 | 6.58e-05 2.76e-05 |  2.3238e+00  2.3255e+00 2.96e-04 | 2121.8 | 1.3e+00 |
 95600 | 5.21e-05 3.52e-05 |  2.3238e+00  2.3256e+00 3.09e-04 | 2124.0 | 7.7e-01 |
 95700 | 3.27e-05 6.18e-05 |  2.3238e+00  2.3257e+00 3.28e-04 | 2126.1 | 7.7e-01 |
 95800 | 3.22e-05 5.57e-05 |  2.3237e+00  2.3258e+00 3.57e-04 | 2128.3 | 1.3e+00 |
 95900 | 6.29e-05 3.53e-05 |  2.3237e+00  2.3258e+00 3.83e-04 | 2130.4 | 2.1e+00 |
 96000 | 6.60e-05 2.05e-05 |  2.3237e+00  2.3259e+00 3.90e-04 | 2132.5 | 1.3e+00 |
 96100 | 4.71e-05 5.35e-05 |  2.3237e+00  2.3258e+00 3.76e-04 | 2134.7 | 7.7e-01 |
 96200 | 2.78e-05 7.41e-05 |  2.3237e+00  2.3256e+00 3.30e-04 | 2136.8 | 7.7e-01 |
 96300 | 4.33e-05 5.71e-05 |  2.3238e+00  2.3255e+00 2.99e-04 | 2139.0 | 1.3e+00 |
 96400 | 6.50e-05 2.75e-05 |  2.3239e+00  2.3255e+00 2.92e-04 | 2141.1 | 1.3e+00 |
 96500 | 5.16e-05 3.47e-05 |  2.3238e+00  2.3256e+00 3.04e-04 | 2143.2 | 7.7e-01 |
 96600 | 3.24e-05 6.09e-05 |  2.3238e+00  2.3256e+00 3.23e-04 | 2145.4 | 7.7e-01 |
 96700 | 3.16e-05 5.51e-05 |  2.3238e+00  2.3257e+00 3.53e-04 | 2147.5 | 1.3e+00 |
 96800 | 6.23e-05 3.51e-05 |  2.3237e+00  2.3258e+00 3.79e-04 | 2149.7 | 2.1e+00 |
 96900 | 6.55e-05 2.03e-05 |  2.3237e+00  2.3258e+00 3.85e-04 | 2151.8 | 1.3e+00 |
 97000 | 4.69e-05 5.27e-05 |  2.3237e+00  2.3258e+00 3.71e-04 | 2154.0 | 7.7e-01 |
 97100 | 2.78e-05 7.35e-05 |  2.3237e+00  2.3256e+00 3.24e-04 | 2156.2 | 7.7e-01 |
 97200 | 4.28e-05 5.71e-05 |  2.3238e+00  2.3255e+00 2.93e-04 | 2158.3 | 1.3e+00 |
 97300 | 6.46e-05 2.80e-05 |  2.3239e+00  2.3255e+00 2.85e-04 | 2160.4 | 1.3e+00 |
 97400 | 5.17e-05 3.42e-05 |  2.3239e+00  2.3255e+00 2.99e-04 | 2162.6 | 7.7e-01 |
 97500 | 3.28e-05 6.08e-05 |  2.3238e+00  2.3256e+00 3.19e-04 | 2164.7 | 7.7e-01 |
 97600 | 3.14e-05 5.53e-05 |  2.3238e+00  2.3257e+00 3.51e-04 | 2166.9 | 1.3e+00 |
 97700 | 6.22e-05 3.54e-05 |  2.3237e+00  2.3258e+00 3.75e-04 | 2169.0 | 2.1e+00 |
 97800 | 6.52e-05 1.94e-05 |  2.3237e+00  2.3258e+00 3.79e-04 | 2171.1 | 1.3e+00 |
 97900 | 4.68e-05 5.21e-05 |  2.3237e+00  2.3258e+00 3.66e-04 | 2173.3 | 7.7e-01 |
 98000 | 2.80e-05 7.30e-05 |  2.3237e+00  2.3255e+00 3.20e-04 | 2175.4 | 7.7e-01 |
 98100 | 4.25e-05 5.71e-05 |  2.3238e+00  2.3254e+00 2.88e-04 | 2177.6 | 1.3e+00 |
 98200 | 6.42e-05 2.83e-05 |  2.3239e+00  2.3254e+00 2.80e-04 | 2179.8 | 1.3e+00 |
 98300 | 5.16e-05 3.39e-05 |  2.3239e+00  2.3255e+00 2.94e-04 | 2181.9 | 7.7e-01 |
 98400 | 3.30e-05 6.04e-05 |  2.3238e+00  2.3256e+00 3.15e-04 | 2184.1 | 7.7e-01 |
 98500 | 3.13e-05 5.53e-05 |  2.3238e+00  2.3257e+00 3.47e-04 | 2186.2 | 1.3e+00 |
 98600 | 6.18e-05 3.53e-05 |  2.3237e+00  2.3258e+00 3.73e-04 | 2188.4 | 2.1e+00 |
 98700 | 6.48e-05 1.94e-05 |  2.3237e+00  2.3258e+00 3.74e-04 | 2190.6 | 1.3e+00 |
 98800 | 4.65e-05 5.16e-05 |  2.3237e+00  2.3257e+00 3.62e-04 | 2192.7 | 7.7e-01 |
 98900 | 2.80e-05 7.24e-05 |  2.3237e+00  2.3255e+00 3.16e-04 | 2194.9 | 7.7e-01 |
 99000 | 4.22e-05 5.66e-05 |  2.3238e+00  2.3254e+00 2.85e-04 | 2197.1 | 1.3e+00 |
 99100 | 6.36e-05 2.80e-05 |  2.3239e+00  2.3254e+00 2.76e-04 | 2199.2 | 1.3e+00 |
 99200 | 5.11e-05 3.36e-05 |  2.3239e+00  2.3255e+00 2.89e-04 | 2201.4 | 7.7e-01 |
 99300 | 3.26e-05 5.98e-05 |  2.3238e+00  2.3256e+00 3.11e-04 | 2203.6 | 7.7e-01 |
 99400 | 3.11e-05 5.46e-05 |  2.3238e+00  2.3257e+00 3.41e-04 | 2205.7 | 1.3e+00 |
 99500 | 6.09e-05 3.48e-05 |  2.3237e+00  2.3258e+00 3.68e-04 | 2207.9 | 2.1e+00 |
 99600 | 6.44e-05 1.90e-05 |  2.3237e+00  2.3258e+00 3.71e-04 | 2210.0 | 1.3e+00 |
 99700 | 4.62e-05 5.13e-05 |  2.3237e+00  2.3257e+00 3.58e-04 | 2212.2 | 7.7e-01 |
 99800 | 2.77e-05 7.20e-05 |  2.3237e+00  2.3255e+00 3.11e-04 | 2214.3 | 7.7e-01 |
 99900 | 4.20e-05 5.64e-05 |  2.3238e+00  2.3254e+00 2.80e-04 | 2216.5 | 1.3e+00 |
 100000 | 6.33e-05 2.78e-05 |  2.3239e+00  2.3254e+00 2.71e-04 | 2218.7 | 1.3e+00 |

 -------------------------------------------------------------------------------

Solver ended: maximum iteration reached

 primal infeasibility = 6.3e-05 
 dual   infeasibility = 2.8e-05 
 relative gap         = 2.7e-04
 primal objective =  2.32386551e+00 
 dual   objective =  2.32539745e+00

 time per iteration = 0.0222s 
 total time         = 2218.7s
 -------------------------------------------------------------------------------

best max KKT residual after switch  = 1.5e-04