Loaded problem from /home/jordan/antoine/cuADMM/examples/plato/TXT/quasar-500/
              vector length: 2009010
      number of constraints: 756501
           number of blocks: 1
  number of non-zeros in At: 1515004
   number of non-zeros in b: 1
   number of non-zeros in C: 13000

Analysis of the blk vector:
        1 matrices of size 2004 (large)

Analysis of the large matrices sizes:
    size of large matrices: 2004 
  number of large matrices:   1 
    total size of large matrices: 4016016
  sum of sizes of large matrices: 2004
    nb large (with multiplicity): 1
  large matrices start indices: 0 4016016 

Analysis of the small matrices sizes:
    size of small matrices: 
  number of small matrices: 
    total size of small matrices: 0
  sum of sizes of small matrices: 0
    nb small (with multiplicity): 0
  small matrices start indices: 0 

 -------------------------------------------------------------------------------
                                    cuADMM
 -------------------------------------------------------------------------------
 norm of C = 3.7e+04, norm of b = 5.0e+02

  it. | p infeas d infeas | primal obj.   dual obj. rel. gap |  time |   sigma | 
 -------------------------------------------------------------------------------
    0 | 9.98e-01 1.00e+00 |  0.0000e+00  0.0000e+00 0.00e+00 |   1.2 | 1.0e+00 |
   50 | 7.68e-02 7.57e-02 | -5.2302e+04  5.6371e+04 1.00e+00 |  12.6 | 1.1e+00 |
  100 | 5.91e-03 1.70e-02 | -2.6387e+04  6.0462e+04 1.00e+00 |  25.6 | 1.1e+00 |
  150 | 4.55e-04 9.50e-03 | -1.3556e+04  3.4615e+04 1.00e+00 |  38.5 | 1.1e+00 |
  200 | 3.50e-05 6.87e-03 | -6.7474e+03  2.5652e+04 1.00e+00 |  51.0 | 1.1e+00 |
  300 | 2.07e-07 4.59e-03 | -1.0395e+03  1.8146e+04 1.00e+00 |  75.4 | 1.1e+00 |
  400 | 1.23e-09 3.55e-03 |  1.0093e+03  1.4180e+04 8.67e-01 | 100.9 | 1.2e+00 |
  500 | 7.26e-12 2.89e-03 |  1.6391e+03  1.1606e+04 7.52e-01 | 125.0 | 1.2e+00 |
  600 | 5.00e-14 2.43e-03 |  1.7660e+03  1.0042e+04 7.01e-01 | 150.0 | 1.3e+00 |
  700 | 3.74e-14 2.06e-03 |  1.7009e+03  8.6864e+03 6.72e-01 | 173.4 | 1.3e+00 |
  800 | 9.63e-14 1.78e-03 |  1.5521e+03  7.6309e+03 6.62e-01 | 198.8 | 1.4e+00 |
  900 | 3.70e-14 1.54e-03 |  1.3962e+03  6.7419e+03 6.57e-01 | 222.8 | 1.5e+00 |
 1000 | 5.90e-14 1.34e-03 |  1.2461e+03  5.9864e+03 6.55e-01 | 248.0 | 1.6e+00 |
 1100 | 8.32e-14 1.17e-03 |  1.1157e+03  5.3374e+03 6.54e-01 | 271.7 | 1.6e+00 |
 1200 | 5.15e-14 1.02e-03 |  1.0040e+03  4.7733e+03 6.52e-01 | 296.9 | 1.7e+00 |
 1300 | 2.96e-14 9.09e-04 |  9.2630e+02  4.3134e+03 6.46e-01 | 320.2 | 1.8e+00 |
 1400 | 4.94e-14 8.10e-04 |  8.5784e+02  3.9183e+03 6.41e-01 | 345.5 | 1.9e+00 |
 1500 | 2.14e-14 7.24e-04 |  7.9702e+02  3.5652e+03 6.34e-01 | 369.4 | 2.0e+00 |
 1600 | 6.38e-14 6.48e-04 |  7.4542e+02  3.2499e+03 6.27e-01 | 395.0 | 2.1e+00 |
 1700 | 4.96e-14 5.82e-04 |  7.0136e+02  2.9692e+03 6.18e-01 | 418.9 | 2.2e+00 |
 1800 | 3.15e-14 5.23e-04 |  6.6395e+02  2.7171e+03 6.07e-01 | 444.4 | 2.3e+00 |
 1900 | 3.74e-14 4.70e-04 |  6.3235e+02  2.4909e+03 5.95e-01 | 468.4 | 2.4e+00 |
 2000 | 3.56e-14 4.24e-04 |  6.0557e+02  2.2876e+03 5.81e-01 | 493.4 | 2.5e+00 |
 2100 | 6.40e-14 3.82e-04 |  5.8292e+02  2.1044e+03 5.66e-01 | 518.1 | 2.7e+00 |
 2200 | 6.34e-14 3.45e-04 |  5.6375e+02  1.9392e+03 5.49e-01 | 542.1 | 2.8e+00 |
 2300 | 7.01e-14 3.12e-04 |  5.4748e+02  1.7901e+03 5.31e-01 | 567.0 | 2.9e+00 |
 2400 | 6.05e-14 2.82e-04 |  5.3365e+02  1.6557e+03 5.12e-01 | 591.1 | 3.1e+00 |
 2500 | 9.18e-14 2.55e-04 |  5.2190e+02  1.5346e+03 4.92e-01 | 615.9 | 3.2e+00 |
 2600 | 6.64e-14 2.31e-04 |  5.1192e+02  1.4252e+03 4.71e-01 | 640.3 | 3.4e+00 |
 2700 | 6.49e-14 2.09e-04 |  5.0348e+02  1.3265e+03 4.49e-01 | 665.0 | 3.6e+00 |
 2800 | 1.03e-13 1.89e-04 |  4.9639e+02  1.2371e+03 4.27e-01 | 689.2 | 3.7e+00 |
 2900 | 7.22e-14 1.70e-04 |  4.9048e+02  1.1561e+03 4.04e-01 | 714.3 | 3.9e+00 |
 3000 | 9.51e-14 1.54e-04 |  4.8557e+02  1.0826e+03 3.80e-01 | 739.0 | 4.1e+00 |
 3100 | 7.10e-14 1.38e-04 |  4.8150e+02  1.0160e+03 3.57e-01 | 764.4 | 4.3e+00 |
 3200 | 5.40e-14 1.25e-04 |  4.7812e+02  9.5582e+02 3.33e-01 | 788.5 | 4.5e+00 |
 3300 | 7.31e-14 1.13e-04 |  4.7527e+02  9.0168e+02 3.09e-01 | 813.3 | 4.8e+00 |
 3400 | 9.74e-14 1.02e-04 |  4.7286e+02  8.5313e+02 2.87e-01 | 837.5 | 5.0e+00 |
 3500 | 8.01e-14 9.28e-05 |  4.7078e+02  8.0976e+02 2.65e-01 | 862.8 | 5.3e+00 |
 3600 | 1.70e-13 8.47e-05 |  4.6897e+02  7.7109e+02 2.43e-01 | 886.6 | 5.5e+00 |
 3700 | 8.09e-14 7.76e-05 |  4.6738e+02  7.3668e+02 2.23e-01 | 912.7 | 5.8e+00 |
 3800 | 1.10e-13 7.13e-05 |  4.6594e+02  7.0608e+02 2.05e-01 | 936.3 | 6.1e+00 |
 3900 | 1.76e-13 6.58e-05 |  4.6465e+02  6.7883e+02 1.87e-01 | 961.7 | 6.4e+00 |
 4000 | 1.15e-13 6.09e-05 |  4.6347e+02  6.5456e+02 1.71e-01 | 986.1 | 6.7e+00 |
 4100 | 7.07e-14 5.65e-05 |  4.6239e+02  6.3293e+02 1.56e-01 | 1011.6 | 7.0e+00 |
 4200 | 1.14e-13 5.25e-05 |  4.6140e+02  6.1362e+02 1.41e-01 | 1035.4 | 7.4e+00 |
 4300 | 7.26e-14 4.87e-05 |  4.6049e+02  5.9635e+02 1.28e-01 | 1060.2 | 7.8e+00 |
 4400 | 7.26e-14 4.53e-05 |  4.5966e+02  5.8086e+02 1.16e-01 | 1083.9 | 8.1e+00 |
 4500 | 2.13e-13 4.20e-05 |  4.5892e+02  5.6689e+02 1.05e-01 | 1109.5 | 8.6e+00 |
 4600 | 8.77e-14 3.88e-05 |  4.5826e+02  5.5423e+02 9.47e-02 | 1133.1 | 9.0e+00 |
 4700 | 2.23e-13 3.58e-05 |  4.5769e+02  5.4268e+02 8.49e-02 | 1158.3 | 9.4e+00 |
 4800 | 1.74e-13 3.29e-05 |  4.5719e+02  5.3211e+02 7.57e-02 | 1182.2 | 9.9e+00 |
 4900 | 1.10e-13 3.02e-05 |  4.5676e+02  5.2241e+02 6.70e-02 | 1207.9 | 1.0e+01 |
 5000 | 1.84e-13 2.78e-05 |  4.5639e+02  5.1349e+02 5.88e-02 | 1231.3 | 1.1e+01 |
 5100 | 2.57e-13 2.56e-05 |  4.5605e+02  5.0531e+02 5.12e-02 | 1257.2 | 1.1e+01 |
 5200 | 3.39e-13 2.37e-05 |  4.5574e+02  4.9783e+02 4.41e-02 | 1280.8 | 1.2e+01 |
 5300 | 2.38e-13 2.20e-05 |  4.5545e+02  4.9104e+02 3.76e-02 | 1306.3 | 1.3e+01 |
 5400 | 3.58e-13 2.06e-05 |  4.5516e+02  4.8491e+02 3.16e-02 | 1331.2 | 1.3e+01 |
 5500 | 3.66e-13 1.94e-05 |  4.5486e+02  4.7940e+02 2.62e-02 | 1356.0 | 1.4e+01 |
 5600 | 3.94e-13 1.84e-05 |  4.5455e+02  4.7447e+02 2.14e-02 | 1381.0 | 1.5e+01 |
 5700 | 2.51e-13 1.76e-05 |  4.5423e+02  4.7007e+02 1.71e-02 | 1405.1 | 1.5e+01 |
 5800 | 2.85e-13 1.68e-05 |  4.5389e+02  4.6615e+02 1.33e-02 | 1429.6 | 1.6e+01 |
 5900 | 4.00e-13 1.62e-05 |  4.5355e+02  4.6266e+02 9.93e-03 | 1453.5 | 1.7e+01 |
 6000 | 1.49e-13 1.56e-05 |  4.5319e+02  4.5956e+02 6.97e-03 | 1478.4 | 1.8e+01 |
 6100 | 3.09e-13 1.51e-05 |  4.5283e+02  4.5680e+02 4.36e-03 | 1501.9 | 1.9e+01 |
 6200 | 2.63e-13 1.46e-05 |  4.5246e+02  4.5435e+02 2.08e-03 | 1526.5 | 2.0e+01 |
 6253 | 2.39e-13 1.43e-05 |  4.5224e+02  4.5315e+02 9.96e-04 | 1538.2 | 2.1e+01 |

 -------------------------------------------------------------------------------

Solver ended: converged.

 primal infeasibility = 2.4e-13 
 dual   infeasibility = 1.4e-05 
 relative gap         = 1.0e-03
 primal objective =  4.52243076e+02 
 dual   objective =  4.53145419e+02

 time per iteration = 0.2460s 
 total time         = 1538.2s
 -------------------------------------------------------------------------------