Loaded problem from /home/jordan/antoine/cuADMM/examples/plato/TXT/rose13/
              vector length: 5565
      number of constraints: 2379
           number of blocks: 1
  number of non-zeros in At: 5564
   number of non-zeros in b: 49
   number of non-zeros in C: 1

Analysis of the blk vector:
        1 matrices of size 105 (large)

Analysis of the large matrices sizes:
    size of large matrices: 105 
  number of large matrices:   1 
    total size of large matrices: 11025
  sum of sizes of large matrices: 105
    nb large (with multiplicity): 1
  large matrices start indices: 0 11025 

Analysis of the small matrices sizes:
    size of small matrices: 
  number of small matrices: 
    total size of small matrices: 0
  sum of sizes of small matrices: 0
    nb small (with multiplicity): 0
  small matrices start indices: 0 

 -------------------------------------------------------------------------------
                                    cuADMM
 -------------------------------------------------------------------------------
 norm of C = 2.0e+00, norm of b = 8.5e+02

  it. | p infeas d infeas | primal obj.   dual obj. rel. gap |  time |   sigma | 
 -------------------------------------------------------------------------------
    0 | 9.99e-01 5.00e-01 |  0.0000e+00  0.0000e+00 0.00e+00 |   0.1 | 1.0e+00 |
   50 | 7.69e-02 7.70e-02 | -1.0259e+00 -8.0854e+01 9.63e-01 |   0.3 | 1.1e+00 |
  100 | 5.91e-03 5.94e-03 |  1.2939e-01 -5.2790e+00 8.44e-01 |   0.5 | 1.1e+00 |
  150 | 2.05e-05 1.53e-04 |  4.1894e-01  1.2194e+00 3.03e-01 |   0.7 | 1.1e+00 |
  200 | 5.17e-11 1.07e-04 |  5.6261e-01  1.4246e+00 2.89e-01 |   0.9 | 1.1e+00 |
  300 | 9.24e-16 6.93e-05 |  7.7418e-01  1.6877e+00 2.64e-01 |   1.2 | 1.2e+00 |
  400 | 9.71e-16 4.98e-05 |  9.3096e-01  1.8798e+00 2.49e-01 |   1.6 | 1.2e+00 |
  500 | 1.26e-15 3.77e-05 |  1.0545e+00  2.0302e+00 2.39e-01 |   1.9 | 1.3e+00 |
  600 | 1.43e-15 2.93e-05 |  1.1558e+00  2.1533e+00 2.31e-01 |   2.3 | 1.3e+00 |
  700 | 1.68e-15 2.34e-05 |  1.2413e+00  2.2568e+00 2.26e-01 |   2.7 | 1.4e+00 |
  800 | 1.88e-15 1.90e-05 |  1.3146e+00  2.3459e+00 2.21e-01 |   3.0 | 1.5e+00 |
  900 | 2.11e-15 1.57e-05 |  1.3784e+00  2.4237e+00 2.18e-01 |   3.4 | 1.6e+00 |
 1000 | 2.42e-15 1.32e-05 |  1.4347e+00  2.4925e+00 2.15e-01 |   3.7 | 1.6e+00 |
 1100 | 2.62e-15 1.12e-05 |  1.4848e+00  2.5538e+00 2.12e-01 |   4.1 | 1.7e+00 |
 1200 | 2.97e-15 9.64e-06 |  1.5297e+00  2.6089e+00 2.10e-01 |   4.5 | 1.8e+00 |
 1300 | 3.10e-15 8.37e-06 |  1.5703e+00  2.6588e+00 2.08e-01 |   4.8 | 1.9e+00 |
 1400 | 3.16e-15 7.32e-06 |  1.6071e+00  2.7042e+00 2.07e-01 |   5.2 | 2.0e+00 |
 1500 | 3.67e-15 6.45e-06 |  1.6407e+00  2.7456e+00 2.05e-01 |   5.5 | 2.1e+00 |
 1600 | 3.89e-15 5.72e-06 |  1.6715e+00  2.7836e+00 2.04e-01 |   5.9 | 2.2e+00 |
 1700 | 4.89e-15 5.09e-06 |  1.6998e+00  2.8186e+00 2.03e-01 |   6.3 | 2.3e+00 |
 1800 | 4.48e-15 4.55e-06 |  1.7258e+00  2.8508e+00 2.02e-01 |   6.6 | 2.4e+00 |
 1900 | 5.05e-15 4.09e-06 |  1.7499e+00  2.8807e+00 2.01e-01 |   7.0 | 2.5e+00 |
 2000 | 5.41e-15 3.67e-06 |  1.7722e+00  2.9084e+00 2.00e-01 |   7.4 | 2.7e+00 |
 2100 | 5.69e-15 3.31e-06 |  1.7930e+00  2.9342e+00 1.99e-01 |   7.8 | 2.8e+00 |
 2200 | 6.45e-15 2.99e-06 |  1.8123e+00  2.9581e+00 1.99e-01 |   8.1 | 2.9e+00 |
 2300 | 6.97e-15 2.71e-06 |  1.8302e+00  2.9805e+00 1.98e-01 |   8.5 | 3.1e+00 |
 2400 | 6.81e-15 2.45e-06 |  1.8470e+00  3.0014e+00 1.97e-01 |   8.9 | 3.2e+00 |
 2500 | 6.79e-15 2.23e-06 |  1.8627e+00  3.0209e+00 1.97e-01 |   9.2 | 3.4e+00 |
 2600 | 8.09e-15 2.03e-06 |  1.8774e+00  3.0392e+00 1.96e-01 |   9.6 | 3.6e+00 |
 2700 | 8.41e-15 1.85e-06 |  1.8911e+00  3.0564e+00 1.96e-01 |  10.0 | 3.7e+00 |
 2800 | 9.06e-15 1.69e-06 |  1.9040e+00  3.0725e+00 1.96e-01 |  10.3 | 3.9e+00 |
 2900 | 9.57e-15 1.55e-06 |  1.9161e+00  3.0876e+00 1.95e-01 |  10.7 | 4.1e+00 |
 3000 | 9.86e-15 1.42e-06 |  1.9275e+00  3.1018e+00 1.95e-01 |  11.1 | 4.3e+00 |
 3100 | 1.07e-14 1.31e-06 |  1.9382e+00  3.1152e+00 1.94e-01 |  11.4 | 4.5e+00 |
 3200 | 1.14e-14 1.20e-06 |  1.9483e+00  3.1278e+00 1.94e-01 |  11.8 | 4.8e+00 |
 3300 | 1.16e-14 1.11e-06 |  1.9578e+00  3.1397e+00 1.94e-01 |  12.1 | 5.0e+00 |
 3400 | 1.24e-14 1.02e-06 |  1.9668e+00  3.1509e+00 1.94e-01 |  12.5 | 5.3e+00 |
 3500 | 1.27e-14 9.47e-07 |  1.9752e+00  3.1615e+00 1.93e-01 |  12.9 | 5.5e+00 |
 3600 | 1.38e-14 8.77e-07 |  1.9832e+00  3.1715e+00 1.93e-01 |  13.2 | 5.8e+00 |
 3700 | 1.48e-14 8.13e-07 |  1.9907e+00  3.1809e+00 1.93e-01 |  13.6 | 6.1e+00 |
 3800 | 1.59e-14 7.55e-07 |  1.9978e+00  3.1898e+00 1.93e-01 |  14.0 | 6.4e+00 |
 3900 | 1.71e-14 7.02e-07 |  2.0045e+00  3.1983e+00 1.92e-01 |  14.3 | 6.7e+00 |
 4000 | 1.73e-14 6.54e-07 |  2.0109e+00  3.2062e+00 1.92e-01 |  14.7 | 7.0e+00 |
 4100 | 1.81e-14 6.09e-07 |  2.0169e+00  3.2138e+00 1.92e-01 |  15.1 | 7.4e+00 |
 4200 | 2.04e-14 5.68e-07 |  2.0226e+00  3.2209e+00 1.92e-01 |  15.4 | 7.8e+00 |
 4300 | 2.11e-14 5.30e-07 |  2.0280e+00  3.2277e+00 1.92e-01 |  15.8 | 8.1e+00 |
 4400 | 2.15e-14 4.95e-07 |  2.0331e+00  3.2341e+00 1.92e-01 |  16.2 | 8.6e+00 |
 4500 | 2.37e-14 4.63e-07 |  2.0379e+00  3.2401e+00 1.91e-01 |  16.5 | 9.0e+00 |
 4600 | 2.32e-14 4.33e-07 |  2.0425e+00  3.2459e+00 1.91e-01 |  16.9 | 9.4e+00 |
 4700 | 2.56e-14 4.06e-07 |  2.0468e+00  3.2513e+00 1.91e-01 |  17.3 | 9.9e+00 |
 4800 | 2.78e-14 3.80e-07 |  2.0509e+00  3.2565e+00 1.91e-01 |  17.6 | 1.0e+01 |
 4900 | 2.88e-14 3.56e-07 |  2.0548e+00  3.2614e+00 1.91e-01 |  18.0 | 1.1e+01 |
 5000 | 2.97e-14 3.34e-07 |  2.0585e+00  3.2660e+00 1.91e-01 |  18.4 | 1.1e+01 |
 5100 | 3.14e-14 3.13e-07 |  2.0620e+00  3.2704e+00 1.91e-01 |  18.7 | 1.2e+01 |
 5200 | 3.30e-14 2.93e-07 |  2.0654e+00  3.2746e+00 1.91e-01 |  19.1 | 1.3e+01 |
 5300 | 3.53e-14 2.75e-07 |  2.0685e+00  3.2786e+00 1.91e-01 |  19.5 | 1.3e+01 |
 5400 | 3.52e-14 2.58e-07 |  2.0715e+00  3.2824e+00 1.91e-01 |  19.8 | 1.4e+01 |
 5500 | 3.77e-14 2.42e-07 |  2.0744e+00  3.2859e+00 1.90e-01 |  20.2 | 1.5e+01 |
 5600 | 3.92e-14 2.28e-07 |  2.0771e+00  3.2893e+00 1.90e-01 |  20.6 | 1.5e+01 |
 5700 | 4.16e-14 2.14e-07 |  2.0796e+00  3.2926e+00 1.90e-01 |  20.9 | 1.6e+01 |
 5800 | 4.40e-14 2.01e-07 |  2.0821e+00  3.2956e+00 1.90e-01 |  21.3 | 1.7e+01 |
 5900 | 4.62e-14 1.88e-07 |  2.0844e+00  3.2986e+00 1.90e-01 |  21.7 | 1.8e+01 |
 6000 | 4.81e-14 1.77e-07 |  2.0866e+00  3.3013e+00 1.90e-01 |  22.0 | 1.9e+01 |
 6100 | 5.33e-14 1.66e-07 |  2.0887e+00  3.3040e+00 1.90e-01 |  22.4 | 2.0e+01 |
 6200 | 5.55e-14 1.56e-07 |  2.0907e+00  3.3065e+00 1.90e-01 |  22.8 | 2.1e+01 |
 6300 | 5.64e-14 1.46e-07 |  2.0926e+00  3.3088e+00 1.90e-01 |  23.1 | 2.2e+01 |
 6400 | 5.83e-14 1.37e-07 |  2.0944e+00  3.3111e+00 1.90e-01 |  23.5 | 2.3e+01 |
 6500 | 6.82e-14 1.29e-07 |  2.0961e+00  3.3132e+00 1.90e-01 |  23.9 | 2.4e+01 |
 6600 | 6.75e-14 1.21e-07 |  2.0977e+00  3.3153e+00 1.90e-01 |  24.2 | 2.5e+01 |
 6700 | 7.24e-14 1.13e-07 |  2.0992e+00  3.3172e+00 1.90e-01 |  24.6 | 2.6e+01 |
 6800 | 7.97e-14 1.06e-07 |  2.1007e+00  3.3191e+00 1.90e-01 |  25.0 | 2.8e+01 |
 6900 | 7.30e-14 9.94e-08 |  2.1021e+00  3.3208e+00 1.90e-01 |  25.3 | 2.9e+01 |
 7000 | 7.64e-14 9.32e-08 |  2.1034e+00  3.3225e+00 1.90e-01 |  25.7 | 3.0e+01 |
 7100 | 9.05e-14 8.73e-08 |  2.1047e+00  3.3241e+00 1.90e-01 |  26.0 | 3.2e+01 |
 7200 | 9.07e-14 8.17e-08 |  2.1059e+00  3.3256e+00 1.90e-01 |  26.4 | 3.4e+01 |
 7300 | 9.87e-14 7.65e-08 |  2.1070e+00  3.3270e+00 1.90e-01 |  26.8 | 3.5e+01 |
 7400 | 1.05e-13 7.16e-08 |  2.1081e+00  3.3284e+00 1.90e-01 |  27.1 | 3.7e+01 |
 7500 | 1.10e-13 6.70e-08 |  2.1091e+00  3.3297e+00 1.90e-01 |  27.5 | 3.9e+01 |
 7600 | 1.14e-13 6.27e-08 |  2.1101e+00  3.3309e+00 1.90e-01 |  27.9 | 4.1e+01 |
 7700 | 1.25e-13 5.86e-08 |  2.1110e+00  3.3321e+00 1.90e-01 |  28.2 | 4.3e+01 |
 7800 | 1.26e-13 5.47e-08 |  2.1119e+00  3.3332e+00 1.89e-01 |  28.6 | 4.5e+01 |
 7900 | 1.30e-13 5.11e-08 |  2.1128e+00  3.3343e+00 1.89e-01 |  29.0 | 4.7e+01 |
 8000 | 1.40e-13 4.77e-08 |  2.1136e+00  3.3353e+00 1.89e-01 |  29.3 | 5.0e+01 |
 8100 | 1.41e-13 4.46e-08 |  2.1144e+00  3.3363e+00 1.89e-01 |  29.7 | 5.2e+01 |
 8200 | 1.49e-13 4.16e-08 |  2.1151e+00  3.3372e+00 1.89e-01 |  30.0 | 5.5e+01 |
 8300 | 1.51e-13 3.88e-08 |  2.1158e+00  3.3381e+00 1.89e-01 |  30.4 | 5.7e+01 |
 8400 | 1.66e-13 3.61e-08 |  2.1164e+00  3.3389e+00 1.89e-01 |  30.8 | 6.0e+01 |
 8500 | 1.75e-13 3.37e-08 |  2.1171e+00  3.3397e+00 1.89e-01 |  31.1 | 6.3e+01 |
 8600 | 1.80e-13 3.14e-08 |  2.1177e+00  3.3405e+00 1.89e-01 |  31.5 | 6.6e+01 |
 8700 | 1.77e-13 2.92e-08 |  2.1182e+00  3.3412e+00 1.89e-01 |  31.9 | 7.0e+01 |
 8800 | 2.10e-13 2.72e-08 |  2.1188e+00  3.3419e+00 1.89e-01 |  32.2 | 7.3e+01 |
 8900 | 2.20e-13 2.53e-08 |  2.1193e+00  3.3425e+00 1.89e-01 |  32.6 | 7.7e+01 |
 9000 | 2.22e-13 2.35e-08 |  2.1198e+00  3.3431e+00 1.89e-01 |  33.0 | 8.1e+01 |
 9100 | 2.42e-13 2.19e-08 |  2.1202e+00  3.3437e+00 1.89e-01 |  33.3 | 8.5e+01 |
 9200 | 2.52e-13 2.03e-08 |  2.1207e+00  3.3443e+00 1.89e-01 |  33.7 | 8.9e+01 |
 9300 | 2.51e-13 1.89e-08 |  2.1211e+00  3.3448e+00 1.89e-01 |  34.1 | 9.3e+01 |
 9400 | 2.81e-13 1.75e-08 |  2.1215e+00  3.3453e+00 1.89e-01 |  34.4 | 9.8e+01 |
 9500 | 2.82e-13 1.63e-08 |  2.1219e+00  3.3458e+00 1.89e-01 |  34.8 | 1.0e+02 |
 9600 | 2.92e-13 1.51e-08 |  2.1223e+00  3.3463e+00 1.89e-01 |  35.1 | 1.1e+02 |
 9700 | 3.12e-13 1.41e-08 |  2.1226e+00  3.3467e+00 1.89e-01 |  35.5 | 1.1e+02 |
 9800 | 3.10e-13 1.31e-08 |  2.1229e+00  3.3471e+00 1.89e-01 |  35.9 | 1.2e+02 |
 9900 | 3.37e-13 1.21e-08 |  2.1233e+00  3.3475e+00 1.89e-01 |  36.2 | 1.3e+02 |
 10000 | 3.70e-13 1.13e-08 |  2.1236e+00  3.3479e+00 1.89e-01 |  36.6 | 1.3e+02 |
 10100 | 3.57e-13 1.04e-08 |  2.1239e+00  3.3483e+00 1.89e-01 |  37.0 | 1.4e+02 |
 10200 | 3.79e-13 9.70e-09 |  2.1241e+00  3.3486e+00 1.89e-01 |  37.3 | 1.4e+02 |
 10300 | 4.28e-13 9.01e-09 |  2.1244e+00  3.3489e+00 1.89e-01 |  37.7 | 1.5e+02 |
 10400 | 4.39e-13 8.36e-09 |  2.1246e+00  3.3492e+00 1.89e-01 |  38.1 | 1.6e+02 |
 10500 | 4.60e-13 7.77e-09 |  2.1249e+00  3.3495e+00 1.89e-01 |  38.4 | 1.7e+02 |
 10600 | 4.96e-13 7.22e-09 |  2.1251e+00  3.3498e+00 1.89e-01 |  38.8 | 1.8e+02 |
 10700 | 5.14e-13 6.70e-09 |  2.1253e+00  3.3501e+00 1.89e-01 |  39.2 | 1.9e+02 |
 10800 | 5.07e-13 6.23e-09 |  2.1255e+00  3.3503e+00 1.89e-01 |  39.5 | 1.9e+02 |
 10900 | 5.60e-13 5.79e-09 |  2.1257e+00  3.3506e+00 1.89e-01 |  39.9 | 2.0e+02 |

 switching to normal ADMM! 11000 | 1.35e-03 3.19e-06 |  2.1259e+00  3.3508e+00 1.89e-01 |  40.3 | 2.1e+02 |
 11100 | 8.34e-04 5.02e-09 |  2.1260e+00  3.3510e+00 1.89e-01 |  40.6 | 2.1e+02 |
 11200 | 8.34e-04 4.76e-09 |  2.1263e+00  3.3514e+00 1.89e-01 |  41.0 | 1.3e+02 |
 11300 | 8.33e-04 5.00e-09 |  2.1268e+00  3.3519e+00 1.89e-01 |  41.3 | 7.7e+01 |
 11400 | 8.33e-04 7.00e-09 |  2.1275e+00  3.3529e+00 1.89e-01 |  41.7 | 4.6e+01 |
 11500 | 8.33e-04 1.45e-08 |  2.1288e+00  3.3545e+00 1.89e-01 |  42.0 | 2.8e+01 |
 11600 | 8.32e-04 1.84e-08 |  2.1309e+00  3.3571e+00 1.89e-01 |  42.4 | 1.7e+01 |
 11700 | 8.31e-04 3.73e-08 |  2.1343e+00  3.3615e+00 1.89e-01 |  42.8 | 9.9e+00 |
 11800 | 8.28e-04 9.59e-08 |  2.1401e+00  3.3687e+00 1.89e-01 |  43.1 | 6.0e+00 |
 11900 | 8.25e-04 2.57e-07 |  2.1497e+00  3.3808e+00 1.89e-01 |  43.5 | 3.6e+00 |
 12000 | 8.19e-04 6.58e-07 |  2.1656e+00  3.4006e+00 1.88e-01 |  43.8 | 2.1e+00 |
 12100 | 8.09e-04 1.68e-06 |  2.1922e+00  3.4330e+00 1.87e-01 |  44.2 | 1.3e+00 |
 12200 | 7.95e-04 4.90e-06 |  2.2339e+00  3.4852e+00 1.86e-01 |  44.5 | 7.7e-01 |
 12300 | 7.73e-04 1.31e-05 |  2.2994e+00  3.5681e+00 1.85e-01 |  44.9 | 4.6e-01 |
 12400 | 7.41e-04 3.31e-05 |  2.3996e+00  3.6960e+00 1.83e-01 |  45.3 | 2.8e-01 |
 12500 | 6.97e-04 7.90e-05 |  2.5477e+00  3.8862e+00 1.80e-01 |  45.6 | 1.7e-01 |
 12600 | 6.43e-04 1.76e-04 |  2.7564e+00  4.1567e+00 1.77e-01 |  46.0 | 1.0e-01 |
 12700 | 5.80e-04 3.60e-04 |  3.0373e+00  4.5234e+00 1.74e-01 |  46.3 | 6.0e-02 |
 12800 | 5.14e-04 6.89e-04 |  3.3991e+00  4.9981e+00 1.70e-01 |  46.7 | 3.6e-02 |
 12900 | 4.75e-04 3.15e-04 |  3.6209e+00  5.2877e+00 1.68e-01 |  47.0 | 6.0e-02 |
 13000 | 4.40e-04 3.75e-04 |  3.8881e+00  5.6069e+00 1.64e-01 |  47.4 | 3.6e-02 |
 13100 | 4.08e-04 4.17e-04 |  4.1632e+00  5.9561e+00 1.61e-01 |  47.7 | 3.6e-02 |
 13200 | 3.87e-04 2.93e-04 |  4.3454e+00  6.1917e+00 1.60e-01 |  48.1 | 3.6e-02 |
 13300 | 3.66e-04 2.85e-04 |  4.5642e+00  6.4605e+00 1.58e-01 |  48.5 | 3.6e-02 |
 13400 | 3.49e-04 2.66e-04 |  4.7517e+00  6.7015e+00 1.57e-01 |  48.8 | 3.6e-02 |
 13500 | 3.31e-04 4.68e-04 |  4.9750e+00  6.9842e+00 1.55e-01 |  49.2 | 2.1e-02 |
 13600 | 3.19e-04 2.31e-04 |  5.1205e+00  7.1756e+00 1.55e-01 |  49.5 | 3.6e-02 |
 13700 | 3.06e-04 3.50e-04 |  5.3122e+00  7.4125e+00 1.53e-01 |  49.9 | 2.1e-02 |
 13800 | 2.95e-04 3.47e-04 |  5.4774e+00  7.6246e+00 1.52e-01 |  50.2 | 2.1e-02 |
 13900 | 2.85e-04 3.13e-04 |  5.6302e+00  7.8217e+00 1.52e-01 |  50.6 | 2.1e-02 |
 14000 | 2.76e-04 2.83e-04 |  5.7759e+00  8.0048e+00 1.51e-01 |  50.9 | 2.1e-02 |
 14100 | 2.68e-04 2.64e-04 |  5.9130e+00  8.1762e+00 1.50e-01 |  51.3 | 2.1e-02 |
 14200 | 2.59e-04 2.95e-04 |  6.0810e+00  8.3793e+00 1.49e-01 |  51.7 | 2.1e-02 |
 14300 | 2.53e-04 2.44e-04 |  6.1991e+00  8.5335e+00 1.48e-01 |  52.0 | 2.1e-02 |
 14400 | 2.45e-04 2.82e-04 |  6.3667e+00  8.7122e+00 1.46e-01 |  52.4 | 2.1e-02 |
 14500 | 2.35e-04 2.90e-04 |  6.5054e+00  8.8514e+00 1.43e-01 |  52.7 | 2.1e-02 |
 14600 | 2.29e-04 1.76e-04 |  6.6470e+00  8.9723e+00 1.40e-01 |  53.1 | 2.1e-02 |
 14700 | 2.23e-04 2.01e-04 |  6.7996e+00  9.1227e+00 1.37e-01 |  53.4 | 2.1e-02 |
 14800 | 2.17e-04 2.04e-04 |  6.9290e+00  9.2662e+00 1.36e-01 |  53.8 | 2.1e-02 |
 14900 | 2.12e-04 2.68e-04 |  7.0514e+00  9.4056e+00 1.35e-01 |  54.2 | 1.7e-02 |
 15000 | 2.07e-04 2.60e-04 |  7.1739e+00  9.5338e+00 1.33e-01 |  54.5 | 1.7e-02 |
 15100 | 2.03e-04 2.45e-04 |  7.2921e+00  9.6564e+00 1.32e-01 |  54.9 | 1.7e-02 |
 15200 | 1.99e-04 2.29e-04 |  7.4062e+00  9.7739e+00 1.30e-01 |  55.2 | 1.7e-02 |
 15300 | 1.95e-04 2.14e-04 |  7.5156e+00  9.8867e+00 1.29e-01 |  55.6 | 1.7e-02 |
 15400 | 1.92e-04 1.99e-04 |  7.6203e+00  9.9957e+00 1.28e-01 |  55.9 | 1.7e-02 |
 15500 | 1.89e-04 1.44e-04 |  7.7297e+00  1.0100e+01 1.26e-01 |  56.3 | 2.1e-02 |
 15600 | 1.86e-04 3.30e-04 |  7.8460e+00  1.0240e+01 1.25e-01 |  56.7 | 1.3e-02 |
 15700 | 1.66e-04 1.59e-04 |  8.2757e+00  1.0326e+01 1.05e-01 |  57.0 | 2.1e-02 |
 15800 | 1.63e-04 8.32e-05 |  8.4242e+00  1.0382e+01 9.88e-02 |  57.4 | 2.1e-02 |
 15900 | 1.58e-04 1.59e-04 |  8.5654e+00  1.0483e+01 9.56e-02 |  57.7 | 1.3e-02 |
 16000 | 1.51e-04 1.24e-04 |  8.7414e+00  1.0595e+01 9.11e-02 |  58.1 | 1.3e-02 |
 16100 | 1.46e-04 1.21e-04 |  8.8433e+00  1.0677e+01 8.93e-02 |  58.4 | 1.3e-02 |
 16200 | 1.39e-04 1.21e-04 |  9.0035e+00  1.0774e+01 8.52e-02 |  58.8 | 1.3e-02 |
 16300 | 1.34e-04 1.12e-04 |  9.1015e+00  1.0843e+01 8.31e-02 |  59.2 | 1.3e-02 |
 16400 | 1.28e-04 1.13e-04 |  9.2506e+00  1.0925e+01 7.91e-02 |  59.5 | 1.3e-02 |
 16500 | 1.23e-04 1.02e-04 |  9.3417e+00  1.0982e+01 7.69e-02 |  59.9 | 1.3e-02 |
 16600 | 1.17e-04 1.05e-04 |  9.4776e+00  1.1051e+01 7.31e-02 |  60.2 | 1.3e-02 |
 16700 | 1.13e-04 9.08e-05 |  9.5607e+00  1.1099e+01 7.10e-02 |  60.6 | 1.3e-02 |
 16800 | 1.07e-04 9.45e-05 |  9.6825e+00  1.1157e+01 6.75e-02 |  60.9 | 1.3e-02 |
 16900 | 1.03e-04 8.02e-05 |  9.7573e+00  1.1197e+01 6.56e-02 |  61.3 | 1.3e-02 |
 17000 | 9.86e-05 8.45e-05 |  9.8653e+00  1.1246e+01 6.24e-02 |  61.7 | 1.3e-02 |
 17100 | 9.41e-05 1.24e-04 |  9.9467e+00  1.1292e+01 6.05e-02 |  62.0 | 1.0e-02 |
 17200 | 8.99e-05 1.12e-04 |  1.0037e+01  1.1332e+01 5.79e-02 |  62.4 | 1.0e-02 |
 17300 | 8.59e-05 1.04e-04 |  1.0119e+01  1.1368e+01 5.55e-02 |  62.7 | 1.0e-02 |
 17400 | 8.22e-05 9.66e-05 |  1.0195e+01  1.1400e+01 5.33e-02 |  63.1 | 1.0e-02 |
 17500 | 7.88e-05 8.99e-05 |  1.0266e+01  1.1431e+01 5.13e-02 |  63.4 | 1.0e-02 |
 17600 | 7.56e-05 8.37e-05 |  1.0333e+01  1.1458e+01 4.94e-02 |  63.8 | 1.0e-02 |
 17700 | 7.26e-05 4.88e-05 |  1.0404e+01  1.1482e+01 4.71e-02 |  64.2 | 1.3e-02 |
 17800 | 6.91e-05 1.30e-04 |  1.0462e+01  1.1518e+01 4.60e-02 |  64.5 | 7.7e-03 |
 17900 | 6.65e-05 3.60e-05 |  1.0534e+01  1.1534e+01 4.33e-02 |  64.9 | 1.3e-02 |
 18000 | 6.34e-05 1.08e-04 |  1.0579e+01  1.1564e+01 4.26e-02 |  65.2 | 7.7e-03 |
 18100 | 6.12e-05 3.23e-05 |  1.0641e+01  1.1577e+01 4.03e-02 |  65.6 | 1.3e-02 |
 18200 | 5.86e-05 9.29e-05 |  1.0680e+01  1.1603e+01 3.96e-02 |  65.9 | 7.7e-03 |
 18300 | 5.67e-05 2.86e-05 |  1.0734e+01  1.1615e+01 3.77e-02 |  66.3 | 1.3e-02 |
 18400 | 5.44e-05 8.08e-05 |  1.0768e+01  1.1637e+01 3.71e-02 |  66.6 | 7.7e-03 |
 18500 | 5.27e-05 2.56e-05 |  1.0816e+01  1.1647e+01 3.54e-02 |  67.0 | 1.3e-02 |
 18600 | 5.07e-05 7.08e-05 |  1.0845e+01  1.1666e+01 3.49e-02 |  67.4 | 7.7e-03 |
 18700 | 4.92e-05 2.30e-05 |  1.0887e+01  1.1675e+01 3.34e-02 |  67.7 | 1.3e-02 |
 18800 | 4.74e-05 6.26e-05 |  1.0914e+01  1.1691e+01 3.29e-02 |  68.1 | 7.7e-03 |
 18900 | 4.61e-05 2.09e-05 |  1.0951e+01  1.1699e+01 3.16e-02 |  68.4 | 1.3e-02 |
 19000 | 4.46e-05 5.57e-05 |  1.0974e+01  1.1714e+01 3.12e-02 |  68.8 | 7.7e-03 |
 19100 | 4.31e-05 3.65e-05 |  1.1014e+01  1.1724e+01 2.99e-02 |  69.1 | 1.0e-02 |
 19200 | 4.15e-05 5.12e-05 |  1.1041e+01  1.1737e+01 2.93e-02 |  69.5 | 7.7e-03 |
 19300 | 4.02e-05 4.16e-05 |  1.1069e+01  1.1747e+01 2.85e-02 |  69.9 | 7.7e-03 |
 19400 | 3.86e-05 5.66e-05 |  1.1104e+01  1.1760e+01 2.75e-02 |  70.2 | 7.7e-03 |
 19500 | 3.75e-05 3.02e-05 |  1.1128e+01  1.1767e+01 2.67e-02 |  70.6 | 7.7e-03 |
 19600 | 3.61e-05 4.97e-05 |  1.1157e+01  1.1779e+01 2.60e-02 |  70.9 | 7.7e-03 |
 19700 | 3.51e-05 2.81e-05 |  1.1178e+01  1.1785e+01 2.53e-02 |  71.3 | 7.7e-03 |
 19800 | 3.39e-05 4.44e-05 |  1.1204e+01  1.1796e+01 2.47e-02 |  71.6 | 7.7e-03 |
 19900 | 3.30e-05 2.53e-05 |  1.1223e+01  1.1801e+01 2.41e-02 |  72.0 | 7.7e-03 |
 20000 | 3.19e-05 4.00e-05 |  1.1246e+01  1.1811e+01 2.35e-02 |  72.4 | 7.7e-03 |
 20100 | 3.11e-05 2.30e-05 |  1.1264e+01  1.1816e+01 2.29e-02 |  72.7 | 7.7e-03 |
 20200 | 3.01e-05 3.62e-05 |  1.1285e+01  1.1824e+01 2.24e-02 |  73.1 | 7.7e-03 |
 20300 | 2.94e-05 2.11e-05 |  1.1300e+01  1.1828e+01 2.19e-02 |  73.4 | 7.7e-03 |
 20400 | 2.85e-05 3.29e-05 |  1.1319e+01  1.1836e+01 2.14e-02 |  73.8 | 7.7e-03 |
 20500 | 2.78e-05 1.94e-05 |  1.1334e+01  1.1840e+01 2.09e-02 |  74.1 | 7.7e-03 |
 20600 | 2.70e-05 3.01e-05 |  1.1351e+01  1.1846e+01 2.05e-02 |  74.5 | 7.7e-03 |
 20700 | 2.64e-05 1.79e-05 |  1.1364e+01  1.1850e+01 2.01e-02 |  74.9 | 7.7e-03 |
 20800 | 2.57e-05 2.77e-05 |  1.1379e+01  1.1856e+01 1.97e-02 |  75.2 | 7.7e-03 |
 20900 | 2.52e-05 1.66e-05 |  1.1392e+01  1.1859e+01 1.93e-02 |  75.6 | 7.7e-03 |
 21000 | 2.44e-05 3.85e-05 |  1.1406e+01  1.1866e+01 1.90e-02 |  75.9 | 6.0e-03 |
 21100 | 2.39e-05 1.14e-05 |  1.1422e+01  1.1868e+01 1.84e-02 |  76.3 | 1.0e-02 |
 21200 | 2.33e-05 2.63e-05 |  1.1430e+01  1.1873e+01 1.82e-02 |  76.6 | 6.0e-03 |
 21300 | 2.26e-05 4.27e-05 |  1.1449e+01  1.1880e+01 1.77e-02 |  77.0 | 6.0e-03 |
 21400 | 2.21e-05 7.65e-06 |  1.1463e+01  1.1881e+01 1.72e-02 |  77.4 | 1.0e-02 |
 21500 | 2.16e-05 2.19e-05 |  1.1468e+01  1.1885e+01 1.71e-02 |  77.7 | 6.0e-03 |
 21600 | 2.10e-05 3.83e-05 |  1.1484e+01  1.1891e+01 1.67e-02 |  78.1 | 6.0e-03 |
 21700 | 2.06e-05 7.03e-06 |  1.1497e+01  1.1892e+01 1.62e-02 |  78.4 | 1.0e-02 |
 21800 | 2.01e-05 1.93e-05 |  1.1501e+01  1.1896e+01 1.62e-02 |  78.8 | 6.0e-03 |
 21900 | 1.95e-05 3.41e-05 |  1.1516e+01  1.1901e+01 1.58e-02 |  79.1 | 6.0e-03 |
 22000 | 1.92e-05 6.47e-06 |  1.1527e+01  1.1901e+01 1.53e-02 |  79.5 | 1.0e-02 |
 22100 | 1.88e-05 1.72e-05 |  1.1531e+01  1.1905e+01 1.53e-02 |  79.8 | 6.0e-03 |
 22200 | 1.83e-05 3.05e-05 |  1.1544e+01  1.1909e+01 1.49e-02 |  80.2 | 6.0e-03 |
 22300 | 1.80e-05 5.95e-06 |  1.1554e+01  1.1910e+01 1.45e-02 |  80.6 | 1.0e-02 |
 22400 | 1.76e-05 1.54e-05 |  1.1558e+01  1.1913e+01 1.45e-02 |  80.9 | 6.0e-03 |
 22500 | 1.72e-05 2.75e-05 |  1.1570e+01  1.1917e+01 1.42e-02 |  81.3 | 6.0e-03 |
 22600 | 1.69e-05 5.48e-06 |  1.1579e+01  1.1917e+01 1.38e-02 |  81.6 | 1.0e-02 |
 22700 | 1.66e-05 1.39e-05 |  1.1582e+01  1.1920e+01 1.38e-02 |  82.0 | 6.0e-03 |
 22800 | 1.62e-05 2.49e-05 |  1.1593e+01  1.1923e+01 1.35e-02 |  82.3 | 6.0e-03 |
 22900 | 1.59e-05 5.06e-06 |  1.1601e+01  1.1924e+01 1.32e-02 |  82.7 | 1.0e-02 |
 23000 | 1.56e-05 1.26e-05 |  1.1604e+01  1.1926e+01 1.31e-02 |  83.1 | 6.0e-03 |
 23100 | 1.53e-05 2.27e-05 |  1.1613e+01  1.1929e+01 1.29e-02 |  83.4 | 6.0e-03 |
 23200 | 1.50e-05 6.71e-06 |  1.1621e+01  1.1930e+01 1.26e-02 |  83.8 | 7.7e-03 |
 23300 | 1.47e-05 2.11e-05 |  1.1625e+01  1.1933e+01 1.25e-02 |  84.1 | 4.6e-03 |
 23400 | 1.44e-05 1.08e-05 |  1.1635e+01  1.1934e+01 1.22e-02 |  84.5 | 7.7e-03 |
 23500 | 1.41e-05 1.81e-05 |  1.1639e+01  1.1937e+01 1.21e-02 |  84.8 | 4.6e-03 |
 23600 | 1.39e-05 9.86e-06 |  1.1647e+01  1.1938e+01 1.18e-02 |  85.2 | 7.7e-03 |
 23700 | 1.36e-05 1.76e-05 |  1.1652e+01  1.1940e+01 1.17e-02 |  85.5 | 4.6e-03 |
 23800 | 1.33e-05 9.26e-06 |  1.1660e+01  1.1941e+01 1.14e-02 |  85.9 | 7.7e-03 |
 23900 | 1.30e-05 1.64e-05 |  1.1664e+01  1.1943e+01 1.13e-02 |  86.3 | 4.6e-03 |
 24000 | 1.28e-05 8.79e-06 |  1.1671e+01  1.1944e+01 1.11e-02 |  86.6 | 7.7e-03 |
 24100 | 1.26e-05 1.56e-05 |  1.1675e+01  1.1946e+01 1.10e-02 |  87.0 | 4.6e-03 |
 24200 | 1.24e-05 8.32e-06 |  1.1682e+01  1.1947e+01 1.08e-02 |  87.3 | 7.7e-03 |
 24300 | 1.21e-05 1.47e-05 |  1.1686e+01  1.1949e+01 1.07e-02 |  87.7 | 4.6e-03 |
 24400 | 1.19e-05 7.91e-06 |  1.1693e+01  1.1950e+01 1.04e-02 |  88.0 | 7.7e-03 |
 24500 | 1.17e-05 1.40e-05 |  1.1696e+01  1.1951e+01 1.04e-02 |  88.4 | 4.6e-03 |
 24600 | 1.15e-05 1.39e-05 |  1.1703e+01  1.1953e+01 1.01e-02 |  88.8 | 6.0e-03 |
 24700 | 1.13e-05 6.17e-06 |  1.1707e+01  1.1953e+01 9.99e-03 |  89.1 | 6.0e-03 |
 24800 | 1.10e-05 2.49e-05 |  1.1711e+01  1.1956e+01 9.94e-03 |  89.5 | 3.6e-03 |
 24900 | 1.08e-05 1.27e-05 |  1.1720e+01  1.1957e+01 9.60e-03 |  89.8 | 6.0e-03 |
 25000 | 1.07e-05 4.36e-06 |  1.1723e+01  1.1957e+01 9.50e-03 |  90.2 | 6.0e-03 |
 25100 | 1.04e-05 2.27e-05 |  1.1726e+01  1.1960e+01 9.48e-03 |  90.5 | 3.6e-03 |
 25200 | 1.02e-05 1.22e-05 |  1.1734e+01  1.1960e+01 9.16e-03 |  90.9 | 6.0e-03 |
 25300 | 1.01e-05 4.09e-06 |  1.1737e+01  1.1960e+01 9.06e-03 |  91.3 | 6.0e-03 |
 25400 | 9.86e-06 2.07e-05 |  1.1739e+01  1.1963e+01 9.05e-03 |  91.6 | 3.6e-03 |
 25500 | 9.69e-06 1.14e-05 |  1.1747e+01  1.1963e+01 8.76e-03 |  92.0 | 6.0e-03 |
 25600 | 9.56e-06 3.90e-06 |  1.1750e+01  1.1964e+01 8.66e-03 |  92.3 | 6.0e-03 |
 25700 | 9.35e-06 1.91e-05 |  1.1752e+01  1.1966e+01 8.65e-03 |  92.7 | 3.6e-03 |
 25800 | 9.19e-06 1.06e-05 |  1.1759e+01  1.1966e+01 8.38e-03 |  93.0 | 6.0e-03 |
 25900 | 9.07e-06 3.72e-06 |  1.1761e+01  1.1966e+01 8.29e-03 |  93.4 | 6.0e-03 |
 26000 | 8.88e-06 1.76e-05 |  1.1764e+01  1.1968e+01 8.27e-03 |  93.8 | 3.6e-03 |
 26100 | 8.74e-06 9.88e-06 |  1.1770e+01  1.1969e+01 8.03e-03 |  94.1 | 6.0e-03 |
 26200 | 8.63e-06 3.55e-06 |  1.1772e+01  1.1969e+01 7.94e-03 |  94.5 | 6.0e-03 |
 26300 | 8.45e-06 1.63e-05 |  1.1774e+01  1.1971e+01 7.93e-03 |  94.8 | 3.6e-03 |
 26400 | 8.31e-06 9.24e-06 |  1.1780e+01  1.1971e+01 7.70e-03 |  95.2 | 6.0e-03 |
 26500 | 8.21e-06 3.39e-06 |  1.1782e+01  1.1971e+01 7.62e-03 |  95.5 | 6.0e-03 |
 26600 | 8.05e-06 1.52e-05 |  1.1784e+01  1.1973e+01 7.60e-03 |  95.9 | 3.6e-03 |
 26700 | 7.92e-06 8.66e-06 |  1.1790e+01  1.1973e+01 7.39e-03 |  96.3 | 6.0e-03 |
 26800 | 7.83e-06 3.25e-06 |  1.1792e+01  1.1973e+01 7.32e-03 |  96.6 | 6.0e-03 |
 26900 | 7.68e-06 1.42e-05 |  1.1794e+01  1.1975e+01 7.30e-03 |  97.0 | 3.6e-03 |
 27000 | 7.56e-06 8.14e-06 |  1.1799e+01  1.1975e+01 7.10e-03 |  97.3 | 6.0e-03 |
 27100 | 7.48e-06 3.11e-06 |  1.1801e+01  1.1975e+01 7.03e-03 |  97.7 | 6.0e-03 |
 27200 | 7.34e-06 1.32e-05 |  1.1802e+01  1.1976e+01 7.02e-03 |  98.0 | 3.6e-03 |
 27300 | 7.23e-06 7.66e-06 |  1.1807e+01  1.1977e+01 6.83e-03 |  98.4 | 6.0e-03 |
 27400 | 7.14e-06 2.94e-06 |  1.1809e+01  1.1977e+01 6.77e-03 |  98.7 | 6.0e-03 |
 27500 | 7.01e-06 1.24e-05 |  1.1811e+01  1.1978e+01 6.75e-03 |  99.1 | 3.6e-03 |
 27600 | 6.91e-06 7.11e-06 |  1.1815e+01  1.1978e+01 6.58e-03 |  99.5 | 6.0e-03 |
 27700 | 6.84e-06 2.51e-06 |  1.1817e+01  1.1978e+01 6.51e-03 |  99.8 | 6.0e-03 |
 27800 | 6.71e-06 1.16e-05 |  1.1818e+01  1.1979e+01 6.50e-03 | 100.2 | 3.6e-03 |
 27900 | 6.62e-06 6.62e-06 |  1.1823e+01  1.1980e+01 6.34e-03 | 100.5 | 6.0e-03 |
 28000 | 6.55e-06 2.23e-06 |  1.1824e+01  1.1980e+01 6.28e-03 | 100.9 | 6.0e-03 |
 28100 | 6.43e-06 1.08e-05 |  1.1825e+01  1.1981e+01 6.26e-03 | 101.2 | 3.6e-03 |
 28200 | 6.34e-06 6.21e-06 |  1.1830e+01  1.1981e+01 6.11e-03 | 101.6 | 6.0e-03 |
 28300 | 6.28e-06 2.07e-06 |  1.1831e+01  1.1981e+01 6.05e-03 | 102.0 | 6.0e-03 |
 28400 | 6.17e-06 1.01e-05 |  1.1832e+01  1.1982e+01 6.04e-03 | 102.3 | 3.6e-03 |
 28500 | 6.08e-06 5.98e-06 |  1.1836e+01  1.1982e+01 5.89e-03 | 102.7 | 6.0e-03 |
 28600 | 6.02e-06 1.84e-06 |  1.1837e+01  1.1982e+01 5.83e-03 | 103.0 | 6.0e-03 |
 28700 | 5.92e-06 9.44e-06 |  1.1839e+01  1.1983e+01 5.82e-03 | 103.4 | 3.6e-03 |
 28800 | 5.84e-06 5.55e-06 |  1.1842e+01  1.1983e+01 5.69e-03 | 103.7 | 6.0e-03 |
 28900 | 5.78e-06 1.75e-06 |  1.1844e+01  1.1983e+01 5.63e-03 | 104.1 | 6.0e-03 |
 29000 | 5.69e-06 8.95e-06 |  1.1845e+01  1.1984e+01 5.62e-03 | 104.5 | 3.6e-03 |
 29100 | 5.61e-06 5.26e-06 |  1.1848e+01  1.1984e+01 5.49e-03 | 104.8 | 6.0e-03 |
 29200 | 5.56e-06 1.67e-06 |  1.1849e+01  1.1984e+01 5.44e-03 | 105.2 | 6.0e-03 |
 29300 | 5.47e-06 8.47e-06 |  1.1850e+01  1.1985e+01 5.43e-03 | 105.5 | 3.6e-03 |
 29400 | 5.40e-06 5.00e-06 |  1.1854e+01  1.1985e+01 5.31e-03 | 105.9 | 6.0e-03 |
 29500 | 5.34e-06 1.60e-06 |  1.1855e+01  1.1985e+01 5.26e-03 | 106.3 | 6.0e-03 |
 29600 | 5.26e-06 8.01e-06 |  1.1856e+01  1.1986e+01 5.25e-03 | 106.6 | 3.6e-03 |
 29700 | 5.19e-06 4.75e-06 |  1.1859e+01  1.1986e+01 5.13e-03 | 107.0 | 6.0e-03 |
 29800 | 5.14e-06 1.53e-06 |  1.1860e+01  1.1986e+01 5.08e-03 | 107.3 | 6.0e-03 |
 29900 | 5.06e-06 7.63e-06 |  1.1861e+01  1.1987e+01 5.07e-03 | 107.7 | 3.6e-03 |
 30000 | 5.00e-06 4.52e-06 |  1.1864e+01  1.1987e+01 4.96e-03 | 108.0 | 6.0e-03 |
 30100 | 4.95e-06 1.50e-06 |  1.1865e+01  1.1987e+01 4.92e-03 | 108.4 | 6.0e-03 |
 30200 | 4.88e-06 7.26e-06 |  1.1866e+01  1.1988e+01 4.91e-03 | 108.8 | 3.6e-03 |
 30300 | 4.82e-06 4.30e-06 |  1.1869e+01  1.1988e+01 4.80e-03 | 109.1 | 6.0e-03 |
 30400 | 4.77e-06 1.43e-06 |  1.1870e+01  1.1988e+01 4.76e-03 | 109.5 | 6.0e-03 |
 30500 | 4.70e-06 6.90e-06 |  1.1870e+01  1.1988e+01 4.75e-03 | 109.8 | 3.6e-03 |
 30600 | 4.65e-06 4.09e-06 |  1.1873e+01  1.1989e+01 4.65e-03 | 110.2 | 6.0e-03 |
 30700 | 4.60e-06 1.36e-06 |  1.1874e+01  1.1989e+01 4.61e-03 | 110.5 | 6.0e-03 |
 30800 | 4.54e-06 6.61e-06 |  1.1875e+01  1.1989e+01 4.60e-03 | 110.9 | 3.6e-03 |
 30900 | 4.48e-06 3.89e-06 |  1.1877e+01  1.1989e+01 4.51e-03 | 111.3 | 6.0e-03 |
 31000 | 4.44e-06 1.30e-06 |  1.1878e+01  1.1989e+01 4.47e-03 | 111.6 | 6.0e-03 |
 31100 | 4.38e-06 6.35e-06 |  1.1879e+01  1.1990e+01 4.45e-03 | 112.0 | 3.6e-03 |
 31200 | 4.33e-06 3.69e-06 |  1.1881e+01  1.1990e+01 4.37e-03 | 112.3 | 6.0e-03 |
 31300 | 4.28e-06 2.51e-06 |  1.1882e+01  1.1990e+01 4.33e-03 | 112.7 | 4.6e-03 |
 31400 | 4.21e-06 5.29e-06 |  1.1884e+01  1.1990e+01 4.29e-03 | 113.1 | 4.6e-03 |
 31500 | 4.17e-06 3.18e-06 |  1.1885e+01  1.1990e+01 4.23e-03 | 113.4 | 4.6e-03 |
 31600 | 4.11e-06 4.74e-06 |  1.1887e+01  1.1991e+01 4.19e-03 | 113.8 | 4.6e-03 |
 31700 | 4.06e-06 2.97e-06 |  1.1888e+01  1.1991e+01 4.13e-03 | 114.1 | 4.6e-03 |
 31800 | 4.00e-06 4.67e-06 |  1.1889e+01  1.1991e+01 4.10e-03 | 114.5 | 4.6e-03 |
 31900 | 3.96e-06 2.88e-06 |  1.1891e+01  1.1991e+01 4.04e-03 | 114.8 | 4.6e-03 |
 32000 | 3.90e-06 4.49e-06 |  1.1892e+01  1.1992e+01 4.00e-03 | 115.2 | 4.6e-03 |
 32100 | 3.86e-06 2.82e-06 |  1.1893e+01  1.1992e+01 3.95e-03 | 115.6 | 4.6e-03 |
 32200 | 3.81e-06 4.36e-06 |  1.1895e+01  1.1992e+01 3.91e-03 | 115.9 | 4.6e-03 |
 32300 | 3.76e-06 2.73e-06 |  1.1896e+01  1.1992e+01 3.86e-03 | 116.3 | 4.6e-03 |
 32400 | 3.71e-06 4.21e-06 |  1.1897e+01  1.1992e+01 3.83e-03 | 116.6 | 4.6e-03 |
 32500 | 3.67e-06 2.66e-06 |  1.1898e+01  1.1992e+01 3.78e-03 | 117.0 | 4.6e-03 |
 32600 | 3.62e-06 4.09e-06 |  1.1899e+01  1.1993e+01 3.74e-03 | 117.4 | 4.6e-03 |
 32700 | 3.58e-06 2.60e-06 |  1.1901e+01  1.1993e+01 3.69e-03 | 117.7 | 4.6e-03 |
 32800 | 3.53e-06 3.96e-06 |  1.1902e+01  1.1993e+01 3.66e-03 | 118.1 | 4.6e-03 |
 32900 | 3.50e-06 2.53e-06 |  1.1903e+01  1.1993e+01 3.61e-03 | 118.4 | 4.6e-03 |
 33000 | 3.45e-06 3.84e-06 |  1.1904e+01  1.1993e+01 3.58e-03 | 118.8 | 4.6e-03 |
 33100 | 3.41e-06 2.46e-06 |  1.1905e+01  1.1993e+01 3.54e-03 | 119.1 | 4.6e-03 |
 33200 | 3.37e-06 3.73e-06 |  1.1906e+01  1.1993e+01 3.50e-03 | 119.5 | 4.6e-03 |
 33300 | 3.33e-06 2.42e-06 |  1.1907e+01  1.1993e+01 3.46e-03 | 119.8 | 4.6e-03 |
 33400 | 3.29e-06 3.63e-06 |  1.1908e+01  1.1994e+01 3.43e-03 | 120.2 | 4.6e-03 |
 33500 | 3.26e-06 2.38e-06 |  1.1909e+01  1.1994e+01 3.39e-03 | 120.6 | 4.6e-03 |
 33600 | 3.21e-06 3.55e-06 |  1.1910e+01  1.1994e+01 3.36e-03 | 120.9 | 4.6e-03 |
 33700 | 3.18e-06 2.36e-06 |  1.1911e+01  1.1994e+01 3.31e-03 | 121.3 | 4.6e-03 |
 33800 | 3.14e-06 3.49e-06 |  1.1912e+01  1.1994e+01 3.29e-03 | 121.6 | 4.6e-03 |
 33900 | 3.11e-06 2.36e-06 |  1.1913e+01  1.1994e+01 3.24e-03 | 122.0 | 4.6e-03 |
 34000 | 3.07e-06 3.44e-06 |  1.1914e+01  1.1994e+01 3.22e-03 | 122.3 | 4.6e-03 |
 34100 | 3.04e-06 2.37e-06 |  1.1915e+01  1.1994e+01 3.18e-03 | 122.7 | 4.6e-03 |
 34200 | 3.00e-06 3.40e-06 |  1.1916e+01  1.1995e+01 3.15e-03 | 123.1 | 4.6e-03 |
 34300 | 2.97e-06 2.39e-06 |  1.1917e+01  1.1995e+01 3.11e-03 | 123.4 | 4.6e-03 |
 34400 | 2.93e-06 3.36e-06 |  1.1918e+01  1.1995e+01 3.08e-03 | 123.8 | 4.6e-03 |
 34500 | 2.90e-06 2.40e-06 |  1.1919e+01  1.1995e+01 3.05e-03 | 124.1 | 4.6e-03 |
 34600 | 2.86e-06 3.33e-06 |  1.1920e+01  1.1995e+01 3.02e-03 | 124.5 | 4.6e-03 |
 34700 | 2.83e-06 2.41e-06 |  1.1921e+01  1.1995e+01 2.98e-03 | 124.8 | 4.6e-03 |
 34800 | 2.80e-06 3.28e-06 |  1.1922e+01  1.1995e+01 2.96e-03 | 125.2 | 4.6e-03 |
 34900 | 2.77e-06 2.41e-06 |  1.1922e+01  1.1995e+01 2.92e-03 | 125.6 | 4.6e-03 |
 35000 | 2.74e-06 3.23e-06 |  1.1923e+01  1.1995e+01 2.90e-03 | 125.9 | 4.6e-03 |
 35100 | 2.71e-06 1.93e-06 |  1.1924e+01  1.1995e+01 2.86e-03 | 126.3 | 6.0e-03 |
 35200 | 2.68e-06 3.46e-06 |  1.1925e+01  1.1996e+01 2.85e-03 | 126.6 | 3.6e-03 |
 35300 | 2.65e-06 2.41e-06 |  1.1926e+01  1.1996e+01 2.81e-03 | 127.0 | 6.0e-03 |
 35400 | 2.63e-06 1.59e-06 |  1.1926e+01  1.1996e+01 2.79e-03 | 127.3 | 6.0e-03 |
 35500 | 2.60e-06 3.56e-06 |  1.1927e+01  1.1996e+01 2.78e-03 | 127.7 | 3.6e-03 |
 35600 | 2.58e-06 2.35e-06 |  1.1928e+01  1.1996e+01 2.73e-03 | 128.0 | 6.0e-03 |
 35700 | 2.56e-06 1.44e-06 |  1.1928e+01  1.1996e+01 2.71e-03 | 128.4 | 6.0e-03 |
 35800 | 2.53e-06 3.36e-06 |  1.1929e+01  1.1996e+01 2.70e-03 | 128.8 | 3.6e-03 |
 35900 | 2.50e-06 2.26e-06 |  1.1930e+01  1.1996e+01 2.66e-03 | 129.1 | 6.0e-03 |
 36000 | 2.49e-06 1.37e-06 |  1.1930e+01  1.1996e+01 2.64e-03 | 129.5 | 6.0e-03 |
 36100 | 2.46e-06 3.24e-06 |  1.1931e+01  1.1996e+01 2.63e-03 | 129.8 | 3.6e-03 |
 36200 | 2.43e-06 2.18e-06 |  1.1932e+01  1.1996e+01 2.59e-03 | 130.2 | 6.0e-03 |
 36300 | 2.41e-06 1.35e-06 |  1.1932e+01  1.1996e+01 2.57e-03 | 130.5 | 6.0e-03 |
 36400 | 2.39e-06 3.14e-06 |  1.1933e+01  1.1996e+01 2.56e-03 | 130.9 | 3.6e-03 |
 36500 | 2.36e-06 2.13e-06 |  1.1934e+01  1.1997e+01 2.52e-03 | 131.2 | 6.0e-03 |
 36600 | 2.35e-06 1.35e-06 |  1.1934e+01  1.1996e+01 2.50e-03 | 131.6 | 6.0e-03 |
 36700 | 2.32e-06 3.06e-06 |  1.1934e+01  1.1997e+01 2.49e-03 | 132.0 | 3.6e-03 |
 36800 | 2.30e-06 2.10e-06 |  1.1935e+01  1.1997e+01 2.46e-03 | 132.3 | 6.0e-03 |
 36900 | 2.28e-06 1.37e-06 |  1.1936e+01  1.1997e+01 2.44e-03 | 132.7 | 6.0e-03 |
 37000 | 2.25e-06 3.00e-06 |  1.1936e+01  1.1997e+01 2.43e-03 | 133.0 | 3.6e-03 |
 37100 | 2.23e-06 2.08e-06 |  1.1937e+01  1.1997e+01 2.39e-03 | 133.4 | 6.0e-03 |
 37200 | 2.22e-06 1.40e-06 |  1.1938e+01  1.1997e+01 2.37e-03 | 133.7 | 6.0e-03 |
 37300 | 2.19e-06 2.95e-06 |  1.1938e+01  1.1997e+01 2.37e-03 | 134.1 | 3.6e-03 |
 37400 | 2.17e-06 2.07e-06 |  1.1939e+01  1.1997e+01 2.33e-03 | 134.4 | 6.0e-03 |
 37500 | 2.16e-06 1.43e-06 |  1.1939e+01  1.1997e+01 2.31e-03 | 134.8 | 6.0e-03 |
 37600 | 2.13e-06 2.89e-06 |  1.1940e+01  1.1997e+01 2.31e-03 | 135.2 | 3.6e-03 |
 37700 | 2.11e-06 2.05e-06 |  1.1941e+01  1.1997e+01 2.27e-03 | 135.5 | 6.0e-03 |
 37800 | 2.10e-06 1.46e-06 |  1.1941e+01  1.1997e+01 2.25e-03 | 135.9 | 6.0e-03 |
 37900 | 2.07e-06 2.85e-06 |  1.1941e+01  1.1997e+01 2.25e-03 | 136.2 | 3.6e-03 |
 38000 | 2.05e-06 2.05e-06 |  1.1942e+01  1.1997e+01 2.21e-03 | 136.6 | 6.0e-03 |
 38100 | 2.04e-06 1.50e-06 |  1.1943e+01  1.1997e+01 2.20e-03 | 136.9 | 6.0e-03 |
 38200 | 2.02e-06 2.82e-06 |  1.1943e+01  1.1997e+01 2.19e-03 | 137.3 | 3.6e-03 |
 38300 | 2.00e-06 2.05e-06 |  1.1944e+01  1.1997e+01 2.16e-03 | 137.6 | 6.0e-03 |
 38400 | 1.98e-06 1.53e-06 |  1.1944e+01  1.1997e+01 2.14e-03 | 138.0 | 6.0e-03 |
 38500 | 1.96e-06 2.78e-06 |  1.1944e+01  1.1998e+01 2.14e-03 | 138.4 | 3.6e-03 |
 38600 | 1.94e-06 2.05e-06 |  1.1945e+01  1.1998e+01 2.10e-03 | 138.7 | 6.0e-03 |
 38700 | 1.93e-06 1.55e-06 |  1.1945e+01  1.1998e+01 2.09e-03 | 139.1 | 6.0e-03 |
 38800 | 1.91e-06 2.74e-06 |  1.1946e+01  1.1998e+01 2.08e-03 | 139.4 | 3.6e-03 |
 38900 | 1.89e-06 2.04e-06 |  1.1947e+01  1.1998e+01 2.05e-03 | 139.8 | 6.0e-03 |
 39000 | 1.88e-06 1.57e-06 |  1.1947e+01  1.1998e+01 2.04e-03 | 140.1 | 6.0e-03 |
 39100 | 1.86e-06 2.69e-06 |  1.1947e+01  1.1998e+01 2.03e-03 | 140.5 | 3.6e-03 |
 39200 | 1.84e-06 2.02e-06 |  1.1948e+01  1.1998e+01 2.00e-03 | 140.8 | 6.0e-03 |
 39300 | 1.83e-06 1.55e-06 |  1.1948e+01  1.1998e+01 1.98e-03 | 141.2 | 6.0e-03 |
 39400 | 1.81e-06 2.63e-06 |  1.1949e+01  1.1998e+01 1.98e-03 | 141.6 | 3.6e-03 |
 39500 | 1.79e-06 2.00e-06 |  1.1949e+01  1.1998e+01 1.95e-03 | 141.9 | 6.0e-03 |
 39600 | 1.78e-06 1.57e-06 |  1.1950e+01  1.1998e+01 1.94e-03 | 142.3 | 6.0e-03 |
 39700 | 1.76e-06 2.58e-06 |  1.1950e+01  1.1998e+01 1.93e-03 | 142.6 | 3.6e-03 |
 39800 | 1.75e-06 2.00e-06 |  1.1951e+01  1.1998e+01 1.90e-03 | 143.0 | 6.0e-03 |
 39900 | 1.74e-06 1.54e-06 |  1.1951e+01  1.1998e+01 1.89e-03 | 143.3 | 7.7e-03 |
 40000 | 1.72e-06 1.86e-06 |  1.1951e+01  1.1998e+01 1.88e-03 | 143.7 | 4.6e-03 |
 40100 | 1.71e-06 1.63e-06 |  1.1952e+01  1.1998e+01 1.86e-03 | 144.0 | 7.7e-03 |
 40200 | 1.70e-06 1.86e-06 |  1.1952e+01  1.1998e+01 1.86e-03 | 144.4 | 4.6e-03 |
 40300 | 1.68e-06 1.59e-06 |  1.1952e+01  1.1998e+01 1.84e-03 | 144.8 | 7.7e-03 |
 40400 | 1.67e-06 1.83e-06 |  1.1953e+01  1.1998e+01 1.83e-03 | 145.1 | 4.6e-03 |
 40500 | 1.66e-06 1.58e-06 |  1.1953e+01  1.1998e+01 1.81e-03 | 145.5 | 7.7e-03 |
 40600 | 1.64e-06 1.81e-06 |  1.1953e+01  1.1998e+01 1.80e-03 | 145.8 | 4.6e-03 |
 40700 | 1.63e-06 1.56e-06 |  1.1954e+01  1.1998e+01 1.79e-03 | 146.2 | 7.7e-03 |
 40800 | 1.62e-06 1.79e-06 |  1.1954e+01  1.1998e+01 1.78e-03 | 146.5 | 4.6e-03 |
 40900 | 1.61e-06 1.54e-06 |  1.1954e+01  1.1998e+01 1.76e-03 | 146.9 | 7.7e-03 |
 41000 | 1.60e-06 1.77e-06 |  1.1955e+01  1.1998e+01 1.75e-03 | 147.2 | 4.6e-03 |
 41100 | 1.59e-06 1.53e-06 |  1.1955e+01  1.1998e+01 1.74e-03 | 147.6 | 7.7e-03 |
 41200 | 1.57e-06 1.51e-06 |  1.1955e+01  1.1998e+01 1.73e-03 | 148.0 | 6.0e-03 |
 41300 | 1.56e-06 1.70e-06 |  1.1956e+01  1.1998e+01 1.72e-03 | 148.3 | 6.0e-03 |
 41400 | 1.55e-06 1.40e-06 |  1.1956e+01  1.1998e+01 1.70e-03 | 148.6 | 1.0e-02 |
 41500 | 1.54e-06 1.47e-06 |  1.1956e+01  1.1998e+01 1.70e-03 | 149.0 | 6.0e-03 |
 41600 | 1.53e-06 1.68e-06 |  1.1956e+01  1.1998e+01 1.68e-03 | 149.3 | 6.0e-03 |
 41700 | 1.52e-06 1.36e-06 |  1.1957e+01  1.1998e+01 1.67e-03 | 149.7 | 1.0e-02 |
 41800 | 1.51e-06 1.43e-06 |  1.1957e+01  1.1998e+01 1.66e-03 | 150.0 | 6.0e-03 |
 41900 | 1.50e-06 1.64e-06 |  1.1957e+01  1.1999e+01 1.65e-03 | 150.4 | 6.0e-03 |
 42000 | 1.49e-06 1.34e-06 |  1.1958e+01  1.1999e+01 1.64e-03 | 150.7 | 1.0e-02 |
 42100 | 1.48e-06 1.40e-06 |  1.1958e+01  1.1999e+01 1.63e-03 | 151.1 | 6.0e-03 |
 42200 | 1.47e-06 1.61e-06 |  1.1958e+01  1.1999e+01 1.62e-03 | 151.4 | 6.0e-03 |
 42300 | 1.46e-06 1.31e-06 |  1.1958e+01  1.1999e+01 1.61e-03 | 151.7 | 1.0e-02 |
 42400 | 1.45e-06 1.38e-06 |  1.1959e+01  1.1999e+01 1.60e-03 | 152.1 | 6.0e-03 |
 42500 | 1.44e-06 1.59e-06 |  1.1959e+01  1.1999e+01 1.59e-03 | 152.4 | 6.0e-03 |
 42600 | 1.43e-06 1.31e-06 |  1.1959e+01  1.1999e+01 1.58e-03 | 152.8 | 1.0e-02 |
 42700 | 1.43e-06 1.37e-06 |  1.1959e+01  1.1999e+01 1.57e-03 | 153.1 | 6.0e-03 |
 42800 | 1.41e-06 1.58e-06 |  1.1960e+01  1.1999e+01 1.56e-03 | 153.5 | 6.0e-03 |
 42900 | 1.41e-06 1.30e-06 |  1.1960e+01  1.1999e+01 1.55e-03 | 153.8 | 1.0e-02 |
 43000 | 1.40e-06 1.37e-06 |  1.1960e+01  1.1999e+01 1.54e-03 | 154.2 | 6.0e-03 |
 43100 | 1.39e-06 1.56e-06 |  1.1960e+01  1.1999e+01 1.53e-03 | 154.5 | 6.0e-03 |
 43200 | 1.38e-06 1.30e-06 |  1.1961e+01  1.1999e+01 1.52e-03 | 154.9 | 1.0e-02 |
 43300 | 1.37e-06 1.37e-06 |  1.1961e+01  1.1999e+01 1.52e-03 | 155.2 | 6.0e-03 |
 43400 | 1.36e-06 1.56e-06 |  1.1961e+01  1.1999e+01 1.50e-03 | 155.5 | 6.0e-03 |
 43500 | 1.35e-06 1.31e-06 |  1.1962e+01  1.1999e+01 1.49e-03 | 155.9 | 1.0e-02 |
 43600 | 1.34e-06 1.37e-06 |  1.1962e+01  1.1999e+01 1.49e-03 | 156.2 | 6.0e-03 |
 43700 | 1.34e-06 1.31e-06 |  1.1962e+01  1.1999e+01 1.48e-03 | 156.6 | 1.0e-02 |
 43800 | 1.33e-06 1.39e-06 |  1.1962e+01  1.1999e+01 1.47e-03 | 156.9 | 6.0e-03 |
 43900 | 1.32e-06 1.30e-06 |  1.1962e+01  1.1999e+01 1.46e-03 | 157.3 | 1.0e-02 |
 44000 | 1.31e-06 1.37e-06 |  1.1962e+01  1.1999e+01 1.46e-03 | 157.6 | 6.0e-03 |
 44100 | 1.31e-06 1.29e-06 |  1.1963e+01  1.1999e+01 1.45e-03 | 158.0 | 1.0e-02 |
 44200 | 1.30e-06 1.37e-06 |  1.1963e+01  1.1999e+01 1.44e-03 | 158.3 | 6.0e-03 |
 44300 | 1.29e-06 1.28e-06 |  1.1963e+01  1.1999e+01 1.43e-03 | 158.6 | 1.0e-02 |
 44400 | 1.29e-06 1.25e-06 |  1.1963e+01  1.1999e+01 1.43e-03 | 159.0 | 1.0e-02 |
 44500 | 1.28e-06 1.36e-06 |  1.1963e+01  1.1999e+01 1.42e-03 | 159.3 | 6.0e-03 |
 44600 | 1.27e-06 1.26e-06 |  1.1964e+01  1.1999e+01 1.41e-03 | 159.7 | 1.0e-02 |
 44700 | 1.27e-06 1.23e-06 |  1.1964e+01  1.1999e+01 1.41e-03 | 160.0 | 1.0e-02 |
 44800 | 1.26e-06 1.34e-06 |  1.1964e+01  1.1999e+01 1.40e-03 | 160.4 | 6.0e-03 |
 44900 | 1.25e-06 1.25e-06 |  1.1964e+01  1.1999e+01 1.39e-03 | 160.7 | 1.0e-02 |
 45000 | 1.25e-06 1.23e-06 |  1.1964e+01  1.1999e+01 1.39e-03 | 161.1 | 1.0e-02 |
 45100 | 1.24e-06 1.34e-06 |  1.1964e+01  1.1999e+01 1.38e-03 | 161.4 | 6.0e-03 |
 45200 | 1.24e-06 1.25e-06 |  1.1965e+01  1.1999e+01 1.37e-03 | 161.8 | 1.0e-02 |
 45300 | 1.23e-06 1.23e-06 |  1.1965e+01  1.1999e+01 1.37e-03 | 162.1 | 1.0e-02 |
 45400 | 1.23e-06 1.24e-06 |  1.1965e+01  1.1999e+01 1.36e-03 | 162.4 | 1.0e-02 |
 45500 | 1.22e-06 1.21e-06 |  1.1965e+01  1.1999e+01 1.36e-03 | 162.8 | 1.7e-02 |
 45600 | 1.22e-06 1.21e-06 |  1.1965e+01  1.1999e+01 1.35e-03 | 163.1 | 1.0e-02 |
 45700 | 1.21e-06 1.22e-06 |  1.1965e+01  1.1999e+01 1.35e-03 | 163.5 | 1.0e-02 |
 45800 | 1.21e-06 1.20e-06 |  1.1966e+01  1.1999e+01 1.34e-03 | 163.8 | 1.0e-02 |
 45900 | 1.20e-06 1.21e-06 |  1.1966e+01  1.1999e+01 1.33e-03 | 164.2 | 1.0e-02 |
 46000 | 1.20e-06 1.20e-06 |  1.1966e+01  1.1999e+01 1.33e-03 | 164.5 | 1.0e-02 |
 46100 | 1.19e-06 1.19e-06 |  1.1966e+01  1.1999e+01 1.32e-03 | 164.9 | 1.3e-02 |
 46200 | 1.19e-06 1.19e-06 |  1.1966e+01  1.1999e+01 1.32e-03 | 165.2 | 1.3e-02 |
 46300 | 1.18e-06 1.19e-06 |  1.1966e+01  1.1999e+01 1.32e-03 | 165.5 | 1.0e-02 |
 46400 | 1.18e-06 1.17e-06 |  1.1966e+01  1.1999e+01 1.31e-03 | 165.9 | 1.7e-02 |
 46500 | 1.18e-06 1.18e-06 |  1.1966e+01  1.1999e+01 1.31e-03 | 166.2 | 1.0e-02 |
 46600 | 1.17e-06 1.19e-06 |  1.1967e+01  1.1999e+01 1.30e-03 | 166.6 | 1.0e-02 |
 46700 | 1.17e-06 1.16e-06 |  1.1967e+01  1.1999e+01 1.30e-03 | 166.9 | 1.7e-02 |
 46800 | 1.16e-06 1.16e-06 |  1.1967e+01  1.1999e+01 1.29e-03 | 167.3 | 1.3e-02 |
 46900 | 1.16e-06 1.16e-06 |  1.1967e+01  1.1999e+01 1.29e-03 | 167.6 | 1.3e-02 |
 47000 | 1.16e-06 1.15e-06 |  1.1967e+01  1.1999e+01 1.29e-03 | 168.0 | 1.3e-02 |
 47100 | 1.15e-06 1.16e-06 |  1.1967e+01  1.1999e+01 1.28e-03 | 168.3 | 1.3e-02 |
 47200 | 1.15e-06 1.15e-06 |  1.1967e+01  1.1999e+01 1.28e-03 | 168.6 | 1.3e-02 |
 47300 | 1.14e-06 1.14e-06 |  1.1967e+01  1.1999e+01 1.27e-03 | 169.0 | 1.7e-02 |
 47400 | 1.14e-06 1.14e-06 |  1.1967e+01  1.1999e+01 1.27e-03 | 169.3 | 1.3e-02 |
 47500 | 1.14e-06 1.14e-06 |  1.1967e+01  1.1999e+01 1.27e-03 | 169.7 | 1.3e-02 |
 47600 | 1.13e-06 1.14e-06 |  1.1968e+01  1.1999e+01 1.26e-03 | 170.0 | 1.3e-02 |
 47700 | 1.13e-06 1.13e-06 |  1.1968e+01  1.1999e+01 1.26e-03 | 170.4 | 1.3e-02 |
 47800 | 1.13e-06 1.13e-06 |  1.1968e+01  1.1999e+01 1.26e-03 | 170.7 | 1.3e-02 |
 47900 | 1.12e-06 1.13e-06 |  1.1968e+01  1.1999e+01 1.25e-03 | 171.1 | 1.3e-02 |
 48000 | 1.12e-06 1.12e-06 |  1.1968e+01  1.1999e+01 1.25e-03 | 171.4 | 2.1e-02 |
 48100 | 1.12e-06 1.12e-06 |  1.1968e+01  1.1999e+01 1.25e-03 | 171.8 | 1.3e-02 |
 48200 | 1.12e-06 1.12e-06 |  1.1968e+01  1.1999e+01 1.24e-03 | 172.1 | 1.3e-02 |
 48300 | 1.11e-06 1.11e-06 |  1.1968e+01  1.1999e+01 1.24e-03 | 172.4 | 2.1e-02 |
 48400 | 1.11e-06 1.10e-06 |  1.1968e+01  1.1999e+01 1.24e-03 | 172.8 | 2.1e-02 |
 48500 | 1.11e-06 1.11e-06 |  1.1968e+01  1.1999e+01 1.23e-03 | 173.1 | 1.3e-02 |
 48600 | 1.10e-06 1.11e-06 |  1.1968e+01  1.1999e+01 1.23e-03 | 173.5 | 1.3e-02 |
 48700 | 1.10e-06 1.10e-06 |  1.1969e+01  1.1999e+01 1.23e-03 | 173.8 | 2.1e-02 |
 48800 | 1.10e-06 1.09e-06 |  1.1969e+01  1.1999e+01 1.22e-03 | 174.2 | 2.1e-02 |
 48900 | 1.10e-06 1.10e-06 |  1.1969e+01  1.1999e+01 1.22e-03 | 174.5 | 1.3e-02 |
 49000 | 1.09e-06 1.10e-06 |  1.1969e+01  1.1999e+01 1.22e-03 | 174.9 | 1.3e-02 |
 49100 | 1.09e-06 1.09e-06 |  1.1969e+01  1.1999e+01 1.21e-03 | 175.2 | 2.1e-02 |
 49200 | 1.09e-06 1.08e-06 |  1.1969e+01  1.1999e+01 1.21e-03 | 175.6 | 2.1e-02 |
 49300 | 1.08e-06 1.09e-06 |  1.1969e+01  1.1999e+01 1.21e-03 | 175.9 | 1.3e-02 |
 49400 | 1.08e-06 1.08e-06 |  1.1969e+01  1.1999e+01 1.21e-03 | 176.2 | 2.1e-02 |
 49500 | 1.08e-06 1.08e-06 |  1.1969e+01  1.1999e+01 1.20e-03 | 176.6 | 1.3e-02 |
 49600 | 1.08e-06 1.08e-06 |  1.1969e+01  1.1999e+01 1.20e-03 | 176.9 | 2.1e-02 |
 49700 | 1.08e-06 1.07e-06 |  1.1969e+01  1.1999e+01 1.20e-03 | 177.3 | 2.1e-02 |
 49800 | 1.07e-06 1.08e-06 |  1.1969e+01  1.1999e+01 1.20e-03 | 177.6 | 1.3e-02 |
 49900 | 1.07e-06 1.07e-06 |  1.1969e+01  1.1999e+01 1.19e-03 | 178.0 | 2.1e-02 |
 50000 | 1.07e-06 1.07e-06 |  1.1969e+01  1.1999e+01 1.19e-03 | 178.3 | 2.1e-02 |
 50100 | 1.06e-06 1.07e-06 |  1.1970e+01  1.1999e+01 1.19e-03 | 178.7 | 1.3e-02 |
 50200 | 1.06e-06 1.06e-06 |  1.1970e+01  1.1999e+01 1.18e-03 | 179.0 | 2.1e-02 |
 50300 | 1.06e-06 1.06e-06 |  1.1970e+01  1.1999e+01 1.18e-03 | 179.4 | 2.1e-02 |
 50400 | 1.06e-06 1.06e-06 |  1.1970e+01  1.1999e+01 1.18e-03 | 179.7 | 1.3e-02 |
 50500 | 1.06e-06 1.06e-06 |  1.1970e+01  1.1999e+01 1.18e-03 | 180.0 | 2.1e-02 |
 50600 | 1.05e-06 1.05e-06 |  1.1970e+01  1.1999e+01 1.18e-03 | 180.4 | 3.6e-02 |
 50700 | 1.05e-06 1.05e-06 |  1.1970e+01  1.1999e+01 1.17e-03 | 180.7 | 2.1e-02 |
 50800 | 1.05e-06 1.05e-06 |  1.1970e+01  1.1999e+01 1.17e-03 | 181.1 | 1.3e-02 |
 50900 | 1.05e-06 1.05e-06 |  1.1970e+01  1.1999e+01 1.17e-03 | 181.4 | 2.1e-02 |
 51000 | 1.04e-06 1.04e-06 |  1.1970e+01  1.1999e+01 1.17e-03 | 181.8 | 2.1e-02 |
 51100 | 1.04e-06 1.04e-06 |  1.1970e+01  1.1999e+01 1.16e-03 | 182.1 | 2.1e-02 |
 51200 | 1.04e-06 1.04e-06 |  1.1970e+01  1.1999e+01 1.16e-03 | 182.5 | 1.7e-02 |
 51300 | 1.04e-06 1.04e-06 |  1.1970e+01  1.1999e+01 1.16e-03 | 182.8 | 2.8e-02 |
 51400 | 1.04e-06 1.04e-06 |  1.1970e+01  1.1999e+01 1.16e-03 | 183.2 | 1.7e-02 |
 51500 | 1.03e-06 1.03e-06 |  1.1970e+01  1.1999e+01 1.15e-03 | 183.5 | 2.8e-02 |
 51600 | 1.03e-06 1.03e-06 |  1.1970e+01  1.1999e+01 1.15e-03 | 183.8 | 1.7e-02 |
 51700 | 1.03e-06 1.03e-06 |  1.1971e+01  1.1999e+01 1.15e-03 | 184.2 | 2.8e-02 |
 51800 | 1.03e-06 1.03e-06 |  1.1971e+01  1.1999e+01 1.15e-03 | 184.5 | 1.7e-02 |
 51900 | 1.03e-06 1.03e-06 |  1.1971e+01  1.1999e+01 1.15e-03 | 184.9 | 2.8e-02 |
 52000 | 1.02e-06 1.03e-06 |  1.1971e+01  1.1999e+01 1.14e-03 | 185.2 | 1.7e-02 |
 52100 | 1.02e-06 1.02e-06 |  1.1971e+01  1.1999e+01 1.14e-03 | 185.6 | 2.8e-02 |
 52200 | 1.02e-06 1.02e-06 |  1.1971e+01  1.1999e+01 1.14e-03 | 185.9 | 1.7e-02 |
 52300 | 1.02e-06 1.02e-06 |  1.1971e+01  1.1999e+01 1.14e-03 | 186.3 | 2.8e-02 |
 52400 | 1.02e-06 1.02e-06 |  1.1971e+01  1.1999e+01 1.14e-03 | 186.6 | 1.7e-02 |
 52500 | 1.01e-06 1.01e-06 |  1.1971e+01  1.1999e+01 1.13e-03 | 187.0 | 2.8e-02 |
 52600 | 1.01e-06 1.01e-06 |  1.1971e+01  1.1999e+01 1.13e-03 | 187.3 | 1.7e-02 |
 52700 | 1.01e-06 1.01e-06 |  1.1971e+01  1.1999e+01 1.13e-03 | 187.6 | 2.8e-02 |
 52800 | 1.01e-06 1.01e-06 |  1.1971e+01  1.1999e+01 1.13e-03 | 188.0 | 2.8e-02 |
 52900 | 1.01e-06 1.01e-06 |  1.1971e+01  1.1999e+01 1.13e-03 | 188.3 | 1.7e-02 |
 53000 | 1.00e-06 1.01e-06 |  1.1971e+01  1.1999e+01 1.12e-03 | 188.7 | 1.7e-02 |
 53100 | 1.00e-06 1.00e-06 |  1.1971e+01  1.1999e+01 1.12e-03 | 189.0 | 2.8e-02 |
 53200 | 1.00e-06 9.99e-07 |  1.1971e+01  1.1999e+01 1.12e-03 | 189.4 | 2.8e-02 |
 53300 | 9.99e-07 1.00e-06 |  1.1971e+01  1.1999e+01 1.12e-03 | 189.7 | 1.7e-02 |
 53400 | 9.97e-07 9.96e-07 |  1.1971e+01  1.1999e+01 1.11e-03 | 190.1 | 2.8e-02 |
 53500 | 9.95e-07 9.97e-07 |  1.1971e+01  1.1999e+01 1.11e-03 | 190.4 | 1.7e-02 |
 53600 | 9.94e-07 9.93e-07 |  1.1972e+01  1.1999e+01 1.11e-03 | 190.8 | 2.8e-02 |
 53700 | 9.92e-07 9.92e-07 |  1.1972e+01  1.1999e+01 1.11e-03 | 191.1 | 2.1e-02 |
 53800 | 9.90e-07 9.90e-07 |  1.1972e+01  1.1999e+01 1.11e-03 | 191.4 | 2.1e-02 |
 53900 | 9.88e-07 9.89e-07 |  1.1972e+01  1.1999e+01 1.10e-03 | 191.8 | 2.1e-02 |
 54000 | 9.87e-07 9.85e-07 |  1.1972e+01  1.1999e+01 1.10e-03 | 192.1 | 3.6e-02 |
 54100 | 9.85e-07 9.83e-07 |  1.1972e+01  1.1999e+01 1.10e-03 | 192.5 | 2.1e-02 |
 54200 | 9.82e-07 9.88e-07 |  1.1972e+01  1.1999e+01 1.10e-03 | 192.8 | 1.3e-02 |
 54300 | 9.80e-07 9.83e-07 |  1.1972e+01  1.1999e+01 1.10e-03 | 193.2 | 2.1e-02 |
 54400 | 9.79e-07 9.78e-07 |  1.1972e+01  1.1999e+01 1.09e-03 | 193.5 | 3.6e-02 |
 54500 | 9.78e-07 9.73e-07 |  1.1972e+01  1.1999e+01 1.09e-03 | 193.9 | 3.6e-02 |
 54600 | 9.76e-07 9.71e-07 |  1.1972e+01  1.1999e+01 1.09e-03 | 194.2 | 2.1e-02 |
 54700 | 9.73e-07 9.76e-07 |  1.1972e+01  1.1999e+01 1.09e-03 | 194.6 | 1.3e-02 |
 54800 | 9.71e-07 9.71e-07 |  1.1972e+01  1.1999e+01 1.09e-03 | 194.9 | 2.1e-02 |
 54900 | 9.69e-07 9.70e-07 |  1.1972e+01  1.1999e+01 1.08e-03 | 195.2 | 2.1e-02 |
 55000 | 9.68e-07 9.67e-07 |  1.1972e+01  1.1999e+01 1.08e-03 | 195.6 | 2.8e-02 |
 55100 | 9.66e-07 9.67e-07 |  1.1972e+01  1.1999e+01 1.08e-03 | 195.9 | 1.7e-02 |
 55200 | 9.64e-07 9.64e-07 |  1.1972e+01  1.1999e+01 1.08e-03 | 196.3 | 2.8e-02 |
 55300 | 9.63e-07 9.60e-07 |  1.1972e+01  1.1999e+01 1.08e-03 | 196.6 | 2.8e-02 |
 55400 | 9.61e-07 9.61e-07 |  1.1972e+01  1.1999e+01 1.08e-03 | 197.0 | 1.7e-02 |
 55500 | 9.58e-07 9.62e-07 |  1.1973e+01  1.1999e+01 1.07e-03 | 197.3 | 1.7e-02 |
 55600 | 9.56e-07 9.58e-07 |  1.1973e+01  1.1999e+01 1.07e-03 | 197.7 | 2.8e-02 |
 55700 | 9.56e-07 9.53e-07 |  1.1973e+01  1.1999e+01 1.07e-03 | 198.0 | 4.6e-02 |
 55800 | 9.54e-07 9.50e-07 |  1.1973e+01  1.1999e+01 1.07e-03 | 198.4 | 2.8e-02 |
 55900 | 9.52e-07 9.50e-07 |  1.1973e+01  1.1999e+01 1.07e-03 | 198.7 | 1.7e-02 |
 56000 | 9.49e-07 9.50e-07 |  1.1973e+01  1.1999e+01 1.06e-03 | 199.0 | 1.7e-02 |
 56100 | 9.47e-07 9.49e-07 |  1.1973e+01  1.1999e+01 1.06e-03 | 199.4 | 1.7e-02 |
 56200 | 9.46e-07 9.46e-07 |  1.1973e+01  1.1999e+01 1.06e-03 | 199.7 | 2.8e-02 |
 56300 | 9.45e-07 9.43e-07 |  1.1973e+01  1.1999e+01 1.06e-03 | 200.1 | 2.8e-02 |
 56400 | 9.43e-07 9.43e-07 |  1.1973e+01  1.1999e+01 1.06e-03 | 200.4 | 1.7e-02 |
 56500 | 9.40e-07 9.44e-07 |  1.1973e+01  1.1999e+01 1.05e-03 | 200.8 | 1.7e-02 |
 56600 | 9.38e-07 9.40e-07 |  1.1973e+01  1.1999e+01 1.05e-03 | 201.1 | 2.8e-02 |
 56700 | 9.38e-07 9.35e-07 |  1.1973e+01  1.1999e+01 1.05e-03 | 201.5 | 4.6e-02 |
 56800 | 9.36e-07 9.32e-07 |  1.1973e+01  1.1999e+01 1.05e-03 | 201.8 | 2.8e-02 |
 56900 | 9.34e-07 9.32e-07 |  1.1973e+01  1.1999e+01 1.05e-03 | 202.2 | 1.7e-02 |
 57000 | 9.32e-07 9.33e-07 |  1.1973e+01  1.1999e+01 1.04e-03 | 202.5 | 1.7e-02 |
 57100 | 9.30e-07 9.31e-07 |  1.1973e+01  1.1999e+01 1.04e-03 | 202.8 | 1.7e-02 |
 57200 | 9.28e-07 9.28e-07 |  1.1973e+01  1.1999e+01 1.04e-03 | 203.2 | 2.8e-02 |
 57300 | 9.27e-07 9.25e-07 |  1.1973e+01  1.1999e+01 1.04e-03 | 203.5 | 2.8e-02 |
 57400 | 9.25e-07 9.25e-07 |  1.1973e+01  1.1999e+01 1.04e-03 | 203.9 | 1.7e-02 |
 57500 | 9.22e-07 9.26e-07 |  1.1974e+01  1.1999e+01 1.03e-03 | 204.2 | 1.7e-02 |
 57600 | 9.21e-07 9.22e-07 |  1.1974e+01  1.1999e+01 1.03e-03 | 204.6 | 2.8e-02 |
 57700 | 9.20e-07 9.18e-07 |  1.1974e+01  1.1999e+01 1.03e-03 | 204.9 | 4.6e-02 |
 57800 | 9.19e-07 9.14e-07 |  1.1974e+01  1.1999e+01 1.03e-03 | 205.3 | 2.8e-02 |
 57900 | 9.17e-07 9.15e-07 |  1.1974e+01  1.1999e+01 1.03e-03 | 205.6 | 1.7e-02 |
 58000 | 9.14e-07 9.15e-07 |  1.1974e+01  1.1999e+01 1.03e-03 | 206.0 | 1.7e-02 |
 58100 | 9.12e-07 9.13e-07 |  1.1974e+01  1.1999e+01 1.02e-03 | 206.3 | 1.7e-02 |
 58200 | 9.11e-07 9.10e-07 |  1.1974e+01  1.1999e+01 1.02e-03 | 206.6 | 2.8e-02 |
 58300 | 9.09e-07 9.09e-07 |  1.1974e+01  1.1999e+01 1.02e-03 | 207.0 | 2.1e-02 |
 58400 | 9.07e-07 9.07e-07 |  1.1974e+01  1.1999e+01 1.02e-03 | 207.3 | 2.1e-02 |
 58500 | 9.05e-07 9.06e-07 |  1.1974e+01  1.1999e+01 1.02e-03 | 207.7 | 2.1e-02 |
 58600 | 9.04e-07 9.03e-07 |  1.1974e+01  1.1999e+01 1.01e-03 | 208.0 | 3.6e-02 |
 58700 | 9.03e-07 9.01e-07 |  1.1974e+01  1.1999e+01 1.01e-03 | 208.4 | 2.1e-02 |
 58800 | 9.00e-07 9.05e-07 |  1.1974e+01  1.1999e+01 1.01e-03 | 208.7 | 1.3e-02 |
 58900 | 8.98e-07 9.00e-07 |  1.1974e+01  1.1999e+01 1.01e-03 | 209.1 | 2.1e-02 |
 59000 | 8.97e-07 8.97e-07 |  1.1974e+01  1.1999e+01 1.01e-03 | 209.4 | 3.6e-02 |
 59100 | 8.96e-07 8.93e-07 |  1.1974e+01  1.1999e+01 1.01e-03 | 209.8 | 3.6e-02 |
 59200 | 8.95e-07 8.91e-07 |  1.1974e+01  1.1999e+01 1.00e-03 | 210.1 | 2.1e-02 |
 59300 | 8.92e-07 8.94e-07 |  1.1974e+01  1.1999e+01 1.00e-03 | 210.5 | 1.3e-02 |
 59360 | 8.91e-07 8.91e-07 |  1.1974e+01  1.1999e+01 1.00e-03 | 210.7 | 2.1e-02 |

 -------------------------------------------------------------------------------

Solver ended: converged.

 primal infeasibility = 8.9e-07 
 dual   infeasibility = 8.9e-07 
 relative gap         = 1.0e-03
 primal objective =  1.19744487e+01 
 dual   objective =  1.19994220e+01

 time per iteration = 0.0035s 
 total time         = 210.7s
 -------------------------------------------------------------------------------

best max KKT residual after switch  = 1.0e-03