Loaded problem from /home/jordan/antoine/cuADMM/examples/plato/TXT/swissroll/
              vector length: 320400
      number of constraints: 3380
           number of blocks: 1
  number of non-zeros in At: 330537
   number of non-zeros in b: 3379
   number of non-zeros in C: 800

Analysis of the blk vector:
        1 matrices of size 800 (large)

Analysis of the large matrices sizes:
    size of large matrices: 800 
  number of large matrices:   1 
    total size of large matrices: 640000
  sum of sizes of large matrices: 800
    nb large (with multiplicity): 1
  large matrices start indices: 0 640000 

Analysis of the small matrices sizes:
    size of small matrices: 
  number of small matrices: 
    total size of small matrices: 0
  sum of sizes of small matrices: 0
    nb small (with multiplicity): 0
  small matrices start indices: 0 

 -------------------------------------------------------------------------------
                                    cuADMM
 -------------------------------------------------------------------------------
 norm of C = 2.9e+01, norm of b = 3.8e+02

  it. | p infeas d infeas | primal obj.   dual obj. rel. gap |  time |   sigma | 
 -------------------------------------------------------------------------------
    0 | 9.97e-01 9.66e-01 |  0.0000e+00  0.0000e+00 0.00e+00 |   0.2 | 1.0e+00 |
   50 | 7.67e-02 1.71e-01 | -2.1672e+04 -8.5911e+03 4.32e-01 |   1.2 | 9.5e-01 |
  100 | 5.90e-03 1.26e-01 | -3.0735e+04 -1.2682e+04 4.16e-01 |   2.2 | 9.5e-01 |
  150 | 4.54e-04 1.10e-01 | -3.7717e+04 -1.6263e+04 3.97e-01 |   3.3 | 1.0e+00 |
  200 | 3.50e-05 1.01e-01 | -4.3160e+04 -1.9201e+04 3.84e-01 |   4.3 | 1.0e+00 |
  300 | 2.07e-07 9.07e-02 | -5.2683e+04 -2.3252e+04 3.88e-01 |   6.3 | 1.1e+00 |
  400 | 1.23e-09 8.30e-02 | -6.1273e+04 -2.7029e+04 3.88e-01 |   8.3 | 1.1e+00 |
  500 | 3.12e-11 7.83e-02 | -6.9066e+04 -3.0155e+04 3.92e-01 |  10.3 | 1.2e+00 |
  600 | 3.13e-11 7.45e-02 | -7.6538e+04 -3.3321e+04 3.93e-01 |  12.3 | 1.2e+00 |
  700 | 3.29e-11 7.08e-02 | -8.3724e+04 -3.6101e+04 3.97e-01 |  14.4 | 1.3e+00 |
  800 | 3.50e-11 6.76e-02 | -9.0937e+04 -3.9354e+04 3.96e-01 |  16.4 | 1.3e+00 |
  900 | 3.64e-11 6.43e-02 | -9.7969e+04 -4.2980e+04 3.90e-01 |  18.4 | 1.4e+00 |
 1000 | 3.84e-11 6.15e-02 | -1.0476e+05 -4.7016e+04 3.80e-01 |  20.4 | 1.5e+00 |
 1100 | 4.03e-11 6.02e-02 | -1.1078e+05 -5.0496e+04 3.74e-01 |  22.5 | 1.6e+00 |
 1200 | 4.20e-11 5.86e-02 | -1.1641e+05 -5.2955e+04 3.75e-01 |  24.5 | 1.6e+00 |
 1300 | 4.51e-11 5.63e-02 | -1.2235e+05 -5.5164e+04 3.78e-01 |  26.5 | 1.7e+00 |
 1400 | 4.61e-11 5.42e-02 | -1.2880e+05 -5.7974e+04 3.79e-01 |  28.5 | 1.8e+00 |
 1500 | 5.13e-11 5.30e-02 | -1.3501e+05 -6.1106e+04 3.77e-01 |  30.5 | 1.9e+00 |
 1600 | 5.19e-11 5.20e-02 | -1.4087e+05 -6.3874e+04 3.76e-01 |  32.6 | 2.0e+00 |
 1700 | 5.35e-11 5.08e-02 | -1.4664e+05 -6.6394e+04 3.77e-01 |  34.6 | 2.1e+00 |
 1800 | 5.69e-11 4.97e-02 | -1.5248e+05 -6.8908e+04 3.77e-01 |  36.6 | 2.2e+00 |
 1900 | 6.18e-11 4.85e-02 | -1.5833e+05 -7.1405e+04 3.78e-01 |  38.7 | 2.3e+00 |
 2000 | 6.16e-11 4.72e-02 | -1.6446e+05 -7.3897e+04 3.80e-01 |  40.7 | 2.4e+00 |
 2100 | 6.64e-11 4.63e-02 | -1.7070e+05 -7.6648e+04 3.80e-01 |  42.7 | 2.5e+00 |
 2200 | 6.86e-11 4.51e-02 | -1.7713e+05 -7.9494e+04 3.80e-01 |  44.7 | 2.7e+00 |
 2300 | 7.16e-11 4.45e-02 | -1.8353e+05 -8.2564e+04 3.79e-01 |  46.8 | 2.8e+00 |
 2400 | 7.86e-11 4.40e-02 | -1.8960e+05 -8.5349e+04 3.79e-01 |  48.8 | 2.9e+00 |
 2500 | 7.98e-11 4.36e-02 | -1.9547e+05 -8.7711e+04 3.81e-01 |  50.8 | 3.1e+00 |
 2600 | 8.50e-11 4.31e-02 | -2.0132e+05 -8.9671e+04 3.84e-01 |  52.8 | 3.2e+00 |
 2700 | 8.70e-11 4.22e-02 | -2.0763e+05 -9.1456e+04 3.88e-01 |  54.9 | 3.4e+00 |
 2800 | 9.20e-11 4.17e-02 | -2.1438e+05 -9.3376e+04 3.93e-01 |  56.9 | 3.6e+00 |
 2900 | 9.60e-11 4.12e-02 | -2.2119e+05 -9.5106e+04 3.99e-01 |  58.9 | 3.7e+00 |
 3000 | 1.00e-10 4.08e-02 | -2.2813e+05 -9.6612e+04 4.05e-01 |  60.9 | 3.9e+00 |
 3100 | 1.07e-10 4.04e-02 | -2.3530e+05 -9.7952e+04 4.12e-01 |  62.9 | 4.1e+00 |
 3200 | 1.08e-10 4.00e-02 | -2.4277e+05 -9.9205e+04 4.20e-01 |  64.9 | 4.3e+00 |
 3300 | 1.17e-10 3.96e-02 | -2.5064e+05 -1.0042e+05 4.28e-01 |  67.0 | 4.5e+00 |
 3400 | 1.23e-10 3.90e-02 | -2.5915e+05 -1.0169e+05 4.36e-01 |  69.0 | 4.8e+00 |
 3500 | 1.31e-10 3.86e-02 | -2.6845e+05 -1.0336e+05 4.44e-01 |  71.0 | 5.0e+00 |
 3600 | 1.37e-10 3.83e-02 | -2.7792e+05 -1.0515e+05 4.51e-01 |  73.0 | 5.3e+00 |
 3700 | 1.43e-10 3.80e-02 | -2.8755e+05 -1.0695e+05 4.58e-01 |  75.0 | 5.5e+00 |
 3800 | 1.52e-10 3.77e-02 | -2.9739e+05 -1.0871e+05 4.65e-01 |  77.0 | 5.8e+00 |
 3900 | 1.53e-10 3.74e-02 | -3.0753e+05 -1.1044e+05 4.72e-01 |  79.0 | 6.1e+00 |
 4000 | 1.66e-10 3.70e-02 | -3.1807e+05 -1.1214e+05 4.79e-01 |  81.1 | 6.4e+00 |
 4100 | 1.71e-10 3.65e-02 | -3.2927e+05 -1.1389e+05 4.86e-01 |  83.1 | 6.7e+00 |
 4200 | 1.76e-10 3.60e-02 | -3.4155e+05 -1.1589e+05 4.93e-01 |  85.1 | 7.0e+00 |
 4300 | 1.94e-10 3.55e-02 | -3.5441e+05 -1.1826e+05 5.00e-01 |  87.1 | 7.4e+00 |
 4400 | 2.05e-10 3.52e-02 | -3.6750e+05 -1.2070e+05 5.06e-01 |  89.1 | 7.8e+00 |
 4500 | 2.22e-10 3.49e-02 | -3.8081e+05 -1.2313e+05 5.11e-01 |  91.2 | 8.1e+00 |
 4600 | 2.25e-10 3.46e-02 | -3.9439e+05 -1.2556e+05 5.17e-01 |  93.2 | 8.6e+00 |
 4700 | 2.32e-10 3.43e-02 | -4.0823e+05 -1.2800e+05 5.23e-01 |  95.2 | 9.0e+00 |
 4800 | 2.43e-10 3.41e-02 | -4.2232e+05 -1.3046e+05 5.28e-01 |  97.2 | 9.4e+00 |
 4900 | 2.48e-10 3.38e-02 | -4.3668e+05 -1.3288e+05 5.33e-01 |  99.2 | 9.9e+00 |
 5000 | 2.68e-10 3.36e-02 | -4.5132e+05 -1.3524e+05 5.39e-01 | 101.3 | 1.0e+01 |
 5100 | 2.91e-10 3.34e-02 | -4.6628e+05 -1.3754e+05 5.44e-01 | 103.3 | 1.1e+01 |
 5200 | 2.93e-10 3.32e-02 | -4.8161e+05 -1.3975e+05 5.50e-01 | 105.3 | 1.1e+01 |
 5300 | 3.13e-10 3.30e-02 | -4.9735e+05 -1.4189e+05 5.56e-01 | 107.3 | 1.2e+01 |
 5400 | 3.26e-10 3.28e-02 | -5.1359e+05 -1.4394e+05 5.62e-01 | 109.3 | 1.3e+01 |
 5500 | 3.50e-10 3.26e-02 | -5.3040e+05 -1.4593e+05 5.68e-01 | 111.4 | 1.3e+01 |
 5600 | 3.62e-10 3.24e-02 | -5.4782e+05 -1.4784e+05 5.75e-01 | 113.4 | 1.4e+01 |
 5700 | 3.74e-10 3.22e-02 | -5.6593e+05 -1.4968e+05 5.82e-01 | 115.4 | 1.5e+01 |
 5800 | 4.00e-10 3.20e-02 | -5.8487e+05 -1.5146e+05 5.89e-01 | 117.4 | 1.5e+01 |
 5900 | 4.11e-10 3.17e-02 | -6.0497e+05 -1.5324e+05 5.96e-01 | 119.4 | 1.6e+01 |
 6000 | 4.46e-10 3.14e-02 | -6.2640e+05 -1.5506e+05 6.03e-01 | 121.5 | 1.7e+01 |
 6100 | 4.66e-10 3.10e-02 | -6.4933e+05 -1.5690e+05 6.11e-01 | 123.5 | 1.8e+01 |
 6200 | 4.88e-10 3.05e-02 | -6.7435e+05 -1.5881e+05 6.19e-01 | 125.5 | 1.9e+01 |
 6300 | 5.21e-10 3.03e-02 | -7.0154e+05 -1.6091e+05 6.27e-01 | 127.5 | 2.0e+01 |
 6400 | 5.27e-10 3.00e-02 | -7.3040e+05 -1.6326e+05 6.35e-01 | 129.5 | 2.1e+01 |
 6500 | 5.85e-10 2.98e-02 | -7.6039e+05 -1.6585e+05 6.42e-01 | 131.6 | 2.2e+01 |
 6600 | 5.83e-10 2.96e-02 | -7.9135e+05 -1.6861e+05 6.49e-01 | 133.6 | 2.3e+01 |
 6700 | 5.87e-10 2.93e-02 | -8.2332e+05 -1.7147e+05 6.55e-01 | 135.6 | 2.4e+01 |
 6800 | 6.52e-10 2.91e-02 | -8.5640e+05 -1.7439e+05 6.62e-01 | 137.6 | 2.5e+01 |
 6900 | 7.05e-10 2.88e-02 | -8.9049e+05 -1.7735e+05 6.68e-01 | 139.6 | 2.6e+01 |
 7000 | 7.19e-10 2.86e-02 | -9.2559e+05 -1.8032e+05 6.74e-01 | 141.6 | 2.8e+01 |
 7100 | 7.24e-10 2.84e-02 | -9.6175e+05 -1.8329e+05 6.80e-01 | 143.6 | 2.9e+01 |
 7200 | 8.04e-10 2.82e-02 | -9.9902e+05 -1.8625e+05 6.86e-01 | 145.7 | 3.0e+01 |
 7300 | 8.31e-10 2.80e-02 | -1.0375e+06 -1.8921e+05 6.92e-01 | 147.7 | 3.2e+01 |
 7400 | 8.94e-10 2.78e-02 | -1.0772e+06 -1.9217e+05 6.97e-01 | 149.7 | 3.4e+01 |
 7500 | 9.17e-10 2.76e-02 | -1.1182e+06 -1.9512e+05 7.03e-01 | 151.7 | 3.5e+01 |
 7600 | 9.50e-10 2.75e-02 | -1.1606e+06 -1.9805e+05 7.08e-01 | 153.7 | 3.7e+01 |
 7700 | 1.02e-09 2.73e-02 | -1.2044e+06 -2.0097e+05 7.14e-01 | 155.7 | 3.9e+01 |
 7800 | 1.04e-09 2.71e-02 | -1.2496e+06 -2.0387e+05 7.19e-01 | 157.7 | 4.1e+01 |
 7900 | 1.12e-09 2.70e-02 | -1.2964e+06 -2.0674e+05 7.25e-01 | 159.7 | 4.3e+01 |
 8000 | 1.17e-09 2.68e-02 | -1.3447e+06 -2.0958e+05 7.30e-01 | 161.8 | 4.5e+01 |
 8100 | 1.21e-09 2.67e-02 | -1.3947e+06 -2.1239e+05 7.36e-01 | 163.8 | 4.7e+01 |
 8200 | 1.28e-09 2.66e-02 | -1.4463e+06 -2.1517e+05 7.41e-01 | 165.8 | 5.0e+01 |
 8300 | 1.35e-09 2.65e-02 | -1.4995e+06 -2.1792e+05 7.46e-01 | 167.8 | 5.2e+01 |
 8400 | 1.40e-09 2.63e-02 | -1.5545e+06 -2.2064e+05 7.51e-01 | 169.8 | 5.5e+01 |
 8500 | 1.46e-09 2.62e-02 | -1.6112e+06 -2.2331e+05 7.57e-01 | 171.8 | 5.7e+01 |
 8600 | 1.55e-09 2.61e-02 | -1.6697e+06 -2.2593e+05 7.62e-01 | 173.8 | 6.0e+01 |
 8700 | 1.63e-09 2.60e-02 | -1.7301e+06 -2.2851e+05 7.67e-01 | 175.8 | 6.3e+01 |
 8800 | 1.71e-09 2.59e-02 | -1.7924e+06 -2.3103e+05 7.72e-01 | 177.9 | 6.6e+01 |
 8900 | 1.88e-09 2.58e-02 | -1.8568e+06 -2.3350e+05 7.77e-01 | 179.9 | 7.0e+01 |
 9000 | 1.93e-09 2.58e-02 | -1.9232e+06 -2.3591e+05 7.81e-01 | 181.9 | 7.3e+01 |
 9100 | 2.02e-09 2.57e-02 | -1.9919e+06 -2.3827e+05 7.86e-01 | 183.9 | 7.7e+01 |
 9200 | 2.10e-09 2.56e-02 | -2.0629e+06 -2.4056e+05 7.91e-01 | 185.9 | 8.1e+01 |
 9300 | 2.22e-09 2.55e-02 | -2.1363e+06 -2.4279e+05 7.96e-01 | 187.9 | 8.5e+01 |
 9400 | 2.27e-09 2.55e-02 | -2.2122e+06 -2.4497e+05 8.01e-01 | 189.9 | 8.9e+01 |
 9500 | 2.45e-09 2.54e-02 | -2.2909e+06 -2.4708e+05 8.05e-01 | 191.9 | 9.3e+01 |
 9600 | 2.56e-09 2.53e-02 | -2.3723e+06 -2.4913e+05 8.10e-01 | 193.9 | 9.8e+01 |
 9700 | 2.73e-09 2.53e-02 | -2.4566e+06 -2.5111e+05 8.15e-01 | 195.9 | 1.0e+02 |
 9800 | 2.77e-09 2.52e-02 | -2.5440e+06 -2.5303e+05 8.19e-01 | 197.9 | 1.1e+02 |
 9900 | 2.88e-09 2.52e-02 | -2.6346e+06 -2.5489e+05 8.24e-01 | 199.9 | 1.1e+02 |
 10000 | 3.08e-09 2.51e-02 | -2.7286e+06 -2.5669e+05 8.28e-01 | 201.9 | 1.2e+02 |
 10100 | 3.25e-09 2.50e-02 | -2.8263e+06 -2.5843e+05 8.32e-01 | 203.9 | 1.3e+02 |
 10200 | 3.40e-09 2.50e-02 | -2.9277e+06 -2.6010e+05 8.37e-01 | 205.9 | 1.3e+02 |
 10300 | 3.66e-09 2.49e-02 | -3.0331e+06 -2.6170e+05 8.41e-01 | 207.9 | 1.4e+02 |
 10400 | 3.77e-09 2.49e-02 | -3.1428e+06 -2.6325e+05 8.45e-01 | 209.9 | 1.4e+02 |
 10500 | 3.94e-09 2.48e-02 | -3.2571e+06 -2.6473e+05 8.50e-01 | 212.0 | 1.5e+02 |
 10600 | 4.23e-09 2.48e-02 | -3.3763e+06 -2.6616e+05 8.54e-01 | 214.0 | 1.6e+02 |
 10700 | 4.23e-09 2.47e-02 | -3.5008e+06 -2.6752e+05 8.58e-01 | 216.0 | 1.7e+02 |
 10800 | 4.63e-09 2.46e-02 | -3.6310e+06 -2.6882e+05 8.62e-01 | 218.0 | 1.8e+02 |
 10900 | 4.64e-09 2.45e-02 | -3.7677e+06 -2.7006e+05 8.66e-01 | 220.0 | 1.9e+02 |

 switching to normal ADMM! 11000 | 4.01e+00 2.54e-02 | -3.9316e+06 -2.7123e+05 8.71e-01 | 222.0 | 1.9e+02 |
 11100 | 2.60e+00 2.40e-02 | -4.0961e+06 -2.7241e+05 8.75e-01 | 224.0 | 1.9e+02 |
 11200 | 2.68e+00 2.39e-02 | -4.1961e+06 -2.7448e+05 8.77e-01 | 226.0 | 1.2e+02 |
 11300 | 2.74e+00 2.38e-02 | -4.2558e+06 -2.7805e+05 8.77e-01 | 227.9 | 7.0e+01 |
 11400 | 2.78e+00 2.36e-02 | -4.2915e+06 -2.8409e+05 8.76e-01 | 229.9 | 4.2e+01 |
 11500 | 2.81e+00 2.33e-02 | -4.3127e+06 -2.9413e+05 8.72e-01 | 231.9 | 2.5e+01 |
 11600 | 2.84e+00 2.32e-02 | -4.3254e+06 -3.1086e+05 8.66e-01 | 233.9 | 1.5e+01 |
 11700 | 2.86e+00 2.34e-02 | -4.3327e+06 -3.3854e+05 8.55e-01 | 235.9 | 9.0e+00 |
 11800 | 2.87e+00 2.50e-02 | -4.3366e+06 -3.8420e+05 8.37e-01 | 237.8 | 5.4e+00 |
 11900 | 2.88e+00 3.06e-02 | -4.3384e+06 -4.5978e+05 8.08e-01 | 239.8 | 3.2e+00 |
 12000 | 2.88e+00 4.35e-02 | -4.3389e+06 -5.8501e+05 7.62e-01 | 241.8 | 1.9e+00 |
 12100 | 2.88e+00 6.75e-02 | -4.3387e+06 -7.9308e+05 6.91e-01 | 243.8 | 1.2e+00 |
 12200 | 2.88e+00 1.09e-01 | -4.3380e+06 -1.1394e+06 5.84e-01 | 245.7 | 7.0e-01 |
 12300 | 2.87e+00 1.78e-01 | -4.3370e+06 -1.7160e+06 4.33e-01 | 247.7 | 4.2e-01 |
 12400 | 2.87e+00 2.91e-01 | -4.3359e+06 -2.6765e+06 2.37e-01 | 249.7 | 2.5e-01 |
 12500 | 2.87e+00 4.77e-01 | -4.3347e+06 -4.2768e+06 6.72e-03 | 251.6 | 1.5e-01 |
 12600 | 2.86e+00 7.82e-01 | -4.3335e+06 -6.9435e+06 2.31e-01 | 253.6 | 9.0e-02 |
 12700 | 2.86e+00 1.28e+00 | -4.3322e+06 -1.1387e+07 4.49e-01 | 255.6 | 5.4e-02 |
 12800 | 2.86e+00 2.11e+00 | -4.3310e+06 -1.8792e+07 6.25e-01 | 257.5 | 3.2e-02 |
 12900 | 2.85e+00 3.47e+00 | -4.3297e+06 -3.1131e+07 7.56e-01 | 259.5 | 1.9e-02 |
 13000 | 2.85e+00 4.49e+00 | -4.3273e+06 -4.0772e+07 8.08e-01 | 261.4 | 3.2e-02 |
 13100 | 2.83e+00 5.04e+00 | -4.3227e+06 -4.6534e+07 8.30e-01 | 263.4 | 5.4e-02 |
 13200 | 2.81e+00 5.28e+00 | -4.3146e+06 -4.9970e+07 8.41e-01 | 265.4 | 9.0e-02 |
 13300 | 2.77e+00 5.33e+00 | -4.3013e+06 -5.2015e+07 8.47e-01 | 267.3 | 1.5e-01 |
 13400 | 2.72e+00 5.23e+00 | -4.2797e+06 -5.3231e+07 8.51e-01 | 269.3 | 2.5e-01 |
 13500 | 2.64e+00 5.01e+00 | -4.2458e+06 -5.3954e+07 8.54e-01 | 271.3 | 4.2e-01 |
 13600 | 2.58e+00 4.71e+00 | -4.1957e+06 -5.4388e+07 8.57e-01 | 273.2 | 7.0e-01 |
 13700 | 2.60e+00 4.34e+00 | -4.1197e+06 -5.4658e+07 8.60e-01 | 275.2 | 1.2e+00 |
 13800 | 3.00e+00 3.92e+00 | -3.9994e+06 -5.4835e+07 8.64e-01 | 277.2 | 1.9e+00 |
 13900 | 4.45e+00 3.40e+00 | -3.8136e+06 -5.4963e+07 8.70e-01 | 279.1 | 3.2e+00 |
 14000 | 4.99e+00 3.06e+00 | -3.6772e+06 -5.5170e+07 8.75e-01 | 281.1 | 1.9e+00 |
 14100 | 4.29e+00 3.09e+00 | -3.5969e+06 -5.5524e+07 8.78e-01 | 283.1 | 1.2e+00 |
 14200 | 3.65e+00 3.35e+00 | -3.5483e+06 -5.6062e+07 8.81e-01 | 285.0 | 7.0e-01 |
 14300 | 3.32e+00 3.71e+00 | -3.5188e+06 -5.6868e+07 8.83e-01 | 287.0 | 4.2e-01 |
 14400 | 3.10e+00 3.45e+00 | -3.4803e+06 -5.7444e+07 8.86e-01 | 289.0 | 7.0e-01 |
 14500 | 3.11e+00 3.00e+00 | -3.4161e+06 -5.7752e+07 8.88e-01 | 290.9 | 1.2e+00 |
 14600 | 3.24e+00 2.71e+00 | -3.3521e+06 -5.8023e+07 8.91e-01 | 292.9 | 9.0e-01 |
 14700 | 3.22e+00 2.75e+00 | -3.3138e+06 -5.8465e+07 8.93e-01 | 294.9 | 5.4e-01 |
 14800 | 3.11e+00 3.23e+00 | -3.2905e+06 -5.9219e+07 8.95e-01 | 296.9 | 3.2e-01 |
 14900 | 2.99e+00 3.22e+00 | -3.2597e+06 -5.9815e+07 8.97e-01 | 298.8 | 5.4e-01 |
 15000 | 3.01e+00 2.86e+00 | -3.2073e+06 -6.0166e+07 8.99e-01 | 300.8 | 9.0e-01 |
 15100 | 3.05e+00 2.63e+00 | -3.1663e+06 -6.0600e+07 9.01e-01 | 302.8 | 5.4e-01 |
 15200 | 2.98e+00 3.02e+00 | -3.1416e+06 -6.1314e+07 9.03e-01 | 304.7 | 3.2e-01 |
 15300 | 2.87e+00 3.63e+00 | -3.1220e+06 -6.2236e+07 9.04e-01 | 306.7 | 3.2e-01 |
 15400 | 2.82e+00 3.37e+00 | -3.0885e+06 -6.2775e+07 9.06e-01 | 308.7 | 5.4e-01 |
 15500 | 3.01e+00 2.89e+00 | -3.0321e+06 -6.3071e+07 9.08e-01 | 310.7 | 9.0e-01 |
 15600 | 3.15e+00 2.66e+00 | -2.9589e+06 -6.3271e+07 9.11e-01 | 312.6 | 9.0e-01 |
 15700 | 2.87e+00 3.00e+00 | -2.9142e+06 -6.3588e+07 9.12e-01 | 314.6 | 5.4e-01 |
 15800 | 2.57e+00 3.32e+00 | -2.8791e+06 -6.4002e+07 9.14e-01 | 316.6 | 5.4e-01 |
 15900 | 2.47e+00 2.96e+00 | -2.8208e+06 -6.4249e+07 9.16e-01 | 318.6 | 9.0e-01 |
 16000 | 2.72e+00 2.63e+00 | -2.7237e+06 -6.4382e+07 9.19e-01 | 320.5 | 1.5e+00 |
 16100 | 2.83e+00 2.53e+00 | -2.5981e+06 -6.4466e+07 9.23e-01 | 322.5 | 1.5e+00 |
 16200 | 2.53e+00 2.63e+00 | -2.5221e+06 -6.4590e+07 9.25e-01 | 324.5 | 9.0e-01 |
 16300 | 2.24e+00 2.74e+00 | -2.4632e+06 -6.4745e+07 9.27e-01 | 326.5 | 9.0e-01 |
 16400 | 2.19e+00 2.58e+00 | -2.3650e+06 -6.4828e+07 9.30e-01 | 328.4 | 1.5e+00 |
 16500 | 2.40e+00 2.47e+00 | -2.2013e+06 -6.4867e+07 9.34e-01 | 330.4 | 2.5e+00 |
 16600 | 2.46e+00 2.42e+00 | -1.9291e+06 -6.4880e+07 9.42e-01 | 332.4 | 4.2e+00 |
 16700 | 2.24e+00 2.42e+00 | -1.7171e+06 -6.4885e+07 9.48e-01 | 334.4 | 2.5e+00 |
 16800 | 1.92e+00 2.40e+00 | -1.4461e+06 -6.4878e+07 9.56e-01 | 336.3 | 4.2e+00 |
 16900 | 1.99e+00 2.38e+00 | -9.9750e+05 -6.4864e+07 9.70e-01 | 338.3 | 7.0e+00 |
 17000 | 3.60e+00 2.30e+00 | -2.7568e+05 -6.4856e+07 9.92e-01 | 340.3 | 1.2e+01 |
 17100 | 9.79e-01 5.29e-01 | -4.1846e+02 -6.4845e+07 1.00e+00 | 342.2 | 7.0e+00 |
 17200 | 9.84e-01 1.25e-02 | -4.9502e+01 -6.4760e+07 1.00e+00 | 344.2 | 4.2e+00 |
 17300 | 9.63e-01 1.01e-02 | -1.9588e+02 -6.4620e+07 1.00e+00 | 346.2 | 2.5e+00 |
 17400 | 9.00e-01 1.09e-02 | -4.6517e+02 -6.4397e+07 1.00e+00 | 348.1 | 1.5e+00 |
 17500 | 8.44e-01 3.37e-02 | -1.1393e+03 -6.4051e+07 1.00e+00 | 350.1 | 9.0e-01 |
 17600 | 8.13e-01 6.62e-02 | -1.7532e+03 -6.3507e+07 1.00e+00 | 352.1 | 5.4e-01 |
 17700 | 7.90e-01 4.55e-02 | -2.1233e+03 -6.2633e+07 1.00e+00 | 354.1 | 3.2e-01 |
 17800 | 7.66e-01 7.17e-02 | -2.3366e+03 -6.1233e+07 1.00e+00 | 356.0 | 1.9e-01 |
 17900 | 7.40e-01 1.18e-01 | -2.5739e+03 -5.9027e+07 1.00e+00 | 358.0 | 1.2e-01 |
 18000 | 7.03e-01 2.51e-01 | -3.0277e+03 -5.5593e+07 1.00e+00 | 360.0 | 7.0e-02 |
 18100 | 6.38e-01 6.46e-01 | -3.7610e+03 -5.0501e+07 1.00e+00 | 361.9 | 4.2e-02 |
 18200 | 5.91e-01 5.52e-01 | -4.4564e+03 -4.6214e+07 1.00e+00 | 363.9 | 4.2e-02 |
 18300 | 5.46e-01 5.73e-01 | -5.3851e+03 -4.1430e+07 1.00e+00 | 365.9 | 4.2e-02 |
 18400 | 5.18e-01 3.13e-01 | -6.2806e+03 -3.8570e+07 1.00e+00 | 367.9 | 5.4e-02 |
 18500 | 4.81e-01 6.00e-01 | -7.2115e+03 -3.4822e+07 1.00e+00 | 369.8 | 3.2e-02 |
 18600 | 4.57e-01 3.09e-01 | -8.2089e+03 -3.2231e+07 9.99e-01 | 371.8 | 5.4e-02 |
 18700 | 4.28e-01 5.16e-01 | -9.0528e+03 -2.9263e+07 9.99e-01 | 373.8 | 3.2e-02 |
 18800 | 4.08e-01 3.41e-01 | -1.0023e+04 -2.7195e+07 9.99e-01 | 375.8 | 5.4e-02 |
 18900 | 3.85e-01 5.31e-01 | -1.0876e+04 -2.4811e+07 9.99e-01 | 377.7 | 3.2e-02 |
 19000 | 3.67e-01 3.49e-01 | -1.1920e+04 -2.3143e+07 9.99e-01 | 379.7 | 5.4e-02 |
 19100 | 3.55e-01 2.82e-01 | -1.2893e+04 -2.1956e+07 9.99e-01 | 381.7 | 5.4e-02 |
 19200 | 3.35e-01 4.72e-01 | -1.3637e+04 -2.0141e+07 9.99e-01 | 383.7 | 3.2e-02 |
 19300 | 3.21e-01 3.13e-01 | -1.4423e+04 -1.8861e+07 9.98e-01 | 385.6 | 5.4e-02 |
 19400 | 3.11e-01 2.22e-01 | -1.5225e+04 -1.7944e+07 9.98e-01 | 387.6 | 5.4e-02 |
 19500 | 2.95e-01 3.41e-01 | -1.5866e+04 -1.6538e+07 9.98e-01 | 389.6 | 3.2e-02 |
 19600 | 2.83e-01 2.55e-01 | -1.6688e+04 -1.5542e+07 9.98e-01 | 391.5 | 5.4e-02 |
 19700 | 2.69e-01 3.33e-01 | -1.7315e+04 -1.4376e+07 9.98e-01 | 393.5 | 3.2e-02 |
 19800 | 2.58e-01 2.35e-01 | -1.8032e+04 -1.3548e+07 9.97e-01 | 395.5 | 5.4e-02 |
 19900 | 2.46e-01 3.37e-01 | -1.8580e+04 -1.2579e+07 9.97e-01 | 397.5 | 3.2e-02 |
 20000 | 2.36e-01 2.32e-01 | -1.9234e+04 -1.1888e+07 9.97e-01 | 399.4 | 5.4e-02 |
 20100 | 2.29e-01 2.03e-01 | -1.9992e+04 -1.1393e+07 9.96e-01 | 401.4 | 5.4e-02 |
 20200 | 2.19e-01 3.03e-01 | -2.0577e+04 -1.0631e+07 9.96e-01 | 403.4 | 3.2e-02 |
 20300 | 2.10e-01 2.23e-01 | -2.1302e+04 -1.0090e+07 9.96e-01 | 405.4 | 5.4e-02 |
 20400 | 2.04e-01 1.74e-01 | -2.2063e+04 -9.7003e+06 9.95e-01 | 407.3 | 5.4e-02 |
 20500 | 1.95e-01 2.36e-01 | -2.2594e+04 -9.0968e+06 9.95e-01 | 409.3 | 3.2e-02 |
 20600 | 1.88e-01 1.89e-01 | -2.3261e+04 -8.6676e+06 9.95e-01 | 411.3 | 5.4e-02 |
 20700 | 1.82e-01 1.60e-01 | -2.3981e+04 -8.3579e+06 9.94e-01 | 413.3 | 5.4e-02 |
 20800 | 1.73e-01 2.01e-01 | -2.4490e+04 -7.8803e+06 9.94e-01 | 415.2 | 3.2e-02 |
 20900 | 1.67e-01 1.61e-01 | -2.5119e+04 -7.5422e+06 9.93e-01 | 417.2 | 5.4e-02 |
 21000 | 1.60e-01 1.53e-01 | -2.5704e+04 -7.2291e+06 9.93e-01 | 419.2 | 5.4e-02 |
 21100 | 1.53e-01 1.87e-01 | -2.6177e+04 -6.8562e+06 9.92e-01 | 421.2 | 3.2e-02 |
 21200 | 1.48e-01 1.60e-01 | -2.6770e+04 -6.5903e+06 9.92e-01 | 423.1 | 5.4e-02 |
 21300 | 1.45e-01 1.32e-01 | -2.7564e+04 -6.4400e+06 9.91e-01 | 425.1 | 9.0e-02 |
 21400 | 1.41e-01 1.30e-01 | -2.8132e+04 -6.2545e+06 9.91e-01 | 427.1 | 5.4e-02 |
 21500 | 1.36e-01 1.49e-01 | -2.8554e+04 -5.9995e+06 9.91e-01 | 429.1 | 4.2e-02 |
 21600 | 1.32e-01 1.32e-01 | -2.9127e+04 -5.8346e+06 9.90e-01 | 431.0 | 7.0e-02 |
 21700 | 1.29e-01 1.30e-01 | -2.9680e+04 -5.6787e+06 9.90e-01 | 433.0 | 5.4e-02 |
 21800 | 1.26e-01 1.26e-01 | -3.0251e+04 -5.5297e+06 9.89e-01 | 435.0 | 5.4e-02 |
 21900 | 1.22e-01 1.30e-01 | -3.0730e+04 -5.3464e+06 9.89e-01 | 437.0 | 5.4e-02 |
 22000 | 1.21e-01 1.17e-01 | -3.1446e+04 -5.2415e+06 9.88e-01 | 438.9 | 9.0e-02 |
 22100 | 1.19e-01 1.14e-01 | -3.1967e+04 -5.1103e+06 9.88e-01 | 440.9 | 5.4e-02 |
 22200 | 1.16e-01 1.18e-01 | -3.2397e+04 -4.9467e+06 9.87e-01 | 442.9 | 5.4e-02 |
 22300 | 1.14e-01 1.12e-01 | -3.2978e+04 -4.8408e+06 9.86e-01 | 444.9 | 7.0e-02 |
 22400 | 1.12e-01 1.19e-01 | -3.3390e+04 -4.6891e+06 9.86e-01 | 446.8 | 4.2e-02 |
 22500 | 1.11e-01 1.14e-01 | -3.3929e+04 -4.5762e+06 9.85e-01 | 448.8 | 7.0e-02 |
 22600 | 1.10e-01 1.06e-01 | -3.4737e+04 -4.5107e+06 9.85e-01 | 450.8 | 1.2e-01 |
 22700 | 1.08e-01 1.04e-01 | -3.5341e+04 -4.4278e+06 9.84e-01 | 452.8 | 7.0e-02 |
 22800 | 1.06e-01 1.14e-01 | -3.5733e+04 -4.2922e+06 9.83e-01 | 454.7 | 4.2e-02 |
 22900 | 1.05e-01 1.09e-01 | -3.6249e+04 -4.1914e+06 9.83e-01 | 456.7 | 7.0e-02 |
 23000 | 1.04e-01 1.02e-01 | -3.7027e+04 -4.1329e+06 9.82e-01 | 458.7 | 1.2e-01 |
 23100 | 1.03e-01 1.02e-01 | -3.7608e+04 -4.0585e+06 9.82e-01 | 460.7 | 7.0e-02 |
 23200 | 1.01e-01 1.04e-01 | -3.8083e+04 -3.9643e+06 9.81e-01 | 462.6 | 7.0e-02 |
 23300 | 1.01e-01 1.00e-01 | -3.8832e+04 -3.9098e+06 9.80e-01 | 464.6 | 1.2e-01 |
 23400 | 9.99e-02 9.63e-02 | -3.9742e+04 -3.8688e+06 9.80e-01 | 466.6 | 1.2e-01 |
 23500 | 9.88e-02 9.68e-02 | -4.0284e+04 -3.8004e+06 9.79e-01 | 468.6 | 7.0e-02 |
 23600 | 9.74e-02 1.03e-01 | -4.0678e+04 -3.7026e+06 9.78e-01 | 470.5 | 5.4e-02 |
 23700 | 9.64e-02 9.97e-02 | -4.1254e+04 -3.6378e+06 9.78e-01 | 472.5 | 9.0e-02 |
 23800 | 9.58e-02 9.53e-02 | -4.2145e+04 -3.6003e+06 9.77e-01 | 474.5 | 1.5e-01 |
 23900 | 9.53e-02 9.20e-02 | -4.2991e+04 -3.5636e+06 9.76e-01 | 476.4 | 1.2e-01 |
 24000 | 9.45e-02 9.23e-02 | -4.3492e+04 -3.5018e+06 9.75e-01 | 478.4 | 7.0e-02 |
 24100 | 9.33e-02 9.51e-02 | -4.3907e+04 -3.4229e+06 9.75e-01 | 480.4 | 7.0e-02 |
 24200 | 9.26e-02 9.21e-02 | -4.4578e+04 -3.3774e+06 9.74e-01 | 482.4 | 1.2e-01 |
 24300 | 9.19e-02 9.32e-02 | -4.5079e+04 -3.3197e+06 9.73e-01 | 484.3 | 7.0e-02 |
 24400 | 9.11e-02 9.08e-02 | -4.5724e+04 -3.2755e+06 9.72e-01 | 486.3 | 1.2e-01 |
 24500 | 9.05e-02 8.97e-02 | -4.6352e+04 -3.2326e+06 9.72e-01 | 488.3 | 9.0e-02 |
 24600 | 8.96e-02 9.12e-02 | -4.6843e+04 -3.1771e+06 9.71e-01 | 490.3 | 9.0e-02 |
 24700 | 8.89e-02 8.85e-02 | -4.7650e+04 -3.1451e+06 9.70e-01 | 492.2 | 1.5e-01 |
 24800 | 8.83e-02 8.78e-02 | -4.8249e+04 -3.1046e+06 9.69e-01 | 494.2 | 9.0e-02 |
 24900 | 8.73e-02 8.94e-02 | -4.8723e+04 -3.0519e+06 9.69e-01 | 496.2 | 9.0e-02 |
 25000 | 8.66e-02 8.65e-02 | -4.9502e+04 -3.0218e+06 9.68e-01 | 498.2 | 1.5e-01 |
 25100 | 8.61e-02 8.29e-02 | -5.0469e+04 -2.9997e+06 9.67e-01 | 500.1 | 1.5e-01 |
 25200 | 8.55e-02 8.23e-02 | -5.1010e+04 -2.9622e+06 9.66e-01 | 502.1 | 9.0e-02 |
 25300 | 8.46e-02 8.81e-02 | -5.1340e+04 -2.8985e+06 9.65e-01 | 504.1 | 5.4e-02 |
 25400 | 8.35e-02 8.76e-02 | -5.1790e+04 -2.8506e+06 9.64e-01 | 506.1 | 9.0e-02 |
 25500 | 8.28e-02 8.36e-02 | -5.2506e+04 -2.8232e+06 9.63e-01 | 508.1 | 1.5e-01 |
 25600 | 8.24e-02 8.02e-02 | -5.3385e+04 -2.8029e+06 9.63e-01 | 510.0 | 1.5e-01 |
 25700 | 8.19e-02 7.95e-02 | -5.3887e+04 -2.7683e+06 9.62e-01 | 512.0 | 9.0e-02 |
 25800 | 8.11e-02 8.27e-02 | -5.4197e+04 -2.7100e+06 9.61e-01 | 514.0 | 5.4e-02 |
 25900 | 8.03e-02 8.20e-02 | -5.4615e+04 -2.6659e+06 9.60e-01 | 516.0 | 9.0e-02 |
 26000 | 7.98e-02 7.92e-02 | -5.5287e+04 -2.6406e+06 9.59e-01 | 517.9 | 1.5e-01 |
 26100 | 7.94e-02 7.78e-02 | -5.5789e+04 -2.6085e+06 9.58e-01 | 519.9 | 9.0e-02 |
 26200 | 7.86e-02 8.01e-02 | -5.6090e+04 -2.5542e+06 9.57e-01 | 521.9 | 5.4e-02 |
 26300 | 7.79e-02 7.91e-02 | -5.6492e+04 -2.5129e+06 9.56e-01 | 523.9 | 9.0e-02 |
 26400 | 7.74e-02 7.69e-02 | -5.7140e+04 -2.4892e+06 9.55e-01 | 525.8 | 1.5e-01 |
 26500 | 7.71e-02 7.58e-02 | -5.7629e+04 -2.4589e+06 9.54e-01 | 527.8 | 9.0e-02 |
 26600 | 7.64e-02 7.78e-02 | -5.7927e+04 -2.4078e+06 9.53e-01 | 529.8 | 5.4e-02 |
 26700 | 7.57e-02 7.66e-02 | -5.8324e+04 -2.3691e+06 9.52e-01 | 531.8 | 9.0e-02 |
 26800 | 7.52e-02 7.48e-02 | -5.8963e+04 -2.3469e+06 9.51e-01 | 533.7 | 1.5e-01 |
 26900 | 7.49e-02 7.40e-02 | -5.9445e+04 -2.3186e+06 9.50e-01 | 535.7 | 9.0e-02 |
 27000 | 7.42e-02 7.60e-02 | -5.9737e+04 -2.2707e+06 9.49e-01 | 537.7 | 5.4e-02 |
 27100 | 7.36e-02 7.49e-02 | -6.0127e+04 -2.2343e+06 9.48e-01 | 539.7 | 9.0e-02 |
 27200 | 7.32e-02 7.32e-02 | -6.0753e+04 -2.2135e+06 9.47e-01 | 541.7 | 1.5e-01 |
 27300 | 7.29e-02 7.17e-02 | -6.1532e+04 -2.1979e+06 9.46e-01 | 543.6 | 1.5e-01 |
 27400 | 7.26e-02 7.13e-02 | -6.1984e+04 -2.1715e+06 9.44e-01 | 545.6 | 9.0e-02 |
 27500 | 7.20e-02 7.32e-02 | -6.2258e+04 -2.1266e+06 9.43e-01 | 547.6 | 5.4e-02 |
 27600 | 7.13e-02 7.24e-02 | -6.2627e+04 -2.0924e+06 9.42e-01 | 549.6 | 9.0e-02 |
 27700 | 7.09e-02 7.10e-02 | -6.3227e+04 -2.0728e+06 9.41e-01 | 551.5 | 1.5e-01 |
 27800 | 7.07e-02 6.96e-02 | -6.3981e+04 -2.0584e+06 9.40e-01 | 553.5 | 1.5e-01 |
 27900 | 7.04e-02 6.93e-02 | -6.4416e+04 -2.0338e+06 9.39e-01 | 555.5 | 9.0e-02 |
 28000 | 6.98e-02 7.13e-02 | -6.4681e+04 -1.9916e+06 9.37e-01 | 557.5 | 5.4e-02 |
 28100 | 6.92e-02 7.07e-02 | -6.5040e+04 -1.9594e+06 9.36e-01 | 559.5 | 9.0e-02 |
 28200 | 6.88e-02 6.93e-02 | -6.5628e+04 -1.9413e+06 9.35e-01 | 561.4 | 1.5e-01 |
 28300 | 6.85e-02 6.80e-02 | -6.6564e+04 -1.9308e+06 9.33e-01 | 563.4 | 2.5e-01 |
 28400 | 6.83e-02 6.72e-02 | -6.7263e+04 -1.9176e+06 9.32e-01 | 565.4 | 1.5e-01 |
 28500 | 6.80e-02 6.71e-02 | -6.7667e+04 -1.8946e+06 9.31e-01 | 567.4 | 9.0e-02 |
 28600 | 6.74e-02 6.93e-02 | -6.7915e+04 -1.8552e+06 9.29e-01 | 569.3 | 5.4e-02 |
 28700 | 6.68e-02 6.87e-02 | -6.8256e+04 -1.8252e+06 9.28e-01 | 571.3 | 9.0e-02 |
 28800 | 6.64e-02 6.74e-02 | -6.8818e+04 -1.8082e+06 9.27e-01 | 573.3 | 1.5e-01 |
 28900 | 6.61e-02 6.61e-02 | -6.9718e+04 -1.7986e+06 9.25e-01 | 575.3 | 2.5e-01 |
 29000 | 6.59e-02 6.49e-02 | -7.0843e+04 -1.7916e+06 9.24e-01 | 577.2 | 2.5e-01 |
 29100 | 6.57e-02 6.43e-02 | -7.1483e+04 -1.7797e+06 9.23e-01 | 579.2 | 1.5e-01 |
 29200 | 6.55e-02 6.44e-02 | -7.1851e+04 -1.7586e+06 9.21e-01 | 581.2 | 9.0e-02 |
 29300 | 6.49e-02 6.68e-02 | -7.2079e+04 -1.7221e+06 9.20e-01 | 583.2 | 5.4e-02 |
 29400 | 6.43e-02 6.61e-02 | -7.2395e+04 -1.6942e+06 9.18e-01 | 585.2 | 9.0e-02 |
 29500 | 6.38e-02 6.47e-02 | -7.2921e+04 -1.6785e+06 9.17e-01 | 587.1 | 1.5e-01 |
 29600 | 6.35e-02 6.35e-02 | -7.3774e+04 -1.6696e+06 9.15e-01 | 589.1 | 2.5e-01 |
 29700 | 6.33e-02 6.25e-02 | -7.4842e+04 -1.6634e+06 9.14e-01 | 591.1 | 2.5e-01 |
 29800 | 6.31e-02 6.19e-02 | -7.5447e+04 -1.6526e+06 9.13e-01 | 593.1 | 1.5e-01 |
 29900 | 6.28e-02 6.21e-02 | -7.5796e+04 -1.6332e+06 9.11e-01 | 595.0 | 9.0e-02 |
 30000 | 6.23e-02 6.48e-02 | -7.6012e+04 -1.5997e+06 9.09e-01 | 597.0 | 5.4e-02 |
 30100 | 6.16e-02 6.42e-02 | -7.6313e+04 -1.5740e+06 9.08e-01 | 599.0 | 9.0e-02 |
 30200 | 6.11e-02 6.26e-02 | -7.6814e+04 -1.5597e+06 9.06e-01 | 601.0 | 1.5e-01 |
 30300 | 6.08e-02 6.13e-02 | -7.7619e+04 -1.5518e+06 9.05e-01 | 602.9 | 2.5e-01 |
 30400 | 6.06e-02 6.03e-02 | -7.8903e+04 -1.5475e+06 9.03e-01 | 604.9 | 4.2e-01 |
 30500 | 6.05e-02 5.97e-02 | -7.9857e+04 -1.5422e+06 9.02e-01 | 606.9 | 2.5e-01 |
 30600 | 6.04e-02 5.94e-02 | -8.0391e+04 -1.5324e+06 9.00e-01 | 608.9 | 1.5e-01 |
 30700 | 6.00e-02 5.96e-02 | -8.0699e+04 -1.5147e+06 8.99e-01 | 610.8 | 9.0e-02 |
 30800 | 5.95e-02 6.02e-02 | -8.0943e+04 -1.4911e+06 8.97e-01 | 612.8 | 9.0e-02 |
 30900 | 5.91e-02 5.94e-02 | -8.1359e+04 -1.4773e+06 8.96e-01 | 614.8 | 1.5e-01 |
 31000 | 5.88e-02 5.88e-02 | -8.2050e+04 -1.4693e+06 8.94e-01 | 616.8 | 2.5e-01 |
 31100 | 5.86e-02 5.84e-02 | -8.2738e+04 -1.4616e+06 8.93e-01 | 618.7 | 1.9e-01 |
 31200 | 5.84e-02 5.84e-02 | -8.3147e+04 -1.4485e+06 8.91e-01 | 620.7 | 1.2e-01 |
 31300 | 5.81e-02 5.82e-02 | -8.3675e+04 -1.4382e+06 8.90e-01 | 622.7 | 1.9e-01 |
 31400 | 5.79e-02 5.78e-02 | -8.4553e+04 -1.4324e+06 8.89e-01 | 624.7 | 3.2e-01 |
 31500 | 5.77e-02 5.75e-02 | -8.5229e+04 -1.4252e+06 8.87e-01 | 626.6 | 1.9e-01 |
 31600 | 5.74e-02 5.76e-02 | -8.5624e+04 -1.4127e+06 8.86e-01 | 628.6 | 1.2e-01 |
 31700 | 5.71e-02 5.74e-02 | -8.6129e+04 -1.4028e+06 8.84e-01 | 630.6 | 1.9e-01 |
 31800 | 5.69e-02 5.70e-02 | -8.6969e+04 -1.3971e+06 8.83e-01 | 632.6 | 3.2e-01 |
 31900 | 5.67e-02 5.66e-02 | -8.8364e+04 -1.3939e+06 8.81e-01 | 634.5 | 5.4e-01 |
 32000 | 5.65e-02 5.62e-02 | -9.0156e+04 -1.3917e+06 8.78e-01 | 636.5 | 5.4e-01 |
 32100 | 5.65e-02 5.58e-02 | -9.1205e+04 -1.3882e+06 8.77e-01 | 638.5 | 3.2e-01 |
 32200 | 5.63e-02 5.56e-02 | -9.1809e+04 -1.3815e+06 8.75e-01 | 640.5 | 1.9e-01 |
 32300 | 5.61e-02 5.57e-02 | -9.2163e+04 -1.3696e+06 8.74e-01 | 642.4 | 1.2e-01 |
 32400 | 5.56e-02 5.70e-02 | -9.2378e+04 -1.3491e+06 8.72e-01 | 644.4 | 7.0e-02 |
 32500 | 5.50e-02 5.66e-02 | -9.2665e+04 -1.3333e+06 8.70e-01 | 646.4 | 1.2e-01 |
 32600 | 5.47e-02 5.58e-02 | -9.3140e+04 -1.3243e+06 8.69e-01 | 648.4 | 1.9e-01 |
 32700 | 5.44e-02 5.51e-02 | -9.3925e+04 -1.3192e+06 8.67e-01 | 650.3 | 3.2e-01 |
 32800 | 5.42e-02 5.46e-02 | -9.5221e+04 -1.3163e+06 8.65e-01 | 652.3 | 5.4e-01 |
 32900 | 5.41e-02 5.40e-02 | -9.7379e+04 -1.3148e+06 8.62e-01 | 654.3 | 9.0e-01 |
 33000 | 5.40e-02 5.32e-02 | -1.0019e+05 -1.3142e+06 8.58e-01 | 656.3 | 9.0e-01 |
 33100 | 5.39e-02 5.24e-02 | -1.0185e+05 -1.3135e+06 8.56e-01 | 658.2 | 5.4e-01 |
 33200 | 5.39e-02 5.19e-02 | -1.0277e+05 -1.3117e+06 8.55e-01 | 660.2 | 3.2e-01 |
 33300 | 5.37e-02 5.17e-02 | -1.0328e+05 -1.3072e+06 8.54e-01 | 662.2 | 1.9e-01 |
 33400 | 5.35e-02 5.21e-02 | -1.0356e+05 -1.2977e+06 8.52e-01 | 664.2 | 1.2e-01 |
 33500 | 5.30e-02 5.43e-02 | -1.0372e+05 -1.2805e+06 8.50e-01 | 666.1 | 7.0e-02 |
 33600 | 5.24e-02 5.40e-02 | -1.0392e+05 -1.2667e+06 8.48e-01 | 668.1 | 1.2e-01 |
 33700 | 5.21e-02 5.24e-02 | -1.0425e+05 -1.2581e+06 8.47e-01 | 670.1 | 1.9e-01 |
 33800 | 5.18e-02 5.12e-02 | -1.0470e+05 -1.2512e+06 8.46e-01 | 672.1 | 1.9e-01 |
 33900 | 5.15e-02 5.13e-02 | -1.0499e+05 -1.2397e+06 8.44e-01 | 674.0 | 1.2e-01 |
 34000 | 5.10e-02 5.21e-02 | -1.0523e+05 -1.2253e+06 8.42e-01 | 676.0 | 1.2e-01 |
 34100 | 5.06e-02 5.16e-02 | -1.0565e+05 -1.2172e+06 8.40e-01 | 678.0 | 1.9e-01 |
 34200 | 5.03e-02 5.06e-02 | -1.0633e+05 -1.2129e+06 8.39e-01 | 680.0 | 3.2e-01 |
 34300 | 5.00e-02 4.97e-02 | -1.0746e+05 -1.2108e+06 8.37e-01 | 682.0 | 5.4e-01 |
 34400 | 4.98e-02 4.92e-02 | -1.0833e+05 -1.2084e+06 8.35e-01 | 683.9 | 3.2e-01 |
 34500 | 4.97e-02 4.90e-02 | -1.0881e+05 -1.2042e+06 8.34e-01 | 685.9 | 1.9e-01 |
 34600 | 4.94e-02 4.94e-02 | -1.0909e+05 -1.1958e+06 8.33e-01 | 687.9 | 1.2e-01 |
 34700 | 4.90e-02 5.00e-02 | -1.0929e+05 -1.1838e+06 8.31e-01 | 689.9 | 1.2e-01 |
 34800 | 4.87e-02 4.95e-02 | -1.0964e+05 -1.1763e+06 8.29e-01 | 691.8 | 1.9e-01 |
 34900 | 4.85e-02 4.88e-02 | -1.1022e+05 -1.1717e+06 8.28e-01 | 693.8 | 3.2e-01 |
 35000 | 4.84e-02 4.81e-02 | -1.1120e+05 -1.1690e+06 8.26e-01 | 695.8 | 5.4e-01 |
 35100 | 4.82e-02 4.79e-02 | -1.1198e+05 -1.1658e+06 8.25e-01 | 697.8 | 3.2e-01 |
 35200 | 4.80e-02 4.78e-02 | -1.1245e+05 -1.1604e+06 8.23e-01 | 699.7 | 1.9e-01 |
 35300 | 4.78e-02 4.79e-02 | -1.1274e+05 -1.1513e+06 8.22e-01 | 701.7 | 1.2e-01 |
 35400 | 4.75e-02 4.78e-02 | -1.1311e+05 -1.1442e+06 8.20e-01 | 703.7 | 1.9e-01 |
 35500 | 4.73e-02 4.76e-02 | -1.1372e+05 -1.1402e+06 8.19e-01 | 705.7 | 3.2e-01 |
 35600 | 4.71e-02 4.73e-02 | -1.1474e+05 -1.1380e+06 8.17e-01 | 707.6 | 5.4e-01 |
 35700 | 4.70e-02 4.70e-02 | -1.1642e+05 -1.1370e+06 8.14e-01 | 709.6 | 9.0e-01 |
 35800 | 4.69e-02 4.66e-02 | -1.1859e+05 -1.1367e+06 8.11e-01 | 711.6 | 9.0e-01 |
 35900 | 4.68e-02 4.63e-02 | -1.1985e+05 -1.1362e+06 8.09e-01 | 713.6 | 5.4e-01 |
 36000 | 4.68e-02 4.61e-02 | -1.2056e+05 -1.1349e+06 8.08e-01 | 715.5 | 3.2e-01 |
 36100 | 4.66e-02 4.62e-02 | -1.2095e+05 -1.1316e+06 8.07e-01 | 717.5 | 1.9e-01 |
 36200 | 4.64e-02 4.66e-02 | -1.2117e+05 -1.1246e+06 8.05e-01 | 719.5 | 1.2e-01 |
 36300 | 4.62e-02 4.65e-02 | -1.2144e+05 -1.1183e+06 8.04e-01 | 721.5 | 1.9e-01 |
 36400 | 4.61e-02 4.60e-02 | -1.2190e+05 -1.1141e+06 8.03e-01 | 723.4 | 3.2e-01 |
 36500 | 4.60e-02 4.57e-02 | -1.2227e+05 -1.1084e+06 8.01e-01 | 725.4 | 1.9e-01 |
 36600 | 4.58e-02 4.58e-02 | -1.2250e+05 -1.0991e+06 7.99e-01 | 727.4 | 1.2e-01 |
 36700 | 4.55e-02 4.62e-02 | -1.2269e+05 -1.0874e+06 7.97e-01 | 729.4 | 1.2e-01 |
 36800 | 4.52e-02 4.59e-02 | -1.2302e+05 -1.0809e+06 7.96e-01 | 731.3 | 1.9e-01 |
 36900 | 4.50e-02 4.56e-02 | -1.2356e+05 -1.0773e+06 7.94e-01 | 733.3 | 3.2e-01 |
 37000 | 4.48e-02 4.53e-02 | -1.2446e+05 -1.0754e+06 7.93e-01 | 735.3 | 5.4e-01 |
 37100 | 4.47e-02 4.50e-02 | -1.2595e+05 -1.0744e+06 7.90e-01 | 737.3 | 9.0e-01 |
 37200 | 4.47e-02 4.47e-02 | -1.2842e+05 -1.0740e+06 7.86e-01 | 739.2 | 1.5e+00 |
 37300 | 4.46e-02 4.44e-02 | -1.3205e+05 -1.0739e+06 7.81e-01 | 741.2 | 1.9e+00 |
 37400 | 4.47e-02 4.40e-02 | -1.3455e+05 -1.0742e+06 7.77e-01 | 743.2 | 1.2e+00 |
 37500 | 4.46e-02 4.37e-02 | -1.3600e+05 -1.0747e+06 7.75e-01 | 745.2 | 7.0e-01 |
 37600 | 4.45e-02 4.35e-02 | -1.3682e+05 -1.0750e+06 7.74e-01 | 747.2 | 4.2e-01 |
 37700 | 4.44e-02 4.37e-02 | -1.3726e+05 -1.0745e+06 7.73e-01 | 749.1 | 2.5e-01 |
 37800 | 4.43e-02 4.44e-02 | -1.3749e+05 -1.0716e+06 7.73e-01 | 751.1 | 1.5e-01 |
 37900 | 4.42e-02 4.42e-02 | -1.3775e+05 -1.0680e+06 7.72e-01 | 753.1 | 2.5e-01 |
 38000 | 4.41e-02 4.37e-02 | -1.3802e+05 -1.0632e+06 7.70e-01 | 755.1 | 1.9e-01 |
 38100 | 4.40e-02 4.34e-02 | -1.3823e+05 -1.0565e+06 7.69e-01 | 757.0 | 1.5e-01 |
 38200 | 4.38e-02 4.33e-02 | -1.3841e+05 -1.0477e+06 7.67e-01 | 759.0 | 1.2e-01 |
 38300 | 4.35e-02 4.36e-02 | -1.3856e+05 -1.0369e+06 7.64e-01 | 761.0 | 9.0e-02 |
 38400 | 4.32e-02 4.33e-02 | -1.3876e+05 -1.0288e+06 7.62e-01 | 763.0 | 1.5e-01 |
 38500 | 4.30e-02 4.29e-02 | -1.3903e+05 -1.0230e+06 7.61e-01 | 764.9 | 1.5e-01 |
 38600 | 4.28e-02 4.31e-02 | -1.3920e+05 -1.0134e+06 7.58e-01 | 766.9 | 9.0e-02 |
 38700 | 4.26e-02 4.29e-02 | -1.3942e+05 -1.0057e+06 7.57e-01 | 768.9 | 1.5e-01 |
 38800 | 4.24e-02 4.26e-02 | -1.3980e+05 -1.0012e+06 7.55e-01 | 770.9 | 2.5e-01 |
 38900 | 4.22e-02 4.23e-02 | -1.4043e+05 -9.9877e+05 7.53e-01 | 772.9 | 4.2e-01 |
 39000 | 4.21e-02 4.19e-02 | -1.4134e+05 -9.9733e+05 7.52e-01 | 774.8 | 5.4e-01 |
 39100 | 4.20e-02 4.18e-02 | -1.4197e+05 -9.9541e+05 7.50e-01 | 776.8 | 3.2e-01 |
 39200 | 4.20e-02 4.17e-02 | -1.4233e+05 -9.9200e+05 7.49e-01 | 778.8 | 1.9e-01 |
 39300 | 4.18e-02 4.17e-02 | -1.4255e+05 -9.8584e+05 7.47e-01 | 780.8 | 1.2e-01 |
 39400 | 4.17e-02 4.18e-02 | -1.4271e+05 -9.7737e+05 7.45e-01 | 782.7 | 1.2e-01 |
 39500 | 4.15e-02 4.17e-02 | -1.4298e+05 -9.7211e+05 7.44e-01 | 784.7 | 1.9e-01 |
 39600 | 4.13e-02 4.15e-02 | -1.4343e+05 -9.6897e+05 7.42e-01 | 786.7 | 3.2e-01 |
 39700 | 4.12e-02 4.13e-02 | -1.4420e+05 -9.6716e+05 7.41e-01 | 788.7 | 5.4e-01 |
 39800 | 4.11e-02 4.11e-02 | -1.4548e+05 -9.6617e+05 7.38e-01 | 790.6 | 9.0e-01 |
 39900 | 4.10e-02 4.10e-02 | -1.4649e+05 -9.6510e+05 7.36e-01 | 792.6 | 5.4e-01 |
 40000 | 4.10e-02 4.09e-02 | -1.4708e+05 -9.6334e+05 7.35e-01 | 794.6 | 3.2e-01 |
 40100 | 4.10e-02 4.09e-02 | -1.4743e+05 -9.6013e+05 7.34e-01 | 796.6 | 1.9e-01 |
 40200 | 4.09e-02 4.10e-02 | -1.4764e+05 -9.5428e+05 7.32e-01 | 798.5 | 1.2e-01 |
 40300 | 4.07e-02 4.09e-02 | -1.4790e+05 -9.4941e+05 7.30e-01 | 800.5 | 1.9e-01 |
 40400 | 4.06e-02 4.08e-02 | -1.4834e+05 -9.4641e+05 7.29e-01 | 802.5 | 3.2e-01 |
 40500 | 4.05e-02 4.06e-02 | -1.4908e+05 -9.4467e+05 7.27e-01 | 804.5 | 5.4e-01 |
 40600 | 4.05e-02 4.05e-02 | -1.5031e+05 -9.4369e+05 7.25e-01 | 806.4 | 9.0e-01 |
 40700 | 4.04e-02 4.04e-02 | -1.5235e+05 -9.4319e+05 7.22e-01 | 808.4 | 1.5e+00 |
 40800 | 4.03e-02 4.02e-02 | -1.5500e+05 -9.4295e+05 7.18e-01 | 810.4 | 1.5e+00 |
 40900 | 4.03e-02 4.01e-02 | -1.5659e+05 -9.4269e+05 7.15e-01 | 812.3 | 9.0e-01 |
 41000 | 4.02e-02 4.00e-02 | -1.5753e+05 -9.4223e+05 7.14e-01 | 814.3 | 5.4e-01 |
 41100 | 4.02e-02 4.00e-02 | -1.5807e+05 -9.4122e+05 7.12e-01 | 816.3 | 3.2e-01 |
 41200 | 4.02e-02 4.02e-02 | -1.5838e+05 -9.3903e+05 7.11e-01 | 818.3 | 1.9e-01 |
 41300 | 4.01e-02 4.03e-02 | -1.5860e+05 -9.3556e+05 7.10e-01 | 820.2 | 1.9e-01 |
 41400 | 4.00e-02 4.02e-02 | -1.5897e+05 -9.3308e+05 7.09e-01 | 822.2 | 3.2e-01 |
 41500 | 4.00e-02 4.00e-02 | -1.5957e+05 -9.3133e+05 7.07e-01 | 824.2 | 5.4e-01 |
 41600 | 4.00e-02 3.98e-02 | -1.6005e+05 -9.2879e+05 7.06e-01 | 826.2 | 3.2e-01 |
 41700 | 3.99e-02 3.98e-02 | -1.6034e+05 -9.2449e+05 7.04e-01 | 828.1 | 1.9e-01 |
 41800 | 3.98e-02 4.00e-02 | -1.6053e+05 -9.1746e+05 7.02e-01 | 830.1 | 1.2e-01 |
 41900 | 3.96e-02 4.00e-02 | -1.6077e+05 -9.1214e+05 7.00e-01 | 832.1 | 1.9e-01 |
 42000 | 3.94e-02 3.98e-02 | -1.6119e+05 -9.0916e+05 6.99e-01 | 834.1 | 3.2e-01 |
 42100 | 3.93e-02 3.97e-02 | -1.6189e+05 -9.0755e+05 6.97e-01 | 836.1 | 5.4e-01 |
 42200 | 3.93e-02 3.96e-02 | -1.6305e+05 -9.0670e+05 6.95e-01 | 838.0 | 9.0e-01 |
 42300 | 3.92e-02 3.94e-02 | -1.6499e+05 -9.0627e+05 6.92e-01 | 840.0 | 1.5e+00 |
 42400 | 3.92e-02 3.93e-02 | -1.6823e+05 -9.0609e+05 6.87e-01 | 842.0 | 2.5e+00 |
 42500 | 3.94e-02 3.91e-02 | -1.7245e+05 -9.0607e+05 6.80e-01 | 843.9 | 2.5e+00 |
 42600 | 3.93e-02 3.90e-02 | -1.7499e+05 -9.0623e+05 6.76e-01 | 845.9 | 1.5e+00 |
 42700 | 3.92e-02 3.88e-02 | -1.7650e+05 -9.0659e+05 6.74e-01 | 847.9 | 9.0e-01 |
 42800 | 3.91e-02 3.88e-02 | -1.7737e+05 -9.0700e+05 6.73e-01 | 849.9 | 5.4e-01 |
 42900 | 3.90e-02 3.91e-02 | -1.7786e+05 -9.0721e+05 6.72e-01 | 851.8 | 3.2e-01 |
 43000 | 3.89e-02 3.91e-02 | -1.7831e+05 -9.0684e+05 6.71e-01 | 853.8 | 4.2e-01 |
 43100 | 3.90e-02 3.88e-02 | -1.7903e+05 -9.0612e+05 6.70e-01 | 855.8 | 7.0e-01 |
 43200 | 3.90e-02 3.86e-02 | -1.7960e+05 -9.0465e+05 6.69e-01 | 857.8 | 4.2e-01 |
 43300 | 3.90e-02 3.86e-02 | -1.7994e+05 -9.0203e+05 6.67e-01 | 859.7 | 2.5e-01 |
 43400 | 3.89e-02 3.88e-02 | -1.8015e+05 -8.9763e+05 6.66e-01 | 861.7 | 1.5e-01 |
 43500 | 3.87e-02 3.90e-02 | -1.8030e+05 -8.9196e+05 6.64e-01 | 863.7 | 1.5e-01 |
 43600 | 3.85e-02 3.87e-02 | -1.8057e+05 -8.8860e+05 6.62e-01 | 865.7 | 2.5e-01 |
 43700 | 3.84e-02 3.85e-02 | -1.8101e+05 -8.8657e+05 6.61e-01 | 867.6 | 4.2e-01 |
 43800 | 3.84e-02 3.83e-02 | -1.8158e+05 -8.8491e+05 6.59e-01 | 869.6 | 4.2e-01 |
 43900 | 3.84e-02 3.82e-02 | -1.8194e+05 -8.8205e+05 6.58e-01 | 871.6 | 2.5e-01 |
 44000 | 3.83e-02 3.83e-02 | -1.8216e+05 -8.7722e+05 6.56e-01 | 873.5 | 1.5e-01 |
 44100 | 3.82e-02 3.84e-02 | -1.8234e+05 -8.7091e+05 6.54e-01 | 875.5 | 1.5e-01 |
 44200 | 3.81e-02 3.83e-02 | -1.8264e+05 -8.6718e+05 6.52e-01 | 877.5 | 2.5e-01 |
 44300 | 3.80e-02 3.81e-02 | -1.8315e+05 -8.6505e+05 6.51e-01 | 879.5 | 4.2e-01 |
 44400 | 3.79e-02 3.80e-02 | -1.8401e+05 -8.6388e+05 6.49e-01 | 881.4 | 7.0e-01 |
 44500 | 3.79e-02 3.78e-02 | -1.8526e+05 -8.6317e+05 6.47e-01 | 883.4 | 9.0e-01 |
 44600 | 3.78e-02 3.78e-02 | -1.8612e+05 -8.6225e+05 6.45e-01 | 885.4 | 5.4e-01 |
 44700 | 3.77e-02 3.77e-02 | -1.8664e+05 -8.6071e+05 6.44e-01 | 887.4 | 3.2e-01 |
 44800 | 3.77e-02 3.77e-02 | -1.8702e+05 -8.5860e+05 6.42e-01 | 889.3 | 3.2e-01 |
 44900 | 3.76e-02 3.76e-02 | -1.8766e+05 -8.5726e+05 6.41e-01 | 891.3 | 5.4e-01 |
 45000 | 3.76e-02 3.75e-02 | -1.8850e+05 -8.5624e+05 6.39e-01 | 893.3 | 5.4e-01 |
 45100 | 3.75e-02 3.74e-02 | -1.8901e+05 -8.5466e+05 6.38e-01 | 895.3 | 3.2e-01 |
 45200 | 3.74e-02 3.74e-02 | -1.8931e+05 -8.5204e+05 6.36e-01 | 897.2 | 1.9e-01 |
 45300 | 3.73e-02 3.74e-02 | -1.8970e+05 -8.4995e+05 6.35e-01 | 899.2 | 3.2e-01 |
 45400 | 3.73e-02 3.73e-02 | -1.9035e+05 -8.4871e+05 6.34e-01 | 901.2 | 5.4e-01 |
 45500 | 3.72e-02 3.71e-02 | -1.9120e+05 -8.4783e+05 6.32e-01 | 903.2 | 5.4e-01 |
 45600 | 3.71e-02 3.71e-02 | -1.9171e+05 -8.4646e+05 6.31e-01 | 905.1 | 3.2e-01 |
 45700 | 3.71e-02 3.71e-02 | -1.9201e+05 -8.4406e+05 6.29e-01 | 907.1 | 1.9e-01 |
 45800 | 3.70e-02 3.71e-02 | -1.9223e+05 -8.4070e+05 6.28e-01 | 909.1 | 1.9e-01 |
 45900 | 3.69e-02 3.70e-02 | -1.9261e+05 -8.3853e+05 6.26e-01 | 911.1 | 3.2e-01 |
 46000 | 3.68e-02 3.68e-02 | -1.9323e+05 -8.3722e+05 6.25e-01 | 913.0 | 5.4e-01 |
 46100 | 3.68e-02 3.67e-02 | -1.9388e+05 -8.3602e+05 6.24e-01 | 915.0 | 4.2e-01 |
 46200 | 3.67e-02 3.66e-02 | -1.9427e+05 -8.3407e+05 6.22e-01 | 917.0 | 2.5e-01 |
 46300 | 3.66e-02 3.67e-02 | -1.9450e+05 -8.3072e+05 6.21e-01 | 919.0 | 1.5e-01 |
 46400 | 3.65e-02 3.66e-02 | -1.9480e+05 -8.2803e+05 6.19e-01 | 920.9 | 2.5e-01 |
 46500 | 3.64e-02 3.65e-02 | -1.9529e+05 -8.2646e+05 6.18e-01 | 922.9 | 4.2e-01 |
 46600 | 3.63e-02 3.64e-02 | -1.9611e+05 -8.2561e+05 6.16e-01 | 924.9 | 7.0e-01 |
 46700 | 3.62e-02 3.62e-02 | -1.9749e+05 -8.2520e+05 6.14e-01 | 926.9 | 1.2e+00 |
 46800 | 3.61e-02 3.60e-02 | -1.9857e+05 -8.2487e+05 6.12e-01 | 928.8 | 7.0e-01 |
 46900 | 3.61e-02 3.59e-02 | -1.9921e+05 -8.2436e+05 6.11e-01 | 930.8 | 4.2e-01 |
 47000 | 3.61e-02 3.59e-02 | -1.9958e+05 -8.2335e+05 6.10e-01 | 932.8 | 2.5e-01 |
 47100 | 3.60e-02 3.60e-02 | -1.9979e+05 -8.2125e+05 6.09e-01 | 934.8 | 1.5e-01 |
 47200 | 3.59e-02 3.60e-02 | -1.9995e+05 -8.1797e+05 6.07e-01 | 936.7 | 1.5e-01 |
 47300 | 3.59e-02 3.59e-02 | -2.0020e+05 -8.1562e+05 6.06e-01 | 938.7 | 2.5e-01 |
 47400 | 3.58e-02 3.57e-02 | -2.0053e+05 -8.1355e+05 6.05e-01 | 940.7 | 2.5e-01 |
 47500 | 3.58e-02 3.57e-02 | -2.0073e+05 -8.1003e+05 6.03e-01 | 942.7 | 1.5e-01 |
 47600 | 3.56e-02 3.58e-02 | -2.0089e+05 -8.0544e+05 6.01e-01 | 944.7 | 1.5e-01 |
 47700 | 3.55e-02 3.57e-02 | -2.0115e+05 -8.0269e+05 5.99e-01 | 946.6 | 2.5e-01 |
 47800 | 3.54e-02 3.56e-02 | -2.0159e+05 -8.0107e+05 5.98e-01 | 948.6 | 4.2e-01 |
 47900 | 3.53e-02 3.54e-02 | -2.0233e+05 -8.0012e+05 5.96e-01 | 950.6 | 7.0e-01 |
 48000 | 3.52e-02 3.52e-02 | -2.0357e+05 -7.9958e+05 5.94e-01 | 952.6 | 1.2e+00 |
 48100 | 3.51e-02 3.50e-02 | -2.0521e+05 -7.9924e+05 5.91e-01 | 954.5 | 1.2e+00 |
 48200 | 3.50e-02 3.48e-02 | -2.0621e+05 -7.9883e+05 5.90e-01 | 956.5 | 7.0e-01 |
 48300 | 3.50e-02 3.47e-02 | -2.0680e+05 -7.9819e+05 5.88e-01 | 958.5 | 4.2e-01 |
 48400 | 3.49e-02 3.48e-02 | -2.0715e+05 -7.9703e+05 5.87e-01 | 960.4 | 2.5e-01 |
 48500 | 3.49e-02 3.49e-02 | -2.0735e+05 -7.9484e+05 5.86e-01 | 962.4 | 1.5e-01 |
 48600 | 3.49e-02 3.49e-02 | -2.0755e+05 -7.9233e+05 5.85e-01 | 964.4 | 1.9e-01 |
 48700 | 3.49e-02 3.47e-02 | -2.0780e+05 -7.9018e+05 5.84e-01 | 966.4 | 1.9e-01 |
 48800 | 3.48e-02 3.47e-02 | -2.0794e+05 -7.8644e+05 5.82e-01 | 968.4 | 1.2e-01 |
 48900 | 3.46e-02 3.48e-02 | -2.0806e+05 -7.8139e+05 5.79e-01 | 970.3 | 1.2e-01 |
 49000 | 3.45e-02 3.46e-02 | -2.0825e+05 -7.7825e+05 5.78e-01 | 972.3 | 1.9e-01 |
 49100 | 3.44e-02 3.44e-02 | -2.0856e+05 -7.7636e+05 5.76e-01 | 974.3 | 3.2e-01 |
 49200 | 3.43e-02 3.42e-02 | -2.0898e+05 -7.7492e+05 5.75e-01 | 976.3 | 3.2e-01 |
 49300 | 3.43e-02 3.42e-02 | -2.0923e+05 -7.7256e+05 5.74e-01 | 978.2 | 1.9e-01 |
 49400 | 3.42e-02 3.43e-02 | -2.0938e+05 -7.6853e+05 5.72e-01 | 980.2 | 1.2e-01 |
 49500 | 3.41e-02 3.43e-02 | -2.0957e+05 -7.6529e+05 5.70e-01 | 982.2 | 1.9e-01 |
 49600 | 3.40e-02 3.42e-02 | -2.0990e+05 -7.6339e+05 5.69e-01 | 984.1 | 3.2e-01 |
 49700 | 3.39e-02 3.41e-02 | -2.1043e+05 -7.6231e+05 5.67e-01 | 986.1 | 5.4e-01 |
 49800 | 3.37e-02 3.40e-02 | -2.1134e+05 -7.6173e+05 5.66e-01 | 988.1 | 9.0e-01 |
 49900 | 3.36e-02 3.39e-02 | -2.1285e+05 -7.6145e+05 5.63e-01 | 990.1 | 1.5e+00 |
 50000 | 3.37e-02 3.37e-02 | -2.1538e+05 -7.6137e+05 5.59e-01 | 992.0 | 2.5e+00 |
 50100 | 3.42e-02 3.35e-02 | -2.1871e+05 -7.6151e+05 5.54e-01 | 994.0 | 2.5e+00 |
 50200 | 3.40e-02 3.34e-02 | -2.2071e+05 -7.6198e+05 5.51e-01 | 996.0 | 1.5e+00 |
 50300 | 3.36e-02 3.34e-02 | -2.2188e+05 -7.6265e+05 5.49e-01 | 998.0 | 9.0e-01 |
 50400 | 3.34e-02 3.34e-02 | -2.2257e+05 -7.6352e+05 5.49e-01 | 999.9 | 5.4e-01 |
 50500 | 3.33e-02 3.34e-02 | -2.2307e+05 -7.6438e+05 5.48e-01 | 1001.9 | 5.4e-01 |
 50600 | 3.34e-02 3.32e-02 | -2.2387e+05 -7.6466e+05 5.47e-01 | 1003.9 | 9.0e-01 |
 50700 | 3.35e-02 3.31e-02 | -2.2449e+05 -7.6480e+05 5.46e-01 | 1005.9 | 5.4e-01 |
 50800 | 3.35e-02 3.31e-02 | -2.2485e+05 -7.6488e+05 5.46e-01 | 1007.8 | 3.2e-01 |
 50900 | 3.34e-02 3.34e-02 | -2.2505e+05 -7.6483e+05 5.45e-01 | 1009.8 | 1.9e-01 |
 51000 | 3.33e-02 3.36e-02 | -2.2520e+05 -7.6443e+05 5.45e-01 | 1011.8 | 1.9e-01 |
 51100 | 3.33e-02 3.34e-02 | -2.2542e+05 -7.6392e+05 5.44e-01 | 1013.8 | 3.2e-01 |
 51200 | 3.32e-02 3.32e-02 | -2.2578e+05 -7.6337e+05 5.43e-01 | 1015.7 | 5.4e-01 |
 51300 | 3.33e-02 3.30e-02 | -2.2625e+05 -7.6266e+05 5.42e-01 | 1017.7 | 5.4e-01 |
 51400 | 3.33e-02 3.30e-02 | -2.2654e+05 -7.6121e+05 5.41e-01 | 1019.7 | 3.2e-01 |
 51500 | 3.32e-02 3.31e-02 | -2.2671e+05 -7.5864e+05 5.40e-01 | 1021.7 | 1.9e-01 |
 51600 | 3.31e-02 3.33e-02 | -2.2682e+05 -7.5433e+05 5.38e-01 | 1023.6 | 1.2e-01 |
 51700 | 3.30e-02 3.32e-02 | -2.2696e+05 -7.5103e+05 5.36e-01 | 1025.6 | 1.9e-01 |
 51800 | 3.29e-02 3.30e-02 | -2.2720e+05 -7.4911e+05 5.35e-01 | 1027.6 | 3.2e-01 |
 51900 | 3.28e-02 3.28e-02 | -2.2760e+05 -7.4798e+05 5.33e-01 | 1029.6 | 5.4e-01 |
 52000 | 3.28e-02 3.27e-02 | -2.2812e+05 -7.4710e+05 5.32e-01 | 1031.5 | 5.4e-01 |
 52100 | 3.28e-02 3.26e-02 | -2.2843e+05 -7.4557e+05 5.31e-01 | 1033.5 | 3.2e-01 |
 52200 | 3.28e-02 3.27e-02 | -2.2862e+05 -7.4299e+05 5.29e-01 | 1035.5 | 1.9e-01 |
 52300 | 3.27e-02 3.28e-02 | -2.2878e+05 -7.3964e+05 5.28e-01 | 1037.5 | 1.9e-01 |
 52400 | 3.27e-02 3.27e-02 | -2.2903e+05 -7.3763e+05 5.26e-01 | 1039.4 | 3.2e-01 |
 52500 | 3.27e-02 3.25e-02 | -2.2936e+05 -7.3604e+05 5.25e-01 | 1041.4 | 3.2e-01 |
 52600 | 3.26e-02 3.25e-02 | -2.2957e+05 -7.3334e+05 5.23e-01 | 1043.4 | 1.9e-01 |
 52700 | 3.25e-02 3.27e-02 | -2.2969e+05 -7.2873e+05 5.21e-01 | 1045.4 | 1.2e-01 |
 52800 | 3.24e-02 3.27e-02 | -2.2986e+05 -7.2516e+05 5.19e-01 | 1047.3 | 1.9e-01 |
 52900 | 3.22e-02 3.26e-02 | -2.3014e+05 -7.2309e+05 5.17e-01 | 1049.3 | 3.2e-01 |
 53000 | 3.21e-02 3.24e-02 | -2.3062e+05 -7.2192e+05 5.16e-01 | 1051.3 | 5.4e-01 |
 53100 | 3.21e-02 3.23e-02 | -2.3142e+05 -7.2130e+05 5.14e-01 | 1053.2 | 9.0e-01 |
 53200 | 3.20e-02 3.22e-02 | -2.3275e+05 -7.2101e+05 5.12e-01 | 1055.2 | 1.5e+00 |
 53300 | 3.20e-02 3.22e-02 | -2.3496e+05 -7.2090e+05 5.08e-01 | 1057.1 | 2.5e+00 |
 53400 | 3.21e-02 3.21e-02 | -2.3865e+05 -7.2088e+05 5.03e-01 | 1059.1 | 4.2e+00 |
 53500 | 3.25e-02 3.20e-02 | -2.4344e+05 -7.2092e+05 4.95e-01 | 1061.0 | 4.2e+00 |
 53600 | 3.25e-02 3.19e-02 | -2.4634e+05 -7.2106e+05 4.91e-01 | 1063.0 | 2.5e+00 |
 53700 | 3.23e-02 3.18e-02 | -2.4808e+05 -7.2138e+05 4.88e-01 | 1065.0 | 1.5e+00 |
 53800 | 3.21e-02 3.18e-02 | -2.4910e+05 -7.2190e+05 4.87e-01 | 1066.9 | 9.0e-01 |
 53900 | 3.19e-02 3.19e-02 | -2.4970e+05 -7.2264e+05 4.86e-01 | 1068.9 | 5.4e-01 |
 54000 | 3.18e-02 3.20e-02 | -2.5014e+05 -7.2340e+05 4.86e-01 | 1070.8 | 5.4e-01 |
 54100 | 3.18e-02 3.19e-02 | -2.5085e+05 -7.2368e+05 4.85e-01 | 1072.8 | 9.0e-01 |
 54200 | 3.19e-02 3.17e-02 | -2.5187e+05 -7.2369e+05 4.84e-01 | 1074.7 | 1.2e+00 |
 54300 | 3.20e-02 3.16e-02 | -2.5257e+05 -7.2349e+05 4.82e-01 | 1076.7 | 7.0e-01 |
 54400 | 3.19e-02 3.16e-02 | -2.5298e+05 -7.2305e+05 4.82e-01 | 1078.7 | 4.2e-01 |
 54500 | 3.18e-02 3.18e-02 | -2.5322e+05 -7.2223e+05 4.81e-01 | 1080.6 | 2.5e-01 |
 54600 | 3.17e-02 3.20e-02 | -2.5341e+05 -7.2107e+05 4.80e-01 | 1082.6 | 2.5e-01 |
 54700 | 3.16e-02 3.19e-02 | -2.5370e+05 -7.2030e+05 4.79e-01 | 1084.5 | 4.2e-01 |
 54800 | 3.15e-02 3.17e-02 | -2.5420e+05 -7.1976e+05 4.78e-01 | 1086.5 | 7.0e-01 |
 54900 | 3.16e-02 3.15e-02 | -2.5502e+05 -7.1937e+05 4.77e-01 | 1088.4 | 1.2e+00 |
 55000 | 3.16e-02 3.14e-02 | -2.5567e+05 -7.1877e+05 4.75e-01 | 1090.4 | 7.0e-01 |
 55100 | 3.15e-02 3.14e-02 | -2.5607e+05 -7.1781e+05 4.74e-01 | 1092.4 | 4.2e-01 |
 55200 | 3.15e-02 3.16e-02 | -2.5631e+05 -7.1625e+05 4.73e-01 | 1094.3 | 2.5e-01 |
 55300 | 3.15e-02 3.16e-02 | -2.5662e+05 -7.1506e+05 4.72e-01 | 1096.3 | 4.2e-01 |
 55400 | 3.16e-02 3.14e-02 | -2.5715e+05 -7.1432e+05 4.71e-01 | 1098.2 | 7.0e-01 |
 55500 | 3.17e-02 3.12e-02 | -2.5756e+05 -7.1328e+05 4.69e-01 | 1100.2 | 4.2e-01 |
 55600 | 3.16e-02 3.13e-02 | -2.5780e+05 -7.1143e+05 4.68e-01 | 1102.1 | 2.5e-01 |
 55700 | 3.15e-02 3.17e-02 | -2.5795e+05 -7.0834e+05 4.66e-01 | 1104.1 | 1.5e-01 |
 55800 | 3.14e-02 3.19e-02 | -2.5811e+05 -7.0528e+05 4.64e-01 | 1106.1 | 1.9e-01 |
 55900 | 3.12e-02 3.17e-02 | -2.5836e+05 -7.0355e+05 4.63e-01 | 1108.0 | 3.2e-01 |
 56000 | 3.12e-02 3.14e-02 | -2.5879e+05 -7.0262e+05 4.62e-01 | 1110.0 | 5.4e-01 |
 56100 | 3.11e-02 3.12e-02 | -2.5950e+05 -7.0215e+05 4.60e-01 | 1111.9 | 9.0e-01 |
 56200 | 3.11e-02 3.10e-02 | -2.6043e+05 -7.0187e+05 4.59e-01 | 1113.9 | 9.0e-01 |
 56300 | 3.11e-02 3.11e-02 | -2.6099e+05 -7.0149e+05 4.58e-01 | 1115.8 | 5.4e-01 |
 56400 | 3.10e-02 3.12e-02 | -2.6141e+05 -7.0097e+05 4.57e-01 | 1117.8 | 5.4e-01 |
 56500 | 3.10e-02 3.11e-02 | -2.6212e+05 -7.0062e+05 4.55e-01 | 1119.8 | 9.0e-01 |
 56600 | 3.13e-02 3.10e-02 | -2.6314e+05 -7.0032e+05 4.54e-01 | 1121.7 | 1.2e+00 |
 56700 | 3.13e-02 3.09e-02 | -2.6385e+05 -6.9980e+05 4.52e-01 | 1123.7 | 7.0e-01 |
 56800 | 3.12e-02 3.09e-02 | -2.6428e+05 -6.9892e+05 4.51e-01 | 1125.6 | 4.2e-01 |
 56900 | 3.11e-02 3.12e-02 | -2.6454e+05 -6.9749e+05 4.50e-01 | 1127.6 | 2.5e-01 |
 57000 | 3.09e-02 3.12e-02 | -2.6487e+05 -6.9640e+05 4.49e-01 | 1129.5 | 4.2e-01 |
 57100 | 3.08e-02 3.10e-02 | -2.6542e+05 -6.9581e+05 4.48e-01 | 1131.5 | 7.0e-01 |
 57200 | 3.08e-02 3.08e-02 | -2.6633e+05 -6.9552e+05 4.46e-01 | 1133.5 | 1.2e+00 |
 57300 | 3.08e-02 3.07e-02 | -2.6752e+05 -6.9534e+05 4.44e-01 | 1135.4 | 1.2e+00 |
 57400 | 3.08e-02 3.07e-02 | -2.6823e+05 -6.9508e+05 4.43e-01 | 1137.4 | 7.0e-01 |
 57500 | 3.07e-02 3.08e-02 | -2.6877e+05 -6.9471e+05 4.42e-01 | 1139.3 | 7.0e-01 |
 57600 | 3.08e-02 3.08e-02 | -2.6968e+05 -6.9444e+05 4.41e-01 | 1141.3 | 1.2e+00 |
 57700 | 3.10e-02 3.06e-02 | -2.7086e+05 -6.9417e+05 4.39e-01 | 1143.3 | 1.2e+00 |
 57800 | 3.10e-02 3.06e-02 | -2.7157e+05 -6.9366e+05 4.37e-01 | 1145.2 | 7.0e-01 |
 57900 | 3.09e-02 3.07e-02 | -2.7200e+05 -6.9287e+05 4.36e-01 | 1147.2 | 4.2e-01 |
 58000 | 3.08e-02 3.09e-02 | -2.7226e+05 -6.9167e+05 4.35e-01 | 1149.1 | 2.5e-01 |
 58100 | 3.06e-02 3.08e-02 | -2.7259e+05 -6.9080e+05 4.34e-01 | 1151.1 | 4.2e-01 |
 58200 | 3.05e-02 3.06e-02 | -2.7314e+05 -6.9037e+05 4.33e-01 | 1153.1 | 7.0e-01 |
 58300 | 3.05e-02 3.05e-02 | -2.7406e+05 -6.9020e+05 4.32e-01 | 1155.0 | 1.2e+00 |
 58400 | 3.05e-02 3.04e-02 | -2.7523e+05 -6.9013e+05 4.30e-01 | 1157.0 | 1.2e+00 |
 58500 | 3.04e-02 3.04e-02 | -2.7593e+05 -6.9001e+05 4.29e-01 | 1158.9 | 7.0e-01 |
 58600 | 3.04e-02 3.05e-02 | -2.7647e+05 -6.8980e+05 4.28e-01 | 1160.9 | 7.0e-01 |
 58700 | 3.05e-02 3.04e-02 | -2.7735e+05 -6.8959e+05 4.26e-01 | 1162.9 | 1.2e+00 |
 58800 | 3.07e-02 3.03e-02 | -2.7824e+05 -6.8928e+05 4.25e-01 | 1164.8 | 9.0e-01 |
 58900 | 3.06e-02 3.02e-02 | -2.7878e+05 -6.8874e+05 4.24e-01 | 1166.8 | 5.4e-01 |
 59000 | 3.05e-02 3.04e-02 | -2.7911e+05 -6.8792e+05 4.23e-01 | 1168.7 | 3.2e-01 |
 59100 | 3.04e-02 3.06e-02 | -2.7931e+05 -6.8665e+05 4.22e-01 | 1170.7 | 1.9e-01 |
 59200 | 3.03e-02 3.05e-02 | -2.7956e+05 -6.8572e+05 4.21e-01 | 1172.6 | 3.2e-01 |
 59300 | 3.02e-02 3.03e-02 | -2.7997e+05 -6.8526e+05 4.20e-01 | 1174.6 | 5.4e-01 |
 59400 | 3.01e-02 3.01e-02 | -2.8064e+05 -6.8504e+05 4.19e-01 | 1176.6 | 9.0e-01 |
 59500 | 3.01e-02 3.00e-02 | -2.8151e+05 -6.8490e+05 4.17e-01 | 1178.5 | 9.0e-01 |
 59600 | 3.01e-02 3.01e-02 | -2.8203e+05 -6.8464e+05 4.16e-01 | 1180.5 | 5.4e-01 |
 59700 | 3.01e-02 3.01e-02 | -2.8243e+05 -6.8421e+05 4.16e-01 | 1182.4 | 5.4e-01 |
 59800 | 3.02e-02 3.01e-02 | -2.8308e+05 -6.8387e+05 4.14e-01 | 1184.4 | 9.0e-01 |
 59900 | 3.03e-02 3.00e-02 | -2.8359e+05 -6.8328e+05 4.13e-01 | 1186.4 | 5.4e-01 |
 60000 | 3.02e-02 2.99e-02 | -2.8391e+05 -6.8228e+05 4.12e-01 | 1188.3 | 3.2e-01 |
 60100 | 3.01e-02 3.01e-02 | -2.8410e+05 -6.8070e+05 4.11e-01 | 1190.3 | 1.9e-01 |
 60200 | 3.00e-02 3.03e-02 | -2.8424e+05 -6.7873e+05 4.10e-01 | 1192.2 | 1.9e-01 |
 60300 | 2.99e-02 3.01e-02 | -2.8449e+05 -6.7766e+05 4.09e-01 | 1194.2 | 3.2e-01 |
 60400 | 2.98e-02 2.99e-02 | -2.8489e+05 -6.7711e+05 4.08e-01 | 1196.2 | 5.4e-01 |
 60500 | 2.98e-02 2.98e-02 | -2.8555e+05 -6.7684e+05 4.07e-01 | 1198.1 | 9.0e-01 |
 60600 | 2.98e-02 2.97e-02 | -2.8640e+05 -6.7665e+05 4.05e-01 | 1200.1 | 9.0e-01 |
 60700 | 2.97e-02 2.97e-02 | -2.8691e+05 -6.7631e+05 4.04e-01 | 1202.0 | 5.4e-01 |
 60800 | 2.97e-02 2.97e-02 | -2.8729e+05 -6.7579e+05 4.03e-01 | 1204.0 | 5.4e-01 |
 60900 | 2.98e-02 2.97e-02 | -2.8780e+05 -6.7529e+05 4.02e-01 | 1206.0 | 5.4e-01 |
 61000 | 2.98e-02 2.96e-02 | -2.8810e+05 -6.7436e+05 4.01e-01 | 1207.9 | 3.2e-01 |
 61100 | 2.97e-02 2.96e-02 | -2.8828e+05 -6.7280e+05 4.00e-01 | 1209.9 | 1.9e-01 |
 61200 | 2.97e-02 2.98e-02 | -2.8840e+05 -6.7018e+05 3.98e-01 | 1211.8 | 1.2e-01 |
 61300 | 2.96e-02 2.98e-02 | -2.8854e+05 -6.6813e+05 3.97e-01 | 1213.8 | 1.9e-01 |
 61400 | 2.95e-02 2.96e-02 | -2.8878e+05 -6.6698e+05 3.96e-01 | 1215.8 | 3.2e-01 |
 61500 | 2.94e-02 2.95e-02 | -2.8917e+05 -6.6636e+05 3.95e-01 | 1217.7 | 5.4e-01 |
 61600 | 2.93e-02 2.94e-02 | -2.8983e+05 -6.6602e+05 3.94e-01 | 1219.7 | 9.0e-01 |
 61700 | 2.93e-02 2.94e-02 | -2.9091e+05 -6.6583e+05 3.92e-01 | 1221.6 | 1.5e+00 |
 61800 | 2.93e-02 2.93e-02 | -2.9273e+05 -6.6570e+05 3.89e-01 | 1223.6 | 2.5e+00 |
 61900 | 2.93e-02 2.92e-02 | -2.9417e+05 -6.6553e+05 3.87e-01 | 1225.5 | 1.5e+00 |
 62000 | 2.93e-02 2.92e-02 | -2.9504e+05 -6.6530e+05 3.86e-01 | 1227.5 | 9.0e-01 |
 62100 | 2.92e-02 2.91e-02 | -2.9557e+05 -6.6502e+05 3.85e-01 | 1229.5 | 5.4e-01 |
 62200 | 2.92e-02 2.91e-02 | -2.9589e+05 -6.6461e+05 3.84e-01 | 1231.4 | 3.2e-01 |
 62300 | 2.92e-02 2.91e-02 | -2.9608e+05 -6.6387e+05 3.83e-01 | 1233.4 | 1.9e-01 |
 62400 | 2.91e-02 2.93e-02 | -2.9619e+05 -6.6238e+05 3.82e-01 | 1235.3 | 1.2e-01 |
 62500 | 2.91e-02 2.92e-02 | -2.9633e+05 -6.6099e+05 3.81e-01 | 1237.3 | 1.9e-01 |
 62600 | 2.90e-02 2.90e-02 | -2.9655e+05 -6.6006e+05 3.80e-01 | 1239.3 | 3.2e-01 |
 62700 | 2.90e-02 2.89e-02 | -2.9685e+05 -6.5928e+05 3.79e-01 | 1241.2 | 3.2e-01 |
 62800 | 2.90e-02 2.89e-02 | -2.9702e+05 -6.5794e+05 3.78e-01 | 1243.2 | 1.9e-01 |
 62900 | 2.89e-02 2.90e-02 | -2.9712e+05 -6.5561e+05 3.76e-01 | 1245.1 | 1.2e-01 |
 63000 | 2.88e-02 2.90e-02 | -2.9725e+05 -6.5371e+05 3.75e-01 | 1247.1 | 1.9e-01 |
 63100 | 2.88e-02 2.89e-02 | -2.9747e+05 -6.5255e+05 3.74e-01 | 1249.1 | 3.2e-01 |
 63200 | 2.87e-02 2.88e-02 | -2.9784e+05 -6.5185e+05 3.73e-01 | 1251.0 | 5.4e-01 |
 63300 | 2.87e-02 2.88e-02 | -2.9846e+05 -6.5143e+05 3.72e-01 | 1253.0 | 9.0e-01 |
 63400 | 2.86e-02 2.87e-02 | -2.9950e+05 -6.5118e+05 3.70e-01 | 1254.9 | 1.5e+00 |
 63500 | 2.86e-02 2.86e-02 | -3.0125e+05 -6.5103e+05 3.67e-01 | 1256.9 | 2.5e+00 |
 63600 | 2.86e-02 2.85e-02 | -3.0264e+05 -6.5086e+05 3.65e-01 | 1258.9 | 1.5e+00 |
 63700 | 2.85e-02 2.84e-02 | -3.0350e+05 -6.5068e+05 3.64e-01 | 1260.9 | 9.0e-01 |
 63800 | 2.85e-02 2.84e-02 | -3.0402e+05 -6.5052e+05 3.63e-01 | 1262.8 | 5.4e-01 |
 63900 | 2.85e-02 2.85e-02 | -3.0433e+05 -6.5030e+05 3.62e-01 | 1264.8 | 3.2e-01 |
 64000 | 2.84e-02 2.85e-02 | -3.0457e+05 -6.4994e+05 3.62e-01 | 1266.8 | 3.2e-01 |
 64100 | 2.85e-02 2.84e-02 | -3.0497e+05 -6.4966e+05 3.61e-01 | 1268.8 | 5.4e-01 |
 64200 | 2.84e-02 2.83e-02 | -3.0527e+05 -6.4924e+05 3.60e-01 | 1270.7 | 3.2e-01 |
 64300 | 2.84e-02 2.83e-02 | -3.0545e+05 -6.4846e+05 3.60e-01 | 1272.7 | 1.9e-01 |
 64400 | 2.83e-02 2.84e-02 | -3.0555e+05 -6.4696e+05 3.58e-01 | 1274.7 | 1.2e-01 |
 64500 | 2.82e-02 2.83e-02 | -3.0568e+05 -6.4564e+05 3.57e-01 | 1276.7 | 1.9e-01 |
 64600 | 2.82e-02 2.82e-02 | -3.0590e+05 -6.4477e+05 3.56e-01 | 1278.7 | 3.2e-01 |
 64700 | 2.81e-02 2.81e-02 | -3.0607e+05 -6.4358e+05 3.55e-01 | 1280.6 | 1.9e-01 |
 64800 | 2.81e-02 2.82e-02 | -3.0617e+05 -6.4155e+05 3.54e-01 | 1282.6 | 1.2e-01 |
 64900 | 2.80e-02 2.81e-02 | -3.0630e+05 -6.3994e+05 3.53e-01 | 1284.6 | 1.9e-01 |
 65000 | 2.80e-02 2.81e-02 | -3.0651e+05 -6.3900e+05 3.52e-01 | 1286.6 | 3.2e-01 |
 65100 | 2.79e-02 2.80e-02 | -3.0687e+05 -6.3845e+05 3.51e-01 | 1288.6 | 5.4e-01 |
 65200 | 2.79e-02 2.79e-02 | -3.0748e+05 -6.3813e+05 3.50e-01 | 1290.5 | 9.0e-01 |
 65300 | 2.79e-02 2.78e-02 | -3.0826e+05 -6.3790e+05 3.48e-01 | 1292.5 | 9.0e-01 |
 65400 | 2.78e-02 2.78e-02 | -3.0873e+05 -6.3755e+05 3.47e-01 | 1294.5 | 5.4e-01 |
 65500 | 2.78e-02 2.78e-02 | -3.0902e+05 -6.3703e+05 3.47e-01 | 1296.5 | 3.2e-01 |
 65600 | 2.78e-02 2.78e-02 | -3.0919e+05 -6.3614e+05 3.46e-01 | 1298.4 | 1.9e-01 |
 65700 | 2.77e-02 2.77e-02 | -3.0941e+05 -6.3540e+05 3.45e-01 | 1300.4 | 3.2e-01 |
 65800 | 2.77e-02 2.77e-02 | -3.0969e+05 -6.3480e+05 3.44e-01 | 1302.4 | 3.2e-01 |
 65900 | 2.77e-02 2.77e-02 | -3.0986e+05 -6.3376e+05 3.43e-01 | 1304.4 | 1.9e-01 |
 66000 | 2.76e-02 2.77e-02 | -3.1008e+05 -6.3292e+05 3.42e-01 | 1306.3 | 3.2e-01 |
 66100 | 2.76e-02 2.76e-02 | -3.1044e+05 -6.3240e+05 3.41e-01 | 1308.3 | 5.4e-01 |
 66200 | 2.75e-02 2.76e-02 | -3.1104e+05 -6.3209e+05 3.40e-01 | 1310.3 | 9.0e-01 |
 66300 | 2.75e-02 2.75e-02 | -3.1205e+05 -6.3192e+05 3.39e-01 | 1312.2 | 1.5e+00 |
 66400 | 2.74e-02 2.74e-02 | -3.1284e+05 -6.3173e+05 3.38e-01 | 1314.2 | 9.0e-01 |
 66500 | 2.74e-02 2.74e-02 | -3.1333e+05 -6.3152e+05 3.37e-01 | 1316.1 | 5.4e-01 |
 66600 | 2.74e-02 2.74e-02 | -3.1361e+05 -6.3121e+05 3.36e-01 | 1318.1 | 3.2e-01 |
 66700 | 2.73e-02 2.74e-02 | -3.1379e+05 -6.3065e+05 3.36e-01 | 1320.0 | 1.9e-01 |
 66800 | 2.73e-02 2.73e-02 | -3.1400e+05 -6.3014e+05 3.35e-01 | 1322.0 | 3.2e-01 |
 66900 | 2.73e-02 2.73e-02 | -3.1417e+05 -6.2942e+05 3.34e-01 | 1324.0 | 1.9e-01 |
 67000 | 2.72e-02 2.73e-02 | -3.1430e+05 -6.2840e+05 3.33e-01 | 1325.9 | 1.9e-01 |
 67100 | 2.72e-02 2.72e-02 | -3.1450e+05 -6.2773e+05 3.32e-01 | 1327.9 | 3.2e-01 |
 67200 | 2.72e-02 2.72e-02 | -3.1485e+05 -6.2731e+05 3.32e-01 | 1329.8 | 5.4e-01 |
 67300 | 2.71e-02 2.71e-02 | -3.1530e+05 -6.2698e+05 3.31e-01 | 1331.8 | 5.4e-01 |
 67400 | 2.71e-02 2.71e-02 | -3.1557e+05 -6.2646e+05 3.30e-01 | 1333.7 | 3.2e-01 |
 67500 | 2.71e-02 2.71e-02 | -3.1574e+05 -6.2564e+05 3.29e-01 | 1335.7 | 1.9e-01 |
 67600 | 2.70e-02 2.71e-02 | -3.1586e+05 -6.2453e+05 3.28e-01 | 1337.7 | 1.9e-01 |
 67700 | 2.70e-02 2.70e-02 | -3.1607e+05 -6.2382e+05 3.27e-01 | 1339.6 | 3.2e-01 |
 67800 | 2.70e-02 2.70e-02 | -3.1633e+05 -6.2326e+05 3.27e-01 | 1341.6 | 3.2e-01 |
 67900 | 2.69e-02 2.70e-02 | -3.1649e+05 -6.2231e+05 3.26e-01 | 1343.5 | 1.9e-01 |
 68000 | 2.69e-02 2.69e-02 | -3.1670e+05 -6.2156e+05 3.25e-01 | 1345.5 | 3.2e-01 |
 68100 | 2.68e-02 2.69e-02 | -3.1704e+05 -6.2112e+05 3.24e-01 | 1347.5 | 5.4e-01 |
 68200 | 2.68e-02 2.68e-02 | -3.1761e+05 -6.2087e+05 3.23e-01 | 1349.4 | 9.0e-01 |
 68300 | 2.67e-02 2.68e-02 | -3.1857e+05 -6.2074e+05 3.22e-01 | 1351.4 | 1.5e+00 |
 68400 | 2.66e-02 2.67e-02 | -3.2020e+05 -6.2071e+05 3.19e-01 | 1353.3 | 2.5e+00 |
 68500 | 2.68e-02 2.65e-02 | -3.2299e+05 -6.2079e+05 3.16e-01 | 1355.3 | 4.2e+00 |
 68600 | 2.68e-02 2.64e-02 | -3.2522e+05 -6.2109e+05 3.13e-01 | 1357.2 | 2.5e+00 |
 68700 | 2.67e-02 2.63e-02 | -3.2657e+05 -6.2168e+05 3.11e-01 | 1359.2 | 1.5e+00 |
 68800 | 2.67e-02 2.62e-02 | -3.2737e+05 -6.2260e+05 3.11e-01 | 1361.1 | 9.0e-01 |
 68900 | 2.65e-02 2.62e-02 | -3.2783e+05 -6.2396e+05 3.11e-01 | 1363.1 | 5.4e-01 |
 69000 | 2.64e-02 2.63e-02 | -3.2809e+05 -6.2591e+05 3.12e-01 | 1365.1 | 3.2e-01 |
 69100 | 2.64e-02 2.68e-02 | -3.2824e+05 -6.2858e+05 3.14e-01 | 1367.0 | 1.9e-01 |
 69200 | 2.64e-02 2.69e-02 | -3.2841e+05 -6.3016e+05 3.15e-01 | 1369.0 | 3.2e-01 |
 69300 | 2.64e-02 2.66e-02 | -3.2868e+05 -6.3074e+05 3.15e-01 | 1370.9 | 5.4e-01 |
 69400 | 2.66e-02 2.62e-02 | -3.2915e+05 -6.3086e+05 3.14e-01 | 1372.9 | 9.0e-01 |
 69500 | 2.67e-02 2.59e-02 | -3.2952e+05 -6.3079e+05 3.14e-01 | 1374.8 | 5.4e-01 |
 69600 | 2.66e-02 2.59e-02 | -3.2975e+05 -6.3073e+05 3.13e-01 | 1376.8 | 3.2e-01 |
 69700 | 2.66e-02 2.62e-02 | -3.2989e+05 -6.3077e+05 3.13e-01 | 1378.8 | 1.9e-01 |
 69800 | 2.64e-02 2.71e-02 | -3.2997e+05 -6.3093e+05 3.13e-01 | 1380.7 | 1.2e-01 |
 69900 | 2.63e-02 2.71e-02 | -3.3007e+05 -6.3112e+05 3.13e-01 | 1382.7 | 1.9e-01 |
 70000 | 2.63e-02 2.66e-02 | -3.3023e+05 -6.3131e+05 3.13e-01 | 1384.6 | 3.2e-01 |
 70100 | 2.62e-02 2.61e-02 | -3.3049e+05 -6.3147e+05 3.13e-01 | 1386.6 | 5.4e-01 |
 70200 | 2.62e-02 2.58e-02 | -3.3068e+05 -6.3165e+05 3.13e-01 | 1388.6 | 3.2e-01 |
 70300 | 2.62e-02 2.60e-02 | -3.3080e+05 -6.3187e+05 3.13e-01 | 1390.5 | 1.9e-01 |
 70400 | 2.61e-02 2.66e-02 | -3.3088e+05 -6.3197e+05 3.13e-01 | 1392.5 | 1.9e-01 |
 70500 | 2.61e-02 2.63e-02 | -3.3102e+05 -6.3182e+05 3.12e-01 | 1394.4 | 3.2e-01 |
 70600 | 2.62e-02 2.59e-02 | -3.3125e+05 -6.3150e+05 3.12e-01 | 1396.4 | 5.4e-01 |
 70700 | 2.63e-02 2.56e-02 | -3.3143e+05 -6.3079e+05 3.11e-01 | 1398.3 | 3.2e-01 |
 70800 | 2.62e-02 2.58e-02 | -3.3155e+05 -6.2954e+05 3.10e-01 | 1400.3 | 1.9e-01 |
 70900 | 2.61e-02 2.67e-02 | -3.3162e+05 -6.2761e+05 3.09e-01 | 1402.3 | 1.2e-01 |
 71000 | 2.60e-02 2.68e-02 | -3.3171e+05 -6.2625e+05 3.07e-01 | 1404.2 | 1.9e-01 |
 71100 | 2.59e-02 2.62e-02 | -3.3185e+05 -6.2554e+05 3.07e-01 | 1406.2 | 3.2e-01 |
 71200 | 2.58e-02 2.57e-02 | -3.3209e+05 -6.2521e+05 3.06e-01 | 1408.1 | 5.4e-01 |
 71300 | 2.58e-02 2.55e-02 | -3.3228e+05 -6.2485e+05 3.06e-01 | 1410.1 | 3.2e-01 |
 71400 | 2.57e-02 2.60e-02 | -3.3238e+05 -6.2418e+05 3.05e-01 | 1412.0 | 1.9e-01 |
 71500 | 2.57e-02 2.61e-02 | -3.3252e+05 -6.2353e+05 3.04e-01 | 1414.0 | 3.2e-01 |
 71600 | 2.58e-02 2.57e-02 | -3.3275e+05 -6.2301e+05 3.04e-01 | 1415.9 | 5.4e-01 |
 71700 | 2.59e-02 2.54e-02 | -3.3293e+05 -6.2213e+05 3.03e-01 | 1417.9 | 3.2e-01 |
 71800 | 2.58e-02 2.57e-02 | -3.3304e+05 -6.2056e+05 3.02e-01 | 1419.9 | 1.9e-01 |
 71900 | 2.57e-02 2.62e-02 | -3.3313e+05 -6.1857e+05 3.00e-01 | 1421.8 | 1.9e-01 |
 72000 | 2.56e-02 2.58e-02 | -3.3327e+05 -6.1744e+05 2.99e-01 | 1423.8 | 3.2e-01 |
 72100 | 2.56e-02 2.54e-02 | -3.3352e+05 -6.1679e+05 2.98e-01 | 1425.7 | 5.4e-01 |
 72200 | 2.55e-02 2.53e-02 | -3.3371e+05 -6.1601e+05 2.97e-01 | 1427.7 | 3.2e-01 |
 72300 | 2.55e-02 2.59e-02 | -3.3382e+05 -6.1476e+05 2.96e-01 | 1429.6 | 1.9e-01 |
 72400 | 2.54e-02 2.59e-02 | -3.3397e+05 -6.1378e+05 2.95e-01 | 1431.6 | 3.2e-01 |
 72500 | 2.56e-02 2.54e-02 | -3.3421e+05 -6.1320e+05 2.94e-01 | 1433.5 | 5.4e-01 |
 72600 | 2.57e-02 2.52e-02 | -3.3446e+05 -6.1255e+05 2.94e-01 | 1435.5 | 4.2e-01 |
 72700 | 2.56e-02 2.55e-02 | -3.3461e+05 -6.1140e+05 2.93e-01 | 1437.5 | 2.5e-01 |
 72800 | 2.55e-02 2.61e-02 | -3.3473e+05 -6.0988e+05 2.91e-01 | 1439.4 | 2.5e-01 |
 72900 | 2.54e-02 2.57e-02 | -3.3493e+05 -6.0896e+05 2.90e-01 | 1441.4 | 4.2e-01 |
 73000 | 2.55e-02 2.52e-02 | -3.3525e+05 -6.0841e+05 2.89e-01 | 1443.4 | 7.0e-01 |
 73100 | 2.54e-02 2.51e-02 | -3.3551e+05 -6.0775e+05 2.89e-01 | 1445.3 | 4.2e-01 |
 73200 | 2.52e-02 2.59e-02 | -3.3567e+05 -6.0669e+05 2.88e-01 | 1447.3 | 2.5e-01 |
 73300 | 2.52e-02 2.59e-02 | -3.3586e+05 -6.0589e+05 2.87e-01 | 1449.2 | 4.2e-01 |
 73400 | 2.54e-02 2.53e-02 | -3.3619e+05 -6.0541e+05 2.86e-01 | 1451.2 | 7.0e-01 |
 73500 | 2.57e-02 2.50e-02 | -3.3663e+05 -6.0501e+05 2.85e-01 | 1453.1 | 7.0e-01 |
 73600 | 2.56e-02 2.53e-02 | -3.3689e+05 -6.0428e+05 2.84e-01 | 1455.1 | 4.2e-01 |
 73700 | 2.53e-02 2.61e-02 | -3.3707e+05 -6.0319e+05 2.83e-01 | 1457.1 | 3.2e-01 |
 73800 | 2.52e-02 2.57e-02 | -3.3733e+05 -6.0244e+05 2.82e-01 | 1459.0 | 5.4e-01 |
 73900 | 2.54e-02 2.51e-02 | -3.3778e+05 -6.0201e+05 2.81e-01 | 1461.0 | 9.0e-01 |
 74000 | 2.54e-02 2.50e-02 | -3.3812e+05 -6.0152e+05 2.80e-01 | 1463.0 | 5.4e-01 |
 74100 | 2.51e-02 2.59e-02 | -3.3833e+05 -6.0073e+05 2.79e-01 | 1464.9 | 3.2e-01 |
 74200 | 2.50e-02 2.59e-02 | -3.3860e+05 -6.0013e+05 2.79e-01 | 1466.9 | 5.4e-01 |
 74300 | 2.54e-02 2.52e-02 | -3.3904e+05 -5.9977e+05 2.78e-01 | 1468.8 | 9.0e-01 |
 74400 | 2.59e-02 2.49e-02 | -3.3962e+05 -5.9948e+05 2.77e-01 | 1470.8 | 9.0e-01 |
 74500 | 2.56e-02 2.52e-02 | -3.3997e+05 -5.9895e+05 2.76e-01 | 1472.7 | 5.4e-01 |
 74600 | 2.53e-02 2.63e-02 | -3.4018e+05 -5.9804e+05 2.75e-01 | 1474.7 | 3.2e-01 |
 74700 | 2.51e-02 2.61e-02 | -3.4045e+05 -5.9732e+05 2.74e-01 | 1476.6 | 5.4e-01 |
 74800 | 2.54e-02 2.52e-02 | -3.4090e+05 -5.9692e+05 2.73e-01 | 1478.6 | 9.0e-01 |
 74900 | 2.57e-02 2.48e-02 | -3.4149e+05 -5.9665e+05 2.72e-01 | 1480.6 | 9.0e-01 |
 75000 | 2.52e-02 2.53e-02 | -3.4185e+05 -5.9624e+05 2.71e-01 | 1482.5 | 5.4e-01 |
 75100 | 2.49e-02 2.61e-02 | -3.4212e+05 -5.9572e+05 2.70e-01 | 1484.5 | 5.4e-01 |
 75200 | 2.51e-02 2.55e-02 | -3.4258e+05 -5.9541e+05 2.70e-01 | 1486.4 | 9.0e-01 |
 75300 | 2.59e-02 2.49e-02 | -3.4324e+05 -5.9520e+05 2.68e-01 | 1488.4 | 1.2e+00 |
 75400 | 2.59e-02 2.49e-02 | -3.4370e+05 -5.9485e+05 2.68e-01 | 1490.4 | 7.0e-01 |
 75500 | 2.53e-02 2.60e-02 | -3.4398e+05 -5.9424e+05 2.67e-01 | 1492.3 | 4.2e-01 |
 75600 | 2.50e-02 2.60e-02 | -3.4433e+05 -5.9375e+05 2.66e-01 | 1494.3 | 7.0e-01 |
 75700 | 2.55e-02 2.51e-02 | -3.4492e+05 -5.9346e+05 2.65e-01 | 1496.2 | 1.2e+00 |
 75800 | 2.56e-02 2.48e-02 | -3.4539e+05 -5.9314e+05 2.64e-01 | 1498.2 | 7.0e-01 |
 75900 | 2.51e-02 2.59e-02 | -3.4566e+05 -5.9263e+05 2.63e-01 | 1500.1 | 4.2e-01 |
 76000 | 2.47e-02 2.60e-02 | -3.4602e+05 -5.9226e+05 2.62e-01 | 1502.1 | 7.0e-01 |
 76100 | 2.54e-02 2.51e-02 | -3.4662e+05 -5.9208e+05 2.61e-01 | 1504.0 | 1.2e+00 |
 76200 | 2.59e-02 2.47e-02 | -3.4722e+05 -5.9192e+05 2.61e-01 | 1506.0 | 9.0e-01 |
 76300 | 2.54e-02 2.53e-02 | -3.4757e+05 -5.9158e+05 2.60e-01 | 1508.0 | 5.4e-01 |
 76400 | 2.49e-02 2.63e-02 | -3.4785e+05 -5.9111e+05 2.59e-01 | 1509.9 | 5.4e-01 |
 76500 | 2.51e-02 2.55e-02 | -3.4830e+05 -5.9077e+05 2.58e-01 | 1511.9 | 9.0e-01 |
 76600 | 2.57e-02 2.47e-02 | -3.4889e+05 -5.9051e+05 2.57e-01 | 1513.8 | 9.0e-01 |
 76700 | 2.53e-02 2.51e-02 | -3.4925e+05 -5.9015e+05 2.56e-01 | 1515.8 | 5.4e-01 |
 76800 | 2.47e-02 2.63e-02 | -3.4953e+05 -5.8972e+05 2.56e-01 | 1517.8 | 5.4e-01 |
 76900 | 2.49e-02 2.55e-02 | -3.4999e+05 -5.8951e+05 2.55e-01 | 1519.7 | 9.0e-01 |
 77000 | 2.60e-02 2.47e-02 | -3.5077e+05 -5.8944e+05 2.54e-01 | 1521.7 | 1.5e+00 |
 77100 | 2.60e-02 2.47e-02 | -3.5136e+05 -5.8935e+05 2.53e-01 | 1523.6 | 9.0e-01 |
 77200 | 2.52e-02 2.57e-02 | -3.5172e+05 -5.8910e+05 2.52e-01 | 1525.6 | 5.4e-01 |
 77300 | 2.48e-02 2.57e-02 | -3.5216e+05 -5.8887e+05 2.52e-01 | 1527.5 | 9.0e-01 |
 77400 | 2.57e-02 2.49e-02 | -3.5292e+05 -5.8867e+05 2.50e-01 | 1529.5 | 1.5e+00 |
 77500 | 2.58e-02 2.46e-02 | -3.5351e+05 -5.8843e+05 2.49e-01 | 1531.5 | 9.0e-01 |
 77600 | 2.50e-02 2.56e-02 | -3.5387e+05 -5.8811e+05 2.49e-01 | 1533.4 | 5.4e-01 |
 77700 | 2.45e-02 2.56e-02 | -3.5433e+05 -5.8793e+05 2.48e-01 | 1535.4 | 9.0e-01 |
 77800 | 2.54e-02 2.48e-02 | -3.5511e+05 -5.8791e+05 2.47e-01 | 1537.3 | 1.5e+00 |
 77900 | 2.56e-02 2.45e-02 | -3.5570e+05 -5.8792e+05 2.46e-01 | 1539.3 | 9.0e-01 |
 78000 | 2.50e-02 2.55e-02 | -3.5605e+05 -5.8784e+05 2.46e-01 | 1541.3 | 5.4e-01 |
 78100 | 2.46e-02 2.55e-02 | -3.5649e+05 -5.8771e+05 2.45e-01 | 1543.2 | 9.0e-01 |
 78200 | 2.56e-02 2.47e-02 | -3.5723e+05 -5.8754e+05 2.44e-01 | 1545.2 | 1.5e+00 |
 78300 | 2.56e-02 2.45e-02 | -3.5782e+05 -5.8729e+05 2.43e-01 | 1547.1 | 9.0e-01 |
 78400 | 2.48e-02 2.55e-02 | -3.5818e+05 -5.8696e+05 2.42e-01 | 1549.1 | 5.4e-01 |
 78500 | 2.44e-02 2.54e-02 | -3.5864e+05 -5.8678e+05 2.41e-01 | 1551.0 | 9.0e-01 |
 78600 | 2.52e-02 2.46e-02 | -3.5940e+05 -5.8677e+05 2.40e-01 | 1553.0 | 1.5e+00 |
 78700 | 2.54e-02 2.44e-02 | -3.5999e+05 -5.8683e+05 2.40e-01 | 1555.0 | 9.0e-01 |
 78800 | 2.48e-02 2.54e-02 | -3.6033e+05 -5.8683e+05 2.39e-01 | 1556.9 | 5.4e-01 |
 78900 | 2.46e-02 2.53e-02 | -3.6077e+05 -5.8675e+05 2.38e-01 | 1558.9 | 9.0e-01 |
 79000 | 2.55e-02 2.46e-02 | -3.6150e+05 -5.8661e+05 2.37e-01 | 1560.8 | 1.5e+00 |
 79100 | 2.55e-02 2.44e-02 | -3.6208e+05 -5.8637e+05 2.36e-01 | 1562.8 | 9.0e-01 |
 79200 | 2.47e-02 2.55e-02 | -3.6243e+05 -5.8605e+05 2.36e-01 | 1564.8 | 5.4e-01 |
 79300 | 2.43e-02 2.53e-02 | -3.6289e+05 -5.8588e+05 2.35e-01 | 1566.7 | 9.0e-01 |
 79400 | 2.52e-02 2.45e-02 | -3.6364e+05 -5.8588e+05 2.34e-01 | 1568.7 | 1.5e+00 |
 79500 | 2.53e-02 2.44e-02 | -3.6422e+05 -5.8595e+05 2.33e-01 | 1570.6 | 9.0e-01 |
 79600 | 2.47e-02 2.55e-02 | -3.6456e+05 -5.8600e+05 2.33e-01 | 1572.6 | 5.4e-01 |
 79700 | 2.45e-02 2.54e-02 | -3.6500e+05 -5.8596e+05 2.32e-01 | 1574.5 | 9.0e-01 |
 79800 | 2.56e-02 2.45e-02 | -3.6572e+05 -5.8583e+05 2.31e-01 | 1576.5 | 1.5e+00 |
 79900 | 2.56e-02 2.43e-02 | -3.6629e+05 -5.8561e+05 2.30e-01 | 1578.5 | 9.0e-01 |
 80000 | 2.46e-02 2.56e-02 | -3.6663e+05 -5.8530e+05 2.30e-01 | 1580.4 | 5.4e-01 |
 80100 | 2.43e-02 2.54e-02 | -3.6708e+05 -5.8514e+05 2.29e-01 | 1582.4 | 9.0e-01 |
 80200 | 2.53e-02 2.45e-02 | -3.6782e+05 -5.8513e+05 2.28e-01 | 1584.3 | 1.5e+00 |
 80300 | 2.54e-02 2.43e-02 | -3.6840e+05 -5.8520e+05 2.27e-01 | 1586.3 | 9.0e-01 |
 80400 | 2.46e-02 2.57e-02 | -3.6874e+05 -5.8527e+05 2.27e-01 | 1588.2 | 5.4e-01 |
 80500 | 2.45e-02 2.55e-02 | -3.6916e+05 -5.8524e+05 2.26e-01 | 1590.2 | 9.0e-01 |
 80600 | 2.59e-02 2.44e-02 | -3.6987e+05 -5.8513e+05 2.25e-01 | 1592.2 | 1.5e+00 |
 80700 | 2.57e-02 2.43e-02 | -3.7043e+05 -5.8492e+05 2.25e-01 | 1594.1 | 9.0e-01 |
 80800 | 2.46e-02 2.58e-02 | -3.7078e+05 -5.8461e+05 2.24e-01 | 1596.1 | 5.4e-01 |
 80900 | 2.42e-02 2.55e-02 | -3.7122e+05 -5.8444e+05 2.23e-01 | 1598.0 | 9.0e-01 |
 81000 | 2.56e-02 2.44e-02 | -3.7195e+05 -5.8442e+05 2.22e-01 | 1600.0 | 1.5e+00 |
 81100 | 2.56e-02 2.43e-02 | -3.7252e+05 -5.8448e+05 2.21e-01 | 1601.9 | 9.0e-01 |
 81200 | 2.46e-02 2.59e-02 | -3.7285e+05 -5.8455e+05 2.21e-01 | 1603.9 | 5.4e-01 |
 81300 | 2.45e-02 2.57e-02 | -3.7327e+05 -5.8455e+05 2.21e-01 | 1605.8 | 9.0e-01 |
 81400 | 2.61e-02 2.44e-02 | -3.7397e+05 -5.8443e+05 2.20e-01 | 1607.8 | 1.5e+00 |
 81500 | 2.60e-02 2.43e-02 | -3.7452e+05 -5.8421e+05 2.19e-01 | 1609.8 | 9.0e-01 |
 81600 | 2.46e-02 2.61e-02 | -3.7486e+05 -5.8392e+05 2.18e-01 | 1611.7 | 5.4e-01 |
 81700 | 2.42e-02 2.57e-02 | -3.7530e+05 -5.8375e+05 2.17e-01 | 1613.7 | 9.0e-01 |
 81800 | 2.58e-02 2.44e-02 | -3.7602e+05 -5.8370e+05 2.16e-01 | 1615.6 | 1.5e+00 |
 81900 | 2.59e-02 2.43e-02 | -3.7658e+05 -5.8373e+05 2.16e-01 | 1617.6 | 9.0e-01 |
 82000 | 2.47e-02 2.63e-02 | -3.7690e+05 -5.8380e+05 2.15e-01 | 1619.5 | 5.4e-01 |
 82100 | 2.45e-02 2.59e-02 | -3.7732e+05 -5.8379e+05 2.15e-01 | 1621.5 | 9.0e-01 |
 82200 | 2.65e-02 2.44e-02 | -3.7800e+05 -5.8368e+05 2.14e-01 | 1623.5 | 1.5e+00 |
 82300 | 2.63e-02 2.43e-02 | -3.7855e+05 -5.8347e+05 2.13e-01 | 1625.4 | 9.0e-01 |
 82400 | 2.46e-02 2.64e-02 | -3.7889e+05 -5.8321e+05 2.12e-01 | 1627.4 | 5.4e-01 |
 82500 | 2.41e-02 2.60e-02 | -3.7932e+05 -5.8303e+05 2.12e-01 | 1629.3 | 9.0e-01 |
 82600 | 2.63e-02 2.44e-02 | -3.8003e+05 -5.8295e+05 2.11e-01 | 1631.3 | 1.5e+00 |
 82700 | 2.63e-02 2.42e-02 | -3.8058e+05 -5.8294e+05 2.10e-01 | 1633.2 | 9.0e-01 |
 82800 | 2.48e-02 2.68e-02 | -3.8091e+05 -5.8296e+05 2.10e-01 | 1635.2 | 5.4e-01 |
 82900 | 2.45e-02 2.63e-02 | -3.8132e+05 -5.8294e+05 2.09e-01 | 1637.2 | 9.0e-01 |
 83000 | 2.70e-02 2.44e-02 | -3.8199e+05 -5.8285e+05 2.08e-01 | 1639.1 | 1.5e+00 |
 83100 | 2.68e-02 2.43e-02 | -3.8254e+05 -5.8267e+05 2.07e-01 | 1641.1 | 9.0e-01 |
 83200 | 2.47e-02 2.69e-02 | -3.8287e+05 -5.8248e+05 2.07e-01 | 1643.0 | 5.4e-01 |
 83300 | 2.41e-02 2.64e-02 | -3.8329e+05 -5.8227e+05 2.06e-01 | 1645.0 | 9.0e-01 |
 83400 | 2.68e-02 2.45e-02 | -3.8400e+05 -5.8215e+05 2.05e-01 | 1646.9 | 1.5e+00 |
 83500 | 2.69e-02 2.42e-02 | -3.8454e+05 -5.8207e+05 2.04e-01 | 1648.9 | 9.0e-01 |
 83600 | 2.49e-02 2.74e-02 | -3.8487e+05 -5.8202e+05 2.04e-01 | 1650.9 | 5.4e-01 |
 83700 | 2.45e-02 2.69e-02 | -3.8527e+05 -5.8199e+05 2.03e-01 | 1652.8 | 9.0e-01 |
 83800 | 2.77e-02 2.45e-02 | -3.8594e+05 -5.8193e+05 2.02e-01 | 1654.8 | 1.5e+00 |
 83900 | 2.75e-02 2.43e-02 | -3.8648e+05 -5.8180e+05 2.02e-01 | 1656.7 | 9.0e-01 |
 84000 | 2.48e-02 2.75e-02 | -3.8681e+05 -5.8169e+05 2.01e-01 | 1658.7 | 5.4e-01 |
 84100 | 2.41e-02 2.70e-02 | -3.8723e+05 -5.8149e+05 2.01e-01 | 1660.6 | 9.0e-01 |
 84200 | 2.76e-02 2.47e-02 | -3.8792e+05 -5.8132e+05 2.00e-01 | 1662.6 | 1.5e+00 |
 84300 | 2.77e-02 2.42e-02 | -3.8846e+05 -5.8115e+05 1.99e-01 | 1664.6 | 9.0e-01 |
 84400 | 2.52e-02 2.82e-02 | -3.8878e+05 -5.8102e+05 1.98e-01 | 1666.5 | 5.4e-01 |
 84500 | 2.46e-02 2.75e-02 | -3.8919e+05 -5.8098e+05 1.98e-01 | 1668.5 | 9.0e-01 |
 84600 | 2.83e-02 2.47e-02 | -3.8986e+05 -5.8096e+05 1.97e-01 | 1670.4 | 1.5e+00 |
 84700 | 2.82e-02 2.44e-02 | -3.9039e+05 -5.8089e+05 1.96e-01 | 1672.4 | 9.0e-01 |
 84800 | 2.50e-02 2.81e-02 | -3.9072e+05 -5.8086e+05 1.96e-01 | 1674.3 | 5.4e-01 |
 84900 | 2.42e-02 2.76e-02 | -3.9113e+05 -5.8066e+05 1.95e-01 | 1676.3 | 9.0e-01 |
 85000 | 2.84e-02 2.48e-02 | -3.9181e+05 -5.8045e+05 1.94e-01 | 1678.3 | 1.5e+00 |
 85100 | 2.86e-02 2.43e-02 | -3.9235e+05 -5.8021e+05 1.93e-01 | 1680.2 | 9.0e-01 |
 85200 | 2.55e-02 2.89e-02 | -3.9267e+05 -5.8000e+05 1.93e-01 | 1682.2 | 5.4e-01 |
 85300 | 2.47e-02 2.81e-02 | -3.9307e+05 -5.7995e+05 1.92e-01 | 1684.1 | 9.0e-01 |
 85400 | 2.88e-02 2.48e-02 | -3.9374e+05 -5.7997e+05 1.91e-01 | 1686.1 | 1.5e+00 |
 85500 | 2.88e-02 2.43e-02 | -3.9426e+05 -5.7995e+05 1.91e-01 | 1688.1 | 9.0e-01 |
 85600 | 2.52e-02 2.86e-02 | -3.9459e+05 -5.7997e+05 1.90e-01 | 1690.0 | 5.4e-01 |
 85700 | 2.42e-02 2.82e-02 | -3.9500e+05 -5.7977e+05 1.90e-01 | 1692.0 | 9.0e-01 |
 85800 | 2.92e-02 2.50e-02 | -3.9567e+05 -5.7952e+05 1.89e-01 | 1693.9 | 1.5e+00 |
 85900 | 2.94e-02 2.43e-02 | -3.9620e+05 -5.7924e+05 1.88e-01 | 1695.9 | 9.0e-01 |
 86000 | 2.58e-02 2.96e-02 | -3.9652e+05 -5.7898e+05 1.87e-01 | 1697.8 | 5.4e-01 |
 86100 | 2.48e-02 2.88e-02 | -3.9692e+05 -5.7893e+05 1.87e-01 | 1699.8 | 9.0e-01 |
 86200 | 2.94e-02 2.49e-02 | -3.9759e+05 -5.7898e+05 1.86e-01 | 1701.8 | 1.5e+00 |
 86300 | 2.95e-02 2.43e-02 | -3.9811e+05 -5.7900e+05 1.85e-01 | 1703.7 | 9.0e-01 |
 86400 | 2.55e-02 2.93e-02 | -3.9843e+05 -5.7905e+05 1.85e-01 | 1705.7 | 5.4e-01 |
 86500 | 2.43e-02 2.89e-02 | -3.9884e+05 -5.7882e+05 1.84e-01 | 1707.6 | 9.0e-01 |
 86600 | 3.02e-02 2.53e-02 | -3.9951e+05 -5.7857e+05 1.83e-01 | 1709.6 | 1.5e+00 |
 86700 | 3.05e-02 2.44e-02 | -4.0003e+05 -5.7826e+05 1.82e-01 | 1711.6 | 9.0e-01 |
 86800 | 2.61e-02 3.05e-02 | -4.0035e+05 -5.7797e+05 1.82e-01 | 1713.5 | 5.4e-01 |
 86900 | 2.48e-02 2.96e-02 | -4.0075e+05 -5.7792e+05 1.81e-01 | 1715.5 | 9.0e-01 |
 87000 | 3.01e-02 2.52e-02 | -4.0141e+05 -5.7800e+05 1.80e-01 | 1717.4 | 1.5e+00 |
 87100 | 3.03e-02 2.44e-02 | -4.0193e+05 -5.7805e+05 1.80e-01 | 1719.4 | 9.0e-01 |
 87200 | 2.59e-02 3.01e-02 | -4.0225e+05 -5.7810e+05 1.79e-01 | 1721.4 | 5.4e-01 |
 87300 | 2.45e-02 2.99e-02 | -4.0265e+05 -5.7785e+05 1.79e-01 | 1723.3 | 9.0e-01 |
 87400 | 3.15e-02 2.56e-02 | -4.0332e+05 -5.7759e+05 1.78e-01 | 1725.3 | 1.5e+00 |
 87500 | 3.16e-02 2.45e-02 | -4.0384e+05 -5.7729e+05 1.77e-01 | 1727.2 | 9.0e-01 |
 87600 | 2.65e-02 3.16e-02 | -4.0415e+05 -5.7697e+05 1.76e-01 | 1729.2 | 5.4e-01 |
 87700 | 2.48e-02 3.05e-02 | -4.0455e+05 -5.7691e+05 1.76e-01 | 1731.2 | 9.0e-01 |
 87800 | 3.08e-02 2.55e-02 | -4.0521e+05 -5.7703e+05 1.75e-01 | 1733.1 | 1.5e+00 |
 87900 | 3.13e-02 2.44e-02 | -4.0572e+05 -5.7712e+05 1.74e-01 | 1735.1 | 9.0e-01 |
 88000 | 2.65e-02 3.10e-02 | -4.0604e+05 -5.7716e+05 1.74e-01 | 1737.0 | 5.4e-01 |
 88100 | 2.46e-02 3.09e-02 | -4.0644e+05 -5.7690e+05 1.73e-01 | 1739.0 | 9.0e-01 |
 88200 | 3.28e-02 2.60e-02 | -4.0710e+05 -5.7663e+05 1.72e-01 | 1740.9 | 1.5e+00 |
 88300 | 3.29e-02 2.47e-02 | -4.0762e+05 -5.7633e+05 1.71e-01 | 1742.9 | 9.0e-01 |
 88400 | 2.71e-02 3.27e-02 | -4.0793e+05 -5.7600e+05 1.71e-01 | 1744.9 | 5.4e-01 |
 88500 | 2.48e-02 3.16e-02 | -4.0833e+05 -5.7594e+05 1.70e-01 | 1746.8 | 9.0e-01 |
 88600 | 3.17e-02 2.59e-02 | -4.0899e+05 -5.7607e+05 1.70e-01 | 1748.8 | 1.5e+00 |
 88700 | 3.23e-02 2.45e-02 | -4.0949e+05 -5.7621e+05 1.69e-01 | 1750.7 | 9.0e-01 |
 88800 | 2.71e-02 3.21e-02 | -4.0981e+05 -5.7624e+05 1.69e-01 | 1752.7 | 5.4e-01 |
 88900 | 2.46e-02 3.21e-02 | -4.1021e+05 -5.7598e+05 1.68e-01 | 1754.7 | 9.0e-01 |
 89000 | 3.41e-02 2.64e-02 | -4.1086e+05 -5.7570e+05 1.67e-01 | 1756.6 | 1.5e+00 |
 89100 | 3.41e-02 2.48e-02 | -4.1138e+05 -5.7541e+05 1.66e-01 | 1758.6 | 9.0e-01 |
 89200 | 2.76e-02 3.37e-02 | -4.1169e+05 -5.7506e+05 1.66e-01 | 1760.5 | 5.4e-01 |
 89300 | 2.47e-02 3.27e-02 | -4.1208e+05 -5.7499e+05 1.65e-01 | 1762.5 | 9.0e-01 |
 89400 | 3.27e-02 2.63e-02 | -4.1274e+05 -5.7515e+05 1.64e-01 | 1764.5 | 1.5e+00 |
 89500 | 3.34e-02 2.47e-02 | -4.1324e+05 -5.7532e+05 1.64e-01 | 1766.4 | 9.0e-01 |
 89600 | 2.76e-02 3.33e-02 | -4.1356e+05 -5.7535e+05 1.64e-01 | 1768.4 | 5.4e-01 |
 89700 | 2.46e-02 3.32e-02 | -4.1395e+05 -5.7508e+05 1.63e-01 | 1770.3 | 9.0e-01 |
 89800 | 3.54e-02 2.69e-02 | -4.1460e+05 -5.7481e+05 1.62e-01 | 1772.3 | 1.5e+00 |
 89900 | 3.52e-02 2.50e-02 | -4.1511e+05 -5.7454e+05 1.61e-01 | 1774.2 | 9.0e-01 |
 90000 | 2.82e-02 3.47e-02 | -4.1542e+05 -5.7417e+05 1.60e-01 | 1776.2 | 5.4e-01 |
 90100 | 2.47e-02 3.38e-02 | -4.1581e+05 -5.7410e+05 1.60e-01 | 1778.2 | 9.0e-01 |
 90200 | 3.37e-02 2.68e-02 | -4.1647e+05 -5.7428e+05 1.59e-01 | 1780.1 | 1.5e+00 |
 90300 | 3.44e-02 2.48e-02 | -4.1697e+05 -5.7447e+05 1.59e-01 | 1782.1 | 9.0e-01 |
 90400 | 2.81e-02 3.45e-02 | -4.1728e+05 -5.7450e+05 1.59e-01 | 1784.1 | 5.4e-01 |
 90500 | 2.47e-02 3.43e-02 | -4.1767e+05 -5.7424e+05 1.58e-01 | 1786.0 | 9.0e-01 |
 90600 | 3.64e-02 2.72e-02 | -4.1831e+05 -5.7397e+05 1.57e-01 | 1788.0 | 1.5e+00 |
 90700 | 3.61e-02 2.51e-02 | -4.1882e+05 -5.7370e+05 1.56e-01 | 1789.9 | 9.0e-01 |
 90800 | 2.87e-02 3.54e-02 | -4.1913e+05 -5.7333e+05 1.55e-01 | 1791.9 | 5.4e-01 |
 90900 | 2.47e-02 3.47e-02 | -4.1952e+05 -5.7325e+05 1.55e-01 | 1793.9 | 9.0e-01 |
 91000 | 3.45e-02 2.73e-02 | -4.2017e+05 -5.7344e+05 1.54e-01 | 1795.8 | 1.5e+00 |
 91100 | 3.54e-02 2.49e-02 | -4.2067e+05 -5.7364e+05 1.54e-01 | 1797.8 | 9.0e-01 |
 91200 | 2.85e-02 3.55e-02 | -4.2098e+05 -5.7369e+05 1.54e-01 | 1799.7 | 5.4e-01 |
 91300 | 2.47e-02 3.50e-02 | -4.2136e+05 -5.7345e+05 1.53e-01 | 1801.7 | 9.0e-01 |
 91400 | 3.68e-02 2.75e-02 | -4.2200e+05 -5.7318e+05 1.52e-01 | 1803.6 | 1.5e+00 |
 91500 | 3.67e-02 2.51e-02 | -4.2250e+05 -5.7291e+05 1.51e-01 | 1805.6 | 9.0e-01 |
 91600 | 2.92e-02 3.58e-02 | -4.2281e+05 -5.7252e+05 1.50e-01 | 1807.6 | 5.4e-01 |
 91700 | 2.46e-02 3.53e-02 | -4.2320e+05 -5.7248e+05 1.50e-01 | 1809.5 | 9.0e-01 |
 91800 | 3.48e-02 2.76e-02 | -4.2385e+05 -5.7263e+05 1.49e-01 | 1811.5 | 1.5e+00 |
 91900 | 3.59e-02 2.49e-02 | -4.2434e+05 -5.7284e+05 1.49e-01 | 1813.4 | 9.0e-01 |
 92000 | 2.87e-02 3.61e-02 | -4.2465e+05 -5.7292e+05 1.49e-01 | 1815.4 | 5.4e-01 |
 92100 | 2.47e-02 3.54e-02 | -4.2503e+05 -5.7271e+05 1.48e-01 | 1817.4 | 9.0e-01 |
 92200 | 3.67e-02 2.75e-02 | -4.2566e+05 -5.7244e+05 1.47e-01 | 1819.3 | 1.5e+00 |
 92300 | 3.69e-02 2.49e-02 | -4.2616e+05 -5.7215e+05 1.46e-01 | 1821.3 | 9.0e-01 |
 92400 | 2.94e-02 3.58e-02 | -4.2646e+05 -5.7175e+05 1.46e-01 | 1823.2 | 5.4e-01 |
 92500 | 2.45e-02 3.54e-02 | -4.2686e+05 -5.7171e+05 1.45e-01 | 1825.2 | 9.0e-01 |
 92600 | 3.48e-02 2.78e-02 | -4.2750e+05 -5.7184e+05 1.44e-01 | 1827.2 | 1.5e+00 |
 92700 | 3.60e-02 2.48e-02 | -4.2799e+05 -5.7206e+05 1.44e-01 | 1829.1 | 9.0e-01 |
 92800 | 2.88e-02 3.61e-02 | -4.2830e+05 -5.7217e+05 1.44e-01 | 1831.1 | 5.4e-01 |
 92900 | 2.47e-02 3.54e-02 | -4.2868e+05 -5.7201e+05 1.43e-01 | 1833.0 | 9.0e-01 |
 93000 | 3.62e-02 2.75e-02 | -4.2930e+05 -5.7174e+05 1.42e-01 | 1835.0 | 1.5e+00 |
 93100 | 3.67e-02 2.48e-02 | -4.2980e+05 -5.7142e+05 1.41e-01 | 1836.9 | 9.0e-01 |
 93200 | 2.94e-02 3.55e-02 | -4.3009e+05 -5.7100e+05 1.41e-01 | 1838.9 | 5.4e-01 |
 93300 | 2.44e-02 3.52e-02 | -4.3048e+05 -5.7094e+05 1.40e-01 | 1840.9 | 9.0e-01 |
 93400 | 3.44e-02 2.78e-02 | -4.3112e+05 -5.7107e+05 1.40e-01 | 1842.8 | 1.5e+00 |
 93500 | 3.59e-02 2.47e-02 | -4.3161e+05 -5.7129e+05 1.39e-01 | 1844.8 | 9.0e-01 |
 93600 | 2.88e-02 3.60e-02 | -4.3193e+05 -5.7144e+05 1.39e-01 | 1846.8 | 5.4e-01 |
 93700 | 2.46e-02 3.52e-02 | -4.3230e+05 -5.7132e+05 1.39e-01 | 1848.7 | 9.0e-01 |
 93800 | 3.55e-02 2.74e-02 | -4.3292e+05 -5.7106e+05 1.38e-01 | 1850.7 | 1.5e+00 |
 93900 | 3.64e-02 2.46e-02 | -4.3341e+05 -5.7072e+05 1.37e-01 | 1852.6 | 9.0e-01 |
 94000 | 2.94e-02 3.50e-02 | -4.3370e+05 -5.7028e+05 1.36e-01 | 1854.6 | 5.4e-01 |
 94100 | 2.42e-02 3.49e-02 | -4.3409e+05 -5.7020e+05 1.36e-01 | 1856.5 | 9.0e-01 |
 94200 | 3.40e-02 2.78e-02 | -4.3472e+05 -5.7033e+05 1.35e-01 | 1858.5 | 1.5e+00 |
 94300 | 3.57e-02 2.45e-02 | -4.3521e+05 -5.7054e+05 1.35e-01 | 1860.5 | 9.0e-01 |
 94400 | 2.86e-02 3.57e-02 | -4.3552e+05 -5.7073e+05 1.34e-01 | 1862.4 | 5.4e-01 |
 94500 | 2.44e-02 3.49e-02 | -4.3590e+05 -5.7065e+05 1.34e-01 | 1864.4 | 9.0e-01 |
 94600 | 3.49e-02 2.72e-02 | -4.3651e+05 -5.7041e+05 1.33e-01 | 1866.3 | 1.5e+00 |
 94700 | 3.59e-02 2.44e-02 | -4.3699e+05 -5.7004e+05 1.32e-01 | 1868.3 | 9.0e-01 |
 94800 | 2.92e-02 3.44e-02 | -4.3728e+05 -5.6959e+05 1.31e-01 | 1870.2 | 5.4e-01 |
 94900 | 2.41e-02 3.46e-02 | -4.3767e+05 -5.6951e+05 1.31e-01 | 1872.2 | 9.0e-01 |
 95000 | 3.35e-02 2.77e-02 | -4.3830e+05 -5.6963e+05 1.30e-01 | 1874.2 | 1.5e+00 |
 95100 | 3.54e-02 2.44e-02 | -4.3879e+05 -5.6984e+05 1.30e-01 | 1876.1 | 9.0e-01 |
 95200 | 2.84e-02 3.53e-02 | -4.3910e+05 -5.7006e+05 1.30e-01 | 1878.1 | 5.4e-01 |
 95300 | 2.43e-02 3.45e-02 | -4.3947e+05 -5.7001e+05 1.29e-01 | 1880.1 | 9.0e-01 |
 95400 | 3.43e-02 2.70e-02 | -4.4008e+05 -5.6977e+05 1.28e-01 | 1882.0 | 1.5e+00 |
 95500 | 3.54e-02 2.42e-02 | -4.4055e+05 -5.6939e+05 1.28e-01 | 1884.0 | 9.0e-01 |
 95600 | 2.90e-02 3.38e-02 | -4.4085e+05 -5.6895e+05 1.27e-01 | 1885.9 | 5.4e-01 |
 95700 | 2.39e-02 3.42e-02 | -4.4123e+05 -5.6886e+05 1.26e-01 | 1887.9 | 9.0e-01 |
 95800 | 3.29e-02 2.76e-02 | -4.4185e+05 -5.6896e+05 1.26e-01 | 1889.9 | 1.5e+00 |
 95900 | 3.50e-02 2.42e-02 | -4.4235e+05 -5.6917e+05 1.25e-01 | 1891.8 | 9.0e-01 |
 96000 | 2.83e-02 3.48e-02 | -4.4265e+05 -5.6942e+05 1.25e-01 | 1893.8 | 5.4e-01 |
 96100 | 2.42e-02 3.41e-02 | -4.4302e+05 -5.6939e+05 1.25e-01 | 1895.7 | 9.0e-01 |
 96200 | 3.37e-02 2.68e-02 | -4.4362e+05 -5.6916e+05 1.24e-01 | 1897.7 | 1.5e+00 |
 96300 | 3.49e-02 2.40e-02 | -4.4410e+05 -5.6877e+05 1.23e-01 | 1899.6 | 9.0e-01 |
 96400 | 2.88e-02 3.32e-02 | -4.4439e+05 -5.6834e+05 1.22e-01 | 1901.6 | 5.4e-01 |
 96500 | 2.39e-02 3.38e-02 | -4.4477e+05 -5.6824e+05 1.22e-01 | 1903.6 | 9.0e-01 |
 96600 | 3.24e-02 2.74e-02 | -4.4539e+05 -5.6834e+05 1.21e-01 | 1905.5 | 1.5e+00 |
 96700 | 3.46e-02 2.41e-02 | -4.4588e+05 -5.6853e+05 1.21e-01 | 1907.5 | 9.0e-01 |
 96800 | 2.81e-02 3.43e-02 | -4.4618e+05 -5.6879e+05 1.21e-01 | 1909.4 | 5.4e-01 |
 96900 | 2.41e-02 3.37e-02 | -4.4654e+05 -5.6878e+05 1.20e-01 | 1911.4 | 9.0e-01 |
 97000 | 3.31e-02 2.66e-02 | -4.4714e+05 -5.6856e+05 1.20e-01 | 1913.4 | 1.5e+00 |
 97100 | 3.43e-02 2.39e-02 | -4.4761e+05 -5.6817e+05 1.19e-01 | 1915.3 | 9.0e-01 |
 97200 | 2.85e-02 3.26e-02 | -4.4790e+05 -5.6776e+05 1.18e-01 | 1917.3 | 5.4e-01 |
 97300 | 2.38e-02 3.33e-02 | -4.4828e+05 -5.6765e+05 1.17e-01 | 1919.2 | 9.0e-01 |
 97400 | 3.19e-02 2.72e-02 | -4.4889e+05 -5.6775e+05 1.17e-01 | 1921.2 | 1.5e+00 |
 97500 | 3.41e-02 2.39e-02 | -4.4938e+05 -5.6793e+05 1.17e-01 | 1923.2 | 9.0e-01 |
 97600 | 2.79e-02 3.37e-02 | -4.4968e+05 -5.6820e+05 1.16e-01 | 1925.1 | 5.4e-01 |
 97700 | 2.39e-02 3.32e-02 | -4.5004e+05 -5.6820e+05 1.16e-01 | 1927.1 | 9.0e-01 |
 97800 | 3.25e-02 2.64e-02 | -4.5064e+05 -5.6798e+05 1.15e-01 | 1929.0 | 1.5e+00 |
 97900 | 3.37e-02 2.37e-02 | -4.5111e+05 -5.6759e+05 1.14e-01 | 1931.0 | 9.0e-01 |
 98000 | 2.82e-02 3.20e-02 | -4.5140e+05 -5.6721e+05 1.14e-01 | 1932.9 | 5.4e-01 |
 98100 | 2.35e-02 3.28e-02 | -4.5177e+05 -5.6711e+05 1.13e-01 | 1934.9 | 9.0e-01 |
 98200 | 3.13e-02 2.70e-02 | -4.5238e+05 -5.6720e+05 1.13e-01 | 1936.9 | 1.5e+00 |
 98300 | 3.35e-02 2.37e-02 | -4.5286e+05 -5.6736e+05 1.12e-01 | 1938.8 | 9.0e-01 |
 98400 | 2.76e-02 3.31e-02 | -4.5316e+05 -5.6763e+05 1.12e-01 | 1940.8 | 5.4e-01 |
 98500 | 2.38e-02 3.27e-02 | -4.5352e+05 -5.6764e+05 1.12e-01 | 1942.7 | 9.0e-01 |
 98600 | 3.18e-02 2.62e-02 | -4.5411e+05 -5.6742e+05 1.11e-01 | 1944.7 | 1.5e+00 |
 98700 | 3.31e-02 2.35e-02 | -4.5458e+05 -5.6704e+05 1.10e-01 | 1946.6 | 9.0e-01 |
 98800 | 2.79e-02 3.13e-02 | -4.5487e+05 -5.6668e+05 1.09e-01 | 1948.6 | 5.4e-01 |
 98900 | 2.35e-02 3.22e-02 | -4.5523e+05 -5.6660e+05 1.09e-01 | 1950.6 | 9.0e-01 |
 99000 | 3.07e-02 2.67e-02 | -4.5584e+05 -5.6667e+05 1.08e-01 | 1952.5 | 1.5e+00 |
 99100 | 3.29e-02 2.35e-02 | -4.5632e+05 -5.6682e+05 1.08e-01 | 1954.5 | 9.0e-01 |
 99200 | 2.74e-02 3.24e-02 | -4.5662e+05 -5.6708e+05 1.08e-01 | 1956.4 | 5.4e-01 |
 99300 | 2.36e-02 3.21e-02 | -4.5697e+05 -5.6709e+05 1.08e-01 | 1958.4 | 9.0e-01 |
 99400 | 3.12e-02 2.59e-02 | -4.5756e+05 -5.6688e+05 1.07e-01 | 1960.4 | 1.5e+00 |
 99500 | 3.24e-02 2.34e-02 | -4.5802e+05 -5.6650e+05 1.06e-01 | 1962.3 | 9.0e-01 |
 99600 | 2.76e-02 3.06e-02 | -4.5831e+05 -5.6617e+05 1.05e-01 | 1964.3 | 5.4e-01 |
 99700 | 2.34e-02 3.15e-02 | -4.5867e+05 -5.6612e+05 1.05e-01 | 1966.2 | 9.0e-01 |
 99800 | 3.00e-02 2.64e-02 | -4.5928e+05 -5.6617e+05 1.04e-01 | 1968.2 | 1.5e+00 |
 99900 | 3.21e-02 2.33e-02 | -4.5976e+05 -5.6630e+05 1.04e-01 | 1970.2 | 9.0e-01 |
 100000 | 2.71e-02 3.15e-02 | -4.6006e+05 -5.6654e+05 1.04e-01 | 1972.1 | 5.4e-01 |

 -------------------------------------------------------------------------------

Solver ended: maximum iteration reached

 primal infeasibility = 2.7e-02 
 dual   infeasibility = 3.2e-02 
 relative gap         = 1.0e-01
 primal objective = -4.60055732e+05 
 dual   objective = -5.66535813e+05

 time per iteration = 0.0197s 
 total time         = 1972.1s
 -------------------------------------------------------------------------------

best max KKT residual after switch  = 1.0e-01